                                      1 ;--------------------------------------------------------
                                      2 ; File Created by SDCC : free open source ANSI-C Compiler
                                      3 ; Version 3.4.0 #8981 (Oct 24 2015) (Linux)
                                      4 ; This file was generated Sun Oct 25 01:52:00 2015
                                      5 ;--------------------------------------------------------
                                      6 	.module abc
                                      7 	.optsdcc -mmcs51 --model-large
                                      8 	
                                      9 ;--------------------------------------------------------
                                     10 ; Public variables in this module
                                     11 ;--------------------------------------------------------
                                     12 	.globl _rime_output
                                     13 	.globl _channel_close
                                     14 	.globl _channel_open
                                     15 	.globl _channel_set_attributes
                                     16 	.globl _ACTIVE
                                     17 	.globl _TX_BYTE
                                     18 	.globl _RX_BYTE
                                     19 	.globl _ERR
                                     20 	.globl _FE
                                     21 	.globl _SLAVE
                                     22 	.globl _RE
                                     23 	.globl _MODE
                                     24 	.globl _T3OVFIF
                                     25 	.globl _T3CH0IF
                                     26 	.globl _T3CH1IF
                                     27 	.globl _T4OVFIF
                                     28 	.globl _T4CH0IF
                                     29 	.globl _T4CH1IF
                                     30 	.globl _OVFIM
                                     31 	.globl _B_0
                                     32 	.globl _B_1
                                     33 	.globl _B_2
                                     34 	.globl _B_3
                                     35 	.globl _B_4
                                     36 	.globl _B_5
                                     37 	.globl _B_6
                                     38 	.globl _B_7
                                     39 	.globl _P2IF
                                     40 	.globl _UTX0IF
                                     41 	.globl _UTX1IF
                                     42 	.globl _P1IF
                                     43 	.globl _WDTIF
                                     44 	.globl _ACC_0
                                     45 	.globl _ACC_1
                                     46 	.globl _ACC_2
                                     47 	.globl _ACC_3
                                     48 	.globl _ACC_4
                                     49 	.globl _ACC_5
                                     50 	.globl _ACC_6
                                     51 	.globl _ACC_7
                                     52 	.globl _P
                                     53 	.globl _F1
                                     54 	.globl _OV
                                     55 	.globl _RS0
                                     56 	.globl _RS1
                                     57 	.globl _F0
                                     58 	.globl _AC
                                     59 	.globl _CY
                                     60 	.globl _DMAIF
                                     61 	.globl _T1IF
                                     62 	.globl _T2IF
                                     63 	.globl _T3IF
                                     64 	.globl _T4IF
                                     65 	.globl _P0IF
                                     66 	.globl _STIF
                                     67 	.globl _DMAIE
                                     68 	.globl _T1IE
                                     69 	.globl _T2IE
                                     70 	.globl _T3IE
                                     71 	.globl _T4IE
                                     72 	.globl _P0IE
                                     73 	.globl _RFERRIE
                                     74 	.globl _ADCIE
                                     75 	.globl _URX0IE
                                     76 	.globl _URX1IE
                                     77 	.globl _ENCIE
                                     78 	.globl _STIE
                                     79 	.globl _EA
                                     80 	.globl _P2_0
                                     81 	.globl _P2_1
                                     82 	.globl _P2_2
                                     83 	.globl _P2_3
                                     84 	.globl _P2_4
                                     85 	.globl _P2_5
                                     86 	.globl _P2_6
                                     87 	.globl _P2_7
                                     88 	.globl _ENCIF_0
                                     89 	.globl _ENCIF_1
                                     90 	.globl _P1_0
                                     91 	.globl _P1_1
                                     92 	.globl _P1_2
                                     93 	.globl _P1_3
                                     94 	.globl _P1_4
                                     95 	.globl _P1_5
                                     96 	.globl _P1_6
                                     97 	.globl _P1_7
                                     98 	.globl _IT0
                                     99 	.globl _RFERRIF
                                    100 	.globl _IT1
                                    101 	.globl _URX0IF
                                    102 	.globl _ADCIF
                                    103 	.globl _URX1IF
                                    104 	.globl _P0_0
                                    105 	.globl _P0_1
                                    106 	.globl _P0_2
                                    107 	.globl _P0_3
                                    108 	.globl _P0_4
                                    109 	.globl _P0_5
                                    110 	.globl _P0_6
                                    111 	.globl _P0_7
                                    112 	.globl _WDCTL
                                    113 	.globl _U1GCR
                                    114 	.globl _U1UCR
                                    115 	.globl _U1BAUD
                                    116 	.globl _U1DBUF
                                    117 	.globl _U1CSR
                                    118 	.globl _U0GCR
                                    119 	.globl _U0UCR
                                    120 	.globl _U0BAUD
                                    121 	.globl _U0DBUF
                                    122 	.globl _U0CSR
                                    123 	.globl _TIMIF
                                    124 	.globl _T4CC1
                                    125 	.globl _T4CCTL1
                                    126 	.globl _T4CC0
                                    127 	.globl _T4CCTL0
                                    128 	.globl _T4CTL
                                    129 	.globl _T4CNT
                                    130 	.globl _T3CC1
                                    131 	.globl _T3CCTL1
                                    132 	.globl _T3CC0
                                    133 	.globl _T3CCTL0
                                    134 	.globl _T3CTL
                                    135 	.globl _T3CNT
                                    136 	.globl _T2MSEL
                                    137 	.globl _T2IRQM
                                    138 	.globl _T2MOVF2
                                    139 	.globl _T2MOVF1
                                    140 	.globl _T2MOVF0
                                    141 	.globl _T2M1
                                    142 	.globl _T2M0
                                    143 	.globl _T2IRQF
                                    144 	.globl _T2EVTCFG
                                    145 	.globl _T2CTRL
                                    146 	.globl _T1STAT
                                    147 	.globl _T1CCTL2
                                    148 	.globl _T1CCTL1
                                    149 	.globl _T1CCTL0
                                    150 	.globl _T1CTL
                                    151 	.globl _T1CNTH
                                    152 	.globl _T1CNTL
                                    153 	.globl _T1CC2H
                                    154 	.globl _T1CC2L
                                    155 	.globl _T1CC1H
                                    156 	.globl _T1CC1L
                                    157 	.globl _T1CC0H
                                    158 	.globl _T1CC0L
                                    159 	.globl _CLKCONSTA
                                    160 	.globl _CLKCONCMD
                                    161 	.globl _SLEEPSTA
                                    162 	.globl _SLEEPCMD
                                    163 	.globl _STLOAD
                                    164 	.globl _ST2
                                    165 	.globl _ST1
                                    166 	.globl _ST0
                                    167 	.globl _RFERRF
                                    168 	.globl _RFIRQF0
                                    169 	.globl _RFST
                                    170 	.globl _RFD
                                    171 	.globl _RFIRQF1
                                    172 	.globl _PSBANK
                                    173 	.globl _FMAP
                                    174 	.globl _MEMCTR
                                    175 	.globl __XPAGE
                                    176 	.globl _MPAGE
                                    177 	.globl _PMUX
                                    178 	.globl _P2DIR
                                    179 	.globl _P1DIR
                                    180 	.globl _P0DIR
                                    181 	.globl _P2INP
                                    182 	.globl _P1INP
                                    183 	.globl _P2SEL
                                    184 	.globl _P1SEL
                                    185 	.globl _P0SEL
                                    186 	.globl _APCFG
                                    187 	.globl _PERCFG
                                    188 	.globl _P0INP
                                    189 	.globl _P2IEN
                                    190 	.globl _P1IEN
                                    191 	.globl _P0IEN
                                    192 	.globl _PICTL
                                    193 	.globl _P2IFG
                                    194 	.globl _P1IFG
                                    195 	.globl _P0IFG
                                    196 	.globl _DMAREQ
                                    197 	.globl _DMAARM
                                    198 	.globl _DMA0CFGH
                                    199 	.globl _DMA0CFGL
                                    200 	.globl _DMA1CFGH
                                    201 	.globl _DMA1CFGL
                                    202 	.globl _DMAIRQ
                                    203 	.globl _ENCCS
                                    204 	.globl _ENCDO
                                    205 	.globl _ENCDI
                                    206 	.globl _RNDH
                                    207 	.globl _RNDL
                                    208 	.globl _ADCH
                                    209 	.globl _ADCL
                                    210 	.globl _ADCCON3
                                    211 	.globl _ADCCON2
                                    212 	.globl _ADCCON1
                                    213 	.globl _B
                                    214 	.globl _IRCON2
                                    215 	.globl _ACC
                                    216 	.globl _PSW
                                    217 	.globl _IRCON
                                    218 	.globl _IP1
                                    219 	.globl _IEN1
                                    220 	.globl _IP0
                                    221 	.globl _IEN0
                                    222 	.globl _P2
                                    223 	.globl _S1CON
                                    224 	.globl _IEN2
                                    225 	.globl _S0CON
                                    226 	.globl _DPS
                                    227 	.globl _P1
                                    228 	.globl _TCON
                                    229 	.globl _PCON
                                    230 	.globl _DPH1
                                    231 	.globl _DPL1
                                    232 	.globl _DPH0
                                    233 	.globl _DPL0
                                    234 	.globl _SP
                                    235 	.globl _P0
                                    236 	.globl _X_IEEE_ADDR
                                    237 	.globl _X_INFOPAGE
                                    238 	.globl _X_P2DIR
                                    239 	.globl _X_P1DIR
                                    240 	.globl _X_P0DIR
                                    241 	.globl _X_U1GCR
                                    242 	.globl _X_U1UCR
                                    243 	.globl _X_U1BAUD
                                    244 	.globl _X_U1DBUF
                                    245 	.globl _X_U1CSR
                                    246 	.globl _X_P2INP
                                    247 	.globl _X_P1INP
                                    248 	.globl _X_P2SEL
                                    249 	.globl _X_P1SEL
                                    250 	.globl _X_P0SEL
                                    251 	.globl _X_APCFG
                                    252 	.globl _X_PERCFG
                                    253 	.globl _X_T4CC1
                                    254 	.globl _X_T4CCTL1
                                    255 	.globl _X_T4CC0
                                    256 	.globl _X_T4CCTL0
                                    257 	.globl _X_T4CTL
                                    258 	.globl _X_T4CNT
                                    259 	.globl _X_RFIRQF0
                                    260 	.globl _X_T1CCTL2
                                    261 	.globl _X_T1CCTL1
                                    262 	.globl _X_T1CCTL0
                                    263 	.globl _X_T1CTL
                                    264 	.globl _X_T1CNTH
                                    265 	.globl _X_T1CNTL
                                    266 	.globl _X_RFST
                                    267 	.globl _X_T1CC2H
                                    268 	.globl _X_T1CC2L
                                    269 	.globl _X_T1CC1H
                                    270 	.globl _X_T1CC1L
                                    271 	.globl _X_T1CC0H
                                    272 	.globl _X_T1CC0L
                                    273 	.globl _X_RFD
                                    274 	.globl _X_TIMIF
                                    275 	.globl _X_DMAREQ
                                    276 	.globl _X_DMAARM
                                    277 	.globl _X_DMA0CFGH
                                    278 	.globl _X_DMA0CFGL
                                    279 	.globl _X_DMA1CFGH
                                    280 	.globl _X_DMA1CFGL
                                    281 	.globl _X_DMAIRQ
                                    282 	.globl _X_T3CC1
                                    283 	.globl _X_T3CCTL1
                                    284 	.globl _X_T3CC0
                                    285 	.globl _X_T3CCTL0
                                    286 	.globl _X_T3CTL
                                    287 	.globl _X_T3CNT
                                    288 	.globl _X_WDCTL
                                    289 	.globl _X_MEMCTR
                                    290 	.globl _X_CLKCONCMD
                                    291 	.globl _X_U0GCR
                                    292 	.globl _X_U0UCR
                                    293 	.globl _X_T2MSEL
                                    294 	.globl _X_U0BAUD
                                    295 	.globl _X_U0DBUF
                                    296 	.globl _X_RFERRF
                                    297 	.globl _X_SLEEPCMD
                                    298 	.globl _X_RNDH
                                    299 	.globl _X_RNDL
                                    300 	.globl _X_ADCH
                                    301 	.globl _X_ADCL
                                    302 	.globl _X_ADCCON3
                                    303 	.globl _X_ADCCON2
                                    304 	.globl _X_ADCCON1
                                    305 	.globl _X_ENCCS
                                    306 	.globl _X_ENCDO
                                    307 	.globl _X_ENCDI
                                    308 	.globl _X_T1STAT
                                    309 	.globl _X_PMUX
                                    310 	.globl _X_STLOAD
                                    311 	.globl _X_P2IEN
                                    312 	.globl _X_P0IEN
                                    313 	.globl _X_T2IRQM
                                    314 	.globl _X_T2MOVF2
                                    315 	.globl _X_T2MOVF1
                                    316 	.globl _X_T2MOVF0
                                    317 	.globl _X_T2M1
                                    318 	.globl _X_T2M0
                                    319 	.globl _X_T2IRQF
                                    320 	.globl _X_P2
                                    321 	.globl _X_PSBANK
                                    322 	.globl _X_FMAP
                                    323 	.globl _X_CLKCONSTA
                                    324 	.globl _X_SLEEPSTA
                                    325 	.globl _X_T2EVTCFG
                                    326 	.globl _X_ST2
                                    327 	.globl _X_ST1
                                    328 	.globl _X_ST0
                                    329 	.globl _X_T2CTRL
                                    330 	.globl _X__XPAGE
                                    331 	.globl _X_MPAGE
                                    332 	.globl _X_RFIRQF1
                                    333 	.globl _X_P1
                                    334 	.globl _X_P0INP
                                    335 	.globl _X_P1IEN
                                    336 	.globl _X_PICTL
                                    337 	.globl _X_P2IFG
                                    338 	.globl _X_P1IFG
                                    339 	.globl _X_P0IFG
                                    340 	.globl _X_U0CSR
                                    341 	.globl _X_P0
                                    342 	.globl _USBF5
                                    343 	.globl _USBF4
                                    344 	.globl _USBF3
                                    345 	.globl _USBF2
                                    346 	.globl _USBF1
                                    347 	.globl _USBF0
                                    348 	.globl _USBCNTH
                                    349 	.globl _USBCNTL
                                    350 	.globl _USBCNT0
                                    351 	.globl _USBCSOH
                                    352 	.globl _USBCSOL
                                    353 	.globl _USBMAXO
                                    354 	.globl _USBCSIH
                                    355 	.globl _USBCSIL
                                    356 	.globl _USBCS0
                                    357 	.globl _USBMAXI
                                    358 	.globl _USBCTRL
                                    359 	.globl _USBINDEX
                                    360 	.globl _USBFRMH
                                    361 	.globl _USBFRML
                                    362 	.globl _USBCIE
                                    363 	.globl _USBOIE
                                    364 	.globl _USBIIE
                                    365 	.globl _USBCIF
                                    366 	.globl _USBOIF
                                    367 	.globl _USBIIF
                                    368 	.globl _USBPOW
                                    369 	.globl _USBADDR
                                    370 	.globl _CSPT
                                    371 	.globl _CSPZ
                                    372 	.globl _CSPY
                                    373 	.globl _CSPX
                                    374 	.globl _CSPSTAT
                                    375 	.globl _CSPCTRL
                                    376 	.globl _CSPPROG23
                                    377 	.globl _CSPPROG22
                                    378 	.globl _CSPPROG21
                                    379 	.globl _CSPPROG20
                                    380 	.globl _CSPPROG19
                                    381 	.globl _CSPPROG18
                                    382 	.globl _CSPPROG17
                                    383 	.globl _CSPPROG16
                                    384 	.globl _CSPPROG15
                                    385 	.globl _CSPPROG14
                                    386 	.globl _CSPPROG13
                                    387 	.globl _CSPPROG12
                                    388 	.globl _CSPPROG11
                                    389 	.globl _CSPPROG10
                                    390 	.globl _CSPPROG9
                                    391 	.globl _CSPPROG8
                                    392 	.globl _CSPPROG7
                                    393 	.globl _CSPPROG6
                                    394 	.globl _CSPPROG5
                                    395 	.globl _CSPPROG4
                                    396 	.globl _CSPPROG3
                                    397 	.globl _CSPPROG2
                                    398 	.globl _CSPPROG1
                                    399 	.globl _CSPPROG0
                                    400 	.globl _RFC_OBS_CTRL2
                                    401 	.globl _RFC_OBS_CTRL1
                                    402 	.globl _RFC_OBS_CTRL0
                                    403 	.globl _TXFILTCFG
                                    404 	.globl _PTEST1
                                    405 	.globl _PTEST0
                                    406 	.globl _ATEST
                                    407 	.globl _DACTEST2
                                    408 	.globl _DACTEST1
                                    409 	.globl _DACTEST0
                                    410 	.globl _MDMTEST1
                                    411 	.globl _MDMTEST0
                                    412 	.globl _ADCTEST2
                                    413 	.globl _ADCTEST1
                                    414 	.globl _ADCTEST0
                                    415 	.globl _AGCCTRL3
                                    416 	.globl _AGCCTRL2
                                    417 	.globl _AGCCTRL1
                                    418 	.globl _AGCCTRL0
                                    419 	.globl _FSCAL3
                                    420 	.globl _FSCAL2
                                    421 	.globl _FSCAL1
                                    422 	.globl _FSCAL0
                                    423 	.globl _FSCTRL
                                    424 	.globl _RXCTRL
                                    425 	.globl _FREQEST
                                    426 	.globl _MDMCTRL1
                                    427 	.globl _MDMCTRL0
                                    428 	.globl _RFRND
                                    429 	.globl _RFERRM
                                    430 	.globl _RFIRQM1
                                    431 	.globl _RFIRQM0
                                    432 	.globl _TXLAST_PTR
                                    433 	.globl _TXFIRST_PTR
                                    434 	.globl _RXP1_PTR
                                    435 	.globl _RXLAST_PTR
                                    436 	.globl _RXFIRST_PTR
                                    437 	.globl _TXFIFOCNT
                                    438 	.globl _RXFIFOCNT
                                    439 	.globl _RXFIRST
                                    440 	.globl _RSSISTAT
                                    441 	.globl _RSSI
                                    442 	.globl _CCACTRL1
                                    443 	.globl _CCACTRL0
                                    444 	.globl _FSMCTRL
                                    445 	.globl _FIFOPCTRL
                                    446 	.globl _FSMSTAT1
                                    447 	.globl _FSMSTAT0
                                    448 	.globl _TXCTRL
                                    449 	.globl _TXPOWER
                                    450 	.globl _FREQCTRL
                                    451 	.globl _FREQTUNE
                                    452 	.globl _RXMASKCLR
                                    453 	.globl _RXMASKSET
                                    454 	.globl _RXENABLE
                                    455 	.globl _FRMCTRL1
                                    456 	.globl _FRMCTRL0
                                    457 	.globl _SRCEXTEN2
                                    458 	.globl _SRCEXTEN1
                                    459 	.globl _SRCEXTEN0
                                    460 	.globl _SRCSHORTEN2
                                    461 	.globl _SRCSHORTEN1
                                    462 	.globl _SRCSHORTEN0
                                    463 	.globl _SRCMATCH
                                    464 	.globl _FRMFILT1
                                    465 	.globl _FRMFILT0
                                    466 	.globl _SHORT_ADDR1
                                    467 	.globl _SHORT_ADDR0
                                    468 	.globl _PAN_ID1
                                    469 	.globl _PAN_ID0
                                    470 	.globl _EXT_ADDR7
                                    471 	.globl _EXT_ADDR6
                                    472 	.globl _EXT_ADDR5
                                    473 	.globl _EXT_ADDR4
                                    474 	.globl _EXT_ADDR3
                                    475 	.globl _EXT_ADDR2
                                    476 	.globl _EXT_ADDR1
                                    477 	.globl _EXT_ADDR0
                                    478 	.globl _SRCSHORTPENDEN2
                                    479 	.globl _SRCSHORTPENDEN1
                                    480 	.globl _SRCSHORTPENDEN0
                                    481 	.globl _SRCEXTPENDEN2
                                    482 	.globl _SRCEXTPENDEN1
                                    483 	.globl _SRCEXTPENDEN0
                                    484 	.globl _SRCRESINDEX
                                    485 	.globl _SRCRESMASK2
                                    486 	.globl _SRCRESMASK1
                                    487 	.globl _SRCRESMASK0
                                    488 	.globl _SRC_ADDR_TABLE
                                    489 	.globl _TXFIFO
                                    490 	.globl _RXFIFO
                                    491 	.globl _RFCORE_RAM
                                    492 	.globl _CMPCTL
                                    493 	.globl _OPAMPS
                                    494 	.globl _OPAMPC
                                    495 	.globl _STCV2
                                    496 	.globl _STCV1
                                    497 	.globl _STCV0
                                    498 	.globl _STCS
                                    499 	.globl _STCC
                                    500 	.globl _T1CC4H
                                    501 	.globl _T1CC4L
                                    502 	.globl _T1CC3H
                                    503 	.globl _T1CC3L
                                    504 	.globl _XX_T1CC2H
                                    505 	.globl _XX_T1CC2L
                                    506 	.globl _XX_T1CC1H
                                    507 	.globl _XX_T1CC1L
                                    508 	.globl _XX_T1CC0H
                                    509 	.globl _XX_T1CC0L
                                    510 	.globl _T1CCTL4
                                    511 	.globl _T1CCTL3
                                    512 	.globl _XX_T1CCTL2
                                    513 	.globl _XX_T1CCTL1
                                    514 	.globl _XX_T1CCTL0
                                    515 	.globl _CLD
                                    516 	.globl _IRCTL
                                    517 	.globl _CHIPINFO1
                                    518 	.globl _CHIPINFO0
                                    519 	.globl _FWDATA
                                    520 	.globl _FADDRH
                                    521 	.globl _FADDRL
                                    522 	.globl _FCTL
                                    523 	.globl _IVCTRL
                                    524 	.globl _BATTMON
                                    525 	.globl _SRCRC
                                    526 	.globl _DBGDATA
                                    527 	.globl _TESTREG0
                                    528 	.globl _CHIPID
                                    529 	.globl _CHVER
                                    530 	.globl _OBSSEL5
                                    531 	.globl _OBSSEL4
                                    532 	.globl _OBSSEL3
                                    533 	.globl _OBSSEL2
                                    534 	.globl _OBSSEL1
                                    535 	.globl _OBSSEL0
                                    536 	.globl _I2CIO
                                    537 	.globl _I2CWC
                                    538 	.globl _I2CADDR
                                    539 	.globl _I2CDATA
                                    540 	.globl _I2CSTAT
                                    541 	.globl _I2CCFG
                                    542 	.globl _OPAMPMC
                                    543 	.globl _MONMUX
                                    544 	.globl _abc_open
                                    545 	.globl _abc_close
                                    546 	.globl _abc_send
                                    547 	.globl _abc_input
                                    548 	.globl _abc_sent
                                    549 ;--------------------------------------------------------
                                    550 ; special function registers
                                    551 ;--------------------------------------------------------
                                    552 	.area RSEG    (ABS,DATA)
      000000                        553 	.org 0x0000
                           000080   554 _P0	=	0x0080
                           000081   555 _SP	=	0x0081
                           000082   556 _DPL0	=	0x0082
                           000083   557 _DPH0	=	0x0083
                           000084   558 _DPL1	=	0x0084
                           000085   559 _DPH1	=	0x0085
                           000087   560 _PCON	=	0x0087
                           000088   561 _TCON	=	0x0088
                           000090   562 _P1	=	0x0090
                           000092   563 _DPS	=	0x0092
                           000098   564 _S0CON	=	0x0098
                           00009A   565 _IEN2	=	0x009a
                           00009B   566 _S1CON	=	0x009b
                           0000A0   567 _P2	=	0x00a0
                           0000A8   568 _IEN0	=	0x00a8
                           0000A9   569 _IP0	=	0x00a9
                           0000B8   570 _IEN1	=	0x00b8
                           0000B9   571 _IP1	=	0x00b9
                           0000C0   572 _IRCON	=	0x00c0
                           0000D0   573 _PSW	=	0x00d0
                           0000E0   574 _ACC	=	0x00e0
                           0000E8   575 _IRCON2	=	0x00e8
                           0000F0   576 _B	=	0x00f0
                           0000B4   577 _ADCCON1	=	0x00b4
                           0000B5   578 _ADCCON2	=	0x00b5
                           0000B6   579 _ADCCON3	=	0x00b6
                           0000BA   580 _ADCL	=	0x00ba
                           0000BB   581 _ADCH	=	0x00bb
                           0000BC   582 _RNDL	=	0x00bc
                           0000BD   583 _RNDH	=	0x00bd
                           0000B1   584 _ENCDI	=	0x00b1
                           0000B2   585 _ENCDO	=	0x00b2
                           0000B3   586 _ENCCS	=	0x00b3
                           0000D1   587 _DMAIRQ	=	0x00d1
                           0000D2   588 _DMA1CFGL	=	0x00d2
                           0000D3   589 _DMA1CFGH	=	0x00d3
                           0000D4   590 _DMA0CFGL	=	0x00d4
                           0000D5   591 _DMA0CFGH	=	0x00d5
                           0000D6   592 _DMAARM	=	0x00d6
                           0000D7   593 _DMAREQ	=	0x00d7
                           000089   594 _P0IFG	=	0x0089
                           00008A   595 _P1IFG	=	0x008a
                           00008B   596 _P2IFG	=	0x008b
                           00008C   597 _PICTL	=	0x008c
                           0000AB   598 _P0IEN	=	0x00ab
                           00008D   599 _P1IEN	=	0x008d
                           0000AC   600 _P2IEN	=	0x00ac
                           00008F   601 _P0INP	=	0x008f
                           0000F1   602 _PERCFG	=	0x00f1
                           0000F2   603 _APCFG	=	0x00f2
                           0000F3   604 _P0SEL	=	0x00f3
                           0000F4   605 _P1SEL	=	0x00f4
                           0000F5   606 _P2SEL	=	0x00f5
                           0000F6   607 _P1INP	=	0x00f6
                           0000F7   608 _P2INP	=	0x00f7
                           0000FD   609 _P0DIR	=	0x00fd
                           0000FE   610 _P1DIR	=	0x00fe
                           0000FF   611 _P2DIR	=	0x00ff
                           0000AE   612 _PMUX	=	0x00ae
                           000093   613 _MPAGE	=	0x0093
                           000093   614 __XPAGE	=	0x0093
                           0000C7   615 _MEMCTR	=	0x00c7
                           00009F   616 _FMAP	=	0x009f
                           00009F   617 _PSBANK	=	0x009f
                           000091   618 _RFIRQF1	=	0x0091
                           0000D9   619 _RFD	=	0x00d9
                           0000E1   620 _RFST	=	0x00e1
                           0000E9   621 _RFIRQF0	=	0x00e9
                           0000BF   622 _RFERRF	=	0x00bf
                           000095   623 _ST0	=	0x0095
                           000096   624 _ST1	=	0x0096
                           000097   625 _ST2	=	0x0097
                           0000AD   626 _STLOAD	=	0x00ad
                           0000BE   627 _SLEEPCMD	=	0x00be
                           00009D   628 _SLEEPSTA	=	0x009d
                           0000C6   629 _CLKCONCMD	=	0x00c6
                           00009E   630 _CLKCONSTA	=	0x009e
                           0000DA   631 _T1CC0L	=	0x00da
                           0000DB   632 _T1CC0H	=	0x00db
                           0000DC   633 _T1CC1L	=	0x00dc
                           0000DD   634 _T1CC1H	=	0x00dd
                           0000DE   635 _T1CC2L	=	0x00de
                           0000DF   636 _T1CC2H	=	0x00df
                           0000E2   637 _T1CNTL	=	0x00e2
                           0000E3   638 _T1CNTH	=	0x00e3
                           0000E4   639 _T1CTL	=	0x00e4
                           0000E5   640 _T1CCTL0	=	0x00e5
                           0000E6   641 _T1CCTL1	=	0x00e6
                           0000E7   642 _T1CCTL2	=	0x00e7
                           0000AF   643 _T1STAT	=	0x00af
                           000094   644 _T2CTRL	=	0x0094
                           00009C   645 _T2EVTCFG	=	0x009c
                           0000A1   646 _T2IRQF	=	0x00a1
                           0000A2   647 _T2M0	=	0x00a2
                           0000A3   648 _T2M1	=	0x00a3
                           0000A4   649 _T2MOVF0	=	0x00a4
                           0000A5   650 _T2MOVF1	=	0x00a5
                           0000A6   651 _T2MOVF2	=	0x00a6
                           0000A7   652 _T2IRQM	=	0x00a7
                           0000C3   653 _T2MSEL	=	0x00c3
                           0000CA   654 _T3CNT	=	0x00ca
                           0000CB   655 _T3CTL	=	0x00cb
                           0000CC   656 _T3CCTL0	=	0x00cc
                           0000CD   657 _T3CC0	=	0x00cd
                           0000CE   658 _T3CCTL1	=	0x00ce
                           0000CF   659 _T3CC1	=	0x00cf
                           0000EA   660 _T4CNT	=	0x00ea
                           0000EB   661 _T4CTL	=	0x00eb
                           0000EC   662 _T4CCTL0	=	0x00ec
                           0000ED   663 _T4CC0	=	0x00ed
                           0000EE   664 _T4CCTL1	=	0x00ee
                           0000EF   665 _T4CC1	=	0x00ef
                           0000D8   666 _TIMIF	=	0x00d8
                           000086   667 _U0CSR	=	0x0086
                           0000C1   668 _U0DBUF	=	0x00c1
                           0000C2   669 _U0BAUD	=	0x00c2
                           0000C4   670 _U0UCR	=	0x00c4
                           0000C5   671 _U0GCR	=	0x00c5
                           0000F8   672 _U1CSR	=	0x00f8
                           0000F9   673 _U1DBUF	=	0x00f9
                           0000FA   674 _U1BAUD	=	0x00fa
                           0000FB   675 _U1UCR	=	0x00fb
                           0000FC   676 _U1GCR	=	0x00fc
                           0000C9   677 _WDCTL	=	0x00c9
                                    678 ;--------------------------------------------------------
                                    679 ; special function bits
                                    680 ;--------------------------------------------------------
                                    681 	.area RSEG    (ABS,DATA)
      000000                        682 	.org 0x0000
                           000087   683 _P0_7	=	0x0087
                           000086   684 _P0_6	=	0x0086
                           000085   685 _P0_5	=	0x0085
                           000084   686 _P0_4	=	0x0084
                           000083   687 _P0_3	=	0x0083
                           000082   688 _P0_2	=	0x0082
                           000081   689 _P0_1	=	0x0081
                           000080   690 _P0_0	=	0x0080
                           00008F   691 _URX1IF	=	0x008f
                           00008D   692 _ADCIF	=	0x008d
                           00008B   693 _URX0IF	=	0x008b
                           00008A   694 _IT1	=	0x008a
                           000089   695 _RFERRIF	=	0x0089
                           000088   696 _IT0	=	0x0088
                           000097   697 _P1_7	=	0x0097
                           000096   698 _P1_6	=	0x0096
                           000095   699 _P1_5	=	0x0095
                           000094   700 _P1_4	=	0x0094
                           000093   701 _P1_3	=	0x0093
                           000092   702 _P1_2	=	0x0092
                           000091   703 _P1_1	=	0x0091
                           000090   704 _P1_0	=	0x0090
                           000099   705 _ENCIF_1	=	0x0099
                           000098   706 _ENCIF_0	=	0x0098
                           0000A7   707 _P2_7	=	0x00a7
                           0000A6   708 _P2_6	=	0x00a6
                           0000A5   709 _P2_5	=	0x00a5
                           0000A4   710 _P2_4	=	0x00a4
                           0000A3   711 _P2_3	=	0x00a3
                           0000A2   712 _P2_2	=	0x00a2
                           0000A1   713 _P2_1	=	0x00a1
                           0000A0   714 _P2_0	=	0x00a0
                           0000AF   715 _EA	=	0x00af
                           0000AD   716 _STIE	=	0x00ad
                           0000AC   717 _ENCIE	=	0x00ac
                           0000AB   718 _URX1IE	=	0x00ab
                           0000AA   719 _URX0IE	=	0x00aa
                           0000A9   720 _ADCIE	=	0x00a9
                           0000A8   721 _RFERRIE	=	0x00a8
                           0000BD   722 _P0IE	=	0x00bd
                           0000BC   723 _T4IE	=	0x00bc
                           0000BB   724 _T3IE	=	0x00bb
                           0000BA   725 _T2IE	=	0x00ba
                           0000B9   726 _T1IE	=	0x00b9
                           0000B8   727 _DMAIE	=	0x00b8
                           0000C7   728 _STIF	=	0x00c7
                           0000C5   729 _P0IF	=	0x00c5
                           0000C4   730 _T4IF	=	0x00c4
                           0000C3   731 _T3IF	=	0x00c3
                           0000C2   732 _T2IF	=	0x00c2
                           0000C1   733 _T1IF	=	0x00c1
                           0000C0   734 _DMAIF	=	0x00c0
                           0000D7   735 _CY	=	0x00d7
                           0000D6   736 _AC	=	0x00d6
                           0000D5   737 _F0	=	0x00d5
                           0000D4   738 _RS1	=	0x00d4
                           0000D3   739 _RS0	=	0x00d3
                           0000D2   740 _OV	=	0x00d2
                           0000D1   741 _F1	=	0x00d1
                           0000D0   742 _P	=	0x00d0
                           0000E7   743 _ACC_7	=	0x00e7
                           0000E6   744 _ACC_6	=	0x00e6
                           0000E5   745 _ACC_5	=	0x00e5
                           0000E4   746 _ACC_4	=	0x00e4
                           0000E3   747 _ACC_3	=	0x00e3
                           0000E2   748 _ACC_2	=	0x00e2
                           0000E1   749 _ACC_1	=	0x00e1
                           0000E0   750 _ACC_0	=	0x00e0
                           0000EC   751 _WDTIF	=	0x00ec
                           0000EB   752 _P1IF	=	0x00eb
                           0000EA   753 _UTX1IF	=	0x00ea
                           0000E9   754 _UTX0IF	=	0x00e9
                           0000E8   755 _P2IF	=	0x00e8
                           0000F7   756 _B_7	=	0x00f7
                           0000F6   757 _B_6	=	0x00f6
                           0000F5   758 _B_5	=	0x00f5
                           0000F4   759 _B_4	=	0x00f4
                           0000F3   760 _B_3	=	0x00f3
                           0000F2   761 _B_2	=	0x00f2
                           0000F1   762 _B_1	=	0x00f1
                           0000F0   763 _B_0	=	0x00f0
                           0000DE   764 _OVFIM	=	0x00de
                           0000DD   765 _T4CH1IF	=	0x00dd
                           0000DC   766 _T4CH0IF	=	0x00dc
                           0000DB   767 _T4OVFIF	=	0x00db
                           0000DA   768 _T3CH1IF	=	0x00da
                           0000D9   769 _T3CH0IF	=	0x00d9
                           0000D8   770 _T3OVFIF	=	0x00d8
                           0000FF   771 _MODE	=	0x00ff
                           0000FE   772 _RE	=	0x00fe
                           0000FD   773 _SLAVE	=	0x00fd
                           0000FC   774 _FE	=	0x00fc
                           0000FB   775 _ERR	=	0x00fb
                           0000FA   776 _RX_BYTE	=	0x00fa
                           0000F9   777 _TX_BYTE	=	0x00f9
                           0000F8   778 _ACTIVE	=	0x00f8
                                    779 ;--------------------------------------------------------
                                    780 ; overlayable register banks
                                    781 ;--------------------------------------------------------
                                    782 	.area REG_BANK_0	(REL,OVR,DATA)
      000000                        783 	.ds 8
                                    784 ;--------------------------------------------------------
                                    785 ; internal ram data
                                    786 ;--------------------------------------------------------
                                    787 	.area DSEG    (DATA)
                                    788 ;--------------------------------------------------------
                                    789 ; overlayable items in internal ram 
                                    790 ;--------------------------------------------------------
                                    791 ;--------------------------------------------------------
                                    792 ; indirectly addressable internal ram data
                                    793 ;--------------------------------------------------------
                                    794 	.area ISEG    (DATA)
                                    795 ;--------------------------------------------------------
                                    796 ; absolute internal ram data
                                    797 ;--------------------------------------------------------
                                    798 	.area IABS    (ABS,DATA)
                                    799 	.area IABS    (ABS,DATA)
                                    800 ;--------------------------------------------------------
                                    801 ; bit data
                                    802 ;--------------------------------------------------------
                                    803 	.area BSEG    (BIT)
                                    804 ;--------------------------------------------------------
                                    805 ; paged external ram data
                                    806 ;--------------------------------------------------------
                                    807 	.area PSEG    (PAG,XDATA)
                                    808 ;--------------------------------------------------------
                                    809 ; external ram data
                                    810 ;--------------------------------------------------------
                                    811 	.area XSEG    (XDATA)
                           0061A6   812 _MONMUX	=	0x61a6
                           0061A6   813 _OPAMPMC	=	0x61a6
                           006230   814 _I2CCFG	=	0x6230
                           006231   815 _I2CSTAT	=	0x6231
                           006232   816 _I2CDATA	=	0x6232
                           006233   817 _I2CADDR	=	0x6233
                           006234   818 _I2CWC	=	0x6234
                           006235   819 _I2CIO	=	0x6235
                           006243   820 _OBSSEL0	=	0x6243
                           006244   821 _OBSSEL1	=	0x6244
                           006245   822 _OBSSEL2	=	0x6245
                           006246   823 _OBSSEL3	=	0x6246
                           006247   824 _OBSSEL4	=	0x6247
                           006248   825 _OBSSEL5	=	0x6248
                           006249   826 _CHVER	=	0x6249
                           00624A   827 _CHIPID	=	0x624a
                           00624B   828 _TESTREG0	=	0x624b
                           006260   829 _DBGDATA	=	0x6260
                           006262   830 _SRCRC	=	0x6262
                           006264   831 _BATTMON	=	0x6264
                           006265   832 _IVCTRL	=	0x6265
                           006270   833 _FCTL	=	0x6270
                           006271   834 _FADDRL	=	0x6271
                           006272   835 _FADDRH	=	0x6272
                           006273   836 _FWDATA	=	0x6273
                           006276   837 _CHIPINFO0	=	0x6276
                           006277   838 _CHIPINFO1	=	0x6277
                           006281   839 _IRCTL	=	0x6281
                           006290   840 _CLD	=	0x6290
                           0062A0   841 _XX_T1CCTL0	=	0x62a0
                           0062A1   842 _XX_T1CCTL1	=	0x62a1
                           0062A2   843 _XX_T1CCTL2	=	0x62a2
                           0062A3   844 _T1CCTL3	=	0x62a3
                           0062A4   845 _T1CCTL4	=	0x62a4
                           0062A6   846 _XX_T1CC0L	=	0x62a6
                           0062A7   847 _XX_T1CC0H	=	0x62a7
                           0062A8   848 _XX_T1CC1L	=	0x62a8
                           0062A9   849 _XX_T1CC1H	=	0x62a9
                           0062AA   850 _XX_T1CC2L	=	0x62aa
                           0062AB   851 _XX_T1CC2H	=	0x62ab
                           0062AC   852 _T1CC3L	=	0x62ac
                           0062AD   853 _T1CC3H	=	0x62ad
                           0062AE   854 _T1CC4L	=	0x62ae
                           0062AF   855 _T1CC4H	=	0x62af
                           0062B0   856 _STCC	=	0x62b0
                           0062B1   857 _STCS	=	0x62b1
                           0062B2   858 _STCV0	=	0x62b2
                           0062B3   859 _STCV1	=	0x62b3
                           0062B4   860 _STCV2	=	0x62b4
                           0062C0   861 _OPAMPC	=	0x62c0
                           0062C1   862 _OPAMPS	=	0x62c1
                           0062D0   863 _CMPCTL	=	0x62d0
                           006000   864 _RFCORE_RAM	=	0x6000
                           006000   865 _RXFIFO	=	0x6000
                           006080   866 _TXFIFO	=	0x6080
                           006100   867 _SRC_ADDR_TABLE	=	0x6100
                           006160   868 _SRCRESMASK0	=	0x6160
                           006161   869 _SRCRESMASK1	=	0x6161
                           006162   870 _SRCRESMASK2	=	0x6162
                           006163   871 _SRCRESINDEX	=	0x6163
                           006164   872 _SRCEXTPENDEN0	=	0x6164
                           006165   873 _SRCEXTPENDEN1	=	0x6165
                           006166   874 _SRCEXTPENDEN2	=	0x6166
                           006167   875 _SRCSHORTPENDEN0	=	0x6167
                           006168   876 _SRCSHORTPENDEN1	=	0x6168
                           006169   877 _SRCSHORTPENDEN2	=	0x6169
                           00616A   878 _EXT_ADDR0	=	0x616a
                           00616B   879 _EXT_ADDR1	=	0x616b
                           00616C   880 _EXT_ADDR2	=	0x616c
                           00616D   881 _EXT_ADDR3	=	0x616d
                           00616E   882 _EXT_ADDR4	=	0x616e
                           00616F   883 _EXT_ADDR5	=	0x616f
                           006170   884 _EXT_ADDR6	=	0x6170
                           006171   885 _EXT_ADDR7	=	0x6171
                           006172   886 _PAN_ID0	=	0x6172
                           006173   887 _PAN_ID1	=	0x6173
                           006174   888 _SHORT_ADDR0	=	0x6174
                           006175   889 _SHORT_ADDR1	=	0x6175
                           006180   890 _FRMFILT0	=	0x6180
                           006181   891 _FRMFILT1	=	0x6181
                           006182   892 _SRCMATCH	=	0x6182
                           006183   893 _SRCSHORTEN0	=	0x6183
                           006184   894 _SRCSHORTEN1	=	0x6184
                           006185   895 _SRCSHORTEN2	=	0x6185
                           006186   896 _SRCEXTEN0	=	0x6186
                           006187   897 _SRCEXTEN1	=	0x6187
                           006188   898 _SRCEXTEN2	=	0x6188
                           006189   899 _FRMCTRL0	=	0x6189
                           00618A   900 _FRMCTRL1	=	0x618a
                           00618B   901 _RXENABLE	=	0x618b
                           00618C   902 _RXMASKSET	=	0x618c
                           00618D   903 _RXMASKCLR	=	0x618d
                           00618E   904 _FREQTUNE	=	0x618e
                           00618F   905 _FREQCTRL	=	0x618f
                           006190   906 _TXPOWER	=	0x6190
                           006191   907 _TXCTRL	=	0x6191
                           006192   908 _FSMSTAT0	=	0x6192
                           006193   909 _FSMSTAT1	=	0x6193
                           006194   910 _FIFOPCTRL	=	0x6194
                           006195   911 _FSMCTRL	=	0x6195
                           006196   912 _CCACTRL0	=	0x6196
                           006197   913 _CCACTRL1	=	0x6197
                           006198   914 _RSSI	=	0x6198
                           006199   915 _RSSISTAT	=	0x6199
                           00619A   916 _RXFIRST	=	0x619a
                           00619B   917 _RXFIFOCNT	=	0x619b
                           00619C   918 _TXFIFOCNT	=	0x619c
                           00619D   919 _RXFIRST_PTR	=	0x619d
                           00619E   920 _RXLAST_PTR	=	0x619e
                           00619F   921 _RXP1_PTR	=	0x619f
                           0061A1   922 _TXFIRST_PTR	=	0x61a1
                           0061A2   923 _TXLAST_PTR	=	0x61a2
                           0061A3   924 _RFIRQM0	=	0x61a3
                           0061A4   925 _RFIRQM1	=	0x61a4
                           0061A5   926 _RFERRM	=	0x61a5
                           0061A7   927 _RFRND	=	0x61a7
                           0061A8   928 _MDMCTRL0	=	0x61a8
                           0061A9   929 _MDMCTRL1	=	0x61a9
                           0061AA   930 _FREQEST	=	0x61aa
                           0061AB   931 _RXCTRL	=	0x61ab
                           0061AC   932 _FSCTRL	=	0x61ac
                           0061AD   933 _FSCAL0	=	0x61ad
                           0061AE   934 _FSCAL1	=	0x61ae
                           0061AF   935 _FSCAL2	=	0x61af
                           0061B0   936 _FSCAL3	=	0x61b0
                           0061B1   937 _AGCCTRL0	=	0x61b1
                           0061B2   938 _AGCCTRL1	=	0x61b2
                           0061B3   939 _AGCCTRL2	=	0x61b3
                           0061B4   940 _AGCCTRL3	=	0x61b4
                           0061B5   941 _ADCTEST0	=	0x61b5
                           0061B6   942 _ADCTEST1	=	0x61b6
                           0061B7   943 _ADCTEST2	=	0x61b7
                           0061B8   944 _MDMTEST0	=	0x61b8
                           0061B9   945 _MDMTEST1	=	0x61b9
                           0061BA   946 _DACTEST0	=	0x61ba
                           0061BB   947 _DACTEST1	=	0x61bb
                           0061BC   948 _DACTEST2	=	0x61bc
                           0061BD   949 _ATEST	=	0x61bd
                           0061BE   950 _PTEST0	=	0x61be
                           0061BF   951 _PTEST1	=	0x61bf
                           0061FA   952 _TXFILTCFG	=	0x61fa
                           0061EB   953 _RFC_OBS_CTRL0	=	0x61eb
                           0061EC   954 _RFC_OBS_CTRL1	=	0x61ec
                           0061ED   955 _RFC_OBS_CTRL2	=	0x61ed
                           0061C0   956 _CSPPROG0	=	0x61c0
                           0061C1   957 _CSPPROG1	=	0x61c1
                           0061C2   958 _CSPPROG2	=	0x61c2
                           0061C3   959 _CSPPROG3	=	0x61c3
                           0061C4   960 _CSPPROG4	=	0x61c4
                           0061C5   961 _CSPPROG5	=	0x61c5
                           0061C6   962 _CSPPROG6	=	0x61c6
                           0061C7   963 _CSPPROG7	=	0x61c7
                           0061C8   964 _CSPPROG8	=	0x61c8
                           0061C9   965 _CSPPROG9	=	0x61c9
                           0061CA   966 _CSPPROG10	=	0x61ca
                           0061CB   967 _CSPPROG11	=	0x61cb
                           0061CC   968 _CSPPROG12	=	0x61cc
                           0061CD   969 _CSPPROG13	=	0x61cd
                           0061CE   970 _CSPPROG14	=	0x61ce
                           0061CF   971 _CSPPROG15	=	0x61cf
                           0061D0   972 _CSPPROG16	=	0x61d0
                           0061D1   973 _CSPPROG17	=	0x61d1
                           0061D2   974 _CSPPROG18	=	0x61d2
                           0061D3   975 _CSPPROG19	=	0x61d3
                           0061D4   976 _CSPPROG20	=	0x61d4
                           0061D5   977 _CSPPROG21	=	0x61d5
                           0061D6   978 _CSPPROG22	=	0x61d6
                           0061D7   979 _CSPPROG23	=	0x61d7
                           0061E0   980 _CSPCTRL	=	0x61e0
                           0061E1   981 _CSPSTAT	=	0x61e1
                           0061E2   982 _CSPX	=	0x61e2
                           0061E3   983 _CSPY	=	0x61e3
                           0061E4   984 _CSPZ	=	0x61e4
                           0061E5   985 _CSPT	=	0x61e5
                           006200   986 _USBADDR	=	0x6200
                           006201   987 _USBPOW	=	0x6201
                           006202   988 _USBIIF	=	0x6202
                           006204   989 _USBOIF	=	0x6204
                           006206   990 _USBCIF	=	0x6206
                           006207   991 _USBIIE	=	0x6207
                           006209   992 _USBOIE	=	0x6209
                           00620B   993 _USBCIE	=	0x620b
                           00620C   994 _USBFRML	=	0x620c
                           00620D   995 _USBFRMH	=	0x620d
                           00620E   996 _USBINDEX	=	0x620e
                           00620F   997 _USBCTRL	=	0x620f
                           006210   998 _USBMAXI	=	0x6210
                           006211   999 _USBCS0	=	0x6211
                           006211  1000 _USBCSIL	=	0x6211
                           006212  1001 _USBCSIH	=	0x6212
                           006213  1002 _USBMAXO	=	0x6213
                           006214  1003 _USBCSOL	=	0x6214
                           006215  1004 _USBCSOH	=	0x6215
                           006216  1005 _USBCNT0	=	0x6216
                           006216  1006 _USBCNTL	=	0x6216
                           006217  1007 _USBCNTH	=	0x6217
                           006220  1008 _USBF0	=	0x6220
                           006222  1009 _USBF1	=	0x6222
                           006224  1010 _USBF2	=	0x6224
                           006226  1011 _USBF3	=	0x6226
                           006228  1012 _USBF4	=	0x6228
                           00622A  1013 _USBF5	=	0x622a
                           007080  1014 _X_P0	=	0x7080
                           007086  1015 _X_U0CSR	=	0x7086
                           007089  1016 _X_P0IFG	=	0x7089
                           00708A  1017 _X_P1IFG	=	0x708a
                           00708B  1018 _X_P2IFG	=	0x708b
                           00708C  1019 _X_PICTL	=	0x708c
                           00708D  1020 _X_P1IEN	=	0x708d
                           00708F  1021 _X_P0INP	=	0x708f
                           007090  1022 _X_P1	=	0x7090
                           007091  1023 _X_RFIRQF1	=	0x7091
                           007093  1024 _X_MPAGE	=	0x7093
                           007093  1025 _X__XPAGE	=	0x7093
                           007094  1026 _X_T2CTRL	=	0x7094
                           007095  1027 _X_ST0	=	0x7095
                           007096  1028 _X_ST1	=	0x7096
                           007097  1029 _X_ST2	=	0x7097
                           00709C  1030 _X_T2EVTCFG	=	0x709c
                           00709D  1031 _X_SLEEPSTA	=	0x709d
                           00709E  1032 _X_CLKCONSTA	=	0x709e
                           00709F  1033 _X_FMAP	=	0x709f
                           00709F  1034 _X_PSBANK	=	0x709f
                           0070A0  1035 _X_P2	=	0x70a0
                           0070A1  1036 _X_T2IRQF	=	0x70a1
                           0070A2  1037 _X_T2M0	=	0x70a2
                           0070A3  1038 _X_T2M1	=	0x70a3
                           0070A4  1039 _X_T2MOVF0	=	0x70a4
                           0070A5  1040 _X_T2MOVF1	=	0x70a5
                           0070A6  1041 _X_T2MOVF2	=	0x70a6
                           0070A7  1042 _X_T2IRQM	=	0x70a7
                           0070AB  1043 _X_P0IEN	=	0x70ab
                           0070AC  1044 _X_P2IEN	=	0x70ac
                           0070AD  1045 _X_STLOAD	=	0x70ad
                           0070AE  1046 _X_PMUX	=	0x70ae
                           0070AF  1047 _X_T1STAT	=	0x70af
                           0070B1  1048 _X_ENCDI	=	0x70b1
                           0070B2  1049 _X_ENCDO	=	0x70b2
                           0070B3  1050 _X_ENCCS	=	0x70b3
                           0070B4  1051 _X_ADCCON1	=	0x70b4
                           0070B5  1052 _X_ADCCON2	=	0x70b5
                           0070B6  1053 _X_ADCCON3	=	0x70b6
                           0070BA  1054 _X_ADCL	=	0x70ba
                           0070BB  1055 _X_ADCH	=	0x70bb
                           0070BC  1056 _X_RNDL	=	0x70bc
                           0070BD  1057 _X_RNDH	=	0x70bd
                           0070BE  1058 _X_SLEEPCMD	=	0x70be
                           0070BF  1059 _X_RFERRF	=	0x70bf
                           0070C1  1060 _X_U0DBUF	=	0x70c1
                           0070C2  1061 _X_U0BAUD	=	0x70c2
                           0070C3  1062 _X_T2MSEL	=	0x70c3
                           0070C4  1063 _X_U0UCR	=	0x70c4
                           0070C5  1064 _X_U0GCR	=	0x70c5
                           0070C6  1065 _X_CLKCONCMD	=	0x70c6
                           0070C7  1066 _X_MEMCTR	=	0x70c7
                           0070C9  1067 _X_WDCTL	=	0x70c9
                           0070CA  1068 _X_T3CNT	=	0x70ca
                           0070CB  1069 _X_T3CTL	=	0x70cb
                           0070CC  1070 _X_T3CCTL0	=	0x70cc
                           0070CD  1071 _X_T3CC0	=	0x70cd
                           0070CE  1072 _X_T3CCTL1	=	0x70ce
                           0070CF  1073 _X_T3CC1	=	0x70cf
                           0070D1  1074 _X_DMAIRQ	=	0x70d1
                           0070D2  1075 _X_DMA1CFGL	=	0x70d2
                           0070D3  1076 _X_DMA1CFGH	=	0x70d3
                           0070D4  1077 _X_DMA0CFGL	=	0x70d4
                           0070D5  1078 _X_DMA0CFGH	=	0x70d5
                           0070D6  1079 _X_DMAARM	=	0x70d6
                           0070D7  1080 _X_DMAREQ	=	0x70d7
                           0070D8  1081 _X_TIMIF	=	0x70d8
                           0070D9  1082 _X_RFD	=	0x70d9
                           0070DA  1083 _X_T1CC0L	=	0x70da
                           0070DB  1084 _X_T1CC0H	=	0x70db
                           0070DC  1085 _X_T1CC1L	=	0x70dc
                           0070DD  1086 _X_T1CC1H	=	0x70dd
                           0070DE  1087 _X_T1CC2L	=	0x70de
                           0070DF  1088 _X_T1CC2H	=	0x70df
                           0070E1  1089 _X_RFST	=	0x70e1
                           0070E2  1090 _X_T1CNTL	=	0x70e2
                           0070E3  1091 _X_T1CNTH	=	0x70e3
                           0070E4  1092 _X_T1CTL	=	0x70e4
                           0070E5  1093 _X_T1CCTL0	=	0x70e5
                           0070E6  1094 _X_T1CCTL1	=	0x70e6
                           0070E7  1095 _X_T1CCTL2	=	0x70e7
                           0070E9  1096 _X_RFIRQF0	=	0x70e9
                           0070EA  1097 _X_T4CNT	=	0x70ea
                           0070EB  1098 _X_T4CTL	=	0x70eb
                           0070EC  1099 _X_T4CCTL0	=	0x70ec
                           0070ED  1100 _X_T4CC0	=	0x70ed
                           0070EE  1101 _X_T4CCTL1	=	0x70ee
                           0070EF  1102 _X_T4CC1	=	0x70ef
                           0070F1  1103 _X_PERCFG	=	0x70f1
                           0070F2  1104 _X_APCFG	=	0x70f2
                           0070F3  1105 _X_P0SEL	=	0x70f3
                           0070F4  1106 _X_P1SEL	=	0x70f4
                           0070F5  1107 _X_P2SEL	=	0x70f5
                           0070F6  1108 _X_P1INP	=	0x70f6
                           0070F7  1109 _X_P2INP	=	0x70f7
                           0070F8  1110 _X_U1CSR	=	0x70f8
                           0070F9  1111 _X_U1DBUF	=	0x70f9
                           0070FA  1112 _X_U1BAUD	=	0x70fa
                           0070FB  1113 _X_U1UCR	=	0x70fb
                           0070FC  1114 _X_U1GCR	=	0x70fc
                           0070FD  1115 _X_P0DIR	=	0x70fd
                           0070FE  1116 _X_P1DIR	=	0x70fe
                           0070FF  1117 _X_P2DIR	=	0x70ff
                           007800  1118 _X_INFOPAGE	=	0x7800
                           00780C  1119 _X_IEEE_ADDR	=	0x780c
                                   1120 ;--------------------------------------------------------
                                   1121 ; absolute external ram data
                                   1122 ;--------------------------------------------------------
                                   1123 	.area XABS    (ABS,XDATA)
                                   1124 ;--------------------------------------------------------
                                   1125 ; external initialized ram data
                                   1126 ;--------------------------------------------------------
                                   1127 	.area XISEG   (XDATA)
                                   1128 	.area HOME    (CODE)
                                   1129 	.area GSINIT0 (CODE)
                                   1130 	.area GSINIT1 (CODE)
                                   1131 	.area GSINIT2 (CODE)
                                   1132 	.area GSINIT3 (CODE)
                                   1133 	.area GSINIT4 (CODE)
                                   1134 	.area GSINIT5 (CODE)
                                   1135 	.area GSINIT  (CODE)
                                   1136 	.area GSFINAL (CODE)
                                   1137 	.area CSEG    (CODE)
                                   1138 ;--------------------------------------------------------
                                   1139 ; global & static initialisations
                                   1140 ;--------------------------------------------------------
                                   1141 	.area HOME    (CODE)
                                   1142 	.area GSINIT  (CODE)
                                   1143 	.area GSFINAL (CODE)
                                   1144 	.area GSINIT  (CODE)
                                   1145 ;--------------------------------------------------------
                                   1146 ; Home
                                   1147 ;--------------------------------------------------------
                                   1148 	.area HOME    (CODE)
                                   1149 	.area HOME    (CODE)
                                   1150 ;--------------------------------------------------------
                                   1151 ; code
                                   1152 ;--------------------------------------------------------
                                   1153 	.area CSEG    (CODE)
                                   1154 ;------------------------------------------------------------
                                   1155 ;Allocation info for local variables in function 'abc_open'
                                   1156 ;------------------------------------------------------------
                                   1157 ;channelno                 Allocated to stack - sp -3
                                   1158 ;callbacks                 Allocated to stack - sp -6
                                   1159 ;c                         Allocated to registers r5 r6 r7 
                                   1160 ;------------------------------------------------------------
                                   1161 ;	../contiki-sensinode/core/net/rime/abc.c:65: abc_open(struct abc_conn *c, uint16_t channelno,
                                   1162 ;	-----------------------------------------
                                   1163 ;	 function abc_open
                                   1164 ;	-----------------------------------------
      000000                       1165 _abc_open:
                           000007  1166 	ar7 = 0x07
                           000006  1167 	ar6 = 0x06
                           000005  1168 	ar5 = 0x05
                           000004  1169 	ar4 = 0x04
                           000003  1170 	ar3 = 0x03
                           000002  1171 	ar2 = 0x02
                           000001  1172 	ar1 = 0x01
                           000000  1173 	ar0 = 0x00
      000000 AD 82            [24] 1174 	mov	r5,dpl
      000002 AE 83            [24] 1175 	mov	r6,dph
      000004 AF F0            [24] 1176 	mov	r7,b
                                   1177 ;	../contiki-sensinode/core/net/rime/abc.c:68: channel_open(&c->channel, channelno);
      000006 C0 07            [24] 1178 	push	ar7
      000008 C0 06            [24] 1179 	push	ar6
      00000A C0 05            [24] 1180 	push	ar5
      00000C E5 81            [12] 1181 	mov	a,sp
      00000E 24 FA            [12] 1182 	add	a,#0xfa
      000010 F8               [12] 1183 	mov	r0,a
      000011 E6               [12] 1184 	mov	a,@r0
      000012 C0 E0            [24] 1185 	push	acc
      000014 08               [12] 1186 	inc	r0
      000015 E6               [12] 1187 	mov	a,@r0
      000016 C0 E0            [24] 1188 	push	acc
      000018 8D 82            [24] 1189 	mov	dpl,r5
      00001A 8E 83            [24] 1190 	mov	dph,r6
      00001C 8F F0            [24] 1191 	mov	b,r7
      00001E 12r00r00         [24] 1192 	lcall	_channel_open
      000021 15 81            [12] 1193 	dec	sp
      000023 15 81            [12] 1194 	dec	sp
      000025 D0 05            [24] 1195 	pop	ar5
      000027 D0 06            [24] 1196 	pop	ar6
      000029 D0 07            [24] 1197 	pop	ar7
                                   1198 ;	../contiki-sensinode/core/net/rime/abc.c:69: c->u = callbacks;
      00002B 74 09            [12] 1199 	mov	a,#0x09
      00002D 2D               [12] 1200 	add	a,r5
      00002E FD               [12] 1201 	mov	r5,a
      00002F E4               [12] 1202 	clr	a
      000030 3E               [12] 1203 	addc	a,r6
      000031 FE               [12] 1204 	mov	r6,a
      000032 8D 82            [24] 1205 	mov	dpl,r5
      000034 8E 83            [24] 1206 	mov	dph,r6
      000036 8F F0            [24] 1207 	mov	b,r7
      000038 E5 81            [12] 1208 	mov	a,sp
      00003A 24 FA            [12] 1209 	add	a,#0xfa
      00003C F8               [12] 1210 	mov	r0,a
      00003D E6               [12] 1211 	mov	a,@r0
      00003E 12r00r00         [24] 1212 	lcall	__gptrput
      000041 A3               [24] 1213 	inc	dptr
      000042 08               [12] 1214 	inc	r0
      000043 E6               [12] 1215 	mov	a,@r0
      000044 12r00r00         [24] 1216 	lcall	__gptrput
      000047 A3               [24] 1217 	inc	dptr
      000048 08               [12] 1218 	inc	r0
      000049 E6               [12] 1219 	mov	a,@r0
      00004A 12r00r00         [24] 1220 	lcall	__gptrput
                                   1221 ;	../contiki-sensinode/core/net/rime/abc.c:70: channel_set_attributes(channelno, attributes);
      00004D 74r00            [12] 1222 	mov	a,#_attributes
      00004F C0 E0            [24] 1223 	push	acc
      000051 74s00            [12] 1224 	mov	a,#(_attributes >> 8)
      000053 C0 E0            [24] 1225 	push	acc
      000055 74 80            [12] 1226 	mov	a,#0x80
      000057 C0 E0            [24] 1227 	push	acc
      000059 E5 81            [12] 1228 	mov	a,sp
      00005B 24 FA            [12] 1229 	add	a,#0xfa
      00005D F8               [12] 1230 	mov	r0,a
      00005E 86 82            [24] 1231 	mov	dpl,@r0
      000060 08               [12] 1232 	inc	r0
      000061 86 83            [24] 1233 	mov	dph,@r0
      000063 12r00r00         [24] 1234 	lcall	_channel_set_attributes
      000066 15 81            [12] 1235 	dec	sp
      000068 15 81            [12] 1236 	dec	sp
      00006A 15 81            [12] 1237 	dec	sp
      00006C 22               [24] 1238 	ret
                                   1239 ;------------------------------------------------------------
                                   1240 ;Allocation info for local variables in function 'abc_close'
                                   1241 ;------------------------------------------------------------
                                   1242 ;c                         Allocated to registers r5 r6 r7 
                                   1243 ;------------------------------------------------------------
                                   1244 ;	../contiki-sensinode/core/net/rime/abc.c:74: abc_close(struct abc_conn *c)
                                   1245 ;	-----------------------------------------
                                   1246 ;	 function abc_close
                                   1247 ;	-----------------------------------------
      00006D                       1248 _abc_close:
                                   1249 ;	../contiki-sensinode/core/net/rime/abc.c:76: channel_close(&c->channel);
      00006D 02r00r00         [24] 1250 	ljmp	_channel_close
                                   1251 ;------------------------------------------------------------
                                   1252 ;Allocation info for local variables in function 'abc_send'
                                   1253 ;------------------------------------------------------------
                                   1254 ;c                         Allocated to registers r5 r6 r7 
                                   1255 ;------------------------------------------------------------
                                   1256 ;	../contiki-sensinode/core/net/rime/abc.c:80: abc_send(struct abc_conn *c)
                                   1257 ;	-----------------------------------------
                                   1258 ;	 function abc_send
                                   1259 ;	-----------------------------------------
      000070                       1260 _abc_send:
                                   1261 ;	../contiki-sensinode/core/net/rime/abc.c:85: return rime_output(&c->channel);
      000070 02r00r00         [24] 1262 	ljmp	_rime_output
                                   1263 ;------------------------------------------------------------
                                   1264 ;Allocation info for local variables in function 'abc_input'
                                   1265 ;------------------------------------------------------------
                                   1266 ;channel                   Allocated to registers r5 r6 r7 
                                   1267 ;c                         Allocated to registers r5 r6 r7 
                                   1268 ;------------------------------------------------------------
                                   1269 ;	../contiki-sensinode/core/net/rime/abc.c:89: abc_input(struct channel *channel)
                                   1270 ;	-----------------------------------------
                                   1271 ;	 function abc_input
                                   1272 ;	-----------------------------------------
      000073                       1273 _abc_input:
      000073 AD 82            [24] 1274 	mov	r5,dpl
      000075 AE 83            [24] 1275 	mov	r6,dph
      000077 AF F0            [24] 1276 	mov	r7,b
                                   1277 ;	../contiki-sensinode/core/net/rime/abc.c:91: struct abc_conn *c = (struct abc_conn *)channel;
                                   1278 ;	../contiki-sensinode/core/net/rime/abc.c:96: if(c->u->recv) {
      000079 74 09            [12] 1279 	mov	a,#0x09
      00007B 2D               [12] 1280 	add	a,r5
      00007C FA               [12] 1281 	mov	r2,a
      00007D E4               [12] 1282 	clr	a
      00007E 3E               [12] 1283 	addc	a,r6
      00007F FB               [12] 1284 	mov	r3,a
      000080 8F 04            [24] 1285 	mov	ar4,r7
      000082 8A 82            [24] 1286 	mov	dpl,r2
      000084 8B 83            [24] 1287 	mov	dph,r3
      000086 8C F0            [24] 1288 	mov	b,r4
      000088 12r00r00         [24] 1289 	lcall	__gptrget
      00008B FA               [12] 1290 	mov	r2,a
      00008C A3               [24] 1291 	inc	dptr
      00008D 12r00r00         [24] 1292 	lcall	__gptrget
      000090 FB               [12] 1293 	mov	r3,a
      000091 A3               [24] 1294 	inc	dptr
      000092 12r00r00         [24] 1295 	lcall	__gptrget
      000095 FC               [12] 1296 	mov	r4,a
      000096 8A 82            [24] 1297 	mov	dpl,r2
      000098 8B 83            [24] 1298 	mov	dph,r3
      00009A 8C F0            [24] 1299 	mov	b,r4
      00009C 12r00r00         [24] 1300 	lcall	__gptrget
      00009F FB               [12] 1301 	mov	r3,a
      0000A0 A3               [24] 1302 	inc	dptr
      0000A1 12r00r00         [24] 1303 	lcall	__gptrget
      0000A4 FC               [12] 1304 	mov	r4,a
      0000A5 4B               [12] 1305 	orl	a,r3
      0000A6 60 18            [24] 1306 	jz	00103$
                                   1307 ;	../contiki-sensinode/core/net/rime/abc.c:97: c->u->recv(c);
      0000A8 C0 04            [24] 1308 	push	ar4
      0000AA C0 03            [24] 1309 	push	ar3
      0000AC 12r00rB1         [24] 1310 	lcall	00109$
      0000AF 80 0B            [24] 1311 	sjmp	00110$
      0000B1                       1312 00109$:
      0000B1 C0 03            [24] 1313 	push	ar3
      0000B3 C0 04            [24] 1314 	push	ar4
      0000B5 8D 82            [24] 1315 	mov	dpl,r5
      0000B7 8E 83            [24] 1316 	mov	dph,r6
      0000B9 8F F0            [24] 1317 	mov	b,r7
      0000BB 22               [24] 1318 	ret
      0000BC                       1319 00110$:
      0000BC D0 03            [24] 1320 	pop	ar3
      0000BE D0 04            [24] 1321 	pop	ar4
      0000C0                       1322 00103$:
      0000C0 22               [24] 1323 	ret
                                   1324 ;------------------------------------------------------------
                                   1325 ;Allocation info for local variables in function 'abc_sent'
                                   1326 ;------------------------------------------------------------
                                   1327 ;status                    Allocated to stack - sp -3
                                   1328 ;num_tx                    Allocated to stack - sp -5
                                   1329 ;channel                   Allocated to registers r5 r6 r7 
                                   1330 ;c                         Allocated to registers r5 r6 r7 
                                   1331 ;------------------------------------------------------------
                                   1332 ;	../contiki-sensinode/core/net/rime/abc.c:102: abc_sent(struct channel *channel, int status, int num_tx)
                                   1333 ;	-----------------------------------------
                                   1334 ;	 function abc_sent
                                   1335 ;	-----------------------------------------
      0000C1                       1336 _abc_sent:
      0000C1 AD 82            [24] 1337 	mov	r5,dpl
      0000C3 AE 83            [24] 1338 	mov	r6,dph
      0000C5 AF F0            [24] 1339 	mov	r7,b
                                   1340 ;	../contiki-sensinode/core/net/rime/abc.c:104: struct abc_conn *c = (struct abc_conn *)channel;
                                   1341 ;	../contiki-sensinode/core/net/rime/abc.c:109: if(c->u->sent) {
      0000C7 74 09            [12] 1342 	mov	a,#0x09
      0000C9 2D               [12] 1343 	add	a,r5
      0000CA FA               [12] 1344 	mov	r2,a
      0000CB E4               [12] 1345 	clr	a
      0000CC 3E               [12] 1346 	addc	a,r6
      0000CD FB               [12] 1347 	mov	r3,a
      0000CE 8F 04            [24] 1348 	mov	ar4,r7
      0000D0 8A 82            [24] 1349 	mov	dpl,r2
      0000D2 8B 83            [24] 1350 	mov	dph,r3
      0000D4 8C F0            [24] 1351 	mov	b,r4
      0000D6 12r00r00         [24] 1352 	lcall	__gptrget
      0000D9 FA               [12] 1353 	mov	r2,a
      0000DA A3               [24] 1354 	inc	dptr
      0000DB 12r00r00         [24] 1355 	lcall	__gptrget
      0000DE FB               [12] 1356 	mov	r3,a
      0000DF A3               [24] 1357 	inc	dptr
      0000E0 12r00r00         [24] 1358 	lcall	__gptrget
      0000E3 FC               [12] 1359 	mov	r4,a
      0000E4 74 02            [12] 1360 	mov	a,#0x02
      0000E6 2A               [12] 1361 	add	a,r2
      0000E7 FA               [12] 1362 	mov	r2,a
      0000E8 E4               [12] 1363 	clr	a
      0000E9 3B               [12] 1364 	addc	a,r3
      0000EA FB               [12] 1365 	mov	r3,a
      0000EB 8A 82            [24] 1366 	mov	dpl,r2
      0000ED 8B 83            [24] 1367 	mov	dph,r3
      0000EF 8C F0            [24] 1368 	mov	b,r4
      0000F1 12r00r00         [24] 1369 	lcall	__gptrget
      0000F4 FB               [12] 1370 	mov	r3,a
      0000F5 A3               [24] 1371 	inc	dptr
      0000F6 12r00r00         [24] 1372 	lcall	__gptrget
      0000F9 FC               [12] 1373 	mov	r4,a
      0000FA 4B               [12] 1374 	orl	a,r3
      0000FB 60 36            [24] 1375 	jz	00103$
                                   1376 ;	../contiki-sensinode/core/net/rime/abc.c:110: c->u->sent(c, status, num_tx);
      0000FD C0 04            [24] 1377 	push	ar4
      0000FF C0 03            [24] 1378 	push	ar3
      000101 E5 81            [12] 1379 	mov	a,sp
      000103 24 F9            [12] 1380 	add	a,#0xf9
      000105 F8               [12] 1381 	mov	r0,a
      000106 E6               [12] 1382 	mov	a,@r0
      000107 C0 E0            [24] 1383 	push	acc
      000109 08               [12] 1384 	inc	r0
      00010A E6               [12] 1385 	mov	a,@r0
      00010B C0 E0            [24] 1386 	push	acc
      00010D E5 81            [12] 1387 	mov	a,sp
      00010F 24 F9            [12] 1388 	add	a,#0xf9
      000111 F8               [12] 1389 	mov	r0,a
      000112 E6               [12] 1390 	mov	a,@r0
      000113 C0 E0            [24] 1391 	push	acc
      000115 08               [12] 1392 	inc	r0
      000116 E6               [12] 1393 	mov	a,@r0
      000117 C0 E0            [24] 1394 	push	acc
      000119 12r01r1E         [24] 1395 	lcall	00109$
      00011C 80 0B            [24] 1396 	sjmp	00110$
      00011E                       1397 00109$:
      00011E C0 03            [24] 1398 	push	ar3
      000120 C0 04            [24] 1399 	push	ar4
      000122 8D 82            [24] 1400 	mov	dpl,r5
      000124 8E 83            [24] 1401 	mov	dph,r6
      000126 8F F0            [24] 1402 	mov	b,r7
      000128 22               [24] 1403 	ret
      000129                       1404 00110$:
      000129 E5 81            [12] 1405 	mov	a,sp
      00012B 24 FC            [12] 1406 	add	a,#0xfc
      00012D F5 81            [12] 1407 	mov	sp,a
      00012F D0 03            [24] 1408 	pop	ar3
      000131 D0 04            [24] 1409 	pop	ar4
      000133                       1410 00103$:
      000133 22               [24] 1411 	ret
                                   1412 	.area CSEG    (CODE)
                                   1413 	.area CONST   (CODE)
      000000                       1414 _attributes:
      000000 00                    1415 	.db #0x00	; 0
      000001 00                    1416 	.db #0x00	; 0
                                   1417 	.area XINIT   (CODE)
                                   1418 	.area CABS    (ABS,CODE)
