                                      1 ;--------------------------------------------------------
                                      2 ; File Created by SDCC : free open source ANSI-C Compiler
                                      3 ; Version 3.4.0 #8981 (Oct 24 2015) (Linux)
                                      4 ; This file was generated Sun Oct 25 01:52:24 2015
                                      5 ;--------------------------------------------------------
                                      6 	.module cdc_acm
                                      7 	.optsdcc -mmcs51 --model-large
                                      8 	
                                      9 ;--------------------------------------------------------
                                     10 ; Public variables in this module
                                     11 ;--------------------------------------------------------
                                     12 	.globl _usb_get_ctrl_data
                                     13 	.globl _usb_send_ctrl_status
                                     14 	.globl _usb_error_stall
                                     15 	.globl _usb_send_ctrl_response
                                     16 	.globl _usb_register_request_handler
                                     17 	.globl _process_poll
                                     18 	.globl _memcpy
                                     19 	.globl _ACTIVE
                                     20 	.globl _TX_BYTE
                                     21 	.globl _RX_BYTE
                                     22 	.globl _ERR
                                     23 	.globl _FE
                                     24 	.globl _SLAVE
                                     25 	.globl _RE
                                     26 	.globl _MODE
                                     27 	.globl _T3OVFIF
                                     28 	.globl _T3CH0IF
                                     29 	.globl _T3CH1IF
                                     30 	.globl _T4OVFIF
                                     31 	.globl _T4CH0IF
                                     32 	.globl _T4CH1IF
                                     33 	.globl _OVFIM
                                     34 	.globl _B_0
                                     35 	.globl _B_1
                                     36 	.globl _B_2
                                     37 	.globl _B_3
                                     38 	.globl _B_4
                                     39 	.globl _B_5
                                     40 	.globl _B_6
                                     41 	.globl _B_7
                                     42 	.globl _P2IF
                                     43 	.globl _UTX0IF
                                     44 	.globl _UTX1IF
                                     45 	.globl _P1IF
                                     46 	.globl _WDTIF
                                     47 	.globl _ACC_0
                                     48 	.globl _ACC_1
                                     49 	.globl _ACC_2
                                     50 	.globl _ACC_3
                                     51 	.globl _ACC_4
                                     52 	.globl _ACC_5
                                     53 	.globl _ACC_6
                                     54 	.globl _ACC_7
                                     55 	.globl _P
                                     56 	.globl _F1
                                     57 	.globl _OV
                                     58 	.globl _RS0
                                     59 	.globl _RS1
                                     60 	.globl _F0
                                     61 	.globl _AC
                                     62 	.globl _CY
                                     63 	.globl _DMAIF
                                     64 	.globl _T1IF
                                     65 	.globl _T2IF
                                     66 	.globl _T3IF
                                     67 	.globl _T4IF
                                     68 	.globl _P0IF
                                     69 	.globl _STIF
                                     70 	.globl _DMAIE
                                     71 	.globl _T1IE
                                     72 	.globl _T2IE
                                     73 	.globl _T3IE
                                     74 	.globl _T4IE
                                     75 	.globl _P0IE
                                     76 	.globl _RFERRIE
                                     77 	.globl _ADCIE
                                     78 	.globl _URX0IE
                                     79 	.globl _URX1IE
                                     80 	.globl _ENCIE
                                     81 	.globl _STIE
                                     82 	.globl _EA
                                     83 	.globl _P2_0
                                     84 	.globl _P2_1
                                     85 	.globl _P2_2
                                     86 	.globl _P2_3
                                     87 	.globl _P2_4
                                     88 	.globl _P2_5
                                     89 	.globl _P2_6
                                     90 	.globl _P2_7
                                     91 	.globl _ENCIF_0
                                     92 	.globl _ENCIF_1
                                     93 	.globl _P1_0
                                     94 	.globl _P1_1
                                     95 	.globl _P1_2
                                     96 	.globl _P1_3
                                     97 	.globl _P1_4
                                     98 	.globl _P1_5
                                     99 	.globl _P1_6
                                    100 	.globl _P1_7
                                    101 	.globl _IT0
                                    102 	.globl _RFERRIF
                                    103 	.globl _IT1
                                    104 	.globl _URX0IF
                                    105 	.globl _ADCIF
                                    106 	.globl _URX1IF
                                    107 	.globl _P0_0
                                    108 	.globl _P0_1
                                    109 	.globl _P0_2
                                    110 	.globl _P0_3
                                    111 	.globl _P0_4
                                    112 	.globl _P0_5
                                    113 	.globl _P0_6
                                    114 	.globl _P0_7
                                    115 	.globl _WDCTL
                                    116 	.globl _U1GCR
                                    117 	.globl _U1UCR
                                    118 	.globl _U1BAUD
                                    119 	.globl _U1DBUF
                                    120 	.globl _U1CSR
                                    121 	.globl _U0GCR
                                    122 	.globl _U0UCR
                                    123 	.globl _U0BAUD
                                    124 	.globl _U0DBUF
                                    125 	.globl _U0CSR
                                    126 	.globl _TIMIF
                                    127 	.globl _T4CC1
                                    128 	.globl _T4CCTL1
                                    129 	.globl _T4CC0
                                    130 	.globl _T4CCTL0
                                    131 	.globl _T4CTL
                                    132 	.globl _T4CNT
                                    133 	.globl _T3CC1
                                    134 	.globl _T3CCTL1
                                    135 	.globl _T3CC0
                                    136 	.globl _T3CCTL0
                                    137 	.globl _T3CTL
                                    138 	.globl _T3CNT
                                    139 	.globl _T2MSEL
                                    140 	.globl _T2IRQM
                                    141 	.globl _T2MOVF2
                                    142 	.globl _T2MOVF1
                                    143 	.globl _T2MOVF0
                                    144 	.globl _T2M1
                                    145 	.globl _T2M0
                                    146 	.globl _T2IRQF
                                    147 	.globl _T2EVTCFG
                                    148 	.globl _T2CTRL
                                    149 	.globl _T1STAT
                                    150 	.globl _T1CCTL2
                                    151 	.globl _T1CCTL1
                                    152 	.globl _T1CCTL0
                                    153 	.globl _T1CTL
                                    154 	.globl _T1CNTH
                                    155 	.globl _T1CNTL
                                    156 	.globl _T1CC2H
                                    157 	.globl _T1CC2L
                                    158 	.globl _T1CC1H
                                    159 	.globl _T1CC1L
                                    160 	.globl _T1CC0H
                                    161 	.globl _T1CC0L
                                    162 	.globl _CLKCONSTA
                                    163 	.globl _CLKCONCMD
                                    164 	.globl _SLEEPSTA
                                    165 	.globl _SLEEPCMD
                                    166 	.globl _STLOAD
                                    167 	.globl _ST2
                                    168 	.globl _ST1
                                    169 	.globl _ST0
                                    170 	.globl _RFERRF
                                    171 	.globl _RFIRQF0
                                    172 	.globl _RFST
                                    173 	.globl _RFD
                                    174 	.globl _RFIRQF1
                                    175 	.globl _PSBANK
                                    176 	.globl _FMAP
                                    177 	.globl _MEMCTR
                                    178 	.globl __XPAGE
                                    179 	.globl _MPAGE
                                    180 	.globl _PMUX
                                    181 	.globl _P2DIR
                                    182 	.globl _P1DIR
                                    183 	.globl _P0DIR
                                    184 	.globl _P2INP
                                    185 	.globl _P1INP
                                    186 	.globl _P2SEL
                                    187 	.globl _P1SEL
                                    188 	.globl _P0SEL
                                    189 	.globl _APCFG
                                    190 	.globl _PERCFG
                                    191 	.globl _P0INP
                                    192 	.globl _P2IEN
                                    193 	.globl _P1IEN
                                    194 	.globl _P0IEN
                                    195 	.globl _PICTL
                                    196 	.globl _P2IFG
                                    197 	.globl _P1IFG
                                    198 	.globl _P0IFG
                                    199 	.globl _DMAREQ
                                    200 	.globl _DMAARM
                                    201 	.globl _DMA0CFGH
                                    202 	.globl _DMA0CFGL
                                    203 	.globl _DMA1CFGH
                                    204 	.globl _DMA1CFGL
                                    205 	.globl _DMAIRQ
                                    206 	.globl _ENCCS
                                    207 	.globl _ENCDO
                                    208 	.globl _ENCDI
                                    209 	.globl _RNDH
                                    210 	.globl _RNDL
                                    211 	.globl _ADCH
                                    212 	.globl _ADCL
                                    213 	.globl _ADCCON3
                                    214 	.globl _ADCCON2
                                    215 	.globl _ADCCON1
                                    216 	.globl _B
                                    217 	.globl _IRCON2
                                    218 	.globl _ACC
                                    219 	.globl _PSW
                                    220 	.globl _IRCON
                                    221 	.globl _IP1
                                    222 	.globl _IEN1
                                    223 	.globl _IP0
                                    224 	.globl _IEN0
                                    225 	.globl _P2
                                    226 	.globl _S1CON
                                    227 	.globl _IEN2
                                    228 	.globl _S0CON
                                    229 	.globl _DPS
                                    230 	.globl _P1
                                    231 	.globl _TCON
                                    232 	.globl _PCON
                                    233 	.globl _DPH1
                                    234 	.globl _DPL1
                                    235 	.globl _DPH0
                                    236 	.globl _DPL0
                                    237 	.globl _SP
                                    238 	.globl _P0
                                    239 	.globl _X_IEEE_ADDR
                                    240 	.globl _X_INFOPAGE
                                    241 	.globl _X_P2DIR
                                    242 	.globl _X_P1DIR
                                    243 	.globl _X_P0DIR
                                    244 	.globl _X_U1GCR
                                    245 	.globl _X_U1UCR
                                    246 	.globl _X_U1BAUD
                                    247 	.globl _X_U1DBUF
                                    248 	.globl _X_U1CSR
                                    249 	.globl _X_P2INP
                                    250 	.globl _X_P1INP
                                    251 	.globl _X_P2SEL
                                    252 	.globl _X_P1SEL
                                    253 	.globl _X_P0SEL
                                    254 	.globl _X_APCFG
                                    255 	.globl _X_PERCFG
                                    256 	.globl _X_T4CC1
                                    257 	.globl _X_T4CCTL1
                                    258 	.globl _X_T4CC0
                                    259 	.globl _X_T4CCTL0
                                    260 	.globl _X_T4CTL
                                    261 	.globl _X_T4CNT
                                    262 	.globl _X_RFIRQF0
                                    263 	.globl _X_T1CCTL2
                                    264 	.globl _X_T1CCTL1
                                    265 	.globl _X_T1CCTL0
                                    266 	.globl _X_T1CTL
                                    267 	.globl _X_T1CNTH
                                    268 	.globl _X_T1CNTL
                                    269 	.globl _X_RFST
                                    270 	.globl _X_T1CC2H
                                    271 	.globl _X_T1CC2L
                                    272 	.globl _X_T1CC1H
                                    273 	.globl _X_T1CC1L
                                    274 	.globl _X_T1CC0H
                                    275 	.globl _X_T1CC0L
                                    276 	.globl _X_RFD
                                    277 	.globl _X_TIMIF
                                    278 	.globl _X_DMAREQ
                                    279 	.globl _X_DMAARM
                                    280 	.globl _X_DMA0CFGH
                                    281 	.globl _X_DMA0CFGL
                                    282 	.globl _X_DMA1CFGH
                                    283 	.globl _X_DMA1CFGL
                                    284 	.globl _X_DMAIRQ
                                    285 	.globl _X_T3CC1
                                    286 	.globl _X_T3CCTL1
                                    287 	.globl _X_T3CC0
                                    288 	.globl _X_T3CCTL0
                                    289 	.globl _X_T3CTL
                                    290 	.globl _X_T3CNT
                                    291 	.globl _X_WDCTL
                                    292 	.globl _X_MEMCTR
                                    293 	.globl _X_CLKCONCMD
                                    294 	.globl _X_U0GCR
                                    295 	.globl _X_U0UCR
                                    296 	.globl _X_T2MSEL
                                    297 	.globl _X_U0BAUD
                                    298 	.globl _X_U0DBUF
                                    299 	.globl _X_RFERRF
                                    300 	.globl _X_SLEEPCMD
                                    301 	.globl _X_RNDH
                                    302 	.globl _X_RNDL
                                    303 	.globl _X_ADCH
                                    304 	.globl _X_ADCL
                                    305 	.globl _X_ADCCON3
                                    306 	.globl _X_ADCCON2
                                    307 	.globl _X_ADCCON1
                                    308 	.globl _X_ENCCS
                                    309 	.globl _X_ENCDO
                                    310 	.globl _X_ENCDI
                                    311 	.globl _X_T1STAT
                                    312 	.globl _X_PMUX
                                    313 	.globl _X_STLOAD
                                    314 	.globl _X_P2IEN
                                    315 	.globl _X_P0IEN
                                    316 	.globl _X_T2IRQM
                                    317 	.globl _X_T2MOVF2
                                    318 	.globl _X_T2MOVF1
                                    319 	.globl _X_T2MOVF0
                                    320 	.globl _X_T2M1
                                    321 	.globl _X_T2M0
                                    322 	.globl _X_T2IRQF
                                    323 	.globl _X_P2
                                    324 	.globl _X_PSBANK
                                    325 	.globl _X_FMAP
                                    326 	.globl _X_CLKCONSTA
                                    327 	.globl _X_SLEEPSTA
                                    328 	.globl _X_T2EVTCFG
                                    329 	.globl _X_ST2
                                    330 	.globl _X_ST1
                                    331 	.globl _X_ST0
                                    332 	.globl _X_T2CTRL
                                    333 	.globl _X__XPAGE
                                    334 	.globl _X_MPAGE
                                    335 	.globl _X_RFIRQF1
                                    336 	.globl _X_P1
                                    337 	.globl _X_P0INP
                                    338 	.globl _X_P1IEN
                                    339 	.globl _X_PICTL
                                    340 	.globl _X_P2IFG
                                    341 	.globl _X_P1IFG
                                    342 	.globl _X_P0IFG
                                    343 	.globl _X_U0CSR
                                    344 	.globl _X_P0
                                    345 	.globl _USBF5
                                    346 	.globl _USBF4
                                    347 	.globl _USBF3
                                    348 	.globl _USBF2
                                    349 	.globl _USBF1
                                    350 	.globl _USBF0
                                    351 	.globl _USBCNTH
                                    352 	.globl _USBCNTL
                                    353 	.globl _USBCNT0
                                    354 	.globl _USBCSOH
                                    355 	.globl _USBCSOL
                                    356 	.globl _USBMAXO
                                    357 	.globl _USBCSIH
                                    358 	.globl _USBCSIL
                                    359 	.globl _USBCS0
                                    360 	.globl _USBMAXI
                                    361 	.globl _USBCTRL
                                    362 	.globl _USBINDEX
                                    363 	.globl _USBFRMH
                                    364 	.globl _USBFRML
                                    365 	.globl _USBCIE
                                    366 	.globl _USBOIE
                                    367 	.globl _USBIIE
                                    368 	.globl _USBCIF
                                    369 	.globl _USBOIF
                                    370 	.globl _USBIIF
                                    371 	.globl _USBPOW
                                    372 	.globl _USBADDR
                                    373 	.globl _CSPT
                                    374 	.globl _CSPZ
                                    375 	.globl _CSPY
                                    376 	.globl _CSPX
                                    377 	.globl _CSPSTAT
                                    378 	.globl _CSPCTRL
                                    379 	.globl _CSPPROG23
                                    380 	.globl _CSPPROG22
                                    381 	.globl _CSPPROG21
                                    382 	.globl _CSPPROG20
                                    383 	.globl _CSPPROG19
                                    384 	.globl _CSPPROG18
                                    385 	.globl _CSPPROG17
                                    386 	.globl _CSPPROG16
                                    387 	.globl _CSPPROG15
                                    388 	.globl _CSPPROG14
                                    389 	.globl _CSPPROG13
                                    390 	.globl _CSPPROG12
                                    391 	.globl _CSPPROG11
                                    392 	.globl _CSPPROG10
                                    393 	.globl _CSPPROG9
                                    394 	.globl _CSPPROG8
                                    395 	.globl _CSPPROG7
                                    396 	.globl _CSPPROG6
                                    397 	.globl _CSPPROG5
                                    398 	.globl _CSPPROG4
                                    399 	.globl _CSPPROG3
                                    400 	.globl _CSPPROG2
                                    401 	.globl _CSPPROG1
                                    402 	.globl _CSPPROG0
                                    403 	.globl _RFC_OBS_CTRL2
                                    404 	.globl _RFC_OBS_CTRL1
                                    405 	.globl _RFC_OBS_CTRL0
                                    406 	.globl _TXFILTCFG
                                    407 	.globl _PTEST1
                                    408 	.globl _PTEST0
                                    409 	.globl _ATEST
                                    410 	.globl _DACTEST2
                                    411 	.globl _DACTEST1
                                    412 	.globl _DACTEST0
                                    413 	.globl _MDMTEST1
                                    414 	.globl _MDMTEST0
                                    415 	.globl _ADCTEST2
                                    416 	.globl _ADCTEST1
                                    417 	.globl _ADCTEST0
                                    418 	.globl _AGCCTRL3
                                    419 	.globl _AGCCTRL2
                                    420 	.globl _AGCCTRL1
                                    421 	.globl _AGCCTRL0
                                    422 	.globl _FSCAL3
                                    423 	.globl _FSCAL2
                                    424 	.globl _FSCAL1
                                    425 	.globl _FSCAL0
                                    426 	.globl _FSCTRL
                                    427 	.globl _RXCTRL
                                    428 	.globl _FREQEST
                                    429 	.globl _MDMCTRL1
                                    430 	.globl _MDMCTRL0
                                    431 	.globl _RFRND
                                    432 	.globl _RFERRM
                                    433 	.globl _RFIRQM1
                                    434 	.globl _RFIRQM0
                                    435 	.globl _TXLAST_PTR
                                    436 	.globl _TXFIRST_PTR
                                    437 	.globl _RXP1_PTR
                                    438 	.globl _RXLAST_PTR
                                    439 	.globl _RXFIRST_PTR
                                    440 	.globl _TXFIFOCNT
                                    441 	.globl _RXFIFOCNT
                                    442 	.globl _RXFIRST
                                    443 	.globl _RSSISTAT
                                    444 	.globl _RSSI
                                    445 	.globl _CCACTRL1
                                    446 	.globl _CCACTRL0
                                    447 	.globl _FSMCTRL
                                    448 	.globl _FIFOPCTRL
                                    449 	.globl _FSMSTAT1
                                    450 	.globl _FSMSTAT0
                                    451 	.globl _TXCTRL
                                    452 	.globl _TXPOWER
                                    453 	.globl _FREQCTRL
                                    454 	.globl _FREQTUNE
                                    455 	.globl _RXMASKCLR
                                    456 	.globl _RXMASKSET
                                    457 	.globl _RXENABLE
                                    458 	.globl _FRMCTRL1
                                    459 	.globl _FRMCTRL0
                                    460 	.globl _SRCEXTEN2
                                    461 	.globl _SRCEXTEN1
                                    462 	.globl _SRCEXTEN0
                                    463 	.globl _SRCSHORTEN2
                                    464 	.globl _SRCSHORTEN1
                                    465 	.globl _SRCSHORTEN0
                                    466 	.globl _SRCMATCH
                                    467 	.globl _FRMFILT1
                                    468 	.globl _FRMFILT0
                                    469 	.globl _SHORT_ADDR1
                                    470 	.globl _SHORT_ADDR0
                                    471 	.globl _PAN_ID1
                                    472 	.globl _PAN_ID0
                                    473 	.globl _EXT_ADDR7
                                    474 	.globl _EXT_ADDR6
                                    475 	.globl _EXT_ADDR5
                                    476 	.globl _EXT_ADDR4
                                    477 	.globl _EXT_ADDR3
                                    478 	.globl _EXT_ADDR2
                                    479 	.globl _EXT_ADDR1
                                    480 	.globl _EXT_ADDR0
                                    481 	.globl _SRCSHORTPENDEN2
                                    482 	.globl _SRCSHORTPENDEN1
                                    483 	.globl _SRCSHORTPENDEN0
                                    484 	.globl _SRCEXTPENDEN2
                                    485 	.globl _SRCEXTPENDEN1
                                    486 	.globl _SRCEXTPENDEN0
                                    487 	.globl _SRCRESINDEX
                                    488 	.globl _SRCRESMASK2
                                    489 	.globl _SRCRESMASK1
                                    490 	.globl _SRCRESMASK0
                                    491 	.globl _SRC_ADDR_TABLE
                                    492 	.globl _TXFIFO
                                    493 	.globl _RXFIFO
                                    494 	.globl _RFCORE_RAM
                                    495 	.globl _CMPCTL
                                    496 	.globl _OPAMPS
                                    497 	.globl _OPAMPC
                                    498 	.globl _STCV2
                                    499 	.globl _STCV1
                                    500 	.globl _STCV0
                                    501 	.globl _STCS
                                    502 	.globl _STCC
                                    503 	.globl _T1CC4H
                                    504 	.globl _T1CC4L
                                    505 	.globl _T1CC3H
                                    506 	.globl _T1CC3L
                                    507 	.globl _XX_T1CC2H
                                    508 	.globl _XX_T1CC2L
                                    509 	.globl _XX_T1CC1H
                                    510 	.globl _XX_T1CC1L
                                    511 	.globl _XX_T1CC0H
                                    512 	.globl _XX_T1CC0L
                                    513 	.globl _T1CCTL4
                                    514 	.globl _T1CCTL3
                                    515 	.globl _XX_T1CCTL2
                                    516 	.globl _XX_T1CCTL1
                                    517 	.globl _XX_T1CCTL0
                                    518 	.globl _CLD
                                    519 	.globl _IRCTL
                                    520 	.globl _CHIPINFO1
                                    521 	.globl _CHIPINFO0
                                    522 	.globl _FWDATA
                                    523 	.globl _FADDRH
                                    524 	.globl _FADDRL
                                    525 	.globl _FCTL
                                    526 	.globl _IVCTRL
                                    527 	.globl _BATTMON
                                    528 	.globl _SRCRC
                                    529 	.globl _DBGDATA
                                    530 	.globl _TESTREG0
                                    531 	.globl _CHIPID
                                    532 	.globl _CHVER
                                    533 	.globl _OBSSEL5
                                    534 	.globl _OBSSEL4
                                    535 	.globl _OBSSEL3
                                    536 	.globl _OBSSEL2
                                    537 	.globl _OBSSEL1
                                    538 	.globl _OBSSEL0
                                    539 	.globl _I2CIO
                                    540 	.globl _I2CWC
                                    541 	.globl _I2CADDR
                                    542 	.globl _I2CDATA
                                    543 	.globl _I2CSTAT
                                    544 	.globl _I2CCFG
                                    545 	.globl _OPAMPMC
                                    546 	.globl _MONMUX
                                    547 	.globl _usb_cdc_acm_setup
                                    548 	.globl _usb_cdc_acm_get_events
                                    549 	.globl _usb_cdc_acm_get_line_state
                                    550 	.globl _usb_cdc_acm_get_line_coding
                                    551 	.globl _usb_cdc_acm_set_event_process
                                    552 ;--------------------------------------------------------
                                    553 ; special function registers
                                    554 ;--------------------------------------------------------
                                    555 	.area RSEG    (ABS,DATA)
      000000                        556 	.org 0x0000
                           000080   557 _P0	=	0x0080
                           000081   558 _SP	=	0x0081
                           000082   559 _DPL0	=	0x0082
                           000083   560 _DPH0	=	0x0083
                           000084   561 _DPL1	=	0x0084
                           000085   562 _DPH1	=	0x0085
                           000087   563 _PCON	=	0x0087
                           000088   564 _TCON	=	0x0088
                           000090   565 _P1	=	0x0090
                           000092   566 _DPS	=	0x0092
                           000098   567 _S0CON	=	0x0098
                           00009A   568 _IEN2	=	0x009a
                           00009B   569 _S1CON	=	0x009b
                           0000A0   570 _P2	=	0x00a0
                           0000A8   571 _IEN0	=	0x00a8
                           0000A9   572 _IP0	=	0x00a9
                           0000B8   573 _IEN1	=	0x00b8
                           0000B9   574 _IP1	=	0x00b9
                           0000C0   575 _IRCON	=	0x00c0
                           0000D0   576 _PSW	=	0x00d0
                           0000E0   577 _ACC	=	0x00e0
                           0000E8   578 _IRCON2	=	0x00e8
                           0000F0   579 _B	=	0x00f0
                           0000B4   580 _ADCCON1	=	0x00b4
                           0000B5   581 _ADCCON2	=	0x00b5
                           0000B6   582 _ADCCON3	=	0x00b6
                           0000BA   583 _ADCL	=	0x00ba
                           0000BB   584 _ADCH	=	0x00bb
                           0000BC   585 _RNDL	=	0x00bc
                           0000BD   586 _RNDH	=	0x00bd
                           0000B1   587 _ENCDI	=	0x00b1
                           0000B2   588 _ENCDO	=	0x00b2
                           0000B3   589 _ENCCS	=	0x00b3
                           0000D1   590 _DMAIRQ	=	0x00d1
                           0000D2   591 _DMA1CFGL	=	0x00d2
                           0000D3   592 _DMA1CFGH	=	0x00d3
                           0000D4   593 _DMA0CFGL	=	0x00d4
                           0000D5   594 _DMA0CFGH	=	0x00d5
                           0000D6   595 _DMAARM	=	0x00d6
                           0000D7   596 _DMAREQ	=	0x00d7
                           000089   597 _P0IFG	=	0x0089
                           00008A   598 _P1IFG	=	0x008a
                           00008B   599 _P2IFG	=	0x008b
                           00008C   600 _PICTL	=	0x008c
                           0000AB   601 _P0IEN	=	0x00ab
                           00008D   602 _P1IEN	=	0x008d
                           0000AC   603 _P2IEN	=	0x00ac
                           00008F   604 _P0INP	=	0x008f
                           0000F1   605 _PERCFG	=	0x00f1
                           0000F2   606 _APCFG	=	0x00f2
                           0000F3   607 _P0SEL	=	0x00f3
                           0000F4   608 _P1SEL	=	0x00f4
                           0000F5   609 _P2SEL	=	0x00f5
                           0000F6   610 _P1INP	=	0x00f6
                           0000F7   611 _P2INP	=	0x00f7
                           0000FD   612 _P0DIR	=	0x00fd
                           0000FE   613 _P1DIR	=	0x00fe
                           0000FF   614 _P2DIR	=	0x00ff
                           0000AE   615 _PMUX	=	0x00ae
                           000093   616 _MPAGE	=	0x0093
                           000093   617 __XPAGE	=	0x0093
                           0000C7   618 _MEMCTR	=	0x00c7
                           00009F   619 _FMAP	=	0x009f
                           00009F   620 _PSBANK	=	0x009f
                           000091   621 _RFIRQF1	=	0x0091
                           0000D9   622 _RFD	=	0x00d9
                           0000E1   623 _RFST	=	0x00e1
                           0000E9   624 _RFIRQF0	=	0x00e9
                           0000BF   625 _RFERRF	=	0x00bf
                           000095   626 _ST0	=	0x0095
                           000096   627 _ST1	=	0x0096
                           000097   628 _ST2	=	0x0097
                           0000AD   629 _STLOAD	=	0x00ad
                           0000BE   630 _SLEEPCMD	=	0x00be
                           00009D   631 _SLEEPSTA	=	0x009d
                           0000C6   632 _CLKCONCMD	=	0x00c6
                           00009E   633 _CLKCONSTA	=	0x009e
                           0000DA   634 _T1CC0L	=	0x00da
                           0000DB   635 _T1CC0H	=	0x00db
                           0000DC   636 _T1CC1L	=	0x00dc
                           0000DD   637 _T1CC1H	=	0x00dd
                           0000DE   638 _T1CC2L	=	0x00de
                           0000DF   639 _T1CC2H	=	0x00df
                           0000E2   640 _T1CNTL	=	0x00e2
                           0000E3   641 _T1CNTH	=	0x00e3
                           0000E4   642 _T1CTL	=	0x00e4
                           0000E5   643 _T1CCTL0	=	0x00e5
                           0000E6   644 _T1CCTL1	=	0x00e6
                           0000E7   645 _T1CCTL2	=	0x00e7
                           0000AF   646 _T1STAT	=	0x00af
                           000094   647 _T2CTRL	=	0x0094
                           00009C   648 _T2EVTCFG	=	0x009c
                           0000A1   649 _T2IRQF	=	0x00a1
                           0000A2   650 _T2M0	=	0x00a2
                           0000A3   651 _T2M1	=	0x00a3
                           0000A4   652 _T2MOVF0	=	0x00a4
                           0000A5   653 _T2MOVF1	=	0x00a5
                           0000A6   654 _T2MOVF2	=	0x00a6
                           0000A7   655 _T2IRQM	=	0x00a7
                           0000C3   656 _T2MSEL	=	0x00c3
                           0000CA   657 _T3CNT	=	0x00ca
                           0000CB   658 _T3CTL	=	0x00cb
                           0000CC   659 _T3CCTL0	=	0x00cc
                           0000CD   660 _T3CC0	=	0x00cd
                           0000CE   661 _T3CCTL1	=	0x00ce
                           0000CF   662 _T3CC1	=	0x00cf
                           0000EA   663 _T4CNT	=	0x00ea
                           0000EB   664 _T4CTL	=	0x00eb
                           0000EC   665 _T4CCTL0	=	0x00ec
                           0000ED   666 _T4CC0	=	0x00ed
                           0000EE   667 _T4CCTL1	=	0x00ee
                           0000EF   668 _T4CC1	=	0x00ef
                           0000D8   669 _TIMIF	=	0x00d8
                           000086   670 _U0CSR	=	0x0086
                           0000C1   671 _U0DBUF	=	0x00c1
                           0000C2   672 _U0BAUD	=	0x00c2
                           0000C4   673 _U0UCR	=	0x00c4
                           0000C5   674 _U0GCR	=	0x00c5
                           0000F8   675 _U1CSR	=	0x00f8
                           0000F9   676 _U1DBUF	=	0x00f9
                           0000FA   677 _U1BAUD	=	0x00fa
                           0000FB   678 _U1UCR	=	0x00fb
                           0000FC   679 _U1GCR	=	0x00fc
                           0000C9   680 _WDCTL	=	0x00c9
                                    681 ;--------------------------------------------------------
                                    682 ; special function bits
                                    683 ;--------------------------------------------------------
                                    684 	.area RSEG    (ABS,DATA)
      000000                        685 	.org 0x0000
                           000087   686 _P0_7	=	0x0087
                           000086   687 _P0_6	=	0x0086
                           000085   688 _P0_5	=	0x0085
                           000084   689 _P0_4	=	0x0084
                           000083   690 _P0_3	=	0x0083
                           000082   691 _P0_2	=	0x0082
                           000081   692 _P0_1	=	0x0081
                           000080   693 _P0_0	=	0x0080
                           00008F   694 _URX1IF	=	0x008f
                           00008D   695 _ADCIF	=	0x008d
                           00008B   696 _URX0IF	=	0x008b
                           00008A   697 _IT1	=	0x008a
                           000089   698 _RFERRIF	=	0x0089
                           000088   699 _IT0	=	0x0088
                           000097   700 _P1_7	=	0x0097
                           000096   701 _P1_6	=	0x0096
                           000095   702 _P1_5	=	0x0095
                           000094   703 _P1_4	=	0x0094
                           000093   704 _P1_3	=	0x0093
                           000092   705 _P1_2	=	0x0092
                           000091   706 _P1_1	=	0x0091
                           000090   707 _P1_0	=	0x0090
                           000099   708 _ENCIF_1	=	0x0099
                           000098   709 _ENCIF_0	=	0x0098
                           0000A7   710 _P2_7	=	0x00a7
                           0000A6   711 _P2_6	=	0x00a6
                           0000A5   712 _P2_5	=	0x00a5
                           0000A4   713 _P2_4	=	0x00a4
                           0000A3   714 _P2_3	=	0x00a3
                           0000A2   715 _P2_2	=	0x00a2
                           0000A1   716 _P2_1	=	0x00a1
                           0000A0   717 _P2_0	=	0x00a0
                           0000AF   718 _EA	=	0x00af
                           0000AD   719 _STIE	=	0x00ad
                           0000AC   720 _ENCIE	=	0x00ac
                           0000AB   721 _URX1IE	=	0x00ab
                           0000AA   722 _URX0IE	=	0x00aa
                           0000A9   723 _ADCIE	=	0x00a9
                           0000A8   724 _RFERRIE	=	0x00a8
                           0000BD   725 _P0IE	=	0x00bd
                           0000BC   726 _T4IE	=	0x00bc
                           0000BB   727 _T3IE	=	0x00bb
                           0000BA   728 _T2IE	=	0x00ba
                           0000B9   729 _T1IE	=	0x00b9
                           0000B8   730 _DMAIE	=	0x00b8
                           0000C7   731 _STIF	=	0x00c7
                           0000C5   732 _P0IF	=	0x00c5
                           0000C4   733 _T4IF	=	0x00c4
                           0000C3   734 _T3IF	=	0x00c3
                           0000C2   735 _T2IF	=	0x00c2
                           0000C1   736 _T1IF	=	0x00c1
                           0000C0   737 _DMAIF	=	0x00c0
                           0000D7   738 _CY	=	0x00d7
                           0000D6   739 _AC	=	0x00d6
                           0000D5   740 _F0	=	0x00d5
                           0000D4   741 _RS1	=	0x00d4
                           0000D3   742 _RS0	=	0x00d3
                           0000D2   743 _OV	=	0x00d2
                           0000D1   744 _F1	=	0x00d1
                           0000D0   745 _P	=	0x00d0
                           0000E7   746 _ACC_7	=	0x00e7
                           0000E6   747 _ACC_6	=	0x00e6
                           0000E5   748 _ACC_5	=	0x00e5
                           0000E4   749 _ACC_4	=	0x00e4
                           0000E3   750 _ACC_3	=	0x00e3
                           0000E2   751 _ACC_2	=	0x00e2
                           0000E1   752 _ACC_1	=	0x00e1
                           0000E0   753 _ACC_0	=	0x00e0
                           0000EC   754 _WDTIF	=	0x00ec
                           0000EB   755 _P1IF	=	0x00eb
                           0000EA   756 _UTX1IF	=	0x00ea
                           0000E9   757 _UTX0IF	=	0x00e9
                           0000E8   758 _P2IF	=	0x00e8
                           0000F7   759 _B_7	=	0x00f7
                           0000F6   760 _B_6	=	0x00f6
                           0000F5   761 _B_5	=	0x00f5
                           0000F4   762 _B_4	=	0x00f4
                           0000F3   763 _B_3	=	0x00f3
                           0000F2   764 _B_2	=	0x00f2
                           0000F1   765 _B_1	=	0x00f1
                           0000F0   766 _B_0	=	0x00f0
                           0000DE   767 _OVFIM	=	0x00de
                           0000DD   768 _T4CH1IF	=	0x00dd
                           0000DC   769 _T4CH0IF	=	0x00dc
                           0000DB   770 _T4OVFIF	=	0x00db
                           0000DA   771 _T3CH1IF	=	0x00da
                           0000D9   772 _T3CH0IF	=	0x00d9
                           0000D8   773 _T3OVFIF	=	0x00d8
                           0000FF   774 _MODE	=	0x00ff
                           0000FE   775 _RE	=	0x00fe
                           0000FD   776 _SLAVE	=	0x00fd
                           0000FC   777 _FE	=	0x00fc
                           0000FB   778 _ERR	=	0x00fb
                           0000FA   779 _RX_BYTE	=	0x00fa
                           0000F9   780 _TX_BYTE	=	0x00f9
                           0000F8   781 _ACTIVE	=	0x00f8
                                    782 ;--------------------------------------------------------
                                    783 ; overlayable register banks
                                    784 ;--------------------------------------------------------
                                    785 	.area REG_BANK_0	(REL,OVR,DATA)
      000000                        786 	.ds 8
                                    787 ;--------------------------------------------------------
                                    788 ; internal ram data
                                    789 ;--------------------------------------------------------
                                    790 	.area DSEG    (DATA)
                                    791 ;--------------------------------------------------------
                                    792 ; overlayable items in internal ram 
                                    793 ;--------------------------------------------------------
                                    794 ;--------------------------------------------------------
                                    795 ; indirectly addressable internal ram data
                                    796 ;--------------------------------------------------------
                                    797 	.area ISEG    (DATA)
                                    798 ;--------------------------------------------------------
                                    799 ; absolute internal ram data
                                    800 ;--------------------------------------------------------
                                    801 	.area IABS    (ABS,DATA)
                                    802 	.area IABS    (ABS,DATA)
                                    803 ;--------------------------------------------------------
                                    804 ; bit data
                                    805 ;--------------------------------------------------------
                                    806 	.area BSEG    (BIT)
                                    807 ;--------------------------------------------------------
                                    808 ; paged external ram data
                                    809 ;--------------------------------------------------------
                                    810 	.area PSEG    (PAG,XDATA)
                                    811 ;--------------------------------------------------------
                                    812 ; external ram data
                                    813 ;--------------------------------------------------------
                                    814 	.area XSEG    (XDATA)
                           0061A6   815 _MONMUX	=	0x61a6
                           0061A6   816 _OPAMPMC	=	0x61a6
                           006230   817 _I2CCFG	=	0x6230
                           006231   818 _I2CSTAT	=	0x6231
                           006232   819 _I2CDATA	=	0x6232
                           006233   820 _I2CADDR	=	0x6233
                           006234   821 _I2CWC	=	0x6234
                           006235   822 _I2CIO	=	0x6235
                           006243   823 _OBSSEL0	=	0x6243
                           006244   824 _OBSSEL1	=	0x6244
                           006245   825 _OBSSEL2	=	0x6245
                           006246   826 _OBSSEL3	=	0x6246
                           006247   827 _OBSSEL4	=	0x6247
                           006248   828 _OBSSEL5	=	0x6248
                           006249   829 _CHVER	=	0x6249
                           00624A   830 _CHIPID	=	0x624a
                           00624B   831 _TESTREG0	=	0x624b
                           006260   832 _DBGDATA	=	0x6260
                           006262   833 _SRCRC	=	0x6262
                           006264   834 _BATTMON	=	0x6264
                           006265   835 _IVCTRL	=	0x6265
                           006270   836 _FCTL	=	0x6270
                           006271   837 _FADDRL	=	0x6271
                           006272   838 _FADDRH	=	0x6272
                           006273   839 _FWDATA	=	0x6273
                           006276   840 _CHIPINFO0	=	0x6276
                           006277   841 _CHIPINFO1	=	0x6277
                           006281   842 _IRCTL	=	0x6281
                           006290   843 _CLD	=	0x6290
                           0062A0   844 _XX_T1CCTL0	=	0x62a0
                           0062A1   845 _XX_T1CCTL1	=	0x62a1
                           0062A2   846 _XX_T1CCTL2	=	0x62a2
                           0062A3   847 _T1CCTL3	=	0x62a3
                           0062A4   848 _T1CCTL4	=	0x62a4
                           0062A6   849 _XX_T1CC0L	=	0x62a6
                           0062A7   850 _XX_T1CC0H	=	0x62a7
                           0062A8   851 _XX_T1CC1L	=	0x62a8
                           0062A9   852 _XX_T1CC1H	=	0x62a9
                           0062AA   853 _XX_T1CC2L	=	0x62aa
                           0062AB   854 _XX_T1CC2H	=	0x62ab
                           0062AC   855 _T1CC3L	=	0x62ac
                           0062AD   856 _T1CC3H	=	0x62ad
                           0062AE   857 _T1CC4L	=	0x62ae
                           0062AF   858 _T1CC4H	=	0x62af
                           0062B0   859 _STCC	=	0x62b0
                           0062B1   860 _STCS	=	0x62b1
                           0062B2   861 _STCV0	=	0x62b2
                           0062B3   862 _STCV1	=	0x62b3
                           0062B4   863 _STCV2	=	0x62b4
                           0062C0   864 _OPAMPC	=	0x62c0
                           0062C1   865 _OPAMPS	=	0x62c1
                           0062D0   866 _CMPCTL	=	0x62d0
                           006000   867 _RFCORE_RAM	=	0x6000
                           006000   868 _RXFIFO	=	0x6000
                           006080   869 _TXFIFO	=	0x6080
                           006100   870 _SRC_ADDR_TABLE	=	0x6100
                           006160   871 _SRCRESMASK0	=	0x6160
                           006161   872 _SRCRESMASK1	=	0x6161
                           006162   873 _SRCRESMASK2	=	0x6162
                           006163   874 _SRCRESINDEX	=	0x6163
                           006164   875 _SRCEXTPENDEN0	=	0x6164
                           006165   876 _SRCEXTPENDEN1	=	0x6165
                           006166   877 _SRCEXTPENDEN2	=	0x6166
                           006167   878 _SRCSHORTPENDEN0	=	0x6167
                           006168   879 _SRCSHORTPENDEN1	=	0x6168
                           006169   880 _SRCSHORTPENDEN2	=	0x6169
                           00616A   881 _EXT_ADDR0	=	0x616a
                           00616B   882 _EXT_ADDR1	=	0x616b
                           00616C   883 _EXT_ADDR2	=	0x616c
                           00616D   884 _EXT_ADDR3	=	0x616d
                           00616E   885 _EXT_ADDR4	=	0x616e
                           00616F   886 _EXT_ADDR5	=	0x616f
                           006170   887 _EXT_ADDR6	=	0x6170
                           006171   888 _EXT_ADDR7	=	0x6171
                           006172   889 _PAN_ID0	=	0x6172
                           006173   890 _PAN_ID1	=	0x6173
                           006174   891 _SHORT_ADDR0	=	0x6174
                           006175   892 _SHORT_ADDR1	=	0x6175
                           006180   893 _FRMFILT0	=	0x6180
                           006181   894 _FRMFILT1	=	0x6181
                           006182   895 _SRCMATCH	=	0x6182
                           006183   896 _SRCSHORTEN0	=	0x6183
                           006184   897 _SRCSHORTEN1	=	0x6184
                           006185   898 _SRCSHORTEN2	=	0x6185
                           006186   899 _SRCEXTEN0	=	0x6186
                           006187   900 _SRCEXTEN1	=	0x6187
                           006188   901 _SRCEXTEN2	=	0x6188
                           006189   902 _FRMCTRL0	=	0x6189
                           00618A   903 _FRMCTRL1	=	0x618a
                           00618B   904 _RXENABLE	=	0x618b
                           00618C   905 _RXMASKSET	=	0x618c
                           00618D   906 _RXMASKCLR	=	0x618d
                           00618E   907 _FREQTUNE	=	0x618e
                           00618F   908 _FREQCTRL	=	0x618f
                           006190   909 _TXPOWER	=	0x6190
                           006191   910 _TXCTRL	=	0x6191
                           006192   911 _FSMSTAT0	=	0x6192
                           006193   912 _FSMSTAT1	=	0x6193
                           006194   913 _FIFOPCTRL	=	0x6194
                           006195   914 _FSMCTRL	=	0x6195
                           006196   915 _CCACTRL0	=	0x6196
                           006197   916 _CCACTRL1	=	0x6197
                           006198   917 _RSSI	=	0x6198
                           006199   918 _RSSISTAT	=	0x6199
                           00619A   919 _RXFIRST	=	0x619a
                           00619B   920 _RXFIFOCNT	=	0x619b
                           00619C   921 _TXFIFOCNT	=	0x619c
                           00619D   922 _RXFIRST_PTR	=	0x619d
                           00619E   923 _RXLAST_PTR	=	0x619e
                           00619F   924 _RXP1_PTR	=	0x619f
                           0061A1   925 _TXFIRST_PTR	=	0x61a1
                           0061A2   926 _TXLAST_PTR	=	0x61a2
                           0061A3   927 _RFIRQM0	=	0x61a3
                           0061A4   928 _RFIRQM1	=	0x61a4
                           0061A5   929 _RFERRM	=	0x61a5
                           0061A7   930 _RFRND	=	0x61a7
                           0061A8   931 _MDMCTRL0	=	0x61a8
                           0061A9   932 _MDMCTRL1	=	0x61a9
                           0061AA   933 _FREQEST	=	0x61aa
                           0061AB   934 _RXCTRL	=	0x61ab
                           0061AC   935 _FSCTRL	=	0x61ac
                           0061AD   936 _FSCAL0	=	0x61ad
                           0061AE   937 _FSCAL1	=	0x61ae
                           0061AF   938 _FSCAL2	=	0x61af
                           0061B0   939 _FSCAL3	=	0x61b0
                           0061B1   940 _AGCCTRL0	=	0x61b1
                           0061B2   941 _AGCCTRL1	=	0x61b2
                           0061B3   942 _AGCCTRL2	=	0x61b3
                           0061B4   943 _AGCCTRL3	=	0x61b4
                           0061B5   944 _ADCTEST0	=	0x61b5
                           0061B6   945 _ADCTEST1	=	0x61b6
                           0061B7   946 _ADCTEST2	=	0x61b7
                           0061B8   947 _MDMTEST0	=	0x61b8
                           0061B9   948 _MDMTEST1	=	0x61b9
                           0061BA   949 _DACTEST0	=	0x61ba
                           0061BB   950 _DACTEST1	=	0x61bb
                           0061BC   951 _DACTEST2	=	0x61bc
                           0061BD   952 _ATEST	=	0x61bd
                           0061BE   953 _PTEST0	=	0x61be
                           0061BF   954 _PTEST1	=	0x61bf
                           0061FA   955 _TXFILTCFG	=	0x61fa
                           0061EB   956 _RFC_OBS_CTRL0	=	0x61eb
                           0061EC   957 _RFC_OBS_CTRL1	=	0x61ec
                           0061ED   958 _RFC_OBS_CTRL2	=	0x61ed
                           0061C0   959 _CSPPROG0	=	0x61c0
                           0061C1   960 _CSPPROG1	=	0x61c1
                           0061C2   961 _CSPPROG2	=	0x61c2
                           0061C3   962 _CSPPROG3	=	0x61c3
                           0061C4   963 _CSPPROG4	=	0x61c4
                           0061C5   964 _CSPPROG5	=	0x61c5
                           0061C6   965 _CSPPROG6	=	0x61c6
                           0061C7   966 _CSPPROG7	=	0x61c7
                           0061C8   967 _CSPPROG8	=	0x61c8
                           0061C9   968 _CSPPROG9	=	0x61c9
                           0061CA   969 _CSPPROG10	=	0x61ca
                           0061CB   970 _CSPPROG11	=	0x61cb
                           0061CC   971 _CSPPROG12	=	0x61cc
                           0061CD   972 _CSPPROG13	=	0x61cd
                           0061CE   973 _CSPPROG14	=	0x61ce
                           0061CF   974 _CSPPROG15	=	0x61cf
                           0061D0   975 _CSPPROG16	=	0x61d0
                           0061D1   976 _CSPPROG17	=	0x61d1
                           0061D2   977 _CSPPROG18	=	0x61d2
                           0061D3   978 _CSPPROG19	=	0x61d3
                           0061D4   979 _CSPPROG20	=	0x61d4
                           0061D5   980 _CSPPROG21	=	0x61d5
                           0061D6   981 _CSPPROG22	=	0x61d6
                           0061D7   982 _CSPPROG23	=	0x61d7
                           0061E0   983 _CSPCTRL	=	0x61e0
                           0061E1   984 _CSPSTAT	=	0x61e1
                           0061E2   985 _CSPX	=	0x61e2
                           0061E3   986 _CSPY	=	0x61e3
                           0061E4   987 _CSPZ	=	0x61e4
                           0061E5   988 _CSPT	=	0x61e5
                           006200   989 _USBADDR	=	0x6200
                           006201   990 _USBPOW	=	0x6201
                           006202   991 _USBIIF	=	0x6202
                           006204   992 _USBOIF	=	0x6204
                           006206   993 _USBCIF	=	0x6206
                           006207   994 _USBIIE	=	0x6207
                           006209   995 _USBOIE	=	0x6209
                           00620B   996 _USBCIE	=	0x620b
                           00620C   997 _USBFRML	=	0x620c
                           00620D   998 _USBFRMH	=	0x620d
                           00620E   999 _USBINDEX	=	0x620e
                           00620F  1000 _USBCTRL	=	0x620f
                           006210  1001 _USBMAXI	=	0x6210
                           006211  1002 _USBCS0	=	0x6211
                           006211  1003 _USBCSIL	=	0x6211
                           006212  1004 _USBCSIH	=	0x6212
                           006213  1005 _USBMAXO	=	0x6213
                           006214  1006 _USBCSOL	=	0x6214
                           006215  1007 _USBCSOH	=	0x6215
                           006216  1008 _USBCNT0	=	0x6216
                           006216  1009 _USBCNTL	=	0x6216
                           006217  1010 _USBCNTH	=	0x6217
                           006220  1011 _USBF0	=	0x6220
                           006222  1012 _USBF1	=	0x6222
                           006224  1013 _USBF2	=	0x6224
                           006226  1014 _USBF3	=	0x6226
                           006228  1015 _USBF4	=	0x6228
                           00622A  1016 _USBF5	=	0x622a
                           007080  1017 _X_P0	=	0x7080
                           007086  1018 _X_U0CSR	=	0x7086
                           007089  1019 _X_P0IFG	=	0x7089
                           00708A  1020 _X_P1IFG	=	0x708a
                           00708B  1021 _X_P2IFG	=	0x708b
                           00708C  1022 _X_PICTL	=	0x708c
                           00708D  1023 _X_P1IEN	=	0x708d
                           00708F  1024 _X_P0INP	=	0x708f
                           007090  1025 _X_P1	=	0x7090
                           007091  1026 _X_RFIRQF1	=	0x7091
                           007093  1027 _X_MPAGE	=	0x7093
                           007093  1028 _X__XPAGE	=	0x7093
                           007094  1029 _X_T2CTRL	=	0x7094
                           007095  1030 _X_ST0	=	0x7095
                           007096  1031 _X_ST1	=	0x7096
                           007097  1032 _X_ST2	=	0x7097
                           00709C  1033 _X_T2EVTCFG	=	0x709c
                           00709D  1034 _X_SLEEPSTA	=	0x709d
                           00709E  1035 _X_CLKCONSTA	=	0x709e
                           00709F  1036 _X_FMAP	=	0x709f
                           00709F  1037 _X_PSBANK	=	0x709f
                           0070A0  1038 _X_P2	=	0x70a0
                           0070A1  1039 _X_T2IRQF	=	0x70a1
                           0070A2  1040 _X_T2M0	=	0x70a2
                           0070A3  1041 _X_T2M1	=	0x70a3
                           0070A4  1042 _X_T2MOVF0	=	0x70a4
                           0070A5  1043 _X_T2MOVF1	=	0x70a5
                           0070A6  1044 _X_T2MOVF2	=	0x70a6
                           0070A7  1045 _X_T2IRQM	=	0x70a7
                           0070AB  1046 _X_P0IEN	=	0x70ab
                           0070AC  1047 _X_P2IEN	=	0x70ac
                           0070AD  1048 _X_STLOAD	=	0x70ad
                           0070AE  1049 _X_PMUX	=	0x70ae
                           0070AF  1050 _X_T1STAT	=	0x70af
                           0070B1  1051 _X_ENCDI	=	0x70b1
                           0070B2  1052 _X_ENCDO	=	0x70b2
                           0070B3  1053 _X_ENCCS	=	0x70b3
                           0070B4  1054 _X_ADCCON1	=	0x70b4
                           0070B5  1055 _X_ADCCON2	=	0x70b5
                           0070B6  1056 _X_ADCCON3	=	0x70b6
                           0070BA  1057 _X_ADCL	=	0x70ba
                           0070BB  1058 _X_ADCH	=	0x70bb
                           0070BC  1059 _X_RNDL	=	0x70bc
                           0070BD  1060 _X_RNDH	=	0x70bd
                           0070BE  1061 _X_SLEEPCMD	=	0x70be
                           0070BF  1062 _X_RFERRF	=	0x70bf
                           0070C1  1063 _X_U0DBUF	=	0x70c1
                           0070C2  1064 _X_U0BAUD	=	0x70c2
                           0070C3  1065 _X_T2MSEL	=	0x70c3
                           0070C4  1066 _X_U0UCR	=	0x70c4
                           0070C5  1067 _X_U0GCR	=	0x70c5
                           0070C6  1068 _X_CLKCONCMD	=	0x70c6
                           0070C7  1069 _X_MEMCTR	=	0x70c7
                           0070C9  1070 _X_WDCTL	=	0x70c9
                           0070CA  1071 _X_T3CNT	=	0x70ca
                           0070CB  1072 _X_T3CTL	=	0x70cb
                           0070CC  1073 _X_T3CCTL0	=	0x70cc
                           0070CD  1074 _X_T3CC0	=	0x70cd
                           0070CE  1075 _X_T3CCTL1	=	0x70ce
                           0070CF  1076 _X_T3CC1	=	0x70cf
                           0070D1  1077 _X_DMAIRQ	=	0x70d1
                           0070D2  1078 _X_DMA1CFGL	=	0x70d2
                           0070D3  1079 _X_DMA1CFGH	=	0x70d3
                           0070D4  1080 _X_DMA0CFGL	=	0x70d4
                           0070D5  1081 _X_DMA0CFGH	=	0x70d5
                           0070D6  1082 _X_DMAARM	=	0x70d6
                           0070D7  1083 _X_DMAREQ	=	0x70d7
                           0070D8  1084 _X_TIMIF	=	0x70d8
                           0070D9  1085 _X_RFD	=	0x70d9
                           0070DA  1086 _X_T1CC0L	=	0x70da
                           0070DB  1087 _X_T1CC0H	=	0x70db
                           0070DC  1088 _X_T1CC1L	=	0x70dc
                           0070DD  1089 _X_T1CC1H	=	0x70dd
                           0070DE  1090 _X_T1CC2L	=	0x70de
                           0070DF  1091 _X_T1CC2H	=	0x70df
                           0070E1  1092 _X_RFST	=	0x70e1
                           0070E2  1093 _X_T1CNTL	=	0x70e2
                           0070E3  1094 _X_T1CNTH	=	0x70e3
                           0070E4  1095 _X_T1CTL	=	0x70e4
                           0070E5  1096 _X_T1CCTL0	=	0x70e5
                           0070E6  1097 _X_T1CCTL1	=	0x70e6
                           0070E7  1098 _X_T1CCTL2	=	0x70e7
                           0070E9  1099 _X_RFIRQF0	=	0x70e9
                           0070EA  1100 _X_T4CNT	=	0x70ea
                           0070EB  1101 _X_T4CTL	=	0x70eb
                           0070EC  1102 _X_T4CCTL0	=	0x70ec
                           0070ED  1103 _X_T4CC0	=	0x70ed
                           0070EE  1104 _X_T4CCTL1	=	0x70ee
                           0070EF  1105 _X_T4CC1	=	0x70ef
                           0070F1  1106 _X_PERCFG	=	0x70f1
                           0070F2  1107 _X_APCFG	=	0x70f2
                           0070F3  1108 _X_P0SEL	=	0x70f3
                           0070F4  1109 _X_P1SEL	=	0x70f4
                           0070F5  1110 _X_P2SEL	=	0x70f5
                           0070F6  1111 _X_P1INP	=	0x70f6
                           0070F7  1112 _X_P2INP	=	0x70f7
                           0070F8  1113 _X_U1CSR	=	0x70f8
                           0070F9  1114 _X_U1DBUF	=	0x70f9
                           0070FA  1115 _X_U1BAUD	=	0x70fa
                           0070FB  1116 _X_U1UCR	=	0x70fb
                           0070FC  1117 _X_U1GCR	=	0x70fc
                           0070FD  1118 _X_P0DIR	=	0x70fd
                           0070FE  1119 _X_P1DIR	=	0x70fe
                           0070FF  1120 _X_P2DIR	=	0x70ff
                           007800  1121 _X_INFOPAGE	=	0x7800
                           00780C  1122 _X_IEEE_ADDR	=	0x780c
      000000                       1123 _usb_ctrl_data_buffer:
      000000                       1124 	.ds 32
      000020                       1125 _line_state:
      000020                       1126 	.ds 1
      000021                       1127 _events:
      000021                       1128 	.ds 1
                                   1129 ;--------------------------------------------------------
                                   1130 ; absolute external ram data
                                   1131 ;--------------------------------------------------------
                                   1132 	.area XABS    (ABS,XDATA)
                                   1133 ;--------------------------------------------------------
                                   1134 ; external initialized ram data
                                   1135 ;--------------------------------------------------------
                                   1136 	.area XISEG   (XDATA)
      000000                       1137 _usb_line_coding:
      000000                       1138 	.ds 7
      000007                       1139 _cdc_event_process:
      000007                       1140 	.ds 3
      00000A                       1141 _cdc_acm_request_hook:
      00000A                       1142 	.ds 6
                                   1143 	.area HOME    (CODE)
                                   1144 	.area GSINIT0 (CODE)
                                   1145 	.area GSINIT1 (CODE)
                                   1146 	.area GSINIT2 (CODE)
                                   1147 	.area GSINIT3 (CODE)
                                   1148 	.area GSINIT4 (CODE)
                                   1149 	.area GSINIT5 (CODE)
                                   1150 	.area GSINIT  (CODE)
                                   1151 	.area GSFINAL (CODE)
                                   1152 	.area CSEG    (CODE)
                                   1153 ;--------------------------------------------------------
                                   1154 ; global & static initialisations
                                   1155 ;--------------------------------------------------------
                                   1156 	.area HOME    (CODE)
                                   1157 	.area GSINIT  (CODE)
                                   1158 	.area GSFINAL (CODE)
                                   1159 	.area GSINIT  (CODE)
                                   1160 ;--------------------------------------------------------
                                   1161 ; Home
                                   1162 ;--------------------------------------------------------
                                   1163 	.area HOME    (CODE)
                                   1164 	.area HOME    (CODE)
                                   1165 ;--------------------------------------------------------
                                   1166 ; code
                                   1167 ;--------------------------------------------------------
                                   1168 	.area CSEG    (CODE)
                                   1169 ;------------------------------------------------------------
                                   1170 ;Allocation info for local variables in function 'notify_user'
                                   1171 ;------------------------------------------------------------
                                   1172 ;e                         Allocated to registers r7 
                                   1173 ;------------------------------------------------------------
                                   1174 ;	../contiki-sensinode/cpu/cc253x/usb/common/cdc-acm/cdc-acm.c:22: notify_user(uint8_t e)
                                   1175 ;	-----------------------------------------
                                   1176 ;	 function notify_user
                                   1177 ;	-----------------------------------------
      000000                       1178 _notify_user:
                           000007  1179 	ar7 = 0x07
                           000006  1180 	ar6 = 0x06
                           000005  1181 	ar5 = 0x05
                           000004  1182 	ar4 = 0x04
                           000003  1183 	ar3 = 0x03
                           000002  1184 	ar2 = 0x02
                           000001  1185 	ar1 = 0x01
                           000000  1186 	ar0 = 0x00
      000000 AF 82            [24] 1187 	mov	r7,dpl
                                   1188 ;	../contiki-sensinode/cpu/cc253x/usb/common/cdc-acm/cdc-acm.c:24: events |= e;
      000002 90r00r21         [24] 1189 	mov	dptr,#_events
      000005 E0               [24] 1190 	movx	a,@dptr
      000006 4F               [12] 1191 	orl	a,r7
      000007 F0               [24] 1192 	movx	@dptr,a
                                   1193 ;	../contiki-sensinode/cpu/cc253x/usb/common/cdc-acm/cdc-acm.c:25: if(cdc_event_process) {
      000008 90r00r07         [24] 1194 	mov	dptr,#_cdc_event_process
      00000B E0               [24] 1195 	movx	a,@dptr
      00000C FD               [12] 1196 	mov	r5,a
      00000D A3               [24] 1197 	inc	dptr
      00000E E0               [24] 1198 	movx	a,@dptr
      00000F FE               [12] 1199 	mov	r6,a
      000010 A3               [24] 1200 	inc	dptr
      000011 E0               [24] 1201 	movx	a,@dptr
      000012 FF               [12] 1202 	mov	r7,a
      000013 ED               [12] 1203 	mov	a,r5
      000014 4E               [12] 1204 	orl	a,r6
      000015 60 09            [24] 1205 	jz	00103$
                                   1206 ;	../contiki-sensinode/cpu/cc253x/usb/common/cdc-acm/cdc-acm.c:26: process_poll(cdc_event_process);
      000017 8D 82            [24] 1207 	mov	dpl,r5
      000019 8E 83            [24] 1208 	mov	dph,r6
      00001B 8F F0            [24] 1209 	mov	b,r7
      00001D 02r00r00         [24] 1210 	ljmp	_process_poll
      000020                       1211 00103$:
      000020 22               [24] 1212 	ret
                                   1213 ;------------------------------------------------------------
                                   1214 ;Allocation info for local variables in function 'encapsulated_command'
                                   1215 ;------------------------------------------------------------
                                   1216 ;length                    Allocated to stack - sp -3
                                   1217 ;data                      Allocated to registers 
                                   1218 ;------------------------------------------------------------
                                   1219 ;	../contiki-sensinode/cpu/cc253x/usb/common/cdc-acm/cdc-acm.c:31: encapsulated_command(uint8_t *data, unsigned int length)
                                   1220 ;	-----------------------------------------
                                   1221 ;	 function encapsulated_command
                                   1222 ;	-----------------------------------------
      000021                       1223 _encapsulated_command:
                                   1224 ;	../contiki-sensinode/cpu/cc253x/usb/common/cdc-acm/cdc-acm.c:34: usb_send_ctrl_status();
      000021 02r00r00         [24] 1225 	ljmp	_usb_send_ctrl_status
                                   1226 ;------------------------------------------------------------
                                   1227 ;Allocation info for local variables in function 'set_line_encoding'
                                   1228 ;------------------------------------------------------------
                                   1229 ;length                    Allocated to stack - sp -3
                                   1230 ;data                      Allocated to registers r5 r6 r7 
                                   1231 ;------------------------------------------------------------
                                   1232 ;	../contiki-sensinode/cpu/cc253x/usb/common/cdc-acm/cdc-acm.c:37: set_line_encoding(uint8_t *data, unsigned int length)
                                   1233 ;	-----------------------------------------
                                   1234 ;	 function set_line_encoding
                                   1235 ;	-----------------------------------------
      000024                       1236 _set_line_encoding:
      000024 AD 82            [24] 1237 	mov	r5,dpl
      000026 AE 83            [24] 1238 	mov	r6,dph
      000028 AF F0            [24] 1239 	mov	r7,b
                                   1240 ;	../contiki-sensinode/cpu/cc253x/usb/common/cdc-acm/cdc-acm.c:39: if(length == 7) {
      00002A E5 81            [12] 1241 	mov	a,sp
      00002C 24 FD            [12] 1242 	add	a,#0xfd
      00002E F8               [12] 1243 	mov	r0,a
      00002F B6 07 29         [24] 1244 	cjne	@r0,#0x07,00102$
      000032 08               [12] 1245 	inc	r0
      000033 B6 00 25         [24] 1246 	cjne	@r0,#0x00,00102$
                                   1247 ;	../contiki-sensinode/cpu/cc253x/usb/common/cdc-acm/cdc-acm.c:54: memcpy(&usb_line_coding, data, sizeof(usb_line_coding));
      000036 74 07            [12] 1248 	mov	a,#0x07
      000038 C0 E0            [24] 1249 	push	acc
      00003A E4               [12] 1250 	clr	a
      00003B C0 E0            [24] 1251 	push	acc
      00003D C0 05            [24] 1252 	push	ar5
      00003F C0 06            [24] 1253 	push	ar6
      000041 C0 07            [24] 1254 	push	ar7
      000043 90r00r00         [24] 1255 	mov	dptr,#_usb_line_coding
      000046 75 F0 00         [24] 1256 	mov	b,#0x00
      000049 12r00r00         [24] 1257 	lcall	_memcpy
      00004C E5 81            [12] 1258 	mov	a,sp
      00004E 24 FB            [12] 1259 	add	a,#0xfb
      000050 F5 81            [12] 1260 	mov	sp,a
                                   1261 ;	../contiki-sensinode/cpu/cc253x/usb/common/cdc-acm/cdc-acm.c:55: notify_user(USB_CDC_ACM_LINE_CODING);
      000052 75 82 01         [24] 1262 	mov	dpl,#0x01
      000055 12r00r00         [24] 1263 	lcall	_notify_user
                                   1264 ;	../contiki-sensinode/cpu/cc253x/usb/common/cdc-acm/cdc-acm.c:56: usb_send_ctrl_status();
      000058 02r00r00         [24] 1265 	ljmp	_usb_send_ctrl_status
      00005B                       1266 00102$:
                                   1267 ;	../contiki-sensinode/cpu/cc253x/usb/common/cdc-acm/cdc-acm.c:58: usb_error_stall();
      00005B 02r00r00         [24] 1268 	ljmp	_usb_error_stall
                                   1269 ;------------------------------------------------------------
                                   1270 ;Allocation info for local variables in function 'handle_cdc_acm_requests'
                                   1271 ;------------------------------------------------------------
                                   1272 ;len                       Allocated to registers r6 r7 
                                   1273 ;len                       Allocated to registers r6 r7 
                                   1274 ;------------------------------------------------------------
                                   1275 ;	../contiki-sensinode/cpu/cc253x/usb/common/cdc-acm/cdc-acm.c:63: handle_cdc_acm_requests()
                                   1276 ;	-----------------------------------------
                                   1277 ;	 function handle_cdc_acm_requests
                                   1278 ;	-----------------------------------------
      00005E                       1279 _handle_cdc_acm_requests:
                                   1280 ;	../contiki-sensinode/cpu/cc253x/usb/common/cdc-acm/cdc-acm.c:67: switch (usb_setup_buffer.bmRequestType) {
      00005E 90r00r00         [24] 1281 	mov	dptr,#_usb_setup_buffer
      000061 E0               [24] 1282 	movx	a,@dptr
      000062 FF               [12] 1283 	mov	r7,a
      000063 BF 21 02         [24] 1284 	cjne	r7,#0x21,00154$
      000066 80 09            [24] 1285 	sjmp	00101$
      000068                       1286 00154$:
      000068 BF A1 03         [24] 1287 	cjne	r7,#0xA1,00155$
      00006B 02r01r13         [24] 1288 	ljmp	00112$
      00006E                       1289 00155$:
      00006E 02r01r50         [24] 1290 	ljmp	00118$
                                   1291 ;	../contiki-sensinode/cpu/cc253x/usb/common/cdc-acm/cdc-acm.c:68: case 0x21: /* CDC interface OUT requests */
      000071                       1292 00101$:
                                   1293 ;	../contiki-sensinode/cpu/cc253x/usb/common/cdc-acm/cdc-acm.c:70: if(usb_setup_buffer.wIndex != 0)
      000071 90r00r04         [24] 1294 	mov	dptr,#(_usb_setup_buffer + 0x0004)
      000074 E0               [24] 1295 	movx	a,@dptr
      000075 FE               [12] 1296 	mov	r6,a
      000076 A3               [24] 1297 	inc	dptr
      000077 E0               [24] 1298 	movx	a,@dptr
      000078 FF               [12] 1299 	mov	r7,a
      000079 4E               [12] 1300 	orl	a,r6
      00007A 60 04            [24] 1301 	jz	00103$
                                   1302 ;	../contiki-sensinode/cpu/cc253x/usb/common/cdc-acm/cdc-acm.c:71: return 0;
      00007C 90 00 00         [24] 1303 	mov	dptr,#0x0000
      00007F 22               [24] 1304 	ret
      000080                       1305 00103$:
                                   1306 ;	../contiki-sensinode/cpu/cc253x/usb/common/cdc-acm/cdc-acm.c:72: switch (usb_setup_buffer.bRequest) {
      000080 90r00r01         [24] 1307 	mov	dptr,#(_usb_setup_buffer + 0x0001)
      000083 E0               [24] 1308 	movx	a,@dptr
      000084 FF               [12] 1309 	mov	r7,a
      000085 60 26            [24] 1310 	jz	00105$
      000087 BF 20 02         [24] 1311 	cjne	r7,#0x20,00158$
      00008A 80 54            [24] 1312 	sjmp	00108$
      00008C                       1313 00158$:
      00008C BF 22 02         [24] 1314 	cjne	r7,#0x22,00159$
      00008F 80 03            [24] 1315 	sjmp	00160$
      000091                       1316 00159$:
      000091 02r01r50         [24] 1317 	ljmp	00118$
      000094                       1318 00160$:
                                   1319 ;	../contiki-sensinode/cpu/cc253x/usb/common/cdc-acm/cdc-acm.c:74: line_state = usb_setup_buffer.wValue;
      000094 90r00r02         [24] 1320 	mov	dptr,#(_usb_setup_buffer + 0x0002)
      000097 E0               [24] 1321 	movx	a,@dptr
      000098 FE               [12] 1322 	mov	r6,a
      000099 A3               [24] 1323 	inc	dptr
      00009A E0               [24] 1324 	movx	a,@dptr
      00009B 90r00r20         [24] 1325 	mov	dptr,#_line_state
      00009E EE               [12] 1326 	mov	a,r6
      00009F F0               [24] 1327 	movx	@dptr,a
                                   1328 ;	../contiki-sensinode/cpu/cc253x/usb/common/cdc-acm/cdc-acm.c:75: notify_user(USB_CDC_ACM_LINE_STATE);
      0000A0 75 82 02         [24] 1329 	mov	dpl,#0x02
      0000A3 12r00r00         [24] 1330 	lcall	_notify_user
                                   1331 ;	../contiki-sensinode/cpu/cc253x/usb/common/cdc-acm/cdc-acm.c:76: usb_send_ctrl_status();
      0000A6 12r00r00         [24] 1332 	lcall	_usb_send_ctrl_status
                                   1333 ;	../contiki-sensinode/cpu/cc253x/usb/common/cdc-acm/cdc-acm.c:77: return 1;
      0000A9 90 00 01         [24] 1334 	mov	dptr,#0x0001
      0000AC 22               [24] 1335 	ret
                                   1336 ;	../contiki-sensinode/cpu/cc253x/usb/common/cdc-acm/cdc-acm.c:79: case SEND_ENCAPSULATED_COMMAND:
      0000AD                       1337 00105$:
                                   1338 ;	../contiki-sensinode/cpu/cc253x/usb/common/cdc-acm/cdc-acm.c:81: unsigned int len = usb_setup_buffer.wLength;
      0000AD 90r00r06         [24] 1339 	mov	dptr,#(_usb_setup_buffer + 0x0006)
      0000B0 E0               [24] 1340 	movx	a,@dptr
      0000B1 FE               [12] 1341 	mov	r6,a
      0000B2 A3               [24] 1342 	inc	dptr
      0000B3 E0               [24] 1343 	movx	a,@dptr
      0000B4 FF               [12] 1344 	mov	r7,a
                                   1345 ;	../contiki-sensinode/cpu/cc253x/usb/common/cdc-acm/cdc-acm.c:82: if(len > sizeof(usb_ctrl_data_buffer))
      0000B5 C3               [12] 1346 	clr	c
      0000B6 74 20            [12] 1347 	mov	a,#0x20
      0000B8 9E               [12] 1348 	subb	a,r6
      0000B9 E4               [12] 1349 	clr	a
      0000BA 9F               [12] 1350 	subb	a,r7
      0000BB 50 04            [24] 1351 	jnc	00107$
                                   1352 ;	../contiki-sensinode/cpu/cc253x/usb/common/cdc-acm/cdc-acm.c:83: len = sizeof(usb_ctrl_data_buffer);
      0000BD 7E 20            [12] 1353 	mov	r6,#0x20
      0000BF 7F 00            [12] 1354 	mov	r7,#0x00
      0000C1                       1355 00107$:
                                   1356 ;	../contiki-sensinode/cpu/cc253x/usb/common/cdc-acm/cdc-acm.c:84: usb_get_ctrl_data(usb_ctrl_data_buffer, len, encapsulated_command);
      0000C1 74r21            [12] 1357 	mov	a,#_encapsulated_command
      0000C3 C0 E0            [24] 1358 	push	acc
      0000C5 74s00            [12] 1359 	mov	a,#(_encapsulated_command >> 8)
      0000C7 C0 E0            [24] 1360 	push	acc
      0000C9 C0 06            [24] 1361 	push	ar6
      0000CB C0 07            [24] 1362 	push	ar7
      0000CD 90r00r00         [24] 1363 	mov	dptr,#_usb_ctrl_data_buffer
      0000D0 75 F0 00         [24] 1364 	mov	b,#0x00
      0000D3 12r00r00         [24] 1365 	lcall	_usb_get_ctrl_data
      0000D6 E5 81            [12] 1366 	mov	a,sp
      0000D8 24 FC            [12] 1367 	add	a,#0xfc
      0000DA F5 81            [12] 1368 	mov	sp,a
                                   1369 ;	../contiki-sensinode/cpu/cc253x/usb/common/cdc-acm/cdc-acm.c:87: return 1;
      0000DC 90 00 01         [24] 1370 	mov	dptr,#0x0001
      0000DF 22               [24] 1371 	ret
                                   1372 ;	../contiki-sensinode/cpu/cc253x/usb/common/cdc-acm/cdc-acm.c:90: case SET_LINE_CODING:
      0000E0                       1373 00108$:
                                   1374 ;	../contiki-sensinode/cpu/cc253x/usb/common/cdc-acm/cdc-acm.c:92: unsigned int len = usb_setup_buffer.wLength;
      0000E0 90r00r06         [24] 1375 	mov	dptr,#(_usb_setup_buffer + 0x0006)
      0000E3 E0               [24] 1376 	movx	a,@dptr
      0000E4 FE               [12] 1377 	mov	r6,a
      0000E5 A3               [24] 1378 	inc	dptr
      0000E6 E0               [24] 1379 	movx	a,@dptr
      0000E7 FF               [12] 1380 	mov	r7,a
                                   1381 ;	../contiki-sensinode/cpu/cc253x/usb/common/cdc-acm/cdc-acm.c:93: if(len > sizeof(usb_ctrl_data_buffer))
      0000E8 C3               [12] 1382 	clr	c
      0000E9 74 20            [12] 1383 	mov	a,#0x20
      0000EB 9E               [12] 1384 	subb	a,r6
      0000EC E4               [12] 1385 	clr	a
      0000ED 9F               [12] 1386 	subb	a,r7
      0000EE 50 04            [24] 1387 	jnc	00110$
                                   1388 ;	../contiki-sensinode/cpu/cc253x/usb/common/cdc-acm/cdc-acm.c:94: len = sizeof(usb_ctrl_data_buffer);
      0000F0 7E 20            [12] 1389 	mov	r6,#0x20
      0000F2 7F 00            [12] 1390 	mov	r7,#0x00
      0000F4                       1391 00110$:
                                   1392 ;	../contiki-sensinode/cpu/cc253x/usb/common/cdc-acm/cdc-acm.c:95: usb_get_ctrl_data(usb_ctrl_data_buffer, len, set_line_encoding);
      0000F4 74r24            [12] 1393 	mov	a,#_set_line_encoding
      0000F6 C0 E0            [24] 1394 	push	acc
      0000F8 74s00            [12] 1395 	mov	a,#(_set_line_encoding >> 8)
      0000FA C0 E0            [24] 1396 	push	acc
      0000FC C0 06            [24] 1397 	push	ar6
      0000FE C0 07            [24] 1398 	push	ar7
      000100 90r00r00         [24] 1399 	mov	dptr,#_usb_ctrl_data_buffer
      000103 75 F0 00         [24] 1400 	mov	b,#0x00
      000106 12r00r00         [24] 1401 	lcall	_usb_get_ctrl_data
      000109 E5 81            [12] 1402 	mov	a,sp
      00010B 24 FC            [12] 1403 	add	a,#0xfc
      00010D F5 81            [12] 1404 	mov	sp,a
                                   1405 ;	../contiki-sensinode/cpu/cc253x/usb/common/cdc-acm/cdc-acm.c:97: return 1;
      00010F 90 00 01         [24] 1406 	mov	dptr,#0x0001
                                   1407 ;	../contiki-sensinode/cpu/cc253x/usb/common/cdc-acm/cdc-acm.c:100: case 0xa1:                   /* CDC interface IN requests */
      000112 22               [24] 1408 	ret
      000113                       1409 00112$:
                                   1410 ;	../contiki-sensinode/cpu/cc253x/usb/common/cdc-acm/cdc-acm.c:101: if(usb_setup_buffer.wIndex != 0)
      000113 90r00r04         [24] 1411 	mov	dptr,#(_usb_setup_buffer + 0x0004)
      000116 E0               [24] 1412 	movx	a,@dptr
      000117 FE               [12] 1413 	mov	r6,a
      000118 A3               [24] 1414 	inc	dptr
      000119 E0               [24] 1415 	movx	a,@dptr
      00011A FF               [12] 1416 	mov	r7,a
      00011B 4E               [12] 1417 	orl	a,r6
      00011C 60 04            [24] 1418 	jz	00114$
                                   1419 ;	../contiki-sensinode/cpu/cc253x/usb/common/cdc-acm/cdc-acm.c:102: return 0;
      00011E 90 00 00         [24] 1420 	mov	dptr,#0x0000
      000121 22               [24] 1421 	ret
      000122                       1422 00114$:
                                   1423 ;	../contiki-sensinode/cpu/cc253x/usb/common/cdc-acm/cdc-acm.c:103: switch (usb_setup_buffer.bRequest) {
      000122 90r00r01         [24] 1424 	mov	dptr,#(_usb_setup_buffer + 0x0001)
      000125 E0               [24] 1425 	movx	a,@dptr
      000126 FF               [12] 1426 	mov	r7,a
      000127 BF 01 02         [24] 1427 	cjne	r7,#0x01,00164$
      00012A 80 05            [24] 1428 	sjmp	00115$
      00012C                       1429 00164$:
                                   1430 ;	../contiki-sensinode/cpu/cc253x/usb/common/cdc-acm/cdc-acm.c:104: case GET_ENCAPSULATED_RESPONSE:
      00012C BF 21 21         [24] 1431 	cjne	r7,#0x21,00118$
      00012F 80 07            [24] 1432 	sjmp	00116$
      000131                       1433 00115$:
                                   1434 ;	../contiki-sensinode/cpu/cc253x/usb/common/cdc-acm/cdc-acm.c:106: usb_send_ctrl_status();
      000131 12r00r00         [24] 1435 	lcall	_usb_send_ctrl_status
                                   1436 ;	../contiki-sensinode/cpu/cc253x/usb/common/cdc-acm/cdc-acm.c:107: return 1;
      000134 90 00 01         [24] 1437 	mov	dptr,#0x0001
                                   1438 ;	../contiki-sensinode/cpu/cc253x/usb/common/cdc-acm/cdc-acm.c:108: case GET_LINE_CODING:
      000137 22               [24] 1439 	ret
      000138                       1440 00116$:
                                   1441 ;	../contiki-sensinode/cpu/cc253x/usb/common/cdc-acm/cdc-acm.c:109: usb_send_ctrl_response((uint8_t *) & usb_line_coding, 7);
      000138 74 07            [12] 1442 	mov	a,#0x07
      00013A C0 E0            [24] 1443 	push	acc
      00013C E4               [12] 1444 	clr	a
      00013D C0 E0            [24] 1445 	push	acc
      00013F 90r00r00         [24] 1446 	mov	dptr,#_usb_line_coding
      000142 75 F0 00         [24] 1447 	mov	b,#0x00
      000145 12r00r00         [24] 1448 	lcall	_usb_send_ctrl_response
      000148 15 81            [12] 1449 	dec	sp
      00014A 15 81            [12] 1450 	dec	sp
                                   1451 ;	../contiki-sensinode/cpu/cc253x/usb/common/cdc-acm/cdc-acm.c:110: return 1;
      00014C 90 00 01         [24] 1452 	mov	dptr,#0x0001
                                   1453 ;	../contiki-sensinode/cpu/cc253x/usb/common/cdc-acm/cdc-acm.c:112: }
      00014F 22               [24] 1454 	ret
      000150                       1455 00118$:
                                   1456 ;	../contiki-sensinode/cpu/cc253x/usb/common/cdc-acm/cdc-acm.c:113: return 0;
      000150 90 00 00         [24] 1457 	mov	dptr,#0x0000
      000153 22               [24] 1458 	ret
                                   1459 ;------------------------------------------------------------
                                   1460 ;Allocation info for local variables in function 'usb_cdc_acm_setup'
                                   1461 ;------------------------------------------------------------
                                   1462 ;	../contiki-sensinode/cpu/cc253x/usb/common/cdc-acm/cdc-acm.c:128: usb_cdc_acm_setup()
                                   1463 ;	-----------------------------------------
                                   1464 ;	 function usb_cdc_acm_setup
                                   1465 ;	-----------------------------------------
      000154                       1466 _usb_cdc_acm_setup:
                                   1467 ;	../contiki-sensinode/cpu/cc253x/usb/common/cdc-acm/cdc-acm.c:130: usb_register_request_handler(&cdc_acm_request_hook);
      000154 90r00r0A         [24] 1468 	mov	dptr,#_cdc_acm_request_hook
      000157 75 F0 00         [24] 1469 	mov	b,#0x00
      00015A 02r00r00         [24] 1470 	ljmp	_usb_register_request_handler
                                   1471 ;------------------------------------------------------------
                                   1472 ;Allocation info for local variables in function 'usb_cdc_acm_get_events'
                                   1473 ;------------------------------------------------------------
                                   1474 ;r                         Allocated to registers r7 
                                   1475 ;------------------------------------------------------------
                                   1476 ;	../contiki-sensinode/cpu/cc253x/usb/common/cdc-acm/cdc-acm.c:134: usb_cdc_acm_get_events(void)
                                   1477 ;	-----------------------------------------
                                   1478 ;	 function usb_cdc_acm_get_events
                                   1479 ;	-----------------------------------------
      00015D                       1480 _usb_cdc_acm_get_events:
                                   1481 ;	../contiki-sensinode/cpu/cc253x/usb/common/cdc-acm/cdc-acm.c:136: uint8_t r = events;
      00015D 90r00r21         [24] 1482 	mov	dptr,#_events
      000160 E0               [24] 1483 	movx	a,@dptr
      000161 FF               [12] 1484 	mov	r7,a
                                   1485 ;	../contiki-sensinode/cpu/cc253x/usb/common/cdc-acm/cdc-acm.c:137: events = 0;
      000162 E4               [12] 1486 	clr	a
      000163 F0               [24] 1487 	movx	@dptr,a
                                   1488 ;	../contiki-sensinode/cpu/cc253x/usb/common/cdc-acm/cdc-acm.c:138: return r;
      000164 8F 82            [24] 1489 	mov	dpl,r7
      000166 22               [24] 1490 	ret
                                   1491 ;------------------------------------------------------------
                                   1492 ;Allocation info for local variables in function 'usb_cdc_acm_get_line_state'
                                   1493 ;------------------------------------------------------------
                                   1494 ;	../contiki-sensinode/cpu/cc253x/usb/common/cdc-acm/cdc-acm.c:142: usb_cdc_acm_get_line_state(void)
                                   1495 ;	-----------------------------------------
                                   1496 ;	 function usb_cdc_acm_get_line_state
                                   1497 ;	-----------------------------------------
      000167                       1498 _usb_cdc_acm_get_line_state:
                                   1499 ;	../contiki-sensinode/cpu/cc253x/usb/common/cdc-acm/cdc-acm.c:144: return line_state;
      000167 90r00r20         [24] 1500 	mov	dptr,#_line_state
      00016A E0               [24] 1501 	movx	a,@dptr
      00016B F5 82            [12] 1502 	mov	dpl,a
      00016D 22               [24] 1503 	ret
                                   1504 ;------------------------------------------------------------
                                   1505 ;Allocation info for local variables in function 'usb_cdc_acm_get_line_coding'
                                   1506 ;------------------------------------------------------------
                                   1507 ;	../contiki-sensinode/cpu/cc253x/usb/common/cdc-acm/cdc-acm.c:148: usb_cdc_acm_get_line_coding(void)
                                   1508 ;	-----------------------------------------
                                   1509 ;	 function usb_cdc_acm_get_line_coding
                                   1510 ;	-----------------------------------------
      00016E                       1511 _usb_cdc_acm_get_line_coding:
                                   1512 ;	../contiki-sensinode/cpu/cc253x/usb/common/cdc-acm/cdc-acm.c:150: return &usb_line_coding;
      00016E 90r00r00         [24] 1513 	mov	dptr,#_usb_line_coding
      000171 75 F0 00         [24] 1514 	mov	b,#0x00
      000174 22               [24] 1515 	ret
                                   1516 ;------------------------------------------------------------
                                   1517 ;Allocation info for local variables in function 'usb_cdc_acm_set_event_process'
                                   1518 ;------------------------------------------------------------
                                   1519 ;p                         Allocated to registers 
                                   1520 ;------------------------------------------------------------
                                   1521 ;	../contiki-sensinode/cpu/cc253x/usb/common/cdc-acm/cdc-acm.c:154: usb_cdc_acm_set_event_process(struct process *p)
                                   1522 ;	-----------------------------------------
                                   1523 ;	 function usb_cdc_acm_set_event_process
                                   1524 ;	-----------------------------------------
      000175                       1525 _usb_cdc_acm_set_event_process:
      000175 AF F0            [24] 1526 	mov	r7,b
      000177 AE 83            [24] 1527 	mov	r6,dph
      000179 E5 82            [12] 1528 	mov	a,dpl
      00017B 90r00r07         [24] 1529 	mov	dptr,#_cdc_event_process
      00017E F0               [24] 1530 	movx	@dptr,a
      00017F EE               [12] 1531 	mov	a,r6
      000180 A3               [24] 1532 	inc	dptr
      000181 F0               [24] 1533 	movx	@dptr,a
      000182 EF               [12] 1534 	mov	a,r7
      000183 A3               [24] 1535 	inc	dptr
      000184 F0               [24] 1536 	movx	@dptr,a
                                   1537 ;	../contiki-sensinode/cpu/cc253x/usb/common/cdc-acm/cdc-acm.c:156: cdc_event_process = p;
      000185 22               [24] 1538 	ret
                                   1539 	.area CSEG    (CODE)
                                   1540 	.area CONST   (CODE)
      000000                       1541 _cdc_acm_request_handler:
      000000 21                    1542 	.db #0x21	; 33
      000001 7F                    1543 	.db #0x7F	; 127
      000002 00                    1544 	.db #0x00	; 0
      000003 00                    1545 	.db #0x00	; 0
      000004r5Es00                 1546 	.byte _handle_cdc_acm_requests,(_handle_cdc_acm_requests >> 8)
                                   1547 	.area XINIT   (CODE)
      000000                       1548 __xinit__usb_line_coding:
      000000 80 25 00 00           1549 	.byte #0x80,#0x25,#0x00,#0x00	; 9600
      000004 00                    1550 	.db #0x00	; 0
      000005 00                    1551 	.db #0x00	; 0
      000006 08                    1552 	.db #0x08	; 8
      000007                       1553 __xinit__cdc_event_process:
                                   1554 ; generic printIvalPtr
      000007 00 00 00              1555 	.byte #0x00,#0x00,#0x00
      00000A                       1556 __xinit__cdc_acm_request_hook:
                                   1557 ; generic printIvalPtr
      00000A 00 00 00              1558 	.byte #0x00,#0x00,#0x00
      00000Dr00s00 80              1559 	.byte _cdc_acm_request_handler,(_cdc_acm_request_handler >> 8),#0x80
                                   1560 	.area CABS    (ABS,CODE)
