                                      1 ;--------------------------------------------------------
                                      2 ; File Created by SDCC : free open source ANSI-C Compiler
                                      3 ; Version 3.4.0 #8981 (Oct 24 2015) (Linux)
                                      4 ; This file was generated Sun Oct 25 01:52:24 2015
                                      5 ;--------------------------------------------------------
                                      6 	.module cdc_acm_descriptors
                                      7 	.optsdcc -mmcs51 --model-large
                                      8 	
                                      9 ;--------------------------------------------------------
                                     10 ; Public variables in this module
                                     11 ;--------------------------------------------------------
                                     12 	.globl _configuration_block
                                     13 	.globl _device_descriptor
                                     14 	.globl _configuration_head
                                     15 ;--------------------------------------------------------
                                     16 ; special function registers
                                     17 ;--------------------------------------------------------
                                     18 	.area RSEG    (ABS,DATA)
      000000                         19 	.org 0x0000
                                     20 ;--------------------------------------------------------
                                     21 ; special function bits
                                     22 ;--------------------------------------------------------
                                     23 	.area RSEG    (ABS,DATA)
      000000                         24 	.org 0x0000
                                     25 ;--------------------------------------------------------
                                     26 ; overlayable register banks
                                     27 ;--------------------------------------------------------
                                     28 	.area REG_BANK_0	(REL,OVR,DATA)
      000000                         29 	.ds 8
                                     30 ;--------------------------------------------------------
                                     31 ; internal ram data
                                     32 ;--------------------------------------------------------
                                     33 	.area DSEG    (DATA)
                                     34 ;--------------------------------------------------------
                                     35 ; overlayable items in internal ram 
                                     36 ;--------------------------------------------------------
                                     37 ;--------------------------------------------------------
                                     38 ; indirectly addressable internal ram data
                                     39 ;--------------------------------------------------------
                                     40 	.area ISEG    (DATA)
                                     41 ;--------------------------------------------------------
                                     42 ; absolute internal ram data
                                     43 ;--------------------------------------------------------
                                     44 	.area IABS    (ABS,DATA)
                                     45 	.area IABS    (ABS,DATA)
                                     46 ;--------------------------------------------------------
                                     47 ; bit data
                                     48 ;--------------------------------------------------------
                                     49 	.area BSEG    (BIT)
                                     50 ;--------------------------------------------------------
                                     51 ; paged external ram data
                                     52 ;--------------------------------------------------------
                                     53 	.area PSEG    (PAG,XDATA)
                                     54 ;--------------------------------------------------------
                                     55 ; external ram data
                                     56 ;--------------------------------------------------------
                                     57 	.area XSEG    (XDATA)
                                     58 ;--------------------------------------------------------
                                     59 ; absolute external ram data
                                     60 ;--------------------------------------------------------
                                     61 	.area XABS    (ABS,XDATA)
                                     62 ;--------------------------------------------------------
                                     63 ; external initialized ram data
                                     64 ;--------------------------------------------------------
                                     65 	.area XISEG   (XDATA)
      000000                         66 _configuration_head::
      000000                         67 	.ds 3
                                     68 	.area HOME    (CODE)
                                     69 	.area GSINIT0 (CODE)
                                     70 	.area GSINIT1 (CODE)
                                     71 	.area GSINIT2 (CODE)
                                     72 	.area GSINIT3 (CODE)
                                     73 	.area GSINIT4 (CODE)
                                     74 	.area GSINIT5 (CODE)
                                     75 	.area GSINIT  (CODE)
                                     76 	.area GSFINAL (CODE)
                                     77 	.area CSEG    (CODE)
                                     78 ;--------------------------------------------------------
                                     79 ; global & static initialisations
                                     80 ;--------------------------------------------------------
                                     81 	.area HOME    (CODE)
                                     82 	.area GSINIT  (CODE)
                                     83 	.area GSFINAL (CODE)
                                     84 	.area GSINIT  (CODE)
                                     85 ;--------------------------------------------------------
                                     86 ; Home
                                     87 ;--------------------------------------------------------
                                     88 	.area HOME    (CODE)
                                     89 	.area HOME    (CODE)
                                     90 ;--------------------------------------------------------
                                     91 ; code
                                     92 ;--------------------------------------------------------
                                     93 	.area CSEG    (CODE)
                                     94 	.area CSEG    (CODE)
                                     95 	.area CONST   (CODE)
      000000                         96 _device_descriptor:
      000000 12                      97 	.db #0x12	; 18
      000001 01                      98 	.db #0x01	; 1
      000002 00 02                   99 	.byte #0x00,#0x02	; 512
      000004 02                     100 	.db #0x02	; 2
      000005 00                     101 	.db #0x00	; 0
      000006 00                     102 	.db #0x00	; 0
      000007 08                     103 	.db #0x08	; 8
      000008 17 06                  104 	.byte #0x17,#0x06	; 1559
      00000A 0B 00                  105 	.byte #0x0B,#0x00	; 11
      00000C 00 00                  106 	.byte #0x00,#0x00	; 0
      00000E 01                     107 	.db #0x01	; 1
      00000F 02                     108 	.db #0x02	; 2
      000010 03                     109 	.db #0x03	; 3
      000011 01                     110 	.db #0x01	; 1
      000012                        111 _configuration_block:
      000012 09                     112 	.db #0x09	; 9
      000013 02                     113 	.db #0x02	; 2
      000014 43 00                  114 	.byte #0x43,#0x00	; 67
      000016 02                     115 	.db #0x02	; 2
      000017 01                     116 	.db #0x01	; 1
      000018 00                     117 	.db #0x00	; 0
      000019 80                     118 	.db #0x80	; 128
      00001A FA                     119 	.db #0xFA	; 250
      00001B 09                     120 	.db #0x09	; 9
      00001C 04                     121 	.db #0x04	; 4
      00001D 00                     122 	.db #0x00	; 0
      00001E 00                     123 	.db #0x00	; 0
      00001F 01                     124 	.db #0x01	; 1
      000020 02                     125 	.db #0x02	; 2
      000021 02                     126 	.db #0x02	; 2
      000022 01                     127 	.db #0x01	; 1
      000023 00                     128 	.db #0x00	; 0
      000024 05                     129 	.db #0x05	; 5
      000025 24                     130 	.db #0x24	; 36
      000026 00                     131 	.db #0x00	; 0
      000027 10 01                  132 	.byte #0x10,#0x01	; 272
      000029 04                     133 	.db #0x04	; 4
      00002A 24                     134 	.db #0x24	; 36
      00002B 02                     135 	.db #0x02	; 2
      00002C 02                     136 	.db #0x02	; 2
      00002D 05                     137 	.db #0x05	; 5
      00002E 24                     138 	.db #0x24	; 36
      00002F 06                     139 	.db #0x06	; 6
      000030 00                     140 	.db #0x00	; 0
      000031 01                     141 	.db #0x01	; 1
      000032 05                     142 	.db #0x05	; 5
      000033 24                     143 	.db #0x24	; 36
      000034 01                     144 	.db #0x01	; 1
      000035 00                     145 	.db #0x00	; 0
      000036 01                     146 	.db #0x01	; 1
      000037 07                     147 	.db #0x07	; 7
      000038 05                     148 	.db #0x05	; 5
      000039 81                     149 	.db #0x81	; 129
      00003A 03                     150 	.db #0x03	; 3
      00003B 20 00                  151 	.byte #0x20,#0x00	; 32
      00003D FF                     152 	.db #0xFF	; 255
      00003E 09                     153 	.db #0x09	; 9
      00003F 04                     154 	.db #0x04	; 4
      000040 01                     155 	.db #0x01	; 1
      000041 00                     156 	.db #0x00	; 0
      000042 02                     157 	.db #0x02	; 2
      000043 0A                     158 	.db #0x0A	; 10
      000044 00                     159 	.db #0x00	; 0
      000045 00                     160 	.db #0x00	; 0
      000046 00                     161 	.db #0x00	; 0
      000047 07                     162 	.db #0x07	; 7
      000048 05                     163 	.db #0x05	; 5
      000049 82                     164 	.db #0x82	; 130
      00004A 02                     165 	.db #0x02	; 2
      00004B 40 00                  166 	.byte #0x40,#0x00	; 64
      00004D 00                     167 	.db #0x00	; 0
      00004E 07                     168 	.db #0x07	; 7
      00004F 05                     169 	.db #0x05	; 5
      000050 03                     170 	.db #0x03	; 3
      000051 02                     171 	.db #0x02	; 2
      000052 40 00                  172 	.byte #0x40,#0x00	; 64
      000054 00                     173 	.db #0x00	; 0
                                    174 	.area XINIT   (CODE)
      000000                        175 __xinit__configuration_head:
      000000r12s00 80               176 	.byte _configuration_block,(_configuration_block >> 8),#0x80
                                    177 	.area CABS    (ABS,CODE)
