                                      1 ;--------------------------------------------------------
                                      2 ; File Created by SDCC : free open source ANSI-C Compiler
                                      3 ; Version 3.4.0 #8981 (Oct 24 2015) (Linux)
                                      4 ; This file was generated Sun Oct 25 01:52:04 2015
                                      5 ;--------------------------------------------------------
                                      6 	.module channel
                                      7 	.optsdcc -mmcs51 --model-large
                                      8 	
                                      9 ;--------------------------------------------------------
                                     10 ; Public variables in this module
                                     11 ;--------------------------------------------------------
                                     12 	.globl _list_item_next
                                     13 	.globl _list_remove
                                     14 	.globl _list_add
                                     15 	.globl _list_head
                                     16 	.globl _list_init
                                     17 	.globl _chameleon_hdrsize
                                     18 	.globl _ACTIVE
                                     19 	.globl _TX_BYTE
                                     20 	.globl _RX_BYTE
                                     21 	.globl _ERR
                                     22 	.globl _FE
                                     23 	.globl _SLAVE
                                     24 	.globl _RE
                                     25 	.globl _MODE
                                     26 	.globl _T3OVFIF
                                     27 	.globl _T3CH0IF
                                     28 	.globl _T3CH1IF
                                     29 	.globl _T4OVFIF
                                     30 	.globl _T4CH0IF
                                     31 	.globl _T4CH1IF
                                     32 	.globl _OVFIM
                                     33 	.globl _B_0
                                     34 	.globl _B_1
                                     35 	.globl _B_2
                                     36 	.globl _B_3
                                     37 	.globl _B_4
                                     38 	.globl _B_5
                                     39 	.globl _B_6
                                     40 	.globl _B_7
                                     41 	.globl _P2IF
                                     42 	.globl _UTX0IF
                                     43 	.globl _UTX1IF
                                     44 	.globl _P1IF
                                     45 	.globl _WDTIF
                                     46 	.globl _ACC_0
                                     47 	.globl _ACC_1
                                     48 	.globl _ACC_2
                                     49 	.globl _ACC_3
                                     50 	.globl _ACC_4
                                     51 	.globl _ACC_5
                                     52 	.globl _ACC_6
                                     53 	.globl _ACC_7
                                     54 	.globl _P
                                     55 	.globl _F1
                                     56 	.globl _OV
                                     57 	.globl _RS0
                                     58 	.globl _RS1
                                     59 	.globl _F0
                                     60 	.globl _AC
                                     61 	.globl _CY
                                     62 	.globl _DMAIF
                                     63 	.globl _T1IF
                                     64 	.globl _T2IF
                                     65 	.globl _T3IF
                                     66 	.globl _T4IF
                                     67 	.globl _P0IF
                                     68 	.globl _STIF
                                     69 	.globl _DMAIE
                                     70 	.globl _T1IE
                                     71 	.globl _T2IE
                                     72 	.globl _T3IE
                                     73 	.globl _T4IE
                                     74 	.globl _P0IE
                                     75 	.globl _RFERRIE
                                     76 	.globl _ADCIE
                                     77 	.globl _URX0IE
                                     78 	.globl _URX1IE
                                     79 	.globl _ENCIE
                                     80 	.globl _STIE
                                     81 	.globl _EA
                                     82 	.globl _P2_0
                                     83 	.globl _P2_1
                                     84 	.globl _P2_2
                                     85 	.globl _P2_3
                                     86 	.globl _P2_4
                                     87 	.globl _P2_5
                                     88 	.globl _P2_6
                                     89 	.globl _P2_7
                                     90 	.globl _ENCIF_0
                                     91 	.globl _ENCIF_1
                                     92 	.globl _P1_0
                                     93 	.globl _P1_1
                                     94 	.globl _P1_2
                                     95 	.globl _P1_3
                                     96 	.globl _P1_4
                                     97 	.globl _P1_5
                                     98 	.globl _P1_6
                                     99 	.globl _P1_7
                                    100 	.globl _IT0
                                    101 	.globl _RFERRIF
                                    102 	.globl _IT1
                                    103 	.globl _URX0IF
                                    104 	.globl _ADCIF
                                    105 	.globl _URX1IF
                                    106 	.globl _P0_0
                                    107 	.globl _P0_1
                                    108 	.globl _P0_2
                                    109 	.globl _P0_3
                                    110 	.globl _P0_4
                                    111 	.globl _P0_5
                                    112 	.globl _P0_6
                                    113 	.globl _P0_7
                                    114 	.globl _WDCTL
                                    115 	.globl _U1GCR
                                    116 	.globl _U1UCR
                                    117 	.globl _U1BAUD
                                    118 	.globl _U1DBUF
                                    119 	.globl _U1CSR
                                    120 	.globl _U0GCR
                                    121 	.globl _U0UCR
                                    122 	.globl _U0BAUD
                                    123 	.globl _U0DBUF
                                    124 	.globl _U0CSR
                                    125 	.globl _TIMIF
                                    126 	.globl _T4CC1
                                    127 	.globl _T4CCTL1
                                    128 	.globl _T4CC0
                                    129 	.globl _T4CCTL0
                                    130 	.globl _T4CTL
                                    131 	.globl _T4CNT
                                    132 	.globl _T3CC1
                                    133 	.globl _T3CCTL1
                                    134 	.globl _T3CC0
                                    135 	.globl _T3CCTL0
                                    136 	.globl _T3CTL
                                    137 	.globl _T3CNT
                                    138 	.globl _T2MSEL
                                    139 	.globl _T2IRQM
                                    140 	.globl _T2MOVF2
                                    141 	.globl _T2MOVF1
                                    142 	.globl _T2MOVF0
                                    143 	.globl _T2M1
                                    144 	.globl _T2M0
                                    145 	.globl _T2IRQF
                                    146 	.globl _T2EVTCFG
                                    147 	.globl _T2CTRL
                                    148 	.globl _T1STAT
                                    149 	.globl _T1CCTL2
                                    150 	.globl _T1CCTL1
                                    151 	.globl _T1CCTL0
                                    152 	.globl _T1CTL
                                    153 	.globl _T1CNTH
                                    154 	.globl _T1CNTL
                                    155 	.globl _T1CC2H
                                    156 	.globl _T1CC2L
                                    157 	.globl _T1CC1H
                                    158 	.globl _T1CC1L
                                    159 	.globl _T1CC0H
                                    160 	.globl _T1CC0L
                                    161 	.globl _CLKCONSTA
                                    162 	.globl _CLKCONCMD
                                    163 	.globl _SLEEPSTA
                                    164 	.globl _SLEEPCMD
                                    165 	.globl _STLOAD
                                    166 	.globl _ST2
                                    167 	.globl _ST1
                                    168 	.globl _ST0
                                    169 	.globl _RFERRF
                                    170 	.globl _RFIRQF0
                                    171 	.globl _RFST
                                    172 	.globl _RFD
                                    173 	.globl _RFIRQF1
                                    174 	.globl _PSBANK
                                    175 	.globl _FMAP
                                    176 	.globl _MEMCTR
                                    177 	.globl __XPAGE
                                    178 	.globl _MPAGE
                                    179 	.globl _PMUX
                                    180 	.globl _P2DIR
                                    181 	.globl _P1DIR
                                    182 	.globl _P0DIR
                                    183 	.globl _P2INP
                                    184 	.globl _P1INP
                                    185 	.globl _P2SEL
                                    186 	.globl _P1SEL
                                    187 	.globl _P0SEL
                                    188 	.globl _APCFG
                                    189 	.globl _PERCFG
                                    190 	.globl _P0INP
                                    191 	.globl _P2IEN
                                    192 	.globl _P1IEN
                                    193 	.globl _P0IEN
                                    194 	.globl _PICTL
                                    195 	.globl _P2IFG
                                    196 	.globl _P1IFG
                                    197 	.globl _P0IFG
                                    198 	.globl _DMAREQ
                                    199 	.globl _DMAARM
                                    200 	.globl _DMA0CFGH
                                    201 	.globl _DMA0CFGL
                                    202 	.globl _DMA1CFGH
                                    203 	.globl _DMA1CFGL
                                    204 	.globl _DMAIRQ
                                    205 	.globl _ENCCS
                                    206 	.globl _ENCDO
                                    207 	.globl _ENCDI
                                    208 	.globl _RNDH
                                    209 	.globl _RNDL
                                    210 	.globl _ADCH
                                    211 	.globl _ADCL
                                    212 	.globl _ADCCON3
                                    213 	.globl _ADCCON2
                                    214 	.globl _ADCCON1
                                    215 	.globl _B
                                    216 	.globl _IRCON2
                                    217 	.globl _ACC
                                    218 	.globl _PSW
                                    219 	.globl _IRCON
                                    220 	.globl _IP1
                                    221 	.globl _IEN1
                                    222 	.globl _IP0
                                    223 	.globl _IEN0
                                    224 	.globl _P2
                                    225 	.globl _S1CON
                                    226 	.globl _IEN2
                                    227 	.globl _S0CON
                                    228 	.globl _DPS
                                    229 	.globl _P1
                                    230 	.globl _TCON
                                    231 	.globl _PCON
                                    232 	.globl _DPH1
                                    233 	.globl _DPL1
                                    234 	.globl _DPH0
                                    235 	.globl _DPL0
                                    236 	.globl _SP
                                    237 	.globl _P0
                                    238 	.globl _X_IEEE_ADDR
                                    239 	.globl _X_INFOPAGE
                                    240 	.globl _X_P2DIR
                                    241 	.globl _X_P1DIR
                                    242 	.globl _X_P0DIR
                                    243 	.globl _X_U1GCR
                                    244 	.globl _X_U1UCR
                                    245 	.globl _X_U1BAUD
                                    246 	.globl _X_U1DBUF
                                    247 	.globl _X_U1CSR
                                    248 	.globl _X_P2INP
                                    249 	.globl _X_P1INP
                                    250 	.globl _X_P2SEL
                                    251 	.globl _X_P1SEL
                                    252 	.globl _X_P0SEL
                                    253 	.globl _X_APCFG
                                    254 	.globl _X_PERCFG
                                    255 	.globl _X_T4CC1
                                    256 	.globl _X_T4CCTL1
                                    257 	.globl _X_T4CC0
                                    258 	.globl _X_T4CCTL0
                                    259 	.globl _X_T4CTL
                                    260 	.globl _X_T4CNT
                                    261 	.globl _X_RFIRQF0
                                    262 	.globl _X_T1CCTL2
                                    263 	.globl _X_T1CCTL1
                                    264 	.globl _X_T1CCTL0
                                    265 	.globl _X_T1CTL
                                    266 	.globl _X_T1CNTH
                                    267 	.globl _X_T1CNTL
                                    268 	.globl _X_RFST
                                    269 	.globl _X_T1CC2H
                                    270 	.globl _X_T1CC2L
                                    271 	.globl _X_T1CC1H
                                    272 	.globl _X_T1CC1L
                                    273 	.globl _X_T1CC0H
                                    274 	.globl _X_T1CC0L
                                    275 	.globl _X_RFD
                                    276 	.globl _X_TIMIF
                                    277 	.globl _X_DMAREQ
                                    278 	.globl _X_DMAARM
                                    279 	.globl _X_DMA0CFGH
                                    280 	.globl _X_DMA0CFGL
                                    281 	.globl _X_DMA1CFGH
                                    282 	.globl _X_DMA1CFGL
                                    283 	.globl _X_DMAIRQ
                                    284 	.globl _X_T3CC1
                                    285 	.globl _X_T3CCTL1
                                    286 	.globl _X_T3CC0
                                    287 	.globl _X_T3CCTL0
                                    288 	.globl _X_T3CTL
                                    289 	.globl _X_T3CNT
                                    290 	.globl _X_WDCTL
                                    291 	.globl _X_MEMCTR
                                    292 	.globl _X_CLKCONCMD
                                    293 	.globl _X_U0GCR
                                    294 	.globl _X_U0UCR
                                    295 	.globl _X_T2MSEL
                                    296 	.globl _X_U0BAUD
                                    297 	.globl _X_U0DBUF
                                    298 	.globl _X_RFERRF
                                    299 	.globl _X_SLEEPCMD
                                    300 	.globl _X_RNDH
                                    301 	.globl _X_RNDL
                                    302 	.globl _X_ADCH
                                    303 	.globl _X_ADCL
                                    304 	.globl _X_ADCCON3
                                    305 	.globl _X_ADCCON2
                                    306 	.globl _X_ADCCON1
                                    307 	.globl _X_ENCCS
                                    308 	.globl _X_ENCDO
                                    309 	.globl _X_ENCDI
                                    310 	.globl _X_T1STAT
                                    311 	.globl _X_PMUX
                                    312 	.globl _X_STLOAD
                                    313 	.globl _X_P2IEN
                                    314 	.globl _X_P0IEN
                                    315 	.globl _X_T2IRQM
                                    316 	.globl _X_T2MOVF2
                                    317 	.globl _X_T2MOVF1
                                    318 	.globl _X_T2MOVF0
                                    319 	.globl _X_T2M1
                                    320 	.globl _X_T2M0
                                    321 	.globl _X_T2IRQF
                                    322 	.globl _X_P2
                                    323 	.globl _X_PSBANK
                                    324 	.globl _X_FMAP
                                    325 	.globl _X_CLKCONSTA
                                    326 	.globl _X_SLEEPSTA
                                    327 	.globl _X_T2EVTCFG
                                    328 	.globl _X_ST2
                                    329 	.globl _X_ST1
                                    330 	.globl _X_ST0
                                    331 	.globl _X_T2CTRL
                                    332 	.globl _X__XPAGE
                                    333 	.globl _X_MPAGE
                                    334 	.globl _X_RFIRQF1
                                    335 	.globl _X_P1
                                    336 	.globl _X_P0INP
                                    337 	.globl _X_P1IEN
                                    338 	.globl _X_PICTL
                                    339 	.globl _X_P2IFG
                                    340 	.globl _X_P1IFG
                                    341 	.globl _X_P0IFG
                                    342 	.globl _X_U0CSR
                                    343 	.globl _X_P0
                                    344 	.globl _USBF5
                                    345 	.globl _USBF4
                                    346 	.globl _USBF3
                                    347 	.globl _USBF2
                                    348 	.globl _USBF1
                                    349 	.globl _USBF0
                                    350 	.globl _USBCNTH
                                    351 	.globl _USBCNTL
                                    352 	.globl _USBCNT0
                                    353 	.globl _USBCSOH
                                    354 	.globl _USBCSOL
                                    355 	.globl _USBMAXO
                                    356 	.globl _USBCSIH
                                    357 	.globl _USBCSIL
                                    358 	.globl _USBCS0
                                    359 	.globl _USBMAXI
                                    360 	.globl _USBCTRL
                                    361 	.globl _USBINDEX
                                    362 	.globl _USBFRMH
                                    363 	.globl _USBFRML
                                    364 	.globl _USBCIE
                                    365 	.globl _USBOIE
                                    366 	.globl _USBIIE
                                    367 	.globl _USBCIF
                                    368 	.globl _USBOIF
                                    369 	.globl _USBIIF
                                    370 	.globl _USBPOW
                                    371 	.globl _USBADDR
                                    372 	.globl _CSPT
                                    373 	.globl _CSPZ
                                    374 	.globl _CSPY
                                    375 	.globl _CSPX
                                    376 	.globl _CSPSTAT
                                    377 	.globl _CSPCTRL
                                    378 	.globl _CSPPROG23
                                    379 	.globl _CSPPROG22
                                    380 	.globl _CSPPROG21
                                    381 	.globl _CSPPROG20
                                    382 	.globl _CSPPROG19
                                    383 	.globl _CSPPROG18
                                    384 	.globl _CSPPROG17
                                    385 	.globl _CSPPROG16
                                    386 	.globl _CSPPROG15
                                    387 	.globl _CSPPROG14
                                    388 	.globl _CSPPROG13
                                    389 	.globl _CSPPROG12
                                    390 	.globl _CSPPROG11
                                    391 	.globl _CSPPROG10
                                    392 	.globl _CSPPROG9
                                    393 	.globl _CSPPROG8
                                    394 	.globl _CSPPROG7
                                    395 	.globl _CSPPROG6
                                    396 	.globl _CSPPROG5
                                    397 	.globl _CSPPROG4
                                    398 	.globl _CSPPROG3
                                    399 	.globl _CSPPROG2
                                    400 	.globl _CSPPROG1
                                    401 	.globl _CSPPROG0
                                    402 	.globl _RFC_OBS_CTRL2
                                    403 	.globl _RFC_OBS_CTRL1
                                    404 	.globl _RFC_OBS_CTRL0
                                    405 	.globl _TXFILTCFG
                                    406 	.globl _PTEST1
                                    407 	.globl _PTEST0
                                    408 	.globl _ATEST
                                    409 	.globl _DACTEST2
                                    410 	.globl _DACTEST1
                                    411 	.globl _DACTEST0
                                    412 	.globl _MDMTEST1
                                    413 	.globl _MDMTEST0
                                    414 	.globl _ADCTEST2
                                    415 	.globl _ADCTEST1
                                    416 	.globl _ADCTEST0
                                    417 	.globl _AGCCTRL3
                                    418 	.globl _AGCCTRL2
                                    419 	.globl _AGCCTRL1
                                    420 	.globl _AGCCTRL0
                                    421 	.globl _FSCAL3
                                    422 	.globl _FSCAL2
                                    423 	.globl _FSCAL1
                                    424 	.globl _FSCAL0
                                    425 	.globl _FSCTRL
                                    426 	.globl _RXCTRL
                                    427 	.globl _FREQEST
                                    428 	.globl _MDMCTRL1
                                    429 	.globl _MDMCTRL0
                                    430 	.globl _RFRND
                                    431 	.globl _RFERRM
                                    432 	.globl _RFIRQM1
                                    433 	.globl _RFIRQM0
                                    434 	.globl _TXLAST_PTR
                                    435 	.globl _TXFIRST_PTR
                                    436 	.globl _RXP1_PTR
                                    437 	.globl _RXLAST_PTR
                                    438 	.globl _RXFIRST_PTR
                                    439 	.globl _TXFIFOCNT
                                    440 	.globl _RXFIFOCNT
                                    441 	.globl _RXFIRST
                                    442 	.globl _RSSISTAT
                                    443 	.globl _RSSI
                                    444 	.globl _CCACTRL1
                                    445 	.globl _CCACTRL0
                                    446 	.globl _FSMCTRL
                                    447 	.globl _FIFOPCTRL
                                    448 	.globl _FSMSTAT1
                                    449 	.globl _FSMSTAT0
                                    450 	.globl _TXCTRL
                                    451 	.globl _TXPOWER
                                    452 	.globl _FREQCTRL
                                    453 	.globl _FREQTUNE
                                    454 	.globl _RXMASKCLR
                                    455 	.globl _RXMASKSET
                                    456 	.globl _RXENABLE
                                    457 	.globl _FRMCTRL1
                                    458 	.globl _FRMCTRL0
                                    459 	.globl _SRCEXTEN2
                                    460 	.globl _SRCEXTEN1
                                    461 	.globl _SRCEXTEN0
                                    462 	.globl _SRCSHORTEN2
                                    463 	.globl _SRCSHORTEN1
                                    464 	.globl _SRCSHORTEN0
                                    465 	.globl _SRCMATCH
                                    466 	.globl _FRMFILT1
                                    467 	.globl _FRMFILT0
                                    468 	.globl _SHORT_ADDR1
                                    469 	.globl _SHORT_ADDR0
                                    470 	.globl _PAN_ID1
                                    471 	.globl _PAN_ID0
                                    472 	.globl _EXT_ADDR7
                                    473 	.globl _EXT_ADDR6
                                    474 	.globl _EXT_ADDR5
                                    475 	.globl _EXT_ADDR4
                                    476 	.globl _EXT_ADDR3
                                    477 	.globl _EXT_ADDR2
                                    478 	.globl _EXT_ADDR1
                                    479 	.globl _EXT_ADDR0
                                    480 	.globl _SRCSHORTPENDEN2
                                    481 	.globl _SRCSHORTPENDEN1
                                    482 	.globl _SRCSHORTPENDEN0
                                    483 	.globl _SRCEXTPENDEN2
                                    484 	.globl _SRCEXTPENDEN1
                                    485 	.globl _SRCEXTPENDEN0
                                    486 	.globl _SRCRESINDEX
                                    487 	.globl _SRCRESMASK2
                                    488 	.globl _SRCRESMASK1
                                    489 	.globl _SRCRESMASK0
                                    490 	.globl _SRC_ADDR_TABLE
                                    491 	.globl _TXFIFO
                                    492 	.globl _RXFIFO
                                    493 	.globl _RFCORE_RAM
                                    494 	.globl _CMPCTL
                                    495 	.globl _OPAMPS
                                    496 	.globl _OPAMPC
                                    497 	.globl _STCV2
                                    498 	.globl _STCV1
                                    499 	.globl _STCV0
                                    500 	.globl _STCS
                                    501 	.globl _STCC
                                    502 	.globl _T1CC4H
                                    503 	.globl _T1CC4L
                                    504 	.globl _T1CC3H
                                    505 	.globl _T1CC3L
                                    506 	.globl _XX_T1CC2H
                                    507 	.globl _XX_T1CC2L
                                    508 	.globl _XX_T1CC1H
                                    509 	.globl _XX_T1CC1L
                                    510 	.globl _XX_T1CC0H
                                    511 	.globl _XX_T1CC0L
                                    512 	.globl _T1CCTL4
                                    513 	.globl _T1CCTL3
                                    514 	.globl _XX_T1CCTL2
                                    515 	.globl _XX_T1CCTL1
                                    516 	.globl _XX_T1CCTL0
                                    517 	.globl _CLD
                                    518 	.globl _IRCTL
                                    519 	.globl _CHIPINFO1
                                    520 	.globl _CHIPINFO0
                                    521 	.globl _FWDATA
                                    522 	.globl _FADDRH
                                    523 	.globl _FADDRL
                                    524 	.globl _FCTL
                                    525 	.globl _IVCTRL
                                    526 	.globl _BATTMON
                                    527 	.globl _SRCRC
                                    528 	.globl _DBGDATA
                                    529 	.globl _TESTREG0
                                    530 	.globl _CHIPID
                                    531 	.globl _CHVER
                                    532 	.globl _OBSSEL5
                                    533 	.globl _OBSSEL4
                                    534 	.globl _OBSSEL3
                                    535 	.globl _OBSSEL2
                                    536 	.globl _OBSSEL1
                                    537 	.globl _OBSSEL0
                                    538 	.globl _I2CIO
                                    539 	.globl _I2CWC
                                    540 	.globl _I2CADDR
                                    541 	.globl _I2CDATA
                                    542 	.globl _I2CSTAT
                                    543 	.globl _I2CCFG
                                    544 	.globl _OPAMPMC
                                    545 	.globl _MONMUX
                                    546 	.globl _channel_init
                                    547 	.globl _channel_set_attributes
                                    548 	.globl _channel_open
                                    549 	.globl _channel_close
                                    550 	.globl _channel_lookup
                                    551 ;--------------------------------------------------------
                                    552 ; special function registers
                                    553 ;--------------------------------------------------------
                                    554 	.area RSEG    (ABS,DATA)
      000000                        555 	.org 0x0000
                           000080   556 _P0	=	0x0080
                           000081   557 _SP	=	0x0081
                           000082   558 _DPL0	=	0x0082
                           000083   559 _DPH0	=	0x0083
                           000084   560 _DPL1	=	0x0084
                           000085   561 _DPH1	=	0x0085
                           000087   562 _PCON	=	0x0087
                           000088   563 _TCON	=	0x0088
                           000090   564 _P1	=	0x0090
                           000092   565 _DPS	=	0x0092
                           000098   566 _S0CON	=	0x0098
                           00009A   567 _IEN2	=	0x009a
                           00009B   568 _S1CON	=	0x009b
                           0000A0   569 _P2	=	0x00a0
                           0000A8   570 _IEN0	=	0x00a8
                           0000A9   571 _IP0	=	0x00a9
                           0000B8   572 _IEN1	=	0x00b8
                           0000B9   573 _IP1	=	0x00b9
                           0000C0   574 _IRCON	=	0x00c0
                           0000D0   575 _PSW	=	0x00d0
                           0000E0   576 _ACC	=	0x00e0
                           0000E8   577 _IRCON2	=	0x00e8
                           0000F0   578 _B	=	0x00f0
                           0000B4   579 _ADCCON1	=	0x00b4
                           0000B5   580 _ADCCON2	=	0x00b5
                           0000B6   581 _ADCCON3	=	0x00b6
                           0000BA   582 _ADCL	=	0x00ba
                           0000BB   583 _ADCH	=	0x00bb
                           0000BC   584 _RNDL	=	0x00bc
                           0000BD   585 _RNDH	=	0x00bd
                           0000B1   586 _ENCDI	=	0x00b1
                           0000B2   587 _ENCDO	=	0x00b2
                           0000B3   588 _ENCCS	=	0x00b3
                           0000D1   589 _DMAIRQ	=	0x00d1
                           0000D2   590 _DMA1CFGL	=	0x00d2
                           0000D3   591 _DMA1CFGH	=	0x00d3
                           0000D4   592 _DMA0CFGL	=	0x00d4
                           0000D5   593 _DMA0CFGH	=	0x00d5
                           0000D6   594 _DMAARM	=	0x00d6
                           0000D7   595 _DMAREQ	=	0x00d7
                           000089   596 _P0IFG	=	0x0089
                           00008A   597 _P1IFG	=	0x008a
                           00008B   598 _P2IFG	=	0x008b
                           00008C   599 _PICTL	=	0x008c
                           0000AB   600 _P0IEN	=	0x00ab
                           00008D   601 _P1IEN	=	0x008d
                           0000AC   602 _P2IEN	=	0x00ac
                           00008F   603 _P0INP	=	0x008f
                           0000F1   604 _PERCFG	=	0x00f1
                           0000F2   605 _APCFG	=	0x00f2
                           0000F3   606 _P0SEL	=	0x00f3
                           0000F4   607 _P1SEL	=	0x00f4
                           0000F5   608 _P2SEL	=	0x00f5
                           0000F6   609 _P1INP	=	0x00f6
                           0000F7   610 _P2INP	=	0x00f7
                           0000FD   611 _P0DIR	=	0x00fd
                           0000FE   612 _P1DIR	=	0x00fe
                           0000FF   613 _P2DIR	=	0x00ff
                           0000AE   614 _PMUX	=	0x00ae
                           000093   615 _MPAGE	=	0x0093
                           000093   616 __XPAGE	=	0x0093
                           0000C7   617 _MEMCTR	=	0x00c7
                           00009F   618 _FMAP	=	0x009f
                           00009F   619 _PSBANK	=	0x009f
                           000091   620 _RFIRQF1	=	0x0091
                           0000D9   621 _RFD	=	0x00d9
                           0000E1   622 _RFST	=	0x00e1
                           0000E9   623 _RFIRQF0	=	0x00e9
                           0000BF   624 _RFERRF	=	0x00bf
                           000095   625 _ST0	=	0x0095
                           000096   626 _ST1	=	0x0096
                           000097   627 _ST2	=	0x0097
                           0000AD   628 _STLOAD	=	0x00ad
                           0000BE   629 _SLEEPCMD	=	0x00be
                           00009D   630 _SLEEPSTA	=	0x009d
                           0000C6   631 _CLKCONCMD	=	0x00c6
                           00009E   632 _CLKCONSTA	=	0x009e
                           0000DA   633 _T1CC0L	=	0x00da
                           0000DB   634 _T1CC0H	=	0x00db
                           0000DC   635 _T1CC1L	=	0x00dc
                           0000DD   636 _T1CC1H	=	0x00dd
                           0000DE   637 _T1CC2L	=	0x00de
                           0000DF   638 _T1CC2H	=	0x00df
                           0000E2   639 _T1CNTL	=	0x00e2
                           0000E3   640 _T1CNTH	=	0x00e3
                           0000E4   641 _T1CTL	=	0x00e4
                           0000E5   642 _T1CCTL0	=	0x00e5
                           0000E6   643 _T1CCTL1	=	0x00e6
                           0000E7   644 _T1CCTL2	=	0x00e7
                           0000AF   645 _T1STAT	=	0x00af
                           000094   646 _T2CTRL	=	0x0094
                           00009C   647 _T2EVTCFG	=	0x009c
                           0000A1   648 _T2IRQF	=	0x00a1
                           0000A2   649 _T2M0	=	0x00a2
                           0000A3   650 _T2M1	=	0x00a3
                           0000A4   651 _T2MOVF0	=	0x00a4
                           0000A5   652 _T2MOVF1	=	0x00a5
                           0000A6   653 _T2MOVF2	=	0x00a6
                           0000A7   654 _T2IRQM	=	0x00a7
                           0000C3   655 _T2MSEL	=	0x00c3
                           0000CA   656 _T3CNT	=	0x00ca
                           0000CB   657 _T3CTL	=	0x00cb
                           0000CC   658 _T3CCTL0	=	0x00cc
                           0000CD   659 _T3CC0	=	0x00cd
                           0000CE   660 _T3CCTL1	=	0x00ce
                           0000CF   661 _T3CC1	=	0x00cf
                           0000EA   662 _T4CNT	=	0x00ea
                           0000EB   663 _T4CTL	=	0x00eb
                           0000EC   664 _T4CCTL0	=	0x00ec
                           0000ED   665 _T4CC0	=	0x00ed
                           0000EE   666 _T4CCTL1	=	0x00ee
                           0000EF   667 _T4CC1	=	0x00ef
                           0000D8   668 _TIMIF	=	0x00d8
                           000086   669 _U0CSR	=	0x0086
                           0000C1   670 _U0DBUF	=	0x00c1
                           0000C2   671 _U0BAUD	=	0x00c2
                           0000C4   672 _U0UCR	=	0x00c4
                           0000C5   673 _U0GCR	=	0x00c5
                           0000F8   674 _U1CSR	=	0x00f8
                           0000F9   675 _U1DBUF	=	0x00f9
                           0000FA   676 _U1BAUD	=	0x00fa
                           0000FB   677 _U1UCR	=	0x00fb
                           0000FC   678 _U1GCR	=	0x00fc
                           0000C9   679 _WDCTL	=	0x00c9
                                    680 ;--------------------------------------------------------
                                    681 ; special function bits
                                    682 ;--------------------------------------------------------
                                    683 	.area RSEG    (ABS,DATA)
      000000                        684 	.org 0x0000
                           000087   685 _P0_7	=	0x0087
                           000086   686 _P0_6	=	0x0086
                           000085   687 _P0_5	=	0x0085
                           000084   688 _P0_4	=	0x0084
                           000083   689 _P0_3	=	0x0083
                           000082   690 _P0_2	=	0x0082
                           000081   691 _P0_1	=	0x0081
                           000080   692 _P0_0	=	0x0080
                           00008F   693 _URX1IF	=	0x008f
                           00008D   694 _ADCIF	=	0x008d
                           00008B   695 _URX0IF	=	0x008b
                           00008A   696 _IT1	=	0x008a
                           000089   697 _RFERRIF	=	0x0089
                           000088   698 _IT0	=	0x0088
                           000097   699 _P1_7	=	0x0097
                           000096   700 _P1_6	=	0x0096
                           000095   701 _P1_5	=	0x0095
                           000094   702 _P1_4	=	0x0094
                           000093   703 _P1_3	=	0x0093
                           000092   704 _P1_2	=	0x0092
                           000091   705 _P1_1	=	0x0091
                           000090   706 _P1_0	=	0x0090
                           000099   707 _ENCIF_1	=	0x0099
                           000098   708 _ENCIF_0	=	0x0098
                           0000A7   709 _P2_7	=	0x00a7
                           0000A6   710 _P2_6	=	0x00a6
                           0000A5   711 _P2_5	=	0x00a5
                           0000A4   712 _P2_4	=	0x00a4
                           0000A3   713 _P2_3	=	0x00a3
                           0000A2   714 _P2_2	=	0x00a2
                           0000A1   715 _P2_1	=	0x00a1
                           0000A0   716 _P2_0	=	0x00a0
                           0000AF   717 _EA	=	0x00af
                           0000AD   718 _STIE	=	0x00ad
                           0000AC   719 _ENCIE	=	0x00ac
                           0000AB   720 _URX1IE	=	0x00ab
                           0000AA   721 _URX0IE	=	0x00aa
                           0000A9   722 _ADCIE	=	0x00a9
                           0000A8   723 _RFERRIE	=	0x00a8
                           0000BD   724 _P0IE	=	0x00bd
                           0000BC   725 _T4IE	=	0x00bc
                           0000BB   726 _T3IE	=	0x00bb
                           0000BA   727 _T2IE	=	0x00ba
                           0000B9   728 _T1IE	=	0x00b9
                           0000B8   729 _DMAIE	=	0x00b8
                           0000C7   730 _STIF	=	0x00c7
                           0000C5   731 _P0IF	=	0x00c5
                           0000C4   732 _T4IF	=	0x00c4
                           0000C3   733 _T3IF	=	0x00c3
                           0000C2   734 _T2IF	=	0x00c2
                           0000C1   735 _T1IF	=	0x00c1
                           0000C0   736 _DMAIF	=	0x00c0
                           0000D7   737 _CY	=	0x00d7
                           0000D6   738 _AC	=	0x00d6
                           0000D5   739 _F0	=	0x00d5
                           0000D4   740 _RS1	=	0x00d4
                           0000D3   741 _RS0	=	0x00d3
                           0000D2   742 _OV	=	0x00d2
                           0000D1   743 _F1	=	0x00d1
                           0000D0   744 _P	=	0x00d0
                           0000E7   745 _ACC_7	=	0x00e7
                           0000E6   746 _ACC_6	=	0x00e6
                           0000E5   747 _ACC_5	=	0x00e5
                           0000E4   748 _ACC_4	=	0x00e4
                           0000E3   749 _ACC_3	=	0x00e3
                           0000E2   750 _ACC_2	=	0x00e2
                           0000E1   751 _ACC_1	=	0x00e1
                           0000E0   752 _ACC_0	=	0x00e0
                           0000EC   753 _WDTIF	=	0x00ec
                           0000EB   754 _P1IF	=	0x00eb
                           0000EA   755 _UTX1IF	=	0x00ea
                           0000E9   756 _UTX0IF	=	0x00e9
                           0000E8   757 _P2IF	=	0x00e8
                           0000F7   758 _B_7	=	0x00f7
                           0000F6   759 _B_6	=	0x00f6
                           0000F5   760 _B_5	=	0x00f5
                           0000F4   761 _B_4	=	0x00f4
                           0000F3   762 _B_3	=	0x00f3
                           0000F2   763 _B_2	=	0x00f2
                           0000F1   764 _B_1	=	0x00f1
                           0000F0   765 _B_0	=	0x00f0
                           0000DE   766 _OVFIM	=	0x00de
                           0000DD   767 _T4CH1IF	=	0x00dd
                           0000DC   768 _T4CH0IF	=	0x00dc
                           0000DB   769 _T4OVFIF	=	0x00db
                           0000DA   770 _T3CH1IF	=	0x00da
                           0000D9   771 _T3CH0IF	=	0x00d9
                           0000D8   772 _T3OVFIF	=	0x00d8
                           0000FF   773 _MODE	=	0x00ff
                           0000FE   774 _RE	=	0x00fe
                           0000FD   775 _SLAVE	=	0x00fd
                           0000FC   776 _FE	=	0x00fc
                           0000FB   777 _ERR	=	0x00fb
                           0000FA   778 _RX_BYTE	=	0x00fa
                           0000F9   779 _TX_BYTE	=	0x00f9
                           0000F8   780 _ACTIVE	=	0x00f8
                                    781 ;--------------------------------------------------------
                                    782 ; overlayable register banks
                                    783 ;--------------------------------------------------------
                                    784 	.area REG_BANK_0	(REL,OVR,DATA)
      000000                        785 	.ds 8
                                    786 ;--------------------------------------------------------
                                    787 ; internal ram data
                                    788 ;--------------------------------------------------------
                                    789 	.area DSEG    (DATA)
                                    790 ;--------------------------------------------------------
                                    791 ; overlayable items in internal ram 
                                    792 ;--------------------------------------------------------
                                    793 ;--------------------------------------------------------
                                    794 ; indirectly addressable internal ram data
                                    795 ;--------------------------------------------------------
                                    796 	.area ISEG    (DATA)
                                    797 ;--------------------------------------------------------
                                    798 ; absolute internal ram data
                                    799 ;--------------------------------------------------------
                                    800 	.area IABS    (ABS,DATA)
                                    801 	.area IABS    (ABS,DATA)
                                    802 ;--------------------------------------------------------
                                    803 ; bit data
                                    804 ;--------------------------------------------------------
                                    805 	.area BSEG    (BIT)
                                    806 ;--------------------------------------------------------
                                    807 ; paged external ram data
                                    808 ;--------------------------------------------------------
                                    809 	.area PSEG    (PAG,XDATA)
                                    810 ;--------------------------------------------------------
                                    811 ; external ram data
                                    812 ;--------------------------------------------------------
                                    813 	.area XSEG    (XDATA)
                           0061A6   814 _MONMUX	=	0x61a6
                           0061A6   815 _OPAMPMC	=	0x61a6
                           006230   816 _I2CCFG	=	0x6230
                           006231   817 _I2CSTAT	=	0x6231
                           006232   818 _I2CDATA	=	0x6232
                           006233   819 _I2CADDR	=	0x6233
                           006234   820 _I2CWC	=	0x6234
                           006235   821 _I2CIO	=	0x6235
                           006243   822 _OBSSEL0	=	0x6243
                           006244   823 _OBSSEL1	=	0x6244
                           006245   824 _OBSSEL2	=	0x6245
                           006246   825 _OBSSEL3	=	0x6246
                           006247   826 _OBSSEL4	=	0x6247
                           006248   827 _OBSSEL5	=	0x6248
                           006249   828 _CHVER	=	0x6249
                           00624A   829 _CHIPID	=	0x624a
                           00624B   830 _TESTREG0	=	0x624b
                           006260   831 _DBGDATA	=	0x6260
                           006262   832 _SRCRC	=	0x6262
                           006264   833 _BATTMON	=	0x6264
                           006265   834 _IVCTRL	=	0x6265
                           006270   835 _FCTL	=	0x6270
                           006271   836 _FADDRL	=	0x6271
                           006272   837 _FADDRH	=	0x6272
                           006273   838 _FWDATA	=	0x6273
                           006276   839 _CHIPINFO0	=	0x6276
                           006277   840 _CHIPINFO1	=	0x6277
                           006281   841 _IRCTL	=	0x6281
                           006290   842 _CLD	=	0x6290
                           0062A0   843 _XX_T1CCTL0	=	0x62a0
                           0062A1   844 _XX_T1CCTL1	=	0x62a1
                           0062A2   845 _XX_T1CCTL2	=	0x62a2
                           0062A3   846 _T1CCTL3	=	0x62a3
                           0062A4   847 _T1CCTL4	=	0x62a4
                           0062A6   848 _XX_T1CC0L	=	0x62a6
                           0062A7   849 _XX_T1CC0H	=	0x62a7
                           0062A8   850 _XX_T1CC1L	=	0x62a8
                           0062A9   851 _XX_T1CC1H	=	0x62a9
                           0062AA   852 _XX_T1CC2L	=	0x62aa
                           0062AB   853 _XX_T1CC2H	=	0x62ab
                           0062AC   854 _T1CC3L	=	0x62ac
                           0062AD   855 _T1CC3H	=	0x62ad
                           0062AE   856 _T1CC4L	=	0x62ae
                           0062AF   857 _T1CC4H	=	0x62af
                           0062B0   858 _STCC	=	0x62b0
                           0062B1   859 _STCS	=	0x62b1
                           0062B2   860 _STCV0	=	0x62b2
                           0062B3   861 _STCV1	=	0x62b3
                           0062B4   862 _STCV2	=	0x62b4
                           0062C0   863 _OPAMPC	=	0x62c0
                           0062C1   864 _OPAMPS	=	0x62c1
                           0062D0   865 _CMPCTL	=	0x62d0
                           006000   866 _RFCORE_RAM	=	0x6000
                           006000   867 _RXFIFO	=	0x6000
                           006080   868 _TXFIFO	=	0x6080
                           006100   869 _SRC_ADDR_TABLE	=	0x6100
                           006160   870 _SRCRESMASK0	=	0x6160
                           006161   871 _SRCRESMASK1	=	0x6161
                           006162   872 _SRCRESMASK2	=	0x6162
                           006163   873 _SRCRESINDEX	=	0x6163
                           006164   874 _SRCEXTPENDEN0	=	0x6164
                           006165   875 _SRCEXTPENDEN1	=	0x6165
                           006166   876 _SRCEXTPENDEN2	=	0x6166
                           006167   877 _SRCSHORTPENDEN0	=	0x6167
                           006168   878 _SRCSHORTPENDEN1	=	0x6168
                           006169   879 _SRCSHORTPENDEN2	=	0x6169
                           00616A   880 _EXT_ADDR0	=	0x616a
                           00616B   881 _EXT_ADDR1	=	0x616b
                           00616C   882 _EXT_ADDR2	=	0x616c
                           00616D   883 _EXT_ADDR3	=	0x616d
                           00616E   884 _EXT_ADDR4	=	0x616e
                           00616F   885 _EXT_ADDR5	=	0x616f
                           006170   886 _EXT_ADDR6	=	0x6170
                           006171   887 _EXT_ADDR7	=	0x6171
                           006172   888 _PAN_ID0	=	0x6172
                           006173   889 _PAN_ID1	=	0x6173
                           006174   890 _SHORT_ADDR0	=	0x6174
                           006175   891 _SHORT_ADDR1	=	0x6175
                           006180   892 _FRMFILT0	=	0x6180
                           006181   893 _FRMFILT1	=	0x6181
                           006182   894 _SRCMATCH	=	0x6182
                           006183   895 _SRCSHORTEN0	=	0x6183
                           006184   896 _SRCSHORTEN1	=	0x6184
                           006185   897 _SRCSHORTEN2	=	0x6185
                           006186   898 _SRCEXTEN0	=	0x6186
                           006187   899 _SRCEXTEN1	=	0x6187
                           006188   900 _SRCEXTEN2	=	0x6188
                           006189   901 _FRMCTRL0	=	0x6189
                           00618A   902 _FRMCTRL1	=	0x618a
                           00618B   903 _RXENABLE	=	0x618b
                           00618C   904 _RXMASKSET	=	0x618c
                           00618D   905 _RXMASKCLR	=	0x618d
                           00618E   906 _FREQTUNE	=	0x618e
                           00618F   907 _FREQCTRL	=	0x618f
                           006190   908 _TXPOWER	=	0x6190
                           006191   909 _TXCTRL	=	0x6191
                           006192   910 _FSMSTAT0	=	0x6192
                           006193   911 _FSMSTAT1	=	0x6193
                           006194   912 _FIFOPCTRL	=	0x6194
                           006195   913 _FSMCTRL	=	0x6195
                           006196   914 _CCACTRL0	=	0x6196
                           006197   915 _CCACTRL1	=	0x6197
                           006198   916 _RSSI	=	0x6198
                           006199   917 _RSSISTAT	=	0x6199
                           00619A   918 _RXFIRST	=	0x619a
                           00619B   919 _RXFIFOCNT	=	0x619b
                           00619C   920 _TXFIFOCNT	=	0x619c
                           00619D   921 _RXFIRST_PTR	=	0x619d
                           00619E   922 _RXLAST_PTR	=	0x619e
                           00619F   923 _RXP1_PTR	=	0x619f
                           0061A1   924 _TXFIRST_PTR	=	0x61a1
                           0061A2   925 _TXLAST_PTR	=	0x61a2
                           0061A3   926 _RFIRQM0	=	0x61a3
                           0061A4   927 _RFIRQM1	=	0x61a4
                           0061A5   928 _RFERRM	=	0x61a5
                           0061A7   929 _RFRND	=	0x61a7
                           0061A8   930 _MDMCTRL0	=	0x61a8
                           0061A9   931 _MDMCTRL1	=	0x61a9
                           0061AA   932 _FREQEST	=	0x61aa
                           0061AB   933 _RXCTRL	=	0x61ab
                           0061AC   934 _FSCTRL	=	0x61ac
                           0061AD   935 _FSCAL0	=	0x61ad
                           0061AE   936 _FSCAL1	=	0x61ae
                           0061AF   937 _FSCAL2	=	0x61af
                           0061B0   938 _FSCAL3	=	0x61b0
                           0061B1   939 _AGCCTRL0	=	0x61b1
                           0061B2   940 _AGCCTRL1	=	0x61b2
                           0061B3   941 _AGCCTRL2	=	0x61b3
                           0061B4   942 _AGCCTRL3	=	0x61b4
                           0061B5   943 _ADCTEST0	=	0x61b5
                           0061B6   944 _ADCTEST1	=	0x61b6
                           0061B7   945 _ADCTEST2	=	0x61b7
                           0061B8   946 _MDMTEST0	=	0x61b8
                           0061B9   947 _MDMTEST1	=	0x61b9
                           0061BA   948 _DACTEST0	=	0x61ba
                           0061BB   949 _DACTEST1	=	0x61bb
                           0061BC   950 _DACTEST2	=	0x61bc
                           0061BD   951 _ATEST	=	0x61bd
                           0061BE   952 _PTEST0	=	0x61be
                           0061BF   953 _PTEST1	=	0x61bf
                           0061FA   954 _TXFILTCFG	=	0x61fa
                           0061EB   955 _RFC_OBS_CTRL0	=	0x61eb
                           0061EC   956 _RFC_OBS_CTRL1	=	0x61ec
                           0061ED   957 _RFC_OBS_CTRL2	=	0x61ed
                           0061C0   958 _CSPPROG0	=	0x61c0
                           0061C1   959 _CSPPROG1	=	0x61c1
                           0061C2   960 _CSPPROG2	=	0x61c2
                           0061C3   961 _CSPPROG3	=	0x61c3
                           0061C4   962 _CSPPROG4	=	0x61c4
                           0061C5   963 _CSPPROG5	=	0x61c5
                           0061C6   964 _CSPPROG6	=	0x61c6
                           0061C7   965 _CSPPROG7	=	0x61c7
                           0061C8   966 _CSPPROG8	=	0x61c8
                           0061C9   967 _CSPPROG9	=	0x61c9
                           0061CA   968 _CSPPROG10	=	0x61ca
                           0061CB   969 _CSPPROG11	=	0x61cb
                           0061CC   970 _CSPPROG12	=	0x61cc
                           0061CD   971 _CSPPROG13	=	0x61cd
                           0061CE   972 _CSPPROG14	=	0x61ce
                           0061CF   973 _CSPPROG15	=	0x61cf
                           0061D0   974 _CSPPROG16	=	0x61d0
                           0061D1   975 _CSPPROG17	=	0x61d1
                           0061D2   976 _CSPPROG18	=	0x61d2
                           0061D3   977 _CSPPROG19	=	0x61d3
                           0061D4   978 _CSPPROG20	=	0x61d4
                           0061D5   979 _CSPPROG21	=	0x61d5
                           0061D6   980 _CSPPROG22	=	0x61d6
                           0061D7   981 _CSPPROG23	=	0x61d7
                           0061E0   982 _CSPCTRL	=	0x61e0
                           0061E1   983 _CSPSTAT	=	0x61e1
                           0061E2   984 _CSPX	=	0x61e2
                           0061E3   985 _CSPY	=	0x61e3
                           0061E4   986 _CSPZ	=	0x61e4
                           0061E5   987 _CSPT	=	0x61e5
                           006200   988 _USBADDR	=	0x6200
                           006201   989 _USBPOW	=	0x6201
                           006202   990 _USBIIF	=	0x6202
                           006204   991 _USBOIF	=	0x6204
                           006206   992 _USBCIF	=	0x6206
                           006207   993 _USBIIE	=	0x6207
                           006209   994 _USBOIE	=	0x6209
                           00620B   995 _USBCIE	=	0x620b
                           00620C   996 _USBFRML	=	0x620c
                           00620D   997 _USBFRMH	=	0x620d
                           00620E   998 _USBINDEX	=	0x620e
                           00620F   999 _USBCTRL	=	0x620f
                           006210  1000 _USBMAXI	=	0x6210
                           006211  1001 _USBCS0	=	0x6211
                           006211  1002 _USBCSIL	=	0x6211
                           006212  1003 _USBCSIH	=	0x6212
                           006213  1004 _USBMAXO	=	0x6213
                           006214  1005 _USBCSOL	=	0x6214
                           006215  1006 _USBCSOH	=	0x6215
                           006216  1007 _USBCNT0	=	0x6216
                           006216  1008 _USBCNTL	=	0x6216
                           006217  1009 _USBCNTH	=	0x6217
                           006220  1010 _USBF0	=	0x6220
                           006222  1011 _USBF1	=	0x6222
                           006224  1012 _USBF2	=	0x6224
                           006226  1013 _USBF3	=	0x6226
                           006228  1014 _USBF4	=	0x6228
                           00622A  1015 _USBF5	=	0x622a
                           007080  1016 _X_P0	=	0x7080
                           007086  1017 _X_U0CSR	=	0x7086
                           007089  1018 _X_P0IFG	=	0x7089
                           00708A  1019 _X_P1IFG	=	0x708a
                           00708B  1020 _X_P2IFG	=	0x708b
                           00708C  1021 _X_PICTL	=	0x708c
                           00708D  1022 _X_P1IEN	=	0x708d
                           00708F  1023 _X_P0INP	=	0x708f
                           007090  1024 _X_P1	=	0x7090
                           007091  1025 _X_RFIRQF1	=	0x7091
                           007093  1026 _X_MPAGE	=	0x7093
                           007093  1027 _X__XPAGE	=	0x7093
                           007094  1028 _X_T2CTRL	=	0x7094
                           007095  1029 _X_ST0	=	0x7095
                           007096  1030 _X_ST1	=	0x7096
                           007097  1031 _X_ST2	=	0x7097
                           00709C  1032 _X_T2EVTCFG	=	0x709c
                           00709D  1033 _X_SLEEPSTA	=	0x709d
                           00709E  1034 _X_CLKCONSTA	=	0x709e
                           00709F  1035 _X_FMAP	=	0x709f
                           00709F  1036 _X_PSBANK	=	0x709f
                           0070A0  1037 _X_P2	=	0x70a0
                           0070A1  1038 _X_T2IRQF	=	0x70a1
                           0070A2  1039 _X_T2M0	=	0x70a2
                           0070A3  1040 _X_T2M1	=	0x70a3
                           0070A4  1041 _X_T2MOVF0	=	0x70a4
                           0070A5  1042 _X_T2MOVF1	=	0x70a5
                           0070A6  1043 _X_T2MOVF2	=	0x70a6
                           0070A7  1044 _X_T2IRQM	=	0x70a7
                           0070AB  1045 _X_P0IEN	=	0x70ab
                           0070AC  1046 _X_P2IEN	=	0x70ac
                           0070AD  1047 _X_STLOAD	=	0x70ad
                           0070AE  1048 _X_PMUX	=	0x70ae
                           0070AF  1049 _X_T1STAT	=	0x70af
                           0070B1  1050 _X_ENCDI	=	0x70b1
                           0070B2  1051 _X_ENCDO	=	0x70b2
                           0070B3  1052 _X_ENCCS	=	0x70b3
                           0070B4  1053 _X_ADCCON1	=	0x70b4
                           0070B5  1054 _X_ADCCON2	=	0x70b5
                           0070B6  1055 _X_ADCCON3	=	0x70b6
                           0070BA  1056 _X_ADCL	=	0x70ba
                           0070BB  1057 _X_ADCH	=	0x70bb
                           0070BC  1058 _X_RNDL	=	0x70bc
                           0070BD  1059 _X_RNDH	=	0x70bd
                           0070BE  1060 _X_SLEEPCMD	=	0x70be
                           0070BF  1061 _X_RFERRF	=	0x70bf
                           0070C1  1062 _X_U0DBUF	=	0x70c1
                           0070C2  1063 _X_U0BAUD	=	0x70c2
                           0070C3  1064 _X_T2MSEL	=	0x70c3
                           0070C4  1065 _X_U0UCR	=	0x70c4
                           0070C5  1066 _X_U0GCR	=	0x70c5
                           0070C6  1067 _X_CLKCONCMD	=	0x70c6
                           0070C7  1068 _X_MEMCTR	=	0x70c7
                           0070C9  1069 _X_WDCTL	=	0x70c9
                           0070CA  1070 _X_T3CNT	=	0x70ca
                           0070CB  1071 _X_T3CTL	=	0x70cb
                           0070CC  1072 _X_T3CCTL0	=	0x70cc
                           0070CD  1073 _X_T3CC0	=	0x70cd
                           0070CE  1074 _X_T3CCTL1	=	0x70ce
                           0070CF  1075 _X_T3CC1	=	0x70cf
                           0070D1  1076 _X_DMAIRQ	=	0x70d1
                           0070D2  1077 _X_DMA1CFGL	=	0x70d2
                           0070D3  1078 _X_DMA1CFGH	=	0x70d3
                           0070D4  1079 _X_DMA0CFGL	=	0x70d4
                           0070D5  1080 _X_DMA0CFGH	=	0x70d5
                           0070D6  1081 _X_DMAARM	=	0x70d6
                           0070D7  1082 _X_DMAREQ	=	0x70d7
                           0070D8  1083 _X_TIMIF	=	0x70d8
                           0070D9  1084 _X_RFD	=	0x70d9
                           0070DA  1085 _X_T1CC0L	=	0x70da
                           0070DB  1086 _X_T1CC0H	=	0x70db
                           0070DC  1087 _X_T1CC1L	=	0x70dc
                           0070DD  1088 _X_T1CC1H	=	0x70dd
                           0070DE  1089 _X_T1CC2L	=	0x70de
                           0070DF  1090 _X_T1CC2H	=	0x70df
                           0070E1  1091 _X_RFST	=	0x70e1
                           0070E2  1092 _X_T1CNTL	=	0x70e2
                           0070E3  1093 _X_T1CNTH	=	0x70e3
                           0070E4  1094 _X_T1CTL	=	0x70e4
                           0070E5  1095 _X_T1CCTL0	=	0x70e5
                           0070E6  1096 _X_T1CCTL1	=	0x70e6
                           0070E7  1097 _X_T1CCTL2	=	0x70e7
                           0070E9  1098 _X_RFIRQF0	=	0x70e9
                           0070EA  1099 _X_T4CNT	=	0x70ea
                           0070EB  1100 _X_T4CTL	=	0x70eb
                           0070EC  1101 _X_T4CCTL0	=	0x70ec
                           0070ED  1102 _X_T4CC0	=	0x70ed
                           0070EE  1103 _X_T4CCTL1	=	0x70ee
                           0070EF  1104 _X_T4CC1	=	0x70ef
                           0070F1  1105 _X_PERCFG	=	0x70f1
                           0070F2  1106 _X_APCFG	=	0x70f2
                           0070F3  1107 _X_P0SEL	=	0x70f3
                           0070F4  1108 _X_P1SEL	=	0x70f4
                           0070F5  1109 _X_P2SEL	=	0x70f5
                           0070F6  1110 _X_P1INP	=	0x70f6
                           0070F7  1111 _X_P2INP	=	0x70f7
                           0070F8  1112 _X_U1CSR	=	0x70f8
                           0070F9  1113 _X_U1DBUF	=	0x70f9
                           0070FA  1114 _X_U1BAUD	=	0x70fa
                           0070FB  1115 _X_U1UCR	=	0x70fb
                           0070FC  1116 _X_U1GCR	=	0x70fc
                           0070FD  1117 _X_P0DIR	=	0x70fd
                           0070FE  1118 _X_P1DIR	=	0x70fe
                           0070FF  1119 _X_P2DIR	=	0x70ff
                           007800  1120 _X_INFOPAGE	=	0x7800
                           00780C  1121 _X_IEEE_ADDR	=	0x780c
                                   1122 ;--------------------------------------------------------
                                   1123 ; absolute external ram data
                                   1124 ;--------------------------------------------------------
                                   1125 	.area XABS    (ABS,XDATA)
                                   1126 ;--------------------------------------------------------
                                   1127 ; external initialized ram data
                                   1128 ;--------------------------------------------------------
                                   1129 	.area XISEG   (XDATA)
      000000                       1130 _channel_list_list:
      000000                       1131 	.ds 3
      000003                       1132 _channel_list:
      000003                       1133 	.ds 3
                                   1134 	.area HOME    (CODE)
                                   1135 	.area GSINIT0 (CODE)
                                   1136 	.area GSINIT1 (CODE)
                                   1137 	.area GSINIT2 (CODE)
                                   1138 	.area GSINIT3 (CODE)
                                   1139 	.area GSINIT4 (CODE)
                                   1140 	.area GSINIT5 (CODE)
                                   1141 	.area GSINIT  (CODE)
                                   1142 	.area GSFINAL (CODE)
                                   1143 	.area CSEG    (CODE)
                                   1144 ;--------------------------------------------------------
                                   1145 ; global & static initialisations
                                   1146 ;--------------------------------------------------------
                                   1147 	.area HOME    (CODE)
                                   1148 	.area GSINIT  (CODE)
                                   1149 	.area GSFINAL (CODE)
                                   1150 	.area GSINIT  (CODE)
                                   1151 ;--------------------------------------------------------
                                   1152 ; Home
                                   1153 ;--------------------------------------------------------
                                   1154 	.area HOME    (CODE)
                                   1155 	.area HOME    (CODE)
                                   1156 ;--------------------------------------------------------
                                   1157 ; code
                                   1158 ;--------------------------------------------------------
                                   1159 	.area CSEG    (CODE)
                                   1160 ;------------------------------------------------------------
                                   1161 ;Allocation info for local variables in function 'channel_init'
                                   1162 ;------------------------------------------------------------
                                   1163 ;	../contiki-sensinode/core/net/rime/channel.c:48: channel_init(void)
                                   1164 ;	-----------------------------------------
                                   1165 ;	 function channel_init
                                   1166 ;	-----------------------------------------
      000000                       1167 _channel_init:
                           000007  1168 	ar7 = 0x07
                           000006  1169 	ar6 = 0x06
                           000005  1170 	ar5 = 0x05
                           000004  1171 	ar4 = 0x04
                           000003  1172 	ar3 = 0x03
                           000002  1173 	ar2 = 0x02
                           000001  1174 	ar1 = 0x01
                           000000  1175 	ar0 = 0x00
                                   1176 ;	../contiki-sensinode/core/net/rime/channel.c:50: list_init(channel_list);
      000000 90r00r03         [24] 1177 	mov	dptr,#_channel_list
      000003 E0               [24] 1178 	movx	a,@dptr
      000004 FD               [12] 1179 	mov	r5,a
      000005 A3               [24] 1180 	inc	dptr
      000006 E0               [24] 1181 	movx	a,@dptr
      000007 FE               [12] 1182 	mov	r6,a
      000008 A3               [24] 1183 	inc	dptr
      000009 E0               [24] 1184 	movx	a,@dptr
      00000A FF               [12] 1185 	mov	r7,a
      00000B 8D 82            [24] 1186 	mov	dpl,r5
      00000D 8E 83            [24] 1187 	mov	dph,r6
      00000F 8F F0            [24] 1188 	mov	b,r7
      000011 02r00r00         [24] 1189 	ljmp	_list_init
                                   1190 ;------------------------------------------------------------
                                   1191 ;Allocation info for local variables in function 'channel_set_attributes'
                                   1192 ;------------------------------------------------------------
                                   1193 ;attrlist                  Allocated to stack - sp -4
                                   1194 ;channelno                 Allocated to registers r6 r7 
                                   1195 ;c                         Allocated to registers r5 r6 r7 
                                   1196 ;------------------------------------------------------------
                                   1197 ;	../contiki-sensinode/core/net/rime/channel.c:54: channel_set_attributes(uint16_t channelno,
                                   1198 ;	-----------------------------------------
                                   1199 ;	 function channel_set_attributes
                                   1200 ;	-----------------------------------------
      000014                       1201 _channel_set_attributes:
                                   1202 ;	../contiki-sensinode/core/net/rime/channel.c:58: c = channel_lookup(channelno);
      000014 12r00rE3         [24] 1203 	lcall	_channel_lookup
      000017 AD 82            [24] 1204 	mov	r5,dpl
      000019 AE 83            [24] 1205 	mov	r6,dph
      00001B AF F0            [24] 1206 	mov	r7,b
                                   1207 ;	../contiki-sensinode/core/net/rime/channel.c:59: if(c != NULL) {
      00001D ED               [12] 1208 	mov	a,r5
      00001E 4E               [12] 1209 	orl	a,r6
      00001F 60 55            [24] 1210 	jz	00103$
                                   1211 ;	../contiki-sensinode/core/net/rime/channel.c:60: c->attrlist = attrlist;
      000021 74 05            [12] 1212 	mov	a,#0x05
      000023 2D               [12] 1213 	add	a,r5
      000024 FA               [12] 1214 	mov	r2,a
      000025 E4               [12] 1215 	clr	a
      000026 3E               [12] 1216 	addc	a,r6
      000027 FB               [12] 1217 	mov	r3,a
      000028 8F 04            [24] 1218 	mov	ar4,r7
      00002A 8A 82            [24] 1219 	mov	dpl,r2
      00002C 8B 83            [24] 1220 	mov	dph,r3
      00002E 8C F0            [24] 1221 	mov	b,r4
      000030 E5 81            [12] 1222 	mov	a,sp
      000032 24 FC            [12] 1223 	add	a,#0xfc
      000034 F8               [12] 1224 	mov	r0,a
      000035 E6               [12] 1225 	mov	a,@r0
      000036 12r00r00         [24] 1226 	lcall	__gptrput
      000039 A3               [24] 1227 	inc	dptr
      00003A 08               [12] 1228 	inc	r0
      00003B E6               [12] 1229 	mov	a,@r0
      00003C 12r00r00         [24] 1230 	lcall	__gptrput
      00003F A3               [24] 1231 	inc	dptr
      000040 08               [12] 1232 	inc	r0
      000041 E6               [12] 1233 	mov	a,@r0
      000042 12r00r00         [24] 1234 	lcall	__gptrput
                                   1235 ;	../contiki-sensinode/core/net/rime/channel.c:61: c->hdrsize = chameleon_hdrsize(attrlist);
      000045 74 08            [12] 1236 	mov	a,#0x08
      000047 2D               [12] 1237 	add	a,r5
      000048 FD               [12] 1238 	mov	r5,a
      000049 E4               [12] 1239 	clr	a
      00004A 3E               [12] 1240 	addc	a,r6
      00004B FE               [12] 1241 	mov	r6,a
      00004C E5 81            [12] 1242 	mov	a,sp
      00004E 24 FC            [12] 1243 	add	a,#0xfc
      000050 F8               [12] 1244 	mov	r0,a
      000051 86 82            [24] 1245 	mov	dpl,@r0
      000053 08               [12] 1246 	inc	r0
      000054 86 83            [24] 1247 	mov	dph,@r0
      000056 08               [12] 1248 	inc	r0
      000057 86 F0            [24] 1249 	mov	b,@r0
      000059 C0 07            [24] 1250 	push	ar7
      00005B C0 06            [24] 1251 	push	ar6
      00005D C0 05            [24] 1252 	push	ar5
      00005F 12r00r00         [24] 1253 	lcall	_chameleon_hdrsize
      000062 AB 82            [24] 1254 	mov	r3,dpl
      000064 AC 83            [24] 1255 	mov	r4,dph
      000066 D0 05            [24] 1256 	pop	ar5
      000068 D0 06            [24] 1257 	pop	ar6
      00006A D0 07            [24] 1258 	pop	ar7
      00006C 8D 82            [24] 1259 	mov	dpl,r5
      00006E 8E 83            [24] 1260 	mov	dph,r6
      000070 8F F0            [24] 1261 	mov	b,r7
      000072 EB               [12] 1262 	mov	a,r3
      000073 02r00r00         [24] 1263 	ljmp	__gptrput
      000076                       1264 00103$:
      000076 22               [24] 1265 	ret
                                   1266 ;------------------------------------------------------------
                                   1267 ;Allocation info for local variables in function 'channel_open'
                                   1268 ;------------------------------------------------------------
                                   1269 ;channelno                 Allocated to stack - sp -3
                                   1270 ;c                         Allocated to registers r5 r6 r7 
                                   1271 ;------------------------------------------------------------
                                   1272 ;	../contiki-sensinode/core/net/rime/channel.c:66: channel_open(struct channel *c, uint16_t channelno)
                                   1273 ;	-----------------------------------------
                                   1274 ;	 function channel_open
                                   1275 ;	-----------------------------------------
      000077                       1276 _channel_open:
      000077 AD 82            [24] 1277 	mov	r5,dpl
      000079 AE 83            [24] 1278 	mov	r6,dph
      00007B AF F0            [24] 1279 	mov	r7,b
                                   1280 ;	../contiki-sensinode/core/net/rime/channel.c:68: c->channelno = channelno;
      00007D 74 03            [12] 1281 	mov	a,#0x03
      00007F 2D               [12] 1282 	add	a,r5
      000080 FA               [12] 1283 	mov	r2,a
      000081 E4               [12] 1284 	clr	a
      000082 3E               [12] 1285 	addc	a,r6
      000083 FB               [12] 1286 	mov	r3,a
      000084 8F 04            [24] 1287 	mov	ar4,r7
      000086 8A 82            [24] 1288 	mov	dpl,r2
      000088 8B 83            [24] 1289 	mov	dph,r3
      00008A 8C F0            [24] 1290 	mov	b,r4
      00008C E5 81            [12] 1291 	mov	a,sp
      00008E 24 FD            [12] 1292 	add	a,#0xfd
      000090 F8               [12] 1293 	mov	r0,a
      000091 E6               [12] 1294 	mov	a,@r0
      000092 12r00r00         [24] 1295 	lcall	__gptrput
      000095 A3               [24] 1296 	inc	dptr
      000096 08               [12] 1297 	inc	r0
      000097 E6               [12] 1298 	mov	a,@r0
      000098 12r00r00         [24] 1299 	lcall	__gptrput
                                   1300 ;	../contiki-sensinode/core/net/rime/channel.c:69: list_add(channel_list, c);
      00009B 90r00r03         [24] 1301 	mov	dptr,#_channel_list
      00009E E0               [24] 1302 	movx	a,@dptr
      00009F FA               [12] 1303 	mov	r2,a
      0000A0 A3               [24] 1304 	inc	dptr
      0000A1 E0               [24] 1305 	movx	a,@dptr
      0000A2 FB               [12] 1306 	mov	r3,a
      0000A3 A3               [24] 1307 	inc	dptr
      0000A4 E0               [24] 1308 	movx	a,@dptr
      0000A5 FC               [12] 1309 	mov	r4,a
      0000A6 C0 05            [24] 1310 	push	ar5
      0000A8 C0 06            [24] 1311 	push	ar6
      0000AA C0 07            [24] 1312 	push	ar7
      0000AC 8A 82            [24] 1313 	mov	dpl,r2
      0000AE 8B 83            [24] 1314 	mov	dph,r3
      0000B0 8C F0            [24] 1315 	mov	b,r4
      0000B2 12r00r00         [24] 1316 	lcall	_list_add
      0000B5 15 81            [12] 1317 	dec	sp
      0000B7 15 81            [12] 1318 	dec	sp
      0000B9 15 81            [12] 1319 	dec	sp
      0000BB 22               [24] 1320 	ret
                                   1321 ;------------------------------------------------------------
                                   1322 ;Allocation info for local variables in function 'channel_close'
                                   1323 ;------------------------------------------------------------
                                   1324 ;c                         Allocated to registers r5 r6 r7 
                                   1325 ;------------------------------------------------------------
                                   1326 ;	../contiki-sensinode/core/net/rime/channel.c:73: channel_close(struct channel *c)
                                   1327 ;	-----------------------------------------
                                   1328 ;	 function channel_close
                                   1329 ;	-----------------------------------------
      0000BC                       1330 _channel_close:
      0000BC AD 82            [24] 1331 	mov	r5,dpl
      0000BE AE 83            [24] 1332 	mov	r6,dph
      0000C0 AF F0            [24] 1333 	mov	r7,b
                                   1334 ;	../contiki-sensinode/core/net/rime/channel.c:75: list_remove(channel_list, c);
      0000C2 90r00r03         [24] 1335 	mov	dptr,#_channel_list
      0000C5 E0               [24] 1336 	movx	a,@dptr
      0000C6 FA               [12] 1337 	mov	r2,a
      0000C7 A3               [24] 1338 	inc	dptr
      0000C8 E0               [24] 1339 	movx	a,@dptr
      0000C9 FB               [12] 1340 	mov	r3,a
      0000CA A3               [24] 1341 	inc	dptr
      0000CB E0               [24] 1342 	movx	a,@dptr
      0000CC FC               [12] 1343 	mov	r4,a
      0000CD C0 05            [24] 1344 	push	ar5
      0000CF C0 06            [24] 1345 	push	ar6
      0000D1 C0 07            [24] 1346 	push	ar7
      0000D3 8A 82            [24] 1347 	mov	dpl,r2
      0000D5 8B 83            [24] 1348 	mov	dph,r3
      0000D7 8C F0            [24] 1349 	mov	b,r4
      0000D9 12r00r00         [24] 1350 	lcall	_list_remove
      0000DC 15 81            [12] 1351 	dec	sp
      0000DE 15 81            [12] 1352 	dec	sp
      0000E0 15 81            [12] 1353 	dec	sp
      0000E2 22               [24] 1354 	ret
                                   1355 ;------------------------------------------------------------
                                   1356 ;Allocation info for local variables in function 'channel_lookup'
                                   1357 ;------------------------------------------------------------
                                   1358 ;channelno                 Allocated to stack - sp -1
                                   1359 ;c                         Allocated to registers r3 r4 r5 
                                   1360 ;------------------------------------------------------------
                                   1361 ;	../contiki-sensinode/core/net/rime/channel.c:79: channel_lookup(uint16_t channelno)
                                   1362 ;	-----------------------------------------
                                   1363 ;	 function channel_lookup
                                   1364 ;	-----------------------------------------
      0000E3                       1365 _channel_lookup:
      0000E3 C0 82            [24] 1366 	push	dpl
      0000E5 C0 83            [24] 1367 	push	dph
                                   1368 ;	../contiki-sensinode/core/net/rime/channel.c:82: for(c = list_head(channel_list); c != NULL; c = list_item_next(c)) {
      0000E7 90r00r03         [24] 1369 	mov	dptr,#_channel_list
      0000EA E0               [24] 1370 	movx	a,@dptr
      0000EB FB               [12] 1371 	mov	r3,a
      0000EC A3               [24] 1372 	inc	dptr
      0000ED E0               [24] 1373 	movx	a,@dptr
      0000EE FC               [12] 1374 	mov	r4,a
      0000EF A3               [24] 1375 	inc	dptr
      0000F0 E0               [24] 1376 	movx	a,@dptr
      0000F1 FD               [12] 1377 	mov	r5,a
      0000F2 8B 82            [24] 1378 	mov	dpl,r3
      0000F4 8C 83            [24] 1379 	mov	dph,r4
      0000F6 8D F0            [24] 1380 	mov	b,r5
      0000F8 12r00r00         [24] 1381 	lcall	_list_head
      0000FB AB 82            [24] 1382 	mov	r3,dpl
      0000FD AC 83            [24] 1383 	mov	r4,dph
      0000FF AD F0            [24] 1384 	mov	r5,b
      000101                       1385 00105$:
      000101 E4               [12] 1386 	clr	a
      000102 C0 E0            [24] 1387 	push	acc
      000104 C0 E0            [24] 1388 	push	acc
      000106 C0 E0            [24] 1389 	push	acc
      000108 8B 82            [24] 1390 	mov	dpl,r3
      00010A 8C 83            [24] 1391 	mov	dph,r4
      00010C 8D F0            [24] 1392 	mov	b,r5
      00010E 12r00r00         [24] 1393 	lcall	___gptr_cmp
      000111 15 81            [12] 1394 	dec	sp
      000113 15 81            [12] 1395 	dec	sp
      000115 15 81            [12] 1396 	dec	sp
      000117 60 4D            [24] 1397 	jz	00103$
                                   1398 ;	../contiki-sensinode/core/net/rime/channel.c:83: if(c->channelno == channelno) {
      000119 74 03            [12] 1399 	mov	a,#0x03
      00011B 2B               [12] 1400 	add	a,r3
      00011C FA               [12] 1401 	mov	r2,a
      00011D E4               [12] 1402 	clr	a
      00011E 3C               [12] 1403 	addc	a,r4
      00011F FE               [12] 1404 	mov	r6,a
      000120 8D 07            [24] 1405 	mov	ar7,r5
      000122 8A 82            [24] 1406 	mov	dpl,r2
      000124 8E 83            [24] 1407 	mov	dph,r6
      000126 8F F0            [24] 1408 	mov	b,r7
      000128 12r00r00         [24] 1409 	lcall	__gptrget
      00012B FA               [12] 1410 	mov	r2,a
      00012C A3               [24] 1411 	inc	dptr
      00012D 12r00r00         [24] 1412 	lcall	__gptrget
      000130 FE               [12] 1413 	mov	r6,a
      000131 A8 81            [24] 1414 	mov	r0,sp
      000133 18               [12] 1415 	dec	r0
      000134 E6               [12] 1416 	mov	a,@r0
      000135 B5 02 07         [24] 1417 	cjne	a,ar2,00119$
      000138 08               [12] 1418 	inc	r0
      000139 E6               [12] 1419 	mov	a,@r0
      00013A B5 06 02         [24] 1420 	cjne	a,ar6,00119$
      00013D 80 02            [24] 1421 	sjmp	00120$
      00013F                       1422 00119$:
      00013F 80 08            [24] 1423 	sjmp	00106$
      000141                       1424 00120$:
                                   1425 ;	../contiki-sensinode/core/net/rime/channel.c:84: return c;
      000141 8B 82            [24] 1426 	mov	dpl,r3
      000143 8C 83            [24] 1427 	mov	dph,r4
      000145 8D F0            [24] 1428 	mov	b,r5
      000147 80 23            [24] 1429 	sjmp	00107$
      000149                       1430 00106$:
                                   1431 ;	../contiki-sensinode/core/net/rime/channel.c:82: for(c = list_head(channel_list); c != NULL; c = list_item_next(c)) {
      000149 8B 02            [24] 1432 	mov	ar2,r3
      00014B 8C 06            [24] 1433 	mov	ar6,r4
      00014D 8D 07            [24] 1434 	mov	ar7,r5
      00014F 8A 82            [24] 1435 	mov	dpl,r2
      000151 8E 83            [24] 1436 	mov	dph,r6
      000153 8F F0            [24] 1437 	mov	b,r7
      000155 12r00r00         [24] 1438 	lcall	_list_item_next
      000158 AA 82            [24] 1439 	mov	r2,dpl
      00015A AE 83            [24] 1440 	mov	r6,dph
      00015C AF F0            [24] 1441 	mov	r7,b
      00015E 8A 03            [24] 1442 	mov	ar3,r2
      000160 8E 04            [24] 1443 	mov	ar4,r6
      000162 8F 05            [24] 1444 	mov	ar5,r7
      000164 80 9B            [24] 1445 	sjmp	00105$
      000166                       1446 00103$:
                                   1447 ;	../contiki-sensinode/core/net/rime/channel.c:87: return NULL;
      000166 90 00 00         [24] 1448 	mov	dptr,#0x0000
      000169 75 F0 00         [24] 1449 	mov	b,#0x00
      00016C                       1450 00107$:
      00016C 15 81            [12] 1451 	dec	sp
      00016E 15 81            [12] 1452 	dec	sp
      000170 22               [24] 1453 	ret
                                   1454 	.area CSEG    (CODE)
                                   1455 	.area CONST   (CODE)
                                   1456 	.area XINIT   (CODE)
      000000                       1457 __xinit__channel_list_list:
                                   1458 ; generic printIvalPtr
      000000 00 00 00              1459 	.byte #0x00,#0x00,#0x00
      000003                       1460 __xinit__channel_list:
      000003r00s00 00              1461 	.byte _channel_list_list,(_channel_list_list >> 8),#0x00
                                   1462 	.area CABS    (ABS,CODE)
