                                      1 ;--------------------------------------------------------
                                      2 ; File Created by SDCC : free open source ANSI-C Compiler
                                      3 ; Version 3.4.0 #8981 (Oct 24 2015) (Linux)
                                      4 ; This file was generated Sun Oct 25 01:52:22 2015
                                      5 ;--------------------------------------------------------
                                      6 	.module clock
                                      7 	.optsdcc -mmcs51 --model-large
                                      8 	
                                      9 ;--------------------------------------------------------
                                     10 ; Public variables in this module
                                     11 ;--------------------------------------------------------
                                     12 	.globl _clock_isr
                                     13 	.globl _ACTIVE
                                     14 	.globl _TX_BYTE
                                     15 	.globl _RX_BYTE
                                     16 	.globl _ERR
                                     17 	.globl _FE
                                     18 	.globl _SLAVE
                                     19 	.globl _RE
                                     20 	.globl _MODE
                                     21 	.globl _T3OVFIF
                                     22 	.globl _T3CH0IF
                                     23 	.globl _T3CH1IF
                                     24 	.globl _T4OVFIF
                                     25 	.globl _T4CH0IF
                                     26 	.globl _T4CH1IF
                                     27 	.globl _OVFIM
                                     28 	.globl _B_0
                                     29 	.globl _B_1
                                     30 	.globl _B_2
                                     31 	.globl _B_3
                                     32 	.globl _B_4
                                     33 	.globl _B_5
                                     34 	.globl _B_6
                                     35 	.globl _B_7
                                     36 	.globl _P2IF
                                     37 	.globl _UTX0IF
                                     38 	.globl _UTX1IF
                                     39 	.globl _P1IF
                                     40 	.globl _WDTIF
                                     41 	.globl _ACC_0
                                     42 	.globl _ACC_1
                                     43 	.globl _ACC_2
                                     44 	.globl _ACC_3
                                     45 	.globl _ACC_4
                                     46 	.globl _ACC_5
                                     47 	.globl _ACC_6
                                     48 	.globl _ACC_7
                                     49 	.globl _P
                                     50 	.globl _F1
                                     51 	.globl _OV
                                     52 	.globl _RS0
                                     53 	.globl _RS1
                                     54 	.globl _F0
                                     55 	.globl _AC
                                     56 	.globl _CY
                                     57 	.globl _DMAIF
                                     58 	.globl _T1IF
                                     59 	.globl _T2IF
                                     60 	.globl _T3IF
                                     61 	.globl _T4IF
                                     62 	.globl _P0IF
                                     63 	.globl _STIF
                                     64 	.globl _DMAIE
                                     65 	.globl _T1IE
                                     66 	.globl _T2IE
                                     67 	.globl _T3IE
                                     68 	.globl _T4IE
                                     69 	.globl _P0IE
                                     70 	.globl _RFERRIE
                                     71 	.globl _ADCIE
                                     72 	.globl _URX0IE
                                     73 	.globl _URX1IE
                                     74 	.globl _ENCIE
                                     75 	.globl _STIE
                                     76 	.globl _EA
                                     77 	.globl _P2_0
                                     78 	.globl _P2_1
                                     79 	.globl _P2_2
                                     80 	.globl _P2_3
                                     81 	.globl _P2_4
                                     82 	.globl _P2_5
                                     83 	.globl _P2_6
                                     84 	.globl _P2_7
                                     85 	.globl _ENCIF_0
                                     86 	.globl _ENCIF_1
                                     87 	.globl _P1_0
                                     88 	.globl _P1_1
                                     89 	.globl _P1_2
                                     90 	.globl _P1_3
                                     91 	.globl _P1_4
                                     92 	.globl _P1_5
                                     93 	.globl _P1_6
                                     94 	.globl _P1_7
                                     95 	.globl _IT0
                                     96 	.globl _RFERRIF
                                     97 	.globl _IT1
                                     98 	.globl _URX0IF
                                     99 	.globl _ADCIF
                                    100 	.globl _URX1IF
                                    101 	.globl _P0_0
                                    102 	.globl _P0_1
                                    103 	.globl _P0_2
                                    104 	.globl _P0_3
                                    105 	.globl _P0_4
                                    106 	.globl _P0_5
                                    107 	.globl _P0_6
                                    108 	.globl _P0_7
                                    109 	.globl _WDCTL
                                    110 	.globl _U1GCR
                                    111 	.globl _U1UCR
                                    112 	.globl _U1BAUD
                                    113 	.globl _U1DBUF
                                    114 	.globl _U1CSR
                                    115 	.globl _U0GCR
                                    116 	.globl _U0UCR
                                    117 	.globl _U0BAUD
                                    118 	.globl _U0DBUF
                                    119 	.globl _U0CSR
                                    120 	.globl _TIMIF
                                    121 	.globl _T4CC1
                                    122 	.globl _T4CCTL1
                                    123 	.globl _T4CC0
                                    124 	.globl _T4CCTL0
                                    125 	.globl _T4CTL
                                    126 	.globl _T4CNT
                                    127 	.globl _T3CC1
                                    128 	.globl _T3CCTL1
                                    129 	.globl _T3CC0
                                    130 	.globl _T3CCTL0
                                    131 	.globl _T3CTL
                                    132 	.globl _T3CNT
                                    133 	.globl _T2MSEL
                                    134 	.globl _T2IRQM
                                    135 	.globl _T2MOVF2
                                    136 	.globl _T2MOVF1
                                    137 	.globl _T2MOVF0
                                    138 	.globl _T2M1
                                    139 	.globl _T2M0
                                    140 	.globl _T2IRQF
                                    141 	.globl _T2EVTCFG
                                    142 	.globl _T2CTRL
                                    143 	.globl _T1STAT
                                    144 	.globl _T1CCTL2
                                    145 	.globl _T1CCTL1
                                    146 	.globl _T1CCTL0
                                    147 	.globl _T1CTL
                                    148 	.globl _T1CNTH
                                    149 	.globl _T1CNTL
                                    150 	.globl _T1CC2H
                                    151 	.globl _T1CC2L
                                    152 	.globl _T1CC1H
                                    153 	.globl _T1CC1L
                                    154 	.globl _T1CC0H
                                    155 	.globl _T1CC0L
                                    156 	.globl _CLKCONSTA
                                    157 	.globl _CLKCONCMD
                                    158 	.globl _SLEEPSTA
                                    159 	.globl _SLEEPCMD
                                    160 	.globl _STLOAD
                                    161 	.globl _ST2
                                    162 	.globl _ST1
                                    163 	.globl _ST0
                                    164 	.globl _RFERRF
                                    165 	.globl _RFIRQF0
                                    166 	.globl _RFST
                                    167 	.globl _RFD
                                    168 	.globl _RFIRQF1
                                    169 	.globl _PSBANK
                                    170 	.globl _FMAP
                                    171 	.globl _MEMCTR
                                    172 	.globl __XPAGE
                                    173 	.globl _MPAGE
                                    174 	.globl _PMUX
                                    175 	.globl _P2DIR
                                    176 	.globl _P1DIR
                                    177 	.globl _P0DIR
                                    178 	.globl _P2INP
                                    179 	.globl _P1INP
                                    180 	.globl _P2SEL
                                    181 	.globl _P1SEL
                                    182 	.globl _P0SEL
                                    183 	.globl _APCFG
                                    184 	.globl _PERCFG
                                    185 	.globl _P0INP
                                    186 	.globl _P2IEN
                                    187 	.globl _P1IEN
                                    188 	.globl _P0IEN
                                    189 	.globl _PICTL
                                    190 	.globl _P2IFG
                                    191 	.globl _P1IFG
                                    192 	.globl _P0IFG
                                    193 	.globl _DMAREQ
                                    194 	.globl _DMAARM
                                    195 	.globl _DMA0CFGH
                                    196 	.globl _DMA0CFGL
                                    197 	.globl _DMA1CFGH
                                    198 	.globl _DMA1CFGL
                                    199 	.globl _DMAIRQ
                                    200 	.globl _ENCCS
                                    201 	.globl _ENCDO
                                    202 	.globl _ENCDI
                                    203 	.globl _RNDH
                                    204 	.globl _RNDL
                                    205 	.globl _ADCH
                                    206 	.globl _ADCL
                                    207 	.globl _ADCCON3
                                    208 	.globl _ADCCON2
                                    209 	.globl _ADCCON1
                                    210 	.globl _B
                                    211 	.globl _IRCON2
                                    212 	.globl _ACC
                                    213 	.globl _PSW
                                    214 	.globl _IRCON
                                    215 	.globl _IP1
                                    216 	.globl _IEN1
                                    217 	.globl _IP0
                                    218 	.globl _IEN0
                                    219 	.globl _P2
                                    220 	.globl _S1CON
                                    221 	.globl _IEN2
                                    222 	.globl _S0CON
                                    223 	.globl _DPS
                                    224 	.globl _P1
                                    225 	.globl _TCON
                                    226 	.globl _PCON
                                    227 	.globl _DPH1
                                    228 	.globl _DPL1
                                    229 	.globl _DPH0
                                    230 	.globl _DPL0
                                    231 	.globl _SP
                                    232 	.globl _P0
                                    233 	.globl _sleep_flag
                                    234 	.globl _X_IEEE_ADDR
                                    235 	.globl _X_INFOPAGE
                                    236 	.globl _X_P2DIR
                                    237 	.globl _X_P1DIR
                                    238 	.globl _X_P0DIR
                                    239 	.globl _X_U1GCR
                                    240 	.globl _X_U1UCR
                                    241 	.globl _X_U1BAUD
                                    242 	.globl _X_U1DBUF
                                    243 	.globl _X_U1CSR
                                    244 	.globl _X_P2INP
                                    245 	.globl _X_P1INP
                                    246 	.globl _X_P2SEL
                                    247 	.globl _X_P1SEL
                                    248 	.globl _X_P0SEL
                                    249 	.globl _X_APCFG
                                    250 	.globl _X_PERCFG
                                    251 	.globl _X_T4CC1
                                    252 	.globl _X_T4CCTL1
                                    253 	.globl _X_T4CC0
                                    254 	.globl _X_T4CCTL0
                                    255 	.globl _X_T4CTL
                                    256 	.globl _X_T4CNT
                                    257 	.globl _X_RFIRQF0
                                    258 	.globl _X_T1CCTL2
                                    259 	.globl _X_T1CCTL1
                                    260 	.globl _X_T1CCTL0
                                    261 	.globl _X_T1CTL
                                    262 	.globl _X_T1CNTH
                                    263 	.globl _X_T1CNTL
                                    264 	.globl _X_RFST
                                    265 	.globl _X_T1CC2H
                                    266 	.globl _X_T1CC2L
                                    267 	.globl _X_T1CC1H
                                    268 	.globl _X_T1CC1L
                                    269 	.globl _X_T1CC0H
                                    270 	.globl _X_T1CC0L
                                    271 	.globl _X_RFD
                                    272 	.globl _X_TIMIF
                                    273 	.globl _X_DMAREQ
                                    274 	.globl _X_DMAARM
                                    275 	.globl _X_DMA0CFGH
                                    276 	.globl _X_DMA0CFGL
                                    277 	.globl _X_DMA1CFGH
                                    278 	.globl _X_DMA1CFGL
                                    279 	.globl _X_DMAIRQ
                                    280 	.globl _X_T3CC1
                                    281 	.globl _X_T3CCTL1
                                    282 	.globl _X_T3CC0
                                    283 	.globl _X_T3CCTL0
                                    284 	.globl _X_T3CTL
                                    285 	.globl _X_T3CNT
                                    286 	.globl _X_WDCTL
                                    287 	.globl _X_MEMCTR
                                    288 	.globl _X_CLKCONCMD
                                    289 	.globl _X_U0GCR
                                    290 	.globl _X_U0UCR
                                    291 	.globl _X_T2MSEL
                                    292 	.globl _X_U0BAUD
                                    293 	.globl _X_U0DBUF
                                    294 	.globl _X_RFERRF
                                    295 	.globl _X_SLEEPCMD
                                    296 	.globl _X_RNDH
                                    297 	.globl _X_RNDL
                                    298 	.globl _X_ADCH
                                    299 	.globl _X_ADCL
                                    300 	.globl _X_ADCCON3
                                    301 	.globl _X_ADCCON2
                                    302 	.globl _X_ADCCON1
                                    303 	.globl _X_ENCCS
                                    304 	.globl _X_ENCDO
                                    305 	.globl _X_ENCDI
                                    306 	.globl _X_T1STAT
                                    307 	.globl _X_PMUX
                                    308 	.globl _X_STLOAD
                                    309 	.globl _X_P2IEN
                                    310 	.globl _X_P0IEN
                                    311 	.globl _X_T2IRQM
                                    312 	.globl _X_T2MOVF2
                                    313 	.globl _X_T2MOVF1
                                    314 	.globl _X_T2MOVF0
                                    315 	.globl _X_T2M1
                                    316 	.globl _X_T2M0
                                    317 	.globl _X_T2IRQF
                                    318 	.globl _X_P2
                                    319 	.globl _X_PSBANK
                                    320 	.globl _X_FMAP
                                    321 	.globl _X_CLKCONSTA
                                    322 	.globl _X_SLEEPSTA
                                    323 	.globl _X_T2EVTCFG
                                    324 	.globl _X_ST2
                                    325 	.globl _X_ST1
                                    326 	.globl _X_ST0
                                    327 	.globl _X_T2CTRL
                                    328 	.globl _X__XPAGE
                                    329 	.globl _X_MPAGE
                                    330 	.globl _X_RFIRQF1
                                    331 	.globl _X_P1
                                    332 	.globl _X_P0INP
                                    333 	.globl _X_P1IEN
                                    334 	.globl _X_PICTL
                                    335 	.globl _X_P2IFG
                                    336 	.globl _X_P1IFG
                                    337 	.globl _X_P0IFG
                                    338 	.globl _X_U0CSR
                                    339 	.globl _X_P0
                                    340 	.globl _USBF5
                                    341 	.globl _USBF4
                                    342 	.globl _USBF3
                                    343 	.globl _USBF2
                                    344 	.globl _USBF1
                                    345 	.globl _USBF0
                                    346 	.globl _USBCNTH
                                    347 	.globl _USBCNTL
                                    348 	.globl _USBCNT0
                                    349 	.globl _USBCSOH
                                    350 	.globl _USBCSOL
                                    351 	.globl _USBMAXO
                                    352 	.globl _USBCSIH
                                    353 	.globl _USBCSIL
                                    354 	.globl _USBCS0
                                    355 	.globl _USBMAXI
                                    356 	.globl _USBCTRL
                                    357 	.globl _USBINDEX
                                    358 	.globl _USBFRMH
                                    359 	.globl _USBFRML
                                    360 	.globl _USBCIE
                                    361 	.globl _USBOIE
                                    362 	.globl _USBIIE
                                    363 	.globl _USBCIF
                                    364 	.globl _USBOIF
                                    365 	.globl _USBIIF
                                    366 	.globl _USBPOW
                                    367 	.globl _USBADDR
                                    368 	.globl _CSPT
                                    369 	.globl _CSPZ
                                    370 	.globl _CSPY
                                    371 	.globl _CSPX
                                    372 	.globl _CSPSTAT
                                    373 	.globl _CSPCTRL
                                    374 	.globl _CSPPROG23
                                    375 	.globl _CSPPROG22
                                    376 	.globl _CSPPROG21
                                    377 	.globl _CSPPROG20
                                    378 	.globl _CSPPROG19
                                    379 	.globl _CSPPROG18
                                    380 	.globl _CSPPROG17
                                    381 	.globl _CSPPROG16
                                    382 	.globl _CSPPROG15
                                    383 	.globl _CSPPROG14
                                    384 	.globl _CSPPROG13
                                    385 	.globl _CSPPROG12
                                    386 	.globl _CSPPROG11
                                    387 	.globl _CSPPROG10
                                    388 	.globl _CSPPROG9
                                    389 	.globl _CSPPROG8
                                    390 	.globl _CSPPROG7
                                    391 	.globl _CSPPROG6
                                    392 	.globl _CSPPROG5
                                    393 	.globl _CSPPROG4
                                    394 	.globl _CSPPROG3
                                    395 	.globl _CSPPROG2
                                    396 	.globl _CSPPROG1
                                    397 	.globl _CSPPROG0
                                    398 	.globl _RFC_OBS_CTRL2
                                    399 	.globl _RFC_OBS_CTRL1
                                    400 	.globl _RFC_OBS_CTRL0
                                    401 	.globl _TXFILTCFG
                                    402 	.globl _PTEST1
                                    403 	.globl _PTEST0
                                    404 	.globl _ATEST
                                    405 	.globl _DACTEST2
                                    406 	.globl _DACTEST1
                                    407 	.globl _DACTEST0
                                    408 	.globl _MDMTEST1
                                    409 	.globl _MDMTEST0
                                    410 	.globl _ADCTEST2
                                    411 	.globl _ADCTEST1
                                    412 	.globl _ADCTEST0
                                    413 	.globl _AGCCTRL3
                                    414 	.globl _AGCCTRL2
                                    415 	.globl _AGCCTRL1
                                    416 	.globl _AGCCTRL0
                                    417 	.globl _FSCAL3
                                    418 	.globl _FSCAL2
                                    419 	.globl _FSCAL1
                                    420 	.globl _FSCAL0
                                    421 	.globl _FSCTRL
                                    422 	.globl _RXCTRL
                                    423 	.globl _FREQEST
                                    424 	.globl _MDMCTRL1
                                    425 	.globl _MDMCTRL0
                                    426 	.globl _RFRND
                                    427 	.globl _RFERRM
                                    428 	.globl _RFIRQM1
                                    429 	.globl _RFIRQM0
                                    430 	.globl _TXLAST_PTR
                                    431 	.globl _TXFIRST_PTR
                                    432 	.globl _RXP1_PTR
                                    433 	.globl _RXLAST_PTR
                                    434 	.globl _RXFIRST_PTR
                                    435 	.globl _TXFIFOCNT
                                    436 	.globl _RXFIFOCNT
                                    437 	.globl _RXFIRST
                                    438 	.globl _RSSISTAT
                                    439 	.globl _RSSI
                                    440 	.globl _CCACTRL1
                                    441 	.globl _CCACTRL0
                                    442 	.globl _FSMCTRL
                                    443 	.globl _FIFOPCTRL
                                    444 	.globl _FSMSTAT1
                                    445 	.globl _FSMSTAT0
                                    446 	.globl _TXCTRL
                                    447 	.globl _TXPOWER
                                    448 	.globl _FREQCTRL
                                    449 	.globl _FREQTUNE
                                    450 	.globl _RXMASKCLR
                                    451 	.globl _RXMASKSET
                                    452 	.globl _RXENABLE
                                    453 	.globl _FRMCTRL1
                                    454 	.globl _FRMCTRL0
                                    455 	.globl _SRCEXTEN2
                                    456 	.globl _SRCEXTEN1
                                    457 	.globl _SRCEXTEN0
                                    458 	.globl _SRCSHORTEN2
                                    459 	.globl _SRCSHORTEN1
                                    460 	.globl _SRCSHORTEN0
                                    461 	.globl _SRCMATCH
                                    462 	.globl _FRMFILT1
                                    463 	.globl _FRMFILT0
                                    464 	.globl _SHORT_ADDR1
                                    465 	.globl _SHORT_ADDR0
                                    466 	.globl _PAN_ID1
                                    467 	.globl _PAN_ID0
                                    468 	.globl _EXT_ADDR7
                                    469 	.globl _EXT_ADDR6
                                    470 	.globl _EXT_ADDR5
                                    471 	.globl _EXT_ADDR4
                                    472 	.globl _EXT_ADDR3
                                    473 	.globl _EXT_ADDR2
                                    474 	.globl _EXT_ADDR1
                                    475 	.globl _EXT_ADDR0
                                    476 	.globl _SRCSHORTPENDEN2
                                    477 	.globl _SRCSHORTPENDEN1
                                    478 	.globl _SRCSHORTPENDEN0
                                    479 	.globl _SRCEXTPENDEN2
                                    480 	.globl _SRCEXTPENDEN1
                                    481 	.globl _SRCEXTPENDEN0
                                    482 	.globl _SRCRESINDEX
                                    483 	.globl _SRCRESMASK2
                                    484 	.globl _SRCRESMASK1
                                    485 	.globl _SRCRESMASK0
                                    486 	.globl _SRC_ADDR_TABLE
                                    487 	.globl _TXFIFO
                                    488 	.globl _RXFIFO
                                    489 	.globl _RFCORE_RAM
                                    490 	.globl _CMPCTL
                                    491 	.globl _OPAMPS
                                    492 	.globl _OPAMPC
                                    493 	.globl _STCV2
                                    494 	.globl _STCV1
                                    495 	.globl _STCV0
                                    496 	.globl _STCS
                                    497 	.globl _STCC
                                    498 	.globl _T1CC4H
                                    499 	.globl _T1CC4L
                                    500 	.globl _T1CC3H
                                    501 	.globl _T1CC3L
                                    502 	.globl _XX_T1CC2H
                                    503 	.globl _XX_T1CC2L
                                    504 	.globl _XX_T1CC1H
                                    505 	.globl _XX_T1CC1L
                                    506 	.globl _XX_T1CC0H
                                    507 	.globl _XX_T1CC0L
                                    508 	.globl _T1CCTL4
                                    509 	.globl _T1CCTL3
                                    510 	.globl _XX_T1CCTL2
                                    511 	.globl _XX_T1CCTL1
                                    512 	.globl _XX_T1CCTL0
                                    513 	.globl _CLD
                                    514 	.globl _IRCTL
                                    515 	.globl _CHIPINFO1
                                    516 	.globl _CHIPINFO0
                                    517 	.globl _FWDATA
                                    518 	.globl _FADDRH
                                    519 	.globl _FADDRL
                                    520 	.globl _FCTL
                                    521 	.globl _IVCTRL
                                    522 	.globl _BATTMON
                                    523 	.globl _SRCRC
                                    524 	.globl _DBGDATA
                                    525 	.globl _TESTREG0
                                    526 	.globl _CHIPID
                                    527 	.globl _CHVER
                                    528 	.globl _OBSSEL5
                                    529 	.globl _OBSSEL4
                                    530 	.globl _OBSSEL3
                                    531 	.globl _OBSSEL2
                                    532 	.globl _OBSSEL1
                                    533 	.globl _OBSSEL0
                                    534 	.globl _I2CIO
                                    535 	.globl _I2CWC
                                    536 	.globl _I2CADDR
                                    537 	.globl _I2CDATA
                                    538 	.globl _I2CSTAT
                                    539 	.globl _I2CCFG
                                    540 	.globl _OPAMPMC
                                    541 	.globl _MONMUX
                                    542 	.globl _clock_delay_usec
                                    543 	.globl _clock_wait
                                    544 	.globl _clock_time
                                    545 	.globl _clock_seconds
                                    546 	.globl _clock_init
                                    547 ;--------------------------------------------------------
                                    548 ; special function registers
                                    549 ;--------------------------------------------------------
                                    550 	.area RSEG    (ABS,DATA)
      000000                        551 	.org 0x0000
                           000080   552 _P0	=	0x0080
                           000081   553 _SP	=	0x0081
                           000082   554 _DPL0	=	0x0082
                           000083   555 _DPH0	=	0x0083
                           000084   556 _DPL1	=	0x0084
                           000085   557 _DPH1	=	0x0085
                           000087   558 _PCON	=	0x0087
                           000088   559 _TCON	=	0x0088
                           000090   560 _P1	=	0x0090
                           000092   561 _DPS	=	0x0092
                           000098   562 _S0CON	=	0x0098
                           00009A   563 _IEN2	=	0x009a
                           00009B   564 _S1CON	=	0x009b
                           0000A0   565 _P2	=	0x00a0
                           0000A8   566 _IEN0	=	0x00a8
                           0000A9   567 _IP0	=	0x00a9
                           0000B8   568 _IEN1	=	0x00b8
                           0000B9   569 _IP1	=	0x00b9
                           0000C0   570 _IRCON	=	0x00c0
                           0000D0   571 _PSW	=	0x00d0
                           0000E0   572 _ACC	=	0x00e0
                           0000E8   573 _IRCON2	=	0x00e8
                           0000F0   574 _B	=	0x00f0
                           0000B4   575 _ADCCON1	=	0x00b4
                           0000B5   576 _ADCCON2	=	0x00b5
                           0000B6   577 _ADCCON3	=	0x00b6
                           0000BA   578 _ADCL	=	0x00ba
                           0000BB   579 _ADCH	=	0x00bb
                           0000BC   580 _RNDL	=	0x00bc
                           0000BD   581 _RNDH	=	0x00bd
                           0000B1   582 _ENCDI	=	0x00b1
                           0000B2   583 _ENCDO	=	0x00b2
                           0000B3   584 _ENCCS	=	0x00b3
                           0000D1   585 _DMAIRQ	=	0x00d1
                           0000D2   586 _DMA1CFGL	=	0x00d2
                           0000D3   587 _DMA1CFGH	=	0x00d3
                           0000D4   588 _DMA0CFGL	=	0x00d4
                           0000D5   589 _DMA0CFGH	=	0x00d5
                           0000D6   590 _DMAARM	=	0x00d6
                           0000D7   591 _DMAREQ	=	0x00d7
                           000089   592 _P0IFG	=	0x0089
                           00008A   593 _P1IFG	=	0x008a
                           00008B   594 _P2IFG	=	0x008b
                           00008C   595 _PICTL	=	0x008c
                           0000AB   596 _P0IEN	=	0x00ab
                           00008D   597 _P1IEN	=	0x008d
                           0000AC   598 _P2IEN	=	0x00ac
                           00008F   599 _P0INP	=	0x008f
                           0000F1   600 _PERCFG	=	0x00f1
                           0000F2   601 _APCFG	=	0x00f2
                           0000F3   602 _P0SEL	=	0x00f3
                           0000F4   603 _P1SEL	=	0x00f4
                           0000F5   604 _P2SEL	=	0x00f5
                           0000F6   605 _P1INP	=	0x00f6
                           0000F7   606 _P2INP	=	0x00f7
                           0000FD   607 _P0DIR	=	0x00fd
                           0000FE   608 _P1DIR	=	0x00fe
                           0000FF   609 _P2DIR	=	0x00ff
                           0000AE   610 _PMUX	=	0x00ae
                           000093   611 _MPAGE	=	0x0093
                           000093   612 __XPAGE	=	0x0093
                           0000C7   613 _MEMCTR	=	0x00c7
                           00009F   614 _FMAP	=	0x009f
                           00009F   615 _PSBANK	=	0x009f
                           000091   616 _RFIRQF1	=	0x0091
                           0000D9   617 _RFD	=	0x00d9
                           0000E1   618 _RFST	=	0x00e1
                           0000E9   619 _RFIRQF0	=	0x00e9
                           0000BF   620 _RFERRF	=	0x00bf
                           000095   621 _ST0	=	0x0095
                           000096   622 _ST1	=	0x0096
                           000097   623 _ST2	=	0x0097
                           0000AD   624 _STLOAD	=	0x00ad
                           0000BE   625 _SLEEPCMD	=	0x00be
                           00009D   626 _SLEEPSTA	=	0x009d
                           0000C6   627 _CLKCONCMD	=	0x00c6
                           00009E   628 _CLKCONSTA	=	0x009e
                           0000DA   629 _T1CC0L	=	0x00da
                           0000DB   630 _T1CC0H	=	0x00db
                           0000DC   631 _T1CC1L	=	0x00dc
                           0000DD   632 _T1CC1H	=	0x00dd
                           0000DE   633 _T1CC2L	=	0x00de
                           0000DF   634 _T1CC2H	=	0x00df
                           0000E2   635 _T1CNTL	=	0x00e2
                           0000E3   636 _T1CNTH	=	0x00e3
                           0000E4   637 _T1CTL	=	0x00e4
                           0000E5   638 _T1CCTL0	=	0x00e5
                           0000E6   639 _T1CCTL1	=	0x00e6
                           0000E7   640 _T1CCTL2	=	0x00e7
                           0000AF   641 _T1STAT	=	0x00af
                           000094   642 _T2CTRL	=	0x0094
                           00009C   643 _T2EVTCFG	=	0x009c
                           0000A1   644 _T2IRQF	=	0x00a1
                           0000A2   645 _T2M0	=	0x00a2
                           0000A3   646 _T2M1	=	0x00a3
                           0000A4   647 _T2MOVF0	=	0x00a4
                           0000A5   648 _T2MOVF1	=	0x00a5
                           0000A6   649 _T2MOVF2	=	0x00a6
                           0000A7   650 _T2IRQM	=	0x00a7
                           0000C3   651 _T2MSEL	=	0x00c3
                           0000CA   652 _T3CNT	=	0x00ca
                           0000CB   653 _T3CTL	=	0x00cb
                           0000CC   654 _T3CCTL0	=	0x00cc
                           0000CD   655 _T3CC0	=	0x00cd
                           0000CE   656 _T3CCTL1	=	0x00ce
                           0000CF   657 _T3CC1	=	0x00cf
                           0000EA   658 _T4CNT	=	0x00ea
                           0000EB   659 _T4CTL	=	0x00eb
                           0000EC   660 _T4CCTL0	=	0x00ec
                           0000ED   661 _T4CC0	=	0x00ed
                           0000EE   662 _T4CCTL1	=	0x00ee
                           0000EF   663 _T4CC1	=	0x00ef
                           0000D8   664 _TIMIF	=	0x00d8
                           000086   665 _U0CSR	=	0x0086
                           0000C1   666 _U0DBUF	=	0x00c1
                           0000C2   667 _U0BAUD	=	0x00c2
                           0000C4   668 _U0UCR	=	0x00c4
                           0000C5   669 _U0GCR	=	0x00c5
                           0000F8   670 _U1CSR	=	0x00f8
                           0000F9   671 _U1DBUF	=	0x00f9
                           0000FA   672 _U1BAUD	=	0x00fa
                           0000FB   673 _U1UCR	=	0x00fb
                           0000FC   674 _U1GCR	=	0x00fc
                           0000C9   675 _WDCTL	=	0x00c9
                                    676 ;--------------------------------------------------------
                                    677 ; special function bits
                                    678 ;--------------------------------------------------------
                                    679 	.area RSEG    (ABS,DATA)
      000000                        680 	.org 0x0000
                           000087   681 _P0_7	=	0x0087
                           000086   682 _P0_6	=	0x0086
                           000085   683 _P0_5	=	0x0085
                           000084   684 _P0_4	=	0x0084
                           000083   685 _P0_3	=	0x0083
                           000082   686 _P0_2	=	0x0082
                           000081   687 _P0_1	=	0x0081
                           000080   688 _P0_0	=	0x0080
                           00008F   689 _URX1IF	=	0x008f
                           00008D   690 _ADCIF	=	0x008d
                           00008B   691 _URX0IF	=	0x008b
                           00008A   692 _IT1	=	0x008a
                           000089   693 _RFERRIF	=	0x0089
                           000088   694 _IT0	=	0x0088
                           000097   695 _P1_7	=	0x0097
                           000096   696 _P1_6	=	0x0096
                           000095   697 _P1_5	=	0x0095
                           000094   698 _P1_4	=	0x0094
                           000093   699 _P1_3	=	0x0093
                           000092   700 _P1_2	=	0x0092
                           000091   701 _P1_1	=	0x0091
                           000090   702 _P1_0	=	0x0090
                           000099   703 _ENCIF_1	=	0x0099
                           000098   704 _ENCIF_0	=	0x0098
                           0000A7   705 _P2_7	=	0x00a7
                           0000A6   706 _P2_6	=	0x00a6
                           0000A5   707 _P2_5	=	0x00a5
                           0000A4   708 _P2_4	=	0x00a4
                           0000A3   709 _P2_3	=	0x00a3
                           0000A2   710 _P2_2	=	0x00a2
                           0000A1   711 _P2_1	=	0x00a1
                           0000A0   712 _P2_0	=	0x00a0
                           0000AF   713 _EA	=	0x00af
                           0000AD   714 _STIE	=	0x00ad
                           0000AC   715 _ENCIE	=	0x00ac
                           0000AB   716 _URX1IE	=	0x00ab
                           0000AA   717 _URX0IE	=	0x00aa
                           0000A9   718 _ADCIE	=	0x00a9
                           0000A8   719 _RFERRIE	=	0x00a8
                           0000BD   720 _P0IE	=	0x00bd
                           0000BC   721 _T4IE	=	0x00bc
                           0000BB   722 _T3IE	=	0x00bb
                           0000BA   723 _T2IE	=	0x00ba
                           0000B9   724 _T1IE	=	0x00b9
                           0000B8   725 _DMAIE	=	0x00b8
                           0000C7   726 _STIF	=	0x00c7
                           0000C5   727 _P0IF	=	0x00c5
                           0000C4   728 _T4IF	=	0x00c4
                           0000C3   729 _T3IF	=	0x00c3
                           0000C2   730 _T2IF	=	0x00c2
                           0000C1   731 _T1IF	=	0x00c1
                           0000C0   732 _DMAIF	=	0x00c0
                           0000D7   733 _CY	=	0x00d7
                           0000D6   734 _AC	=	0x00d6
                           0000D5   735 _F0	=	0x00d5
                           0000D4   736 _RS1	=	0x00d4
                           0000D3   737 _RS0	=	0x00d3
                           0000D2   738 _OV	=	0x00d2
                           0000D1   739 _F1	=	0x00d1
                           0000D0   740 _P	=	0x00d0
                           0000E7   741 _ACC_7	=	0x00e7
                           0000E6   742 _ACC_6	=	0x00e6
                           0000E5   743 _ACC_5	=	0x00e5
                           0000E4   744 _ACC_4	=	0x00e4
                           0000E3   745 _ACC_3	=	0x00e3
                           0000E2   746 _ACC_2	=	0x00e2
                           0000E1   747 _ACC_1	=	0x00e1
                           0000E0   748 _ACC_0	=	0x00e0
                           0000EC   749 _WDTIF	=	0x00ec
                           0000EB   750 _P1IF	=	0x00eb
                           0000EA   751 _UTX1IF	=	0x00ea
                           0000E9   752 _UTX0IF	=	0x00e9
                           0000E8   753 _P2IF	=	0x00e8
                           0000F7   754 _B_7	=	0x00f7
                           0000F6   755 _B_6	=	0x00f6
                           0000F5   756 _B_5	=	0x00f5
                           0000F4   757 _B_4	=	0x00f4
                           0000F3   758 _B_3	=	0x00f3
                           0000F2   759 _B_2	=	0x00f2
                           0000F1   760 _B_1	=	0x00f1
                           0000F0   761 _B_0	=	0x00f0
                           0000DE   762 _OVFIM	=	0x00de
                           0000DD   763 _T4CH1IF	=	0x00dd
                           0000DC   764 _T4CH0IF	=	0x00dc
                           0000DB   765 _T4OVFIF	=	0x00db
                           0000DA   766 _T3CH1IF	=	0x00da
                           0000D9   767 _T3CH0IF	=	0x00d9
                           0000D8   768 _T3OVFIF	=	0x00d8
                           0000FF   769 _MODE	=	0x00ff
                           0000FE   770 _RE	=	0x00fe
                           0000FD   771 _SLAVE	=	0x00fd
                           0000FC   772 _FE	=	0x00fc
                           0000FB   773 _ERR	=	0x00fb
                           0000FA   774 _RX_BYTE	=	0x00fa
                           0000F9   775 _TX_BYTE	=	0x00f9
                           0000F8   776 _ACTIVE	=	0x00f8
                                    777 ;--------------------------------------------------------
                                    778 ; overlayable register banks
                                    779 ;--------------------------------------------------------
                                    780 	.area REG_BANK_0	(REL,OVR,DATA)
      000000                        781 	.ds 8
                                    782 ;--------------------------------------------------------
                                    783 ; internal ram data
                                    784 ;--------------------------------------------------------
                                    785 	.area DSEG    (DATA)
      000000                        786 _count:
      000000                        787 	.ds 2
      000002                        788 _seconds:
      000002                        789 	.ds 2
                                    790 ;--------------------------------------------------------
                                    791 ; overlayable items in internal ram 
                                    792 ;--------------------------------------------------------
                                    793 ;--------------------------------------------------------
                                    794 ; indirectly addressable internal ram data
                                    795 ;--------------------------------------------------------
                                    796 	.area ISEG    (DATA)
                                    797 ;--------------------------------------------------------
                                    798 ; absolute internal ram data
                                    799 ;--------------------------------------------------------
                                    800 	.area IABS    (ABS,DATA)
                                    801 	.area IABS    (ABS,DATA)
                                    802 ;--------------------------------------------------------
                                    803 ; bit data
                                    804 ;--------------------------------------------------------
                                    805 	.area BSEG    (BIT)
                                    806 ;--------------------------------------------------------
                                    807 ; paged external ram data
                                    808 ;--------------------------------------------------------
                                    809 	.area PSEG    (PAG,XDATA)
                                    810 ;--------------------------------------------------------
                                    811 ; external ram data
                                    812 ;--------------------------------------------------------
                                    813 	.area XSEG    (XDATA)
                           0061A6   814 _MONMUX	=	0x61a6
                           0061A6   815 _OPAMPMC	=	0x61a6
                           006230   816 _I2CCFG	=	0x6230
                           006231   817 _I2CSTAT	=	0x6231
                           006232   818 _I2CDATA	=	0x6232
                           006233   819 _I2CADDR	=	0x6233
                           006234   820 _I2CWC	=	0x6234
                           006235   821 _I2CIO	=	0x6235
                           006243   822 _OBSSEL0	=	0x6243
                           006244   823 _OBSSEL1	=	0x6244
                           006245   824 _OBSSEL2	=	0x6245
                           006246   825 _OBSSEL3	=	0x6246
                           006247   826 _OBSSEL4	=	0x6247
                           006248   827 _OBSSEL5	=	0x6248
                           006249   828 _CHVER	=	0x6249
                           00624A   829 _CHIPID	=	0x624a
                           00624B   830 _TESTREG0	=	0x624b
                           006260   831 _DBGDATA	=	0x6260
                           006262   832 _SRCRC	=	0x6262
                           006264   833 _BATTMON	=	0x6264
                           006265   834 _IVCTRL	=	0x6265
                           006270   835 _FCTL	=	0x6270
                           006271   836 _FADDRL	=	0x6271
                           006272   837 _FADDRH	=	0x6272
                           006273   838 _FWDATA	=	0x6273
                           006276   839 _CHIPINFO0	=	0x6276
                           006277   840 _CHIPINFO1	=	0x6277
                           006281   841 _IRCTL	=	0x6281
                           006290   842 _CLD	=	0x6290
                           0062A0   843 _XX_T1CCTL0	=	0x62a0
                           0062A1   844 _XX_T1CCTL1	=	0x62a1
                           0062A2   845 _XX_T1CCTL2	=	0x62a2
                           0062A3   846 _T1CCTL3	=	0x62a3
                           0062A4   847 _T1CCTL4	=	0x62a4
                           0062A6   848 _XX_T1CC0L	=	0x62a6
                           0062A7   849 _XX_T1CC0H	=	0x62a7
                           0062A8   850 _XX_T1CC1L	=	0x62a8
                           0062A9   851 _XX_T1CC1H	=	0x62a9
                           0062AA   852 _XX_T1CC2L	=	0x62aa
                           0062AB   853 _XX_T1CC2H	=	0x62ab
                           0062AC   854 _T1CC3L	=	0x62ac
                           0062AD   855 _T1CC3H	=	0x62ad
                           0062AE   856 _T1CC4L	=	0x62ae
                           0062AF   857 _T1CC4H	=	0x62af
                           0062B0   858 _STCC	=	0x62b0
                           0062B1   859 _STCS	=	0x62b1
                           0062B2   860 _STCV0	=	0x62b2
                           0062B3   861 _STCV1	=	0x62b3
                           0062B4   862 _STCV2	=	0x62b4
                           0062C0   863 _OPAMPC	=	0x62c0
                           0062C1   864 _OPAMPS	=	0x62c1
                           0062D0   865 _CMPCTL	=	0x62d0
                           006000   866 _RFCORE_RAM	=	0x6000
                           006000   867 _RXFIFO	=	0x6000
                           006080   868 _TXFIFO	=	0x6080
                           006100   869 _SRC_ADDR_TABLE	=	0x6100
                           006160   870 _SRCRESMASK0	=	0x6160
                           006161   871 _SRCRESMASK1	=	0x6161
                           006162   872 _SRCRESMASK2	=	0x6162
                           006163   873 _SRCRESINDEX	=	0x6163
                           006164   874 _SRCEXTPENDEN0	=	0x6164
                           006165   875 _SRCEXTPENDEN1	=	0x6165
                           006166   876 _SRCEXTPENDEN2	=	0x6166
                           006167   877 _SRCSHORTPENDEN0	=	0x6167
                           006168   878 _SRCSHORTPENDEN1	=	0x6168
                           006169   879 _SRCSHORTPENDEN2	=	0x6169
                           00616A   880 _EXT_ADDR0	=	0x616a
                           00616B   881 _EXT_ADDR1	=	0x616b
                           00616C   882 _EXT_ADDR2	=	0x616c
                           00616D   883 _EXT_ADDR3	=	0x616d
                           00616E   884 _EXT_ADDR4	=	0x616e
                           00616F   885 _EXT_ADDR5	=	0x616f
                           006170   886 _EXT_ADDR6	=	0x6170
                           006171   887 _EXT_ADDR7	=	0x6171
                           006172   888 _PAN_ID0	=	0x6172
                           006173   889 _PAN_ID1	=	0x6173
                           006174   890 _SHORT_ADDR0	=	0x6174
                           006175   891 _SHORT_ADDR1	=	0x6175
                           006180   892 _FRMFILT0	=	0x6180
                           006181   893 _FRMFILT1	=	0x6181
                           006182   894 _SRCMATCH	=	0x6182
                           006183   895 _SRCSHORTEN0	=	0x6183
                           006184   896 _SRCSHORTEN1	=	0x6184
                           006185   897 _SRCSHORTEN2	=	0x6185
                           006186   898 _SRCEXTEN0	=	0x6186
                           006187   899 _SRCEXTEN1	=	0x6187
                           006188   900 _SRCEXTEN2	=	0x6188
                           006189   901 _FRMCTRL0	=	0x6189
                           00618A   902 _FRMCTRL1	=	0x618a
                           00618B   903 _RXENABLE	=	0x618b
                           00618C   904 _RXMASKSET	=	0x618c
                           00618D   905 _RXMASKCLR	=	0x618d
                           00618E   906 _FREQTUNE	=	0x618e
                           00618F   907 _FREQCTRL	=	0x618f
                           006190   908 _TXPOWER	=	0x6190
                           006191   909 _TXCTRL	=	0x6191
                           006192   910 _FSMSTAT0	=	0x6192
                           006193   911 _FSMSTAT1	=	0x6193
                           006194   912 _FIFOPCTRL	=	0x6194
                           006195   913 _FSMCTRL	=	0x6195
                           006196   914 _CCACTRL0	=	0x6196
                           006197   915 _CCACTRL1	=	0x6197
                           006198   916 _RSSI	=	0x6198
                           006199   917 _RSSISTAT	=	0x6199
                           00619A   918 _RXFIRST	=	0x619a
                           00619B   919 _RXFIFOCNT	=	0x619b
                           00619C   920 _TXFIFOCNT	=	0x619c
                           00619D   921 _RXFIRST_PTR	=	0x619d
                           00619E   922 _RXLAST_PTR	=	0x619e
                           00619F   923 _RXP1_PTR	=	0x619f
                           0061A1   924 _TXFIRST_PTR	=	0x61a1
                           0061A2   925 _TXLAST_PTR	=	0x61a2
                           0061A3   926 _RFIRQM0	=	0x61a3
                           0061A4   927 _RFIRQM1	=	0x61a4
                           0061A5   928 _RFERRM	=	0x61a5
                           0061A7   929 _RFRND	=	0x61a7
                           0061A8   930 _MDMCTRL0	=	0x61a8
                           0061A9   931 _MDMCTRL1	=	0x61a9
                           0061AA   932 _FREQEST	=	0x61aa
                           0061AB   933 _RXCTRL	=	0x61ab
                           0061AC   934 _FSCTRL	=	0x61ac
                           0061AD   935 _FSCAL0	=	0x61ad
                           0061AE   936 _FSCAL1	=	0x61ae
                           0061AF   937 _FSCAL2	=	0x61af
                           0061B0   938 _FSCAL3	=	0x61b0
                           0061B1   939 _AGCCTRL0	=	0x61b1
                           0061B2   940 _AGCCTRL1	=	0x61b2
                           0061B3   941 _AGCCTRL2	=	0x61b3
                           0061B4   942 _AGCCTRL3	=	0x61b4
                           0061B5   943 _ADCTEST0	=	0x61b5
                           0061B6   944 _ADCTEST1	=	0x61b6
                           0061B7   945 _ADCTEST2	=	0x61b7
                           0061B8   946 _MDMTEST0	=	0x61b8
                           0061B9   947 _MDMTEST1	=	0x61b9
                           0061BA   948 _DACTEST0	=	0x61ba
                           0061BB   949 _DACTEST1	=	0x61bb
                           0061BC   950 _DACTEST2	=	0x61bc
                           0061BD   951 _ATEST	=	0x61bd
                           0061BE   952 _PTEST0	=	0x61be
                           0061BF   953 _PTEST1	=	0x61bf
                           0061FA   954 _TXFILTCFG	=	0x61fa
                           0061EB   955 _RFC_OBS_CTRL0	=	0x61eb
                           0061EC   956 _RFC_OBS_CTRL1	=	0x61ec
                           0061ED   957 _RFC_OBS_CTRL2	=	0x61ed
                           0061C0   958 _CSPPROG0	=	0x61c0
                           0061C1   959 _CSPPROG1	=	0x61c1
                           0061C2   960 _CSPPROG2	=	0x61c2
                           0061C3   961 _CSPPROG3	=	0x61c3
                           0061C4   962 _CSPPROG4	=	0x61c4
                           0061C5   963 _CSPPROG5	=	0x61c5
                           0061C6   964 _CSPPROG6	=	0x61c6
                           0061C7   965 _CSPPROG7	=	0x61c7
                           0061C8   966 _CSPPROG8	=	0x61c8
                           0061C9   967 _CSPPROG9	=	0x61c9
                           0061CA   968 _CSPPROG10	=	0x61ca
                           0061CB   969 _CSPPROG11	=	0x61cb
                           0061CC   970 _CSPPROG12	=	0x61cc
                           0061CD   971 _CSPPROG13	=	0x61cd
                           0061CE   972 _CSPPROG14	=	0x61ce
                           0061CF   973 _CSPPROG15	=	0x61cf
                           0061D0   974 _CSPPROG16	=	0x61d0
                           0061D1   975 _CSPPROG17	=	0x61d1
                           0061D2   976 _CSPPROG18	=	0x61d2
                           0061D3   977 _CSPPROG19	=	0x61d3
                           0061D4   978 _CSPPROG20	=	0x61d4
                           0061D5   979 _CSPPROG21	=	0x61d5
                           0061D6   980 _CSPPROG22	=	0x61d6
                           0061D7   981 _CSPPROG23	=	0x61d7
                           0061E0   982 _CSPCTRL	=	0x61e0
                           0061E1   983 _CSPSTAT	=	0x61e1
                           0061E2   984 _CSPX	=	0x61e2
                           0061E3   985 _CSPY	=	0x61e3
                           0061E4   986 _CSPZ	=	0x61e4
                           0061E5   987 _CSPT	=	0x61e5
                           006200   988 _USBADDR	=	0x6200
                           006201   989 _USBPOW	=	0x6201
                           006202   990 _USBIIF	=	0x6202
                           006204   991 _USBOIF	=	0x6204
                           006206   992 _USBCIF	=	0x6206
                           006207   993 _USBIIE	=	0x6207
                           006209   994 _USBOIE	=	0x6209
                           00620B   995 _USBCIE	=	0x620b
                           00620C   996 _USBFRML	=	0x620c
                           00620D   997 _USBFRMH	=	0x620d
                           00620E   998 _USBINDEX	=	0x620e
                           00620F   999 _USBCTRL	=	0x620f
                           006210  1000 _USBMAXI	=	0x6210
                           006211  1001 _USBCS0	=	0x6211
                           006211  1002 _USBCSIL	=	0x6211
                           006212  1003 _USBCSIH	=	0x6212
                           006213  1004 _USBMAXO	=	0x6213
                           006214  1005 _USBCSOL	=	0x6214
                           006215  1006 _USBCSOH	=	0x6215
                           006216  1007 _USBCNT0	=	0x6216
                           006216  1008 _USBCNTL	=	0x6216
                           006217  1009 _USBCNTH	=	0x6217
                           006220  1010 _USBF0	=	0x6220
                           006222  1011 _USBF1	=	0x6222
                           006224  1012 _USBF2	=	0x6224
                           006226  1013 _USBF3	=	0x6226
                           006228  1014 _USBF4	=	0x6228
                           00622A  1015 _USBF5	=	0x622a
                           007080  1016 _X_P0	=	0x7080
                           007086  1017 _X_U0CSR	=	0x7086
                           007089  1018 _X_P0IFG	=	0x7089
                           00708A  1019 _X_P1IFG	=	0x708a
                           00708B  1020 _X_P2IFG	=	0x708b
                           00708C  1021 _X_PICTL	=	0x708c
                           00708D  1022 _X_P1IEN	=	0x708d
                           00708F  1023 _X_P0INP	=	0x708f
                           007090  1024 _X_P1	=	0x7090
                           007091  1025 _X_RFIRQF1	=	0x7091
                           007093  1026 _X_MPAGE	=	0x7093
                           007093  1027 _X__XPAGE	=	0x7093
                           007094  1028 _X_T2CTRL	=	0x7094
                           007095  1029 _X_ST0	=	0x7095
                           007096  1030 _X_ST1	=	0x7096
                           007097  1031 _X_ST2	=	0x7097
                           00709C  1032 _X_T2EVTCFG	=	0x709c
                           00709D  1033 _X_SLEEPSTA	=	0x709d
                           00709E  1034 _X_CLKCONSTA	=	0x709e
                           00709F  1035 _X_FMAP	=	0x709f
                           00709F  1036 _X_PSBANK	=	0x709f
                           0070A0  1037 _X_P2	=	0x70a0
                           0070A1  1038 _X_T2IRQF	=	0x70a1
                           0070A2  1039 _X_T2M0	=	0x70a2
                           0070A3  1040 _X_T2M1	=	0x70a3
                           0070A4  1041 _X_T2MOVF0	=	0x70a4
                           0070A5  1042 _X_T2MOVF1	=	0x70a5
                           0070A6  1043 _X_T2MOVF2	=	0x70a6
                           0070A7  1044 _X_T2IRQM	=	0x70a7
                           0070AB  1045 _X_P0IEN	=	0x70ab
                           0070AC  1046 _X_P2IEN	=	0x70ac
                           0070AD  1047 _X_STLOAD	=	0x70ad
                           0070AE  1048 _X_PMUX	=	0x70ae
                           0070AF  1049 _X_T1STAT	=	0x70af
                           0070B1  1050 _X_ENCDI	=	0x70b1
                           0070B2  1051 _X_ENCDO	=	0x70b2
                           0070B3  1052 _X_ENCCS	=	0x70b3
                           0070B4  1053 _X_ADCCON1	=	0x70b4
                           0070B5  1054 _X_ADCCON2	=	0x70b5
                           0070B6  1055 _X_ADCCON3	=	0x70b6
                           0070BA  1056 _X_ADCL	=	0x70ba
                           0070BB  1057 _X_ADCH	=	0x70bb
                           0070BC  1058 _X_RNDL	=	0x70bc
                           0070BD  1059 _X_RNDH	=	0x70bd
                           0070BE  1060 _X_SLEEPCMD	=	0x70be
                           0070BF  1061 _X_RFERRF	=	0x70bf
                           0070C1  1062 _X_U0DBUF	=	0x70c1
                           0070C2  1063 _X_U0BAUD	=	0x70c2
                           0070C3  1064 _X_T2MSEL	=	0x70c3
                           0070C4  1065 _X_U0UCR	=	0x70c4
                           0070C5  1066 _X_U0GCR	=	0x70c5
                           0070C6  1067 _X_CLKCONCMD	=	0x70c6
                           0070C7  1068 _X_MEMCTR	=	0x70c7
                           0070C9  1069 _X_WDCTL	=	0x70c9
                           0070CA  1070 _X_T3CNT	=	0x70ca
                           0070CB  1071 _X_T3CTL	=	0x70cb
                           0070CC  1072 _X_T3CCTL0	=	0x70cc
                           0070CD  1073 _X_T3CC0	=	0x70cd
                           0070CE  1074 _X_T3CCTL1	=	0x70ce
                           0070CF  1075 _X_T3CC1	=	0x70cf
                           0070D1  1076 _X_DMAIRQ	=	0x70d1
                           0070D2  1077 _X_DMA1CFGL	=	0x70d2
                           0070D3  1078 _X_DMA1CFGH	=	0x70d3
                           0070D4  1079 _X_DMA0CFGL	=	0x70d4
                           0070D5  1080 _X_DMA0CFGH	=	0x70d5
                           0070D6  1081 _X_DMAARM	=	0x70d6
                           0070D7  1082 _X_DMAREQ	=	0x70d7
                           0070D8  1083 _X_TIMIF	=	0x70d8
                           0070D9  1084 _X_RFD	=	0x70d9
                           0070DA  1085 _X_T1CC0L	=	0x70da
                           0070DB  1086 _X_T1CC0H	=	0x70db
                           0070DC  1087 _X_T1CC1L	=	0x70dc
                           0070DD  1088 _X_T1CC1H	=	0x70dd
                           0070DE  1089 _X_T1CC2L	=	0x70de
                           0070DF  1090 _X_T1CC2H	=	0x70df
                           0070E1  1091 _X_RFST	=	0x70e1
                           0070E2  1092 _X_T1CNTL	=	0x70e2
                           0070E3  1093 _X_T1CNTH	=	0x70e3
                           0070E4  1094 _X_T1CTL	=	0x70e4
                           0070E5  1095 _X_T1CCTL0	=	0x70e5
                           0070E6  1096 _X_T1CCTL1	=	0x70e6
                           0070E7  1097 _X_T1CCTL2	=	0x70e7
                           0070E9  1098 _X_RFIRQF0	=	0x70e9
                           0070EA  1099 _X_T4CNT	=	0x70ea
                           0070EB  1100 _X_T4CTL	=	0x70eb
                           0070EC  1101 _X_T4CCTL0	=	0x70ec
                           0070ED  1102 _X_T4CC0	=	0x70ed
                           0070EE  1103 _X_T4CCTL1	=	0x70ee
                           0070EF  1104 _X_T4CC1	=	0x70ef
                           0070F1  1105 _X_PERCFG	=	0x70f1
                           0070F2  1106 _X_APCFG	=	0x70f2
                           0070F3  1107 _X_P0SEL	=	0x70f3
                           0070F4  1108 _X_P1SEL	=	0x70f4
                           0070F5  1109 _X_P2SEL	=	0x70f5
                           0070F6  1110 _X_P1INP	=	0x70f6
                           0070F7  1111 _X_P2INP	=	0x70f7
                           0070F8  1112 _X_U1CSR	=	0x70f8
                           0070F9  1113 _X_U1DBUF	=	0x70f9
                           0070FA  1114 _X_U1BAUD	=	0x70fa
                           0070FB  1115 _X_U1UCR	=	0x70fb
                           0070FC  1116 _X_U1GCR	=	0x70fc
                           0070FD  1117 _X_P0DIR	=	0x70fd
                           0070FE  1118 _X_P1DIR	=	0x70fe
                           0070FF  1119 _X_P2DIR	=	0x70ff
                           007800  1120 _X_INFOPAGE	=	0x7800
                           00780C  1121 _X_IEEE_ADDR	=	0x780c
      000000                       1122 _sleep_flag::
      000000                       1123 	.ds 1
                                   1124 ;--------------------------------------------------------
                                   1125 ; absolute external ram data
                                   1126 ;--------------------------------------------------------
                                   1127 	.area XABS    (ABS,XDATA)
      000000                       1128 	.org 0x0000
      000000                       1129 _timer_value:
      000000                       1130 	.ds 4
                                   1131 ;--------------------------------------------------------
                                   1132 ; external initialized ram data
                                   1133 ;--------------------------------------------------------
                                   1134 	.area XISEG   (XDATA)
                                   1135 	.area HOME    (CODE)
                                   1136 	.area GSINIT0 (CODE)
                                   1137 	.area GSINIT1 (CODE)
                                   1138 	.area GSINIT2 (CODE)
                                   1139 	.area GSINIT3 (CODE)
                                   1140 	.area GSINIT4 (CODE)
                                   1141 	.area GSINIT5 (CODE)
                                   1142 	.area GSINIT  (CODE)
                                   1143 	.area GSFINAL (CODE)
                                   1144 	.area CSEG    (CODE)
                                   1145 ;--------------------------------------------------------
                                   1146 ; global & static initialisations
                                   1147 ;--------------------------------------------------------
                                   1148 	.area HOME    (CODE)
                                   1149 	.area GSINIT  (CODE)
                                   1150 	.area GSFINAL (CODE)
                                   1151 	.area GSINIT  (CODE)
                                   1152 ;	../contiki-sensinode/cpu/cc253x/dev/clock.c:57: static volatile CC_AT_DATA clock_time_t count = 0; /* Uptime in ticks */
      000000 E4               [12] 1153 	clr	a
      000001 F5*00            [12] 1154 	mov	_count,a
      000003 F5*01            [12] 1155 	mov	(_count + 1),a
                                   1156 ;	../contiki-sensinode/cpu/cc253x/dev/clock.c:58: static volatile CC_AT_DATA clock_time_t seconds = 0; /* Uptime in secs */
      000005 F5*02            [12] 1157 	mov	_seconds,a
      000007 F5*03            [12] 1158 	mov	(_seconds + 1),a
                                   1159 ;	../contiki-sensinode/cpu/cc253x/dev/clock.c:55: __xdata __at(0x0000) static unsigned long timer_value = 0;
      000009 90r00r00         [24] 1160 	mov	dptr,#_timer_value
      00000C F0               [24] 1161 	movx	@dptr,a
      00000D A3               [24] 1162 	inc	dptr
      00000E F0               [24] 1163 	movx	@dptr,a
      00000F A3               [24] 1164 	inc	dptr
      000010 F0               [24] 1165 	movx	@dptr,a
      000011 A3               [24] 1166 	inc	dptr
      000012 F0               [24] 1167 	movx	@dptr,a
                                   1168 ;--------------------------------------------------------
                                   1169 ; Home
                                   1170 ;--------------------------------------------------------
                                   1171 	.area HOME    (CODE)
                                   1172 	.area HOME    (CODE)
                                   1173 ;--------------------------------------------------------
                                   1174 ; code
                                   1175 ;--------------------------------------------------------
                                   1176 	.area CSEG    (CODE)
                                   1177 ;------------------------------------------------------------
                                   1178 ;Allocation info for local variables in function 'clock_delay_usec'
                                   1179 ;------------------------------------------------------------
                                   1180 ;len                       Allocated to registers r6 r7 
                                   1181 ;------------------------------------------------------------
                                   1182 ;	../contiki-sensinode/cpu/cc253x/dev/clock.c:64: clock_delay_usec(uint16_t len)
                                   1183 ;	-----------------------------------------
                                   1184 ;	 function clock_delay_usec
                                   1185 ;	-----------------------------------------
      000000                       1186 _clock_delay_usec:
                           000007  1187 	ar7 = 0x07
                           000006  1188 	ar6 = 0x06
                           000005  1189 	ar5 = 0x05
                           000004  1190 	ar4 = 0x04
                           000003  1191 	ar3 = 0x03
                           000002  1192 	ar2 = 0x02
                           000001  1193 	ar1 = 0x01
                           000000  1194 	ar0 = 0x00
      000000 AE 82            [24] 1195 	mov	r6,dpl
      000002 AF 83            [24] 1196 	mov	r7,dph
                                   1197 ;	../contiki-sensinode/cpu/cc253x/dev/clock.c:66: DISABLE_INTERRUPTS();
      000004 C2 AF            [12] 1198 	clr	_EA
                                   1199 ;	../contiki-sensinode/cpu/cc253x/dev/clock.c:67: while(len--) {
      000006                       1200 00104$:
      000006 8E 04            [24] 1201 	mov	ar4,r6
      000008 8F 05            [24] 1202 	mov	ar5,r7
      00000A 1E               [12] 1203 	dec	r6
      00000B BE FF 01         [24] 1204 	cjne	r6,#0xFF,00119$
      00000E 1F               [12] 1205 	dec	r7
      00000F                       1206 00119$:
      00000F EC               [12] 1207 	mov	a,r4
      000010 4D               [12] 1208 	orl	a,r5
      000011 60 03            [24] 1209 	jz	00107$
                                   1210 ;	../contiki-sensinode/cpu/cc253x/dev/clock.c:68: ASM(nop);
      000013 00               [12] 1211 	nop 
                                   1212 ;	../contiki-sensinode/cpu/cc253x/dev/clock.c:70: ENABLE_INTERRUPTS();
      000014 80 F0            [24] 1213 	sjmp	00104$
      000016                       1214 00107$:
      000016 D2 AF            [12] 1215 	setb	_EA
      000018 22               [24] 1216 	ret
                                   1217 ;------------------------------------------------------------
                                   1218 ;Allocation info for local variables in function 'clock_wait'
                                   1219 ;------------------------------------------------------------
                                   1220 ;i                         Allocated to registers r6 r7 
                                   1221 ;start                     Allocated to registers r4 r5 
                                   1222 ;------------------------------------------------------------
                                   1223 ;	../contiki-sensinode/cpu/cc253x/dev/clock.c:77: clock_wait(clock_time_t i)
                                   1224 ;	-----------------------------------------
                                   1225 ;	 function clock_wait
                                   1226 ;	-----------------------------------------
      000019                       1227 _clock_wait:
      000019 AE 82            [24] 1228 	mov	r6,dpl
      00001B AF 83            [24] 1229 	mov	r7,dph
                                   1230 ;	../contiki-sensinode/cpu/cc253x/dev/clock.c:81: start = clock_time();
      00001D C0 07            [24] 1231 	push	ar7
      00001F C0 06            [24] 1232 	push	ar6
      000021 12r00r52         [24] 1233 	lcall	_clock_time
      000024 AC 82            [24] 1234 	mov	r4,dpl
      000026 AD 83            [24] 1235 	mov	r5,dph
      000028 D0 06            [24] 1236 	pop	ar6
      00002A D0 07            [24] 1237 	pop	ar7
                                   1238 ;	../contiki-sensinode/cpu/cc253x/dev/clock.c:82: while(clock_time() - start < (clock_time_t)i);
      00002C                       1239 00101$:
      00002C C0 07            [24] 1240 	push	ar7
      00002E C0 06            [24] 1241 	push	ar6
      000030 C0 05            [24] 1242 	push	ar5
      000032 C0 04            [24] 1243 	push	ar4
      000034 12r00r52         [24] 1244 	lcall	_clock_time
      000037 AA 82            [24] 1245 	mov	r2,dpl
      000039 AB 83            [24] 1246 	mov	r3,dph
      00003B D0 04            [24] 1247 	pop	ar4
      00003D D0 05            [24] 1248 	pop	ar5
      00003F D0 06            [24] 1249 	pop	ar6
      000041 D0 07            [24] 1250 	pop	ar7
      000043 EA               [12] 1251 	mov	a,r2
      000044 C3               [12] 1252 	clr	c
      000045 9C               [12] 1253 	subb	a,r4
      000046 FA               [12] 1254 	mov	r2,a
      000047 EB               [12] 1255 	mov	a,r3
      000048 9D               [12] 1256 	subb	a,r5
      000049 FB               [12] 1257 	mov	r3,a
      00004A C3               [12] 1258 	clr	c
      00004B EA               [12] 1259 	mov	a,r2
      00004C 9E               [12] 1260 	subb	a,r6
      00004D EB               [12] 1261 	mov	a,r3
      00004E 9F               [12] 1262 	subb	a,r7
      00004F 40 DB            [24] 1263 	jc	00101$
      000051 22               [24] 1264 	ret
                                   1265 ;------------------------------------------------------------
                                   1266 ;Allocation info for local variables in function 'clock_time'
                                   1267 ;------------------------------------------------------------
                                   1268 ;	../contiki-sensinode/cpu/cc253x/dev/clock.c:86: clock_time(void)
                                   1269 ;	-----------------------------------------
                                   1270 ;	 function clock_time
                                   1271 ;	-----------------------------------------
      000052                       1272 _clock_time:
                                   1273 ;	../contiki-sensinode/cpu/cc253x/dev/clock.c:88: return count;
      000052 85*00 82         [24] 1274 	mov	dpl,_count
      000055 85*01 83         [24] 1275 	mov	dph,(_count + 1)
      000058 22               [24] 1276 	ret
                                   1277 ;------------------------------------------------------------
                                   1278 ;Allocation info for local variables in function 'clock_seconds'
                                   1279 ;------------------------------------------------------------
                                   1280 ;	../contiki-sensinode/cpu/cc253x/dev/clock.c:92: clock_seconds(void)
                                   1281 ;	-----------------------------------------
                                   1282 ;	 function clock_seconds
                                   1283 ;	-----------------------------------------
      000059                       1284 _clock_seconds:
                                   1285 ;	../contiki-sensinode/cpu/cc253x/dev/clock.c:94: return seconds;
      000059 AC*02            [24] 1286 	mov	r4,_seconds
      00005B AD*03            [24] 1287 	mov	r5,(_seconds + 1)
      00005D 7E 00            [12] 1288 	mov	r6,#0x00
      00005F 7F 00            [12] 1289 	mov	r7,#0x00
      000061 8C 82            [24] 1290 	mov	dpl,r4
      000063 8D 83            [24] 1291 	mov	dph,r5
      000065 8E F0            [24] 1292 	mov	b,r6
      000067 EF               [12] 1293 	mov	a,r7
      000068 22               [24] 1294 	ret
                                   1295 ;------------------------------------------------------------
                                   1296 ;Allocation info for local variables in function 'clock_init'
                                   1297 ;------------------------------------------------------------
                                   1298 ;	../contiki-sensinode/cpu/cc253x/dev/clock.c:109: clock_init(void)
                                   1299 ;	-----------------------------------------
                                   1300 ;	 function clock_init
                                   1301 ;	-----------------------------------------
      000069                       1302 _clock_init:
                                   1303 ;	../contiki-sensinode/cpu/cc253x/dev/clock.c:112: CLKCONCMD = CLKCONCMD_OSC32K | CLKCONCMD_OSC;
      000069 75 C6 C0         [24] 1304 	mov	_CLKCONCMD,#0xC0
                                   1305 ;	../contiki-sensinode/cpu/cc253x/dev/clock.c:115: CLKCONCMD &= ~CLKCONCMD_OSC;
      00006C AF C6            [24] 1306 	mov	r7,_CLKCONCMD
      00006E 74 BF            [12] 1307 	mov	a,#0xBF
      000070 5F               [12] 1308 	anl	a,r7
      000071 F5 C6            [12] 1309 	mov	_CLKCONCMD,a
                                   1310 ;	../contiki-sensinode/cpu/cc253x/dev/clock.c:116: while(CLKCONSTA & CLKCONCMD_OSC);
      000073                       1311 00101$:
      000073 E5 9E            [12] 1312 	mov	a,_CLKCONSTA
      000075 20 E6 FB         [24] 1313 	jb	acc.6,00101$
                                   1314 ;	../contiki-sensinode/cpu/cc253x/dev/clock.c:119: CLKCONCMD |= CLKCONCMD_TICKSPD2 | CLKCONCMD_TICKSPD1;
      000078 43 C6 30         [24] 1315 	orl	_CLKCONCMD,#0x30
                                   1316 ;	../contiki-sensinode/cpu/cc253x/dev/clock.c:120: while(CLKCONSTA != CLKCONCMD);
      00007B                       1317 00104$:
      00007B E5 C6            [12] 1318 	mov	a,_CLKCONCMD
      00007D B5 9E FB         [24] 1319 	cjne	a,_CLKCONSTA,00104$
                                   1320 ;	../contiki-sensinode/cpu/cc253x/dev/clock.c:123: timer_value = ST0;
      000080 90r00r00         [24] 1321 	mov	dptr,#_timer_value
      000083 E5 95            [12] 1322 	mov	a,_ST0
      000085 F0               [24] 1323 	movx	@dptr,a
      000086 E4               [12] 1324 	clr	a
      000087 A3               [24] 1325 	inc	dptr
      000088 F0               [24] 1326 	movx	@dptr,a
      000089 A3               [24] 1327 	inc	dptr
      00008A F0               [24] 1328 	movx	@dptr,a
      00008B A3               [24] 1329 	inc	dptr
      00008C F0               [24] 1330 	movx	@dptr,a
                                   1331 ;	../contiki-sensinode/cpu/cc253x/dev/clock.c:124: timer_value += ((unsigned long int)ST1) << 8;
      00008D AC 96            [24] 1332 	mov	r4,_ST1
      00008F 7D 00            [12] 1333 	mov	r5,#0x00
      000091 7E 00            [12] 1334 	mov	r6,#0x00
      000093 8E 07            [24] 1335 	mov	ar7,r6
      000095 8D 06            [24] 1336 	mov	ar6,r5
      000097 8C 05            [24] 1337 	mov	ar5,r4
      000099 7C 00            [12] 1338 	mov	r4,#0x00
      00009B 90r00r00         [24] 1339 	mov	dptr,#_timer_value
      00009E E0               [24] 1340 	movx	a,@dptr
      00009F F8               [12] 1341 	mov	r0,a
      0000A0 A3               [24] 1342 	inc	dptr
      0000A1 E0               [24] 1343 	movx	a,@dptr
      0000A2 F9               [12] 1344 	mov	r1,a
      0000A3 A3               [24] 1345 	inc	dptr
      0000A4 E0               [24] 1346 	movx	a,@dptr
      0000A5 FA               [12] 1347 	mov	r2,a
      0000A6 A3               [24] 1348 	inc	dptr
      0000A7 E0               [24] 1349 	movx	a,@dptr
      0000A8 FB               [12] 1350 	mov	r3,a
      0000A9 90r00r00         [24] 1351 	mov	dptr,#_timer_value
      0000AC EC               [12] 1352 	mov	a,r4
      0000AD 28               [12] 1353 	add	a,r0
      0000AE F0               [24] 1354 	movx	@dptr,a
      0000AF ED               [12] 1355 	mov	a,r5
      0000B0 39               [12] 1356 	addc	a,r1
      0000B1 A3               [24] 1357 	inc	dptr
      0000B2 F0               [24] 1358 	movx	@dptr,a
      0000B3 EE               [12] 1359 	mov	a,r6
      0000B4 3A               [12] 1360 	addc	a,r2
      0000B5 A3               [24] 1361 	inc	dptr
      0000B6 F0               [24] 1362 	movx	@dptr,a
      0000B7 EF               [12] 1363 	mov	a,r7
      0000B8 3B               [12] 1364 	addc	a,r3
      0000B9 A3               [24] 1365 	inc	dptr
      0000BA F0               [24] 1366 	movx	@dptr,a
                                   1367 ;	../contiki-sensinode/cpu/cc253x/dev/clock.c:125: timer_value += ((unsigned long int)ST2) << 16;
      0000BB AC 97            [24] 1368 	mov	r4,_ST2
      0000BD 7D 00            [12] 1369 	mov	r5,#0x00
      0000BF 8D 07            [24] 1370 	mov	ar7,r5
      0000C1 8C 06            [24] 1371 	mov	ar6,r4
      0000C3 7D 00            [12] 1372 	mov	r5,#0x00
      0000C5 7C 00            [12] 1373 	mov	r4,#0x00
      0000C7 90r00r00         [24] 1374 	mov	dptr,#_timer_value
      0000CA E0               [24] 1375 	movx	a,@dptr
      0000CB F8               [12] 1376 	mov	r0,a
      0000CC A3               [24] 1377 	inc	dptr
      0000CD E0               [24] 1378 	movx	a,@dptr
      0000CE F9               [12] 1379 	mov	r1,a
      0000CF A3               [24] 1380 	inc	dptr
      0000D0 E0               [24] 1381 	movx	a,@dptr
      0000D1 FA               [12] 1382 	mov	r2,a
      0000D2 A3               [24] 1383 	inc	dptr
      0000D3 E0               [24] 1384 	movx	a,@dptr
      0000D4 FB               [12] 1385 	mov	r3,a
      0000D5 90r00r00         [24] 1386 	mov	dptr,#_timer_value
      0000D8 EC               [12] 1387 	mov	a,r4
      0000D9 28               [12] 1388 	add	a,r0
      0000DA F0               [24] 1389 	movx	@dptr,a
      0000DB ED               [12] 1390 	mov	a,r5
      0000DC 39               [12] 1391 	addc	a,r1
      0000DD A3               [24] 1392 	inc	dptr
      0000DE F0               [24] 1393 	movx	@dptr,a
      0000DF EE               [12] 1394 	mov	a,r6
      0000E0 3A               [12] 1395 	addc	a,r2
      0000E1 A3               [24] 1396 	inc	dptr
      0000E2 F0               [24] 1397 	movx	@dptr,a
      0000E3 EF               [12] 1398 	mov	a,r7
      0000E4 3B               [12] 1399 	addc	a,r3
      0000E5 A3               [24] 1400 	inc	dptr
      0000E6 F0               [24] 1401 	movx	@dptr,a
                                   1402 ;	../contiki-sensinode/cpu/cc253x/dev/clock.c:126: timer_value += TICK_VAL;
      0000E7 90r00r00         [24] 1403 	mov	dptr,#_timer_value
      0000EA E0               [24] 1404 	movx	a,@dptr
      0000EB FC               [12] 1405 	mov	r4,a
      0000EC A3               [24] 1406 	inc	dptr
      0000ED E0               [24] 1407 	movx	a,@dptr
      0000EE FD               [12] 1408 	mov	r5,a
      0000EF A3               [24] 1409 	inc	dptr
      0000F0 E0               [24] 1410 	movx	a,@dptr
      0000F1 FE               [12] 1411 	mov	r6,a
      0000F2 A3               [24] 1412 	inc	dptr
      0000F3 E0               [24] 1413 	movx	a,@dptr
      0000F4 FF               [12] 1414 	mov	r7,a
      0000F5 90r00r00         [24] 1415 	mov	dptr,#_timer_value
      0000F8 EC               [12] 1416 	mov	a,r4
      0000F9 F0               [24] 1417 	movx	@dptr,a
      0000FA 74 01            [12] 1418 	mov	a,#0x01
      0000FC 2D               [12] 1419 	add	a,r5
      0000FD A3               [24] 1420 	inc	dptr
      0000FE F0               [24] 1421 	movx	@dptr,a
      0000FF E4               [12] 1422 	clr	a
      000100 3E               [12] 1423 	addc	a,r6
      000101 A3               [24] 1424 	inc	dptr
      000102 F0               [24] 1425 	movx	@dptr,a
      000103 E4               [12] 1426 	clr	a
      000104 3F               [12] 1427 	addc	a,r7
      000105 A3               [24] 1428 	inc	dptr
      000106 F0               [24] 1429 	movx	@dptr,a
                                   1430 ;	../contiki-sensinode/cpu/cc253x/dev/clock.c:127: ST2 = (unsigned char)(timer_value >> 16);
      000107 90r00r00         [24] 1431 	mov	dptr,#_timer_value
      00010A E0               [24] 1432 	movx	a,@dptr
      00010B A3               [24] 1433 	inc	dptr
      00010C E0               [24] 1434 	movx	a,@dptr
      00010D A3               [24] 1435 	inc	dptr
      00010E E0               [24] 1436 	movx	a,@dptr
      00010F FE               [12] 1437 	mov	r6,a
      000110 A3               [24] 1438 	inc	dptr
      000111 E0               [24] 1439 	movx	a,@dptr
      000112 8E 97            [24] 1440 	mov	_ST2,r6
                                   1441 ;	../contiki-sensinode/cpu/cc253x/dev/clock.c:128: ST1 = (unsigned char)(timer_value >> 8);
      000114 90r00r00         [24] 1442 	mov	dptr,#_timer_value
      000117 E0               [24] 1443 	movx	a,@dptr
      000118 A3               [24] 1444 	inc	dptr
      000119 E0               [24] 1445 	movx	a,@dptr
      00011A FD               [12] 1446 	mov	r5,a
      00011B A3               [24] 1447 	inc	dptr
      00011C E0               [24] 1448 	movx	a,@dptr
      00011D A3               [24] 1449 	inc	dptr
      00011E E0               [24] 1450 	movx	a,@dptr
      00011F 8D 96            [24] 1451 	mov	_ST1,r5
                                   1452 ;	../contiki-sensinode/cpu/cc253x/dev/clock.c:129: ST0 = (unsigned char)timer_value;
      000121 90r00r00         [24] 1453 	mov	dptr,#_timer_value
      000124 E0               [24] 1454 	movx	a,@dptr
      000125 FC               [12] 1455 	mov	r4,a
      000126 A3               [24] 1456 	inc	dptr
      000127 E0               [24] 1457 	movx	a,@dptr
      000128 A3               [24] 1458 	inc	dptr
      000129 E0               [24] 1459 	movx	a,@dptr
      00012A A3               [24] 1460 	inc	dptr
      00012B E0               [24] 1461 	movx	a,@dptr
      00012C 8C 95            [24] 1462 	mov	_ST0,r4
                                   1463 ;	../contiki-sensinode/cpu/cc253x/dev/clock.c:131: STIE = 1; /* IEN0.STIE interrupt enable */
      00012E D2 AD            [12] 1464 	setb	_STIE
      000130 22               [24] 1465 	ret
                                   1466 ;------------------------------------------------------------
                                   1467 ;Allocation info for local variables in function 'clock_isr'
                                   1468 ;------------------------------------------------------------
                                   1469 ;	../contiki-sensinode/cpu/cc253x/dev/clock.c:140: clock_isr(void) __interrupt(ST_VECTOR)
                                   1470 ;	-----------------------------------------
                                   1471 ;	 function clock_isr
                                   1472 ;	-----------------------------------------
      000131                       1473 _clock_isr:
      000131 C0 E0            [24] 1474 	push	acc
      000133 C0 82            [24] 1475 	push	dpl
      000135 C0 83            [24] 1476 	push	dph
      000137 C0 07            [24] 1477 	push	ar7
      000139 C0 06            [24] 1478 	push	ar6
      00013B C0 05            [24] 1479 	push	ar5
      00013D C0 04            [24] 1480 	push	ar4
      00013F C0 03            [24] 1481 	push	ar3
      000141 C0 02            [24] 1482 	push	ar2
      000143 C0 01            [24] 1483 	push	ar1
      000145 C0 00            [24] 1484 	push	ar0
      000147 C0 D0            [24] 1485 	push	psw
      000149 75 D0 00         [24] 1486 	mov	psw,#0x00
                                   1487 ;	../contiki-sensinode/cpu/cc253x/dev/clock.c:142: DISABLE_INTERRUPTS();
      00014C C2 AF            [12] 1488 	clr	_EA
                                   1489 ;	../contiki-sensinode/cpu/cc253x/dev/clock.c:149: timer_value = ST0;
      00014E 90r00r00         [24] 1490 	mov	dptr,#_timer_value
      000151 E5 95            [12] 1491 	mov	a,_ST0
      000153 F0               [24] 1492 	movx	@dptr,a
      000154 E4               [12] 1493 	clr	a
      000155 A3               [24] 1494 	inc	dptr
      000156 F0               [24] 1495 	movx	@dptr,a
      000157 A3               [24] 1496 	inc	dptr
      000158 F0               [24] 1497 	movx	@dptr,a
      000159 A3               [24] 1498 	inc	dptr
      00015A F0               [24] 1499 	movx	@dptr,a
                                   1500 ;	../contiki-sensinode/cpu/cc253x/dev/clock.c:150: timer_value += ((unsigned long int)ST1) << 8;
      00015B AC 96            [24] 1501 	mov	r4,_ST1
      00015D 7D 00            [12] 1502 	mov	r5,#0x00
      00015F 7E 00            [12] 1503 	mov	r6,#0x00
      000161 8E 07            [24] 1504 	mov	ar7,r6
      000163 8D 06            [24] 1505 	mov	ar6,r5
      000165 8C 05            [24] 1506 	mov	ar5,r4
      000167 7C 00            [12] 1507 	mov	r4,#0x00
      000169 90r00r00         [24] 1508 	mov	dptr,#_timer_value
      00016C E0               [24] 1509 	movx	a,@dptr
      00016D F8               [12] 1510 	mov	r0,a
      00016E A3               [24] 1511 	inc	dptr
      00016F E0               [24] 1512 	movx	a,@dptr
      000170 F9               [12] 1513 	mov	r1,a
      000171 A3               [24] 1514 	inc	dptr
      000172 E0               [24] 1515 	movx	a,@dptr
      000173 FA               [12] 1516 	mov	r2,a
      000174 A3               [24] 1517 	inc	dptr
      000175 E0               [24] 1518 	movx	a,@dptr
      000176 FB               [12] 1519 	mov	r3,a
      000177 90r00r00         [24] 1520 	mov	dptr,#_timer_value
      00017A EC               [12] 1521 	mov	a,r4
      00017B 28               [12] 1522 	add	a,r0
      00017C F0               [24] 1523 	movx	@dptr,a
      00017D ED               [12] 1524 	mov	a,r5
      00017E 39               [12] 1525 	addc	a,r1
      00017F A3               [24] 1526 	inc	dptr
      000180 F0               [24] 1527 	movx	@dptr,a
      000181 EE               [12] 1528 	mov	a,r6
      000182 3A               [12] 1529 	addc	a,r2
      000183 A3               [24] 1530 	inc	dptr
      000184 F0               [24] 1531 	movx	@dptr,a
      000185 EF               [12] 1532 	mov	a,r7
      000186 3B               [12] 1533 	addc	a,r3
      000187 A3               [24] 1534 	inc	dptr
      000188 F0               [24] 1535 	movx	@dptr,a
                                   1536 ;	../contiki-sensinode/cpu/cc253x/dev/clock.c:151: timer_value += ((unsigned long int)ST2) << 16;
      000189 AC 97            [24] 1537 	mov	r4,_ST2
      00018B 7D 00            [12] 1538 	mov	r5,#0x00
      00018D 8D 07            [24] 1539 	mov	ar7,r5
      00018F 8C 06            [24] 1540 	mov	ar6,r4
      000191 7D 00            [12] 1541 	mov	r5,#0x00
      000193 7C 00            [12] 1542 	mov	r4,#0x00
      000195 90r00r00         [24] 1543 	mov	dptr,#_timer_value
      000198 E0               [24] 1544 	movx	a,@dptr
      000199 F8               [12] 1545 	mov	r0,a
      00019A A3               [24] 1546 	inc	dptr
      00019B E0               [24] 1547 	movx	a,@dptr
      00019C F9               [12] 1548 	mov	r1,a
      00019D A3               [24] 1549 	inc	dptr
      00019E E0               [24] 1550 	movx	a,@dptr
      00019F FA               [12] 1551 	mov	r2,a
      0001A0 A3               [24] 1552 	inc	dptr
      0001A1 E0               [24] 1553 	movx	a,@dptr
      0001A2 FB               [12] 1554 	mov	r3,a
      0001A3 90r00r00         [24] 1555 	mov	dptr,#_timer_value
      0001A6 EC               [12] 1556 	mov	a,r4
      0001A7 28               [12] 1557 	add	a,r0
      0001A8 F0               [24] 1558 	movx	@dptr,a
      0001A9 ED               [12] 1559 	mov	a,r5
      0001AA 39               [12] 1560 	addc	a,r1
      0001AB A3               [24] 1561 	inc	dptr
      0001AC F0               [24] 1562 	movx	@dptr,a
      0001AD EE               [12] 1563 	mov	a,r6
      0001AE 3A               [12] 1564 	addc	a,r2
      0001AF A3               [24] 1565 	inc	dptr
      0001B0 F0               [24] 1566 	movx	@dptr,a
      0001B1 EF               [12] 1567 	mov	a,r7
      0001B2 3B               [12] 1568 	addc	a,r3
      0001B3 A3               [24] 1569 	inc	dptr
      0001B4 F0               [24] 1570 	movx	@dptr,a
                                   1571 ;	../contiki-sensinode/cpu/cc253x/dev/clock.c:152: timer_value += TICK_VAL;
      0001B5 90r00r00         [24] 1572 	mov	dptr,#_timer_value
      0001B8 E0               [24] 1573 	movx	a,@dptr
      0001B9 FC               [12] 1574 	mov	r4,a
      0001BA A3               [24] 1575 	inc	dptr
      0001BB E0               [24] 1576 	movx	a,@dptr
      0001BC FD               [12] 1577 	mov	r5,a
      0001BD A3               [24] 1578 	inc	dptr
      0001BE E0               [24] 1579 	movx	a,@dptr
      0001BF FE               [12] 1580 	mov	r6,a
      0001C0 A3               [24] 1581 	inc	dptr
      0001C1 E0               [24] 1582 	movx	a,@dptr
      0001C2 FF               [12] 1583 	mov	r7,a
      0001C3 90r00r00         [24] 1584 	mov	dptr,#_timer_value
      0001C6 EC               [12] 1585 	mov	a,r4
      0001C7 F0               [24] 1586 	movx	@dptr,a
      0001C8 74 01            [12] 1587 	mov	a,#0x01
      0001CA 2D               [12] 1588 	add	a,r5
      0001CB A3               [24] 1589 	inc	dptr
      0001CC F0               [24] 1590 	movx	@dptr,a
      0001CD E4               [12] 1591 	clr	a
      0001CE 3E               [12] 1592 	addc	a,r6
      0001CF A3               [24] 1593 	inc	dptr
      0001D0 F0               [24] 1594 	movx	@dptr,a
      0001D1 E4               [12] 1595 	clr	a
      0001D2 3F               [12] 1596 	addc	a,r7
      0001D3 A3               [24] 1597 	inc	dptr
      0001D4 F0               [24] 1598 	movx	@dptr,a
                                   1599 ;	../contiki-sensinode/cpu/cc253x/dev/clock.c:153: ST2 = (unsigned char)(timer_value >> 16);
      0001D5 90r00r00         [24] 1600 	mov	dptr,#_timer_value
      0001D8 E0               [24] 1601 	movx	a,@dptr
      0001D9 A3               [24] 1602 	inc	dptr
      0001DA E0               [24] 1603 	movx	a,@dptr
      0001DB A3               [24] 1604 	inc	dptr
      0001DC E0               [24] 1605 	movx	a,@dptr
      0001DD FE               [12] 1606 	mov	r6,a
      0001DE A3               [24] 1607 	inc	dptr
      0001DF E0               [24] 1608 	movx	a,@dptr
      0001E0 8E 97            [24] 1609 	mov	_ST2,r6
                                   1610 ;	../contiki-sensinode/cpu/cc253x/dev/clock.c:154: ST1 = (unsigned char)(timer_value >> 8);
      0001E2 90r00r00         [24] 1611 	mov	dptr,#_timer_value
      0001E5 E0               [24] 1612 	movx	a,@dptr
      0001E6 A3               [24] 1613 	inc	dptr
      0001E7 E0               [24] 1614 	movx	a,@dptr
      0001E8 FD               [12] 1615 	mov	r5,a
      0001E9 A3               [24] 1616 	inc	dptr
      0001EA E0               [24] 1617 	movx	a,@dptr
      0001EB A3               [24] 1618 	inc	dptr
      0001EC E0               [24] 1619 	movx	a,@dptr
      0001ED 8D 96            [24] 1620 	mov	_ST1,r5
                                   1621 ;	../contiki-sensinode/cpu/cc253x/dev/clock.c:155: ST0 = (unsigned char)timer_value;
      0001EF 90r00r00         [24] 1622 	mov	dptr,#_timer_value
      0001F2 E0               [24] 1623 	movx	a,@dptr
      0001F3 FC               [12] 1624 	mov	r4,a
      0001F4 A3               [24] 1625 	inc	dptr
      0001F5 E0               [24] 1626 	movx	a,@dptr
      0001F6 FD               [12] 1627 	mov	r5,a
      0001F7 A3               [24] 1628 	inc	dptr
      0001F8 E0               [24] 1629 	movx	a,@dptr
      0001F9 FE               [12] 1630 	mov	r6,a
      0001FA A3               [24] 1631 	inc	dptr
      0001FB E0               [24] 1632 	movx	a,@dptr
      0001FC FF               [12] 1633 	mov	r7,a
      0001FD 8C 95            [24] 1634 	mov	_ST0,r4
                                   1635 ;	../contiki-sensinode/cpu/cc253x/dev/clock.c:157: ++count;
      0001FF 74 01            [12] 1636 	mov	a,#0x01
      000201 25*00            [12] 1637 	add	a,_count
      000203 F5*00            [12] 1638 	mov	_count,a
      000205 E4               [12] 1639 	clr	a
      000206 35*01            [12] 1640 	addc	a,(_count + 1)
      000208 F5*01            [12] 1641 	mov	(_count + 1),a
                                   1642 ;	../contiki-sensinode/cpu/cc253x/dev/clock.c:167: if(count % CLOCK_CONF_SECOND == 0) {
      00020A E5*00            [12] 1643 	mov	a,_count
      00020C 54 7F            [12] 1644 	anl	a,#0x7F
      00020E 60 02            [24] 1645 	jz	00119$
      000210 80 0B            [24] 1646 	sjmp	00107$
      000212                       1647 00119$:
                                   1648 ;	../contiki-sensinode/cpu/cc253x/dev/clock.c:168: ++seconds;
      000212 74 01            [12] 1649 	mov	a,#0x01
      000214 25*02            [12] 1650 	add	a,_seconds
      000216 F5*02            [12] 1651 	mov	_seconds,a
      000218 E4               [12] 1652 	clr	a
      000219 35*03            [12] 1653 	addc	a,(_seconds + 1)
      00021B F5*03            [12] 1654 	mov	(_seconds + 1),a
      00021D                       1655 00107$:
                                   1656 ;	../contiki-sensinode/cpu/cc253x/dev/clock.c:172: sleep_flag = 1;
      00021D 90r00r00         [24] 1657 	mov	dptr,#_sleep_flag
      000220 74 01            [12] 1658 	mov	a,#0x01
      000222 F0               [24] 1659 	movx	@dptr,a
                                   1660 ;	../contiki-sensinode/cpu/cc253x/dev/clock.c:180: STIF = 0; /* IRCON.STIF */
      000223 C2 C7            [12] 1661 	clr	_STIF
                                   1662 ;	../contiki-sensinode/cpu/cc253x/dev/clock.c:182: ENABLE_INTERRUPTS();
      000225 D2 AF            [12] 1663 	setb	_EA
      000227 D0 D0            [24] 1664 	pop	psw
      000229 D0 00            [24] 1665 	pop	ar0
      00022B D0 01            [24] 1666 	pop	ar1
      00022D D0 02            [24] 1667 	pop	ar2
      00022F D0 03            [24] 1668 	pop	ar3
      000231 D0 04            [24] 1669 	pop	ar4
      000233 D0 05            [24] 1670 	pop	ar5
      000235 D0 06            [24] 1671 	pop	ar6
      000237 D0 07            [24] 1672 	pop	ar7
      000239 D0 83            [24] 1673 	pop	dph
      00023B D0 82            [24] 1674 	pop	dpl
      00023D D0 E0            [24] 1675 	pop	acc
      00023F 32               [24] 1676 	reti
                                   1677 ;	eliminated unneeded push/pop b
                                   1678 	.area CSEG    (CODE)
                                   1679 	.area CONST   (CODE)
                                   1680 	.area XINIT   (CODE)
                                   1681 	.area CABS    (ABS,CODE)
