                                      1 ;--------------------------------------------------------
                                      2 ; File Created by SDCC : free open source ANSI-C Compiler
                                      3 ; Version 3.4.0 #8981 (Oct 24 2015) (Linux)
                                      4 ; This file was generated Sun Oct 25 01:52:23 2015
                                      5 ;--------------------------------------------------------
                                      6 	.module dma
                                      7 	.optsdcc -mmcs51 --model-large
                                      8 	
                                      9 ;--------------------------------------------------------
                                     10 ; Public variables in this module
                                     11 ;--------------------------------------------------------
                                     12 	.globl _memset
                                     13 	.globl _ACTIVE
                                     14 	.globl _TX_BYTE
                                     15 	.globl _RX_BYTE
                                     16 	.globl _ERR
                                     17 	.globl _FE
                                     18 	.globl _SLAVE
                                     19 	.globl _RE
                                     20 	.globl _MODE
                                     21 	.globl _T3OVFIF
                                     22 	.globl _T3CH0IF
                                     23 	.globl _T3CH1IF
                                     24 	.globl _T4OVFIF
                                     25 	.globl _T4CH0IF
                                     26 	.globl _T4CH1IF
                                     27 	.globl _OVFIM
                                     28 	.globl _B_0
                                     29 	.globl _B_1
                                     30 	.globl _B_2
                                     31 	.globl _B_3
                                     32 	.globl _B_4
                                     33 	.globl _B_5
                                     34 	.globl _B_6
                                     35 	.globl _B_7
                                     36 	.globl _P2IF
                                     37 	.globl _UTX0IF
                                     38 	.globl _UTX1IF
                                     39 	.globl _P1IF
                                     40 	.globl _WDTIF
                                     41 	.globl _ACC_0
                                     42 	.globl _ACC_1
                                     43 	.globl _ACC_2
                                     44 	.globl _ACC_3
                                     45 	.globl _ACC_4
                                     46 	.globl _ACC_5
                                     47 	.globl _ACC_6
                                     48 	.globl _ACC_7
                                     49 	.globl _P
                                     50 	.globl _F1
                                     51 	.globl _OV
                                     52 	.globl _RS0
                                     53 	.globl _RS1
                                     54 	.globl _F0
                                     55 	.globl _AC
                                     56 	.globl _CY
                                     57 	.globl _DMAIF
                                     58 	.globl _T1IF
                                     59 	.globl _T2IF
                                     60 	.globl _T3IF
                                     61 	.globl _T4IF
                                     62 	.globl _P0IF
                                     63 	.globl _STIF
                                     64 	.globl _DMAIE
                                     65 	.globl _T1IE
                                     66 	.globl _T2IE
                                     67 	.globl _T3IE
                                     68 	.globl _T4IE
                                     69 	.globl _P0IE
                                     70 	.globl _RFERRIE
                                     71 	.globl _ADCIE
                                     72 	.globl _URX0IE
                                     73 	.globl _URX1IE
                                     74 	.globl _ENCIE
                                     75 	.globl _STIE
                                     76 	.globl _EA
                                     77 	.globl _P2_0
                                     78 	.globl _P2_1
                                     79 	.globl _P2_2
                                     80 	.globl _P2_3
                                     81 	.globl _P2_4
                                     82 	.globl _P2_5
                                     83 	.globl _P2_6
                                     84 	.globl _P2_7
                                     85 	.globl _ENCIF_0
                                     86 	.globl _ENCIF_1
                                     87 	.globl _P1_0
                                     88 	.globl _P1_1
                                     89 	.globl _P1_2
                                     90 	.globl _P1_3
                                     91 	.globl _P1_4
                                     92 	.globl _P1_5
                                     93 	.globl _P1_6
                                     94 	.globl _P1_7
                                     95 	.globl _IT0
                                     96 	.globl _RFERRIF
                                     97 	.globl _IT1
                                     98 	.globl _URX0IF
                                     99 	.globl _ADCIF
                                    100 	.globl _URX1IF
                                    101 	.globl _P0_0
                                    102 	.globl _P0_1
                                    103 	.globl _P0_2
                                    104 	.globl _P0_3
                                    105 	.globl _P0_4
                                    106 	.globl _P0_5
                                    107 	.globl _P0_6
                                    108 	.globl _P0_7
                                    109 	.globl _WDCTL
                                    110 	.globl _U1GCR
                                    111 	.globl _U1UCR
                                    112 	.globl _U1BAUD
                                    113 	.globl _U1DBUF
                                    114 	.globl _U1CSR
                                    115 	.globl _U0GCR
                                    116 	.globl _U0UCR
                                    117 	.globl _U0BAUD
                                    118 	.globl _U0DBUF
                                    119 	.globl _U0CSR
                                    120 	.globl _TIMIF
                                    121 	.globl _T4CC1
                                    122 	.globl _T4CCTL1
                                    123 	.globl _T4CC0
                                    124 	.globl _T4CCTL0
                                    125 	.globl _T4CTL
                                    126 	.globl _T4CNT
                                    127 	.globl _T3CC1
                                    128 	.globl _T3CCTL1
                                    129 	.globl _T3CC0
                                    130 	.globl _T3CCTL0
                                    131 	.globl _T3CTL
                                    132 	.globl _T3CNT
                                    133 	.globl _T2MSEL
                                    134 	.globl _T2IRQM
                                    135 	.globl _T2MOVF2
                                    136 	.globl _T2MOVF1
                                    137 	.globl _T2MOVF0
                                    138 	.globl _T2M1
                                    139 	.globl _T2M0
                                    140 	.globl _T2IRQF
                                    141 	.globl _T2EVTCFG
                                    142 	.globl _T2CTRL
                                    143 	.globl _T1STAT
                                    144 	.globl _T1CCTL2
                                    145 	.globl _T1CCTL1
                                    146 	.globl _T1CCTL0
                                    147 	.globl _T1CTL
                                    148 	.globl _T1CNTH
                                    149 	.globl _T1CNTL
                                    150 	.globl _T1CC2H
                                    151 	.globl _T1CC2L
                                    152 	.globl _T1CC1H
                                    153 	.globl _T1CC1L
                                    154 	.globl _T1CC0H
                                    155 	.globl _T1CC0L
                                    156 	.globl _CLKCONSTA
                                    157 	.globl _CLKCONCMD
                                    158 	.globl _SLEEPSTA
                                    159 	.globl _SLEEPCMD
                                    160 	.globl _STLOAD
                                    161 	.globl _ST2
                                    162 	.globl _ST1
                                    163 	.globl _ST0
                                    164 	.globl _RFERRF
                                    165 	.globl _RFIRQF0
                                    166 	.globl _RFST
                                    167 	.globl _RFD
                                    168 	.globl _RFIRQF1
                                    169 	.globl _PSBANK
                                    170 	.globl _FMAP
                                    171 	.globl _MEMCTR
                                    172 	.globl __XPAGE
                                    173 	.globl _MPAGE
                                    174 	.globl _PMUX
                                    175 	.globl _P2DIR
                                    176 	.globl _P1DIR
                                    177 	.globl _P0DIR
                                    178 	.globl _P2INP
                                    179 	.globl _P1INP
                                    180 	.globl _P2SEL
                                    181 	.globl _P1SEL
                                    182 	.globl _P0SEL
                                    183 	.globl _APCFG
                                    184 	.globl _PERCFG
                                    185 	.globl _P0INP
                                    186 	.globl _P2IEN
                                    187 	.globl _P1IEN
                                    188 	.globl _P0IEN
                                    189 	.globl _PICTL
                                    190 	.globl _P2IFG
                                    191 	.globl _P1IFG
                                    192 	.globl _P0IFG
                                    193 	.globl _DMAREQ
                                    194 	.globl _DMAARM
                                    195 	.globl _DMA0CFGH
                                    196 	.globl _DMA0CFGL
                                    197 	.globl _DMA1CFGH
                                    198 	.globl _DMA1CFGL
                                    199 	.globl _DMAIRQ
                                    200 	.globl _ENCCS
                                    201 	.globl _ENCDO
                                    202 	.globl _ENCDI
                                    203 	.globl _RNDH
                                    204 	.globl _RNDL
                                    205 	.globl _ADCH
                                    206 	.globl _ADCL
                                    207 	.globl _ADCCON3
                                    208 	.globl _ADCCON2
                                    209 	.globl _ADCCON1
                                    210 	.globl _B
                                    211 	.globl _IRCON2
                                    212 	.globl _ACC
                                    213 	.globl _PSW
                                    214 	.globl _IRCON
                                    215 	.globl _IP1
                                    216 	.globl _IEN1
                                    217 	.globl _IP0
                                    218 	.globl _IEN0
                                    219 	.globl _P2
                                    220 	.globl _S1CON
                                    221 	.globl _IEN2
                                    222 	.globl _S0CON
                                    223 	.globl _DPS
                                    224 	.globl _P1
                                    225 	.globl _TCON
                                    226 	.globl _PCON
                                    227 	.globl _DPH1
                                    228 	.globl _DPL1
                                    229 	.globl _DPH0
                                    230 	.globl _DPL0
                                    231 	.globl _SP
                                    232 	.globl _P0
                                    233 	.globl _dma_callback
                                    234 	.globl _dma_conf
                                    235 	.globl _X_IEEE_ADDR
                                    236 	.globl _X_INFOPAGE
                                    237 	.globl _X_P2DIR
                                    238 	.globl _X_P1DIR
                                    239 	.globl _X_P0DIR
                                    240 	.globl _X_U1GCR
                                    241 	.globl _X_U1UCR
                                    242 	.globl _X_U1BAUD
                                    243 	.globl _X_U1DBUF
                                    244 	.globl _X_U1CSR
                                    245 	.globl _X_P2INP
                                    246 	.globl _X_P1INP
                                    247 	.globl _X_P2SEL
                                    248 	.globl _X_P1SEL
                                    249 	.globl _X_P0SEL
                                    250 	.globl _X_APCFG
                                    251 	.globl _X_PERCFG
                                    252 	.globl _X_T4CC1
                                    253 	.globl _X_T4CCTL1
                                    254 	.globl _X_T4CC0
                                    255 	.globl _X_T4CCTL0
                                    256 	.globl _X_T4CTL
                                    257 	.globl _X_T4CNT
                                    258 	.globl _X_RFIRQF0
                                    259 	.globl _X_T1CCTL2
                                    260 	.globl _X_T1CCTL1
                                    261 	.globl _X_T1CCTL0
                                    262 	.globl _X_T1CTL
                                    263 	.globl _X_T1CNTH
                                    264 	.globl _X_T1CNTL
                                    265 	.globl _X_RFST
                                    266 	.globl _X_T1CC2H
                                    267 	.globl _X_T1CC2L
                                    268 	.globl _X_T1CC1H
                                    269 	.globl _X_T1CC1L
                                    270 	.globl _X_T1CC0H
                                    271 	.globl _X_T1CC0L
                                    272 	.globl _X_RFD
                                    273 	.globl _X_TIMIF
                                    274 	.globl _X_DMAREQ
                                    275 	.globl _X_DMAARM
                                    276 	.globl _X_DMA0CFGH
                                    277 	.globl _X_DMA0CFGL
                                    278 	.globl _X_DMA1CFGH
                                    279 	.globl _X_DMA1CFGL
                                    280 	.globl _X_DMAIRQ
                                    281 	.globl _X_T3CC1
                                    282 	.globl _X_T3CCTL1
                                    283 	.globl _X_T3CC0
                                    284 	.globl _X_T3CCTL0
                                    285 	.globl _X_T3CTL
                                    286 	.globl _X_T3CNT
                                    287 	.globl _X_WDCTL
                                    288 	.globl _X_MEMCTR
                                    289 	.globl _X_CLKCONCMD
                                    290 	.globl _X_U0GCR
                                    291 	.globl _X_U0UCR
                                    292 	.globl _X_T2MSEL
                                    293 	.globl _X_U0BAUD
                                    294 	.globl _X_U0DBUF
                                    295 	.globl _X_RFERRF
                                    296 	.globl _X_SLEEPCMD
                                    297 	.globl _X_RNDH
                                    298 	.globl _X_RNDL
                                    299 	.globl _X_ADCH
                                    300 	.globl _X_ADCL
                                    301 	.globl _X_ADCCON3
                                    302 	.globl _X_ADCCON2
                                    303 	.globl _X_ADCCON1
                                    304 	.globl _X_ENCCS
                                    305 	.globl _X_ENCDO
                                    306 	.globl _X_ENCDI
                                    307 	.globl _X_T1STAT
                                    308 	.globl _X_PMUX
                                    309 	.globl _X_STLOAD
                                    310 	.globl _X_P2IEN
                                    311 	.globl _X_P0IEN
                                    312 	.globl _X_T2IRQM
                                    313 	.globl _X_T2MOVF2
                                    314 	.globl _X_T2MOVF1
                                    315 	.globl _X_T2MOVF0
                                    316 	.globl _X_T2M1
                                    317 	.globl _X_T2M0
                                    318 	.globl _X_T2IRQF
                                    319 	.globl _X_P2
                                    320 	.globl _X_PSBANK
                                    321 	.globl _X_FMAP
                                    322 	.globl _X_CLKCONSTA
                                    323 	.globl _X_SLEEPSTA
                                    324 	.globl _X_T2EVTCFG
                                    325 	.globl _X_ST2
                                    326 	.globl _X_ST1
                                    327 	.globl _X_ST0
                                    328 	.globl _X_T2CTRL
                                    329 	.globl _X__XPAGE
                                    330 	.globl _X_MPAGE
                                    331 	.globl _X_RFIRQF1
                                    332 	.globl _X_P1
                                    333 	.globl _X_P0INP
                                    334 	.globl _X_P1IEN
                                    335 	.globl _X_PICTL
                                    336 	.globl _X_P2IFG
                                    337 	.globl _X_P1IFG
                                    338 	.globl _X_P0IFG
                                    339 	.globl _X_U0CSR
                                    340 	.globl _X_P0
                                    341 	.globl _USBF5
                                    342 	.globl _USBF4
                                    343 	.globl _USBF3
                                    344 	.globl _USBF2
                                    345 	.globl _USBF1
                                    346 	.globl _USBF0
                                    347 	.globl _USBCNTH
                                    348 	.globl _USBCNTL
                                    349 	.globl _USBCNT0
                                    350 	.globl _USBCSOH
                                    351 	.globl _USBCSOL
                                    352 	.globl _USBMAXO
                                    353 	.globl _USBCSIH
                                    354 	.globl _USBCSIL
                                    355 	.globl _USBCS0
                                    356 	.globl _USBMAXI
                                    357 	.globl _USBCTRL
                                    358 	.globl _USBINDEX
                                    359 	.globl _USBFRMH
                                    360 	.globl _USBFRML
                                    361 	.globl _USBCIE
                                    362 	.globl _USBOIE
                                    363 	.globl _USBIIE
                                    364 	.globl _USBCIF
                                    365 	.globl _USBOIF
                                    366 	.globl _USBIIF
                                    367 	.globl _USBPOW
                                    368 	.globl _USBADDR
                                    369 	.globl _CSPT
                                    370 	.globl _CSPZ
                                    371 	.globl _CSPY
                                    372 	.globl _CSPX
                                    373 	.globl _CSPSTAT
                                    374 	.globl _CSPCTRL
                                    375 	.globl _CSPPROG23
                                    376 	.globl _CSPPROG22
                                    377 	.globl _CSPPROG21
                                    378 	.globl _CSPPROG20
                                    379 	.globl _CSPPROG19
                                    380 	.globl _CSPPROG18
                                    381 	.globl _CSPPROG17
                                    382 	.globl _CSPPROG16
                                    383 	.globl _CSPPROG15
                                    384 	.globl _CSPPROG14
                                    385 	.globl _CSPPROG13
                                    386 	.globl _CSPPROG12
                                    387 	.globl _CSPPROG11
                                    388 	.globl _CSPPROG10
                                    389 	.globl _CSPPROG9
                                    390 	.globl _CSPPROG8
                                    391 	.globl _CSPPROG7
                                    392 	.globl _CSPPROG6
                                    393 	.globl _CSPPROG5
                                    394 	.globl _CSPPROG4
                                    395 	.globl _CSPPROG3
                                    396 	.globl _CSPPROG2
                                    397 	.globl _CSPPROG1
                                    398 	.globl _CSPPROG0
                                    399 	.globl _RFC_OBS_CTRL2
                                    400 	.globl _RFC_OBS_CTRL1
                                    401 	.globl _RFC_OBS_CTRL0
                                    402 	.globl _TXFILTCFG
                                    403 	.globl _PTEST1
                                    404 	.globl _PTEST0
                                    405 	.globl _ATEST
                                    406 	.globl _DACTEST2
                                    407 	.globl _DACTEST1
                                    408 	.globl _DACTEST0
                                    409 	.globl _MDMTEST1
                                    410 	.globl _MDMTEST0
                                    411 	.globl _ADCTEST2
                                    412 	.globl _ADCTEST1
                                    413 	.globl _ADCTEST0
                                    414 	.globl _AGCCTRL3
                                    415 	.globl _AGCCTRL2
                                    416 	.globl _AGCCTRL1
                                    417 	.globl _AGCCTRL0
                                    418 	.globl _FSCAL3
                                    419 	.globl _FSCAL2
                                    420 	.globl _FSCAL1
                                    421 	.globl _FSCAL0
                                    422 	.globl _FSCTRL
                                    423 	.globl _RXCTRL
                                    424 	.globl _FREQEST
                                    425 	.globl _MDMCTRL1
                                    426 	.globl _MDMCTRL0
                                    427 	.globl _RFRND
                                    428 	.globl _RFERRM
                                    429 	.globl _RFIRQM1
                                    430 	.globl _RFIRQM0
                                    431 	.globl _TXLAST_PTR
                                    432 	.globl _TXFIRST_PTR
                                    433 	.globl _RXP1_PTR
                                    434 	.globl _RXLAST_PTR
                                    435 	.globl _RXFIRST_PTR
                                    436 	.globl _TXFIFOCNT
                                    437 	.globl _RXFIFOCNT
                                    438 	.globl _RXFIRST
                                    439 	.globl _RSSISTAT
                                    440 	.globl _RSSI
                                    441 	.globl _CCACTRL1
                                    442 	.globl _CCACTRL0
                                    443 	.globl _FSMCTRL
                                    444 	.globl _FIFOPCTRL
                                    445 	.globl _FSMSTAT1
                                    446 	.globl _FSMSTAT0
                                    447 	.globl _TXCTRL
                                    448 	.globl _TXPOWER
                                    449 	.globl _FREQCTRL
                                    450 	.globl _FREQTUNE
                                    451 	.globl _RXMASKCLR
                                    452 	.globl _RXMASKSET
                                    453 	.globl _RXENABLE
                                    454 	.globl _FRMCTRL1
                                    455 	.globl _FRMCTRL0
                                    456 	.globl _SRCEXTEN2
                                    457 	.globl _SRCEXTEN1
                                    458 	.globl _SRCEXTEN0
                                    459 	.globl _SRCSHORTEN2
                                    460 	.globl _SRCSHORTEN1
                                    461 	.globl _SRCSHORTEN0
                                    462 	.globl _SRCMATCH
                                    463 	.globl _FRMFILT1
                                    464 	.globl _FRMFILT0
                                    465 	.globl _SHORT_ADDR1
                                    466 	.globl _SHORT_ADDR0
                                    467 	.globl _PAN_ID1
                                    468 	.globl _PAN_ID0
                                    469 	.globl _EXT_ADDR7
                                    470 	.globl _EXT_ADDR6
                                    471 	.globl _EXT_ADDR5
                                    472 	.globl _EXT_ADDR4
                                    473 	.globl _EXT_ADDR3
                                    474 	.globl _EXT_ADDR2
                                    475 	.globl _EXT_ADDR1
                                    476 	.globl _EXT_ADDR0
                                    477 	.globl _SRCSHORTPENDEN2
                                    478 	.globl _SRCSHORTPENDEN1
                                    479 	.globl _SRCSHORTPENDEN0
                                    480 	.globl _SRCEXTPENDEN2
                                    481 	.globl _SRCEXTPENDEN1
                                    482 	.globl _SRCEXTPENDEN0
                                    483 	.globl _SRCRESINDEX
                                    484 	.globl _SRCRESMASK2
                                    485 	.globl _SRCRESMASK1
                                    486 	.globl _SRCRESMASK0
                                    487 	.globl _SRC_ADDR_TABLE
                                    488 	.globl _TXFIFO
                                    489 	.globl _RXFIFO
                                    490 	.globl _RFCORE_RAM
                                    491 	.globl _CMPCTL
                                    492 	.globl _OPAMPS
                                    493 	.globl _OPAMPC
                                    494 	.globl _STCV2
                                    495 	.globl _STCV1
                                    496 	.globl _STCV0
                                    497 	.globl _STCS
                                    498 	.globl _STCC
                                    499 	.globl _T1CC4H
                                    500 	.globl _T1CC4L
                                    501 	.globl _T1CC3H
                                    502 	.globl _T1CC3L
                                    503 	.globl _XX_T1CC2H
                                    504 	.globl _XX_T1CC2L
                                    505 	.globl _XX_T1CC1H
                                    506 	.globl _XX_T1CC1L
                                    507 	.globl _XX_T1CC0H
                                    508 	.globl _XX_T1CC0L
                                    509 	.globl _T1CCTL4
                                    510 	.globl _T1CCTL3
                                    511 	.globl _XX_T1CCTL2
                                    512 	.globl _XX_T1CCTL1
                                    513 	.globl _XX_T1CCTL0
                                    514 	.globl _CLD
                                    515 	.globl _IRCTL
                                    516 	.globl _CHIPINFO1
                                    517 	.globl _CHIPINFO0
                                    518 	.globl _FWDATA
                                    519 	.globl _FADDRH
                                    520 	.globl _FADDRL
                                    521 	.globl _FCTL
                                    522 	.globl _IVCTRL
                                    523 	.globl _BATTMON
                                    524 	.globl _SRCRC
                                    525 	.globl _DBGDATA
                                    526 	.globl _TESTREG0
                                    527 	.globl _CHIPID
                                    528 	.globl _CHVER
                                    529 	.globl _OBSSEL5
                                    530 	.globl _OBSSEL4
                                    531 	.globl _OBSSEL3
                                    532 	.globl _OBSSEL2
                                    533 	.globl _OBSSEL1
                                    534 	.globl _OBSSEL0
                                    535 	.globl _I2CIO
                                    536 	.globl _I2CWC
                                    537 	.globl _I2CADDR
                                    538 	.globl _I2CDATA
                                    539 	.globl _I2CSTAT
                                    540 	.globl _I2CCFG
                                    541 	.globl _OPAMPMC
                                    542 	.globl _MONMUX
                                    543 	.globl _dma_init
                                    544 	.globl _dma_associate_process
                                    545 	.globl _dma_reset
                                    546 ;--------------------------------------------------------
                                    547 ; special function registers
                                    548 ;--------------------------------------------------------
                                    549 	.area RSEG    (ABS,DATA)
      000000                        550 	.org 0x0000
                           000080   551 _P0	=	0x0080
                           000081   552 _SP	=	0x0081
                           000082   553 _DPL0	=	0x0082
                           000083   554 _DPH0	=	0x0083
                           000084   555 _DPL1	=	0x0084
                           000085   556 _DPH1	=	0x0085
                           000087   557 _PCON	=	0x0087
                           000088   558 _TCON	=	0x0088
                           000090   559 _P1	=	0x0090
                           000092   560 _DPS	=	0x0092
                           000098   561 _S0CON	=	0x0098
                           00009A   562 _IEN2	=	0x009a
                           00009B   563 _S1CON	=	0x009b
                           0000A0   564 _P2	=	0x00a0
                           0000A8   565 _IEN0	=	0x00a8
                           0000A9   566 _IP0	=	0x00a9
                           0000B8   567 _IEN1	=	0x00b8
                           0000B9   568 _IP1	=	0x00b9
                           0000C0   569 _IRCON	=	0x00c0
                           0000D0   570 _PSW	=	0x00d0
                           0000E0   571 _ACC	=	0x00e0
                           0000E8   572 _IRCON2	=	0x00e8
                           0000F0   573 _B	=	0x00f0
                           0000B4   574 _ADCCON1	=	0x00b4
                           0000B5   575 _ADCCON2	=	0x00b5
                           0000B6   576 _ADCCON3	=	0x00b6
                           0000BA   577 _ADCL	=	0x00ba
                           0000BB   578 _ADCH	=	0x00bb
                           0000BC   579 _RNDL	=	0x00bc
                           0000BD   580 _RNDH	=	0x00bd
                           0000B1   581 _ENCDI	=	0x00b1
                           0000B2   582 _ENCDO	=	0x00b2
                           0000B3   583 _ENCCS	=	0x00b3
                           0000D1   584 _DMAIRQ	=	0x00d1
                           0000D2   585 _DMA1CFGL	=	0x00d2
                           0000D3   586 _DMA1CFGH	=	0x00d3
                           0000D4   587 _DMA0CFGL	=	0x00d4
                           0000D5   588 _DMA0CFGH	=	0x00d5
                           0000D6   589 _DMAARM	=	0x00d6
                           0000D7   590 _DMAREQ	=	0x00d7
                           000089   591 _P0IFG	=	0x0089
                           00008A   592 _P1IFG	=	0x008a
                           00008B   593 _P2IFG	=	0x008b
                           00008C   594 _PICTL	=	0x008c
                           0000AB   595 _P0IEN	=	0x00ab
                           00008D   596 _P1IEN	=	0x008d
                           0000AC   597 _P2IEN	=	0x00ac
                           00008F   598 _P0INP	=	0x008f
                           0000F1   599 _PERCFG	=	0x00f1
                           0000F2   600 _APCFG	=	0x00f2
                           0000F3   601 _P0SEL	=	0x00f3
                           0000F4   602 _P1SEL	=	0x00f4
                           0000F5   603 _P2SEL	=	0x00f5
                           0000F6   604 _P1INP	=	0x00f6
                           0000F7   605 _P2INP	=	0x00f7
                           0000FD   606 _P0DIR	=	0x00fd
                           0000FE   607 _P1DIR	=	0x00fe
                           0000FF   608 _P2DIR	=	0x00ff
                           0000AE   609 _PMUX	=	0x00ae
                           000093   610 _MPAGE	=	0x0093
                           000093   611 __XPAGE	=	0x0093
                           0000C7   612 _MEMCTR	=	0x00c7
                           00009F   613 _FMAP	=	0x009f
                           00009F   614 _PSBANK	=	0x009f
                           000091   615 _RFIRQF1	=	0x0091
                           0000D9   616 _RFD	=	0x00d9
                           0000E1   617 _RFST	=	0x00e1
                           0000E9   618 _RFIRQF0	=	0x00e9
                           0000BF   619 _RFERRF	=	0x00bf
                           000095   620 _ST0	=	0x0095
                           000096   621 _ST1	=	0x0096
                           000097   622 _ST2	=	0x0097
                           0000AD   623 _STLOAD	=	0x00ad
                           0000BE   624 _SLEEPCMD	=	0x00be
                           00009D   625 _SLEEPSTA	=	0x009d
                           0000C6   626 _CLKCONCMD	=	0x00c6
                           00009E   627 _CLKCONSTA	=	0x009e
                           0000DA   628 _T1CC0L	=	0x00da
                           0000DB   629 _T1CC0H	=	0x00db
                           0000DC   630 _T1CC1L	=	0x00dc
                           0000DD   631 _T1CC1H	=	0x00dd
                           0000DE   632 _T1CC2L	=	0x00de
                           0000DF   633 _T1CC2H	=	0x00df
                           0000E2   634 _T1CNTL	=	0x00e2
                           0000E3   635 _T1CNTH	=	0x00e3
                           0000E4   636 _T1CTL	=	0x00e4
                           0000E5   637 _T1CCTL0	=	0x00e5
                           0000E6   638 _T1CCTL1	=	0x00e6
                           0000E7   639 _T1CCTL2	=	0x00e7
                           0000AF   640 _T1STAT	=	0x00af
                           000094   641 _T2CTRL	=	0x0094
                           00009C   642 _T2EVTCFG	=	0x009c
                           0000A1   643 _T2IRQF	=	0x00a1
                           0000A2   644 _T2M0	=	0x00a2
                           0000A3   645 _T2M1	=	0x00a3
                           0000A4   646 _T2MOVF0	=	0x00a4
                           0000A5   647 _T2MOVF1	=	0x00a5
                           0000A6   648 _T2MOVF2	=	0x00a6
                           0000A7   649 _T2IRQM	=	0x00a7
                           0000C3   650 _T2MSEL	=	0x00c3
                           0000CA   651 _T3CNT	=	0x00ca
                           0000CB   652 _T3CTL	=	0x00cb
                           0000CC   653 _T3CCTL0	=	0x00cc
                           0000CD   654 _T3CC0	=	0x00cd
                           0000CE   655 _T3CCTL1	=	0x00ce
                           0000CF   656 _T3CC1	=	0x00cf
                           0000EA   657 _T4CNT	=	0x00ea
                           0000EB   658 _T4CTL	=	0x00eb
                           0000EC   659 _T4CCTL0	=	0x00ec
                           0000ED   660 _T4CC0	=	0x00ed
                           0000EE   661 _T4CCTL1	=	0x00ee
                           0000EF   662 _T4CC1	=	0x00ef
                           0000D8   663 _TIMIF	=	0x00d8
                           000086   664 _U0CSR	=	0x0086
                           0000C1   665 _U0DBUF	=	0x00c1
                           0000C2   666 _U0BAUD	=	0x00c2
                           0000C4   667 _U0UCR	=	0x00c4
                           0000C5   668 _U0GCR	=	0x00c5
                           0000F8   669 _U1CSR	=	0x00f8
                           0000F9   670 _U1DBUF	=	0x00f9
                           0000FA   671 _U1BAUD	=	0x00fa
                           0000FB   672 _U1UCR	=	0x00fb
                           0000FC   673 _U1GCR	=	0x00fc
                           0000C9   674 _WDCTL	=	0x00c9
                                    675 ;--------------------------------------------------------
                                    676 ; special function bits
                                    677 ;--------------------------------------------------------
                                    678 	.area RSEG    (ABS,DATA)
      000000                        679 	.org 0x0000
                           000087   680 _P0_7	=	0x0087
                           000086   681 _P0_6	=	0x0086
                           000085   682 _P0_5	=	0x0085
                           000084   683 _P0_4	=	0x0084
                           000083   684 _P0_3	=	0x0083
                           000082   685 _P0_2	=	0x0082
                           000081   686 _P0_1	=	0x0081
                           000080   687 _P0_0	=	0x0080
                           00008F   688 _URX1IF	=	0x008f
                           00008D   689 _ADCIF	=	0x008d
                           00008B   690 _URX0IF	=	0x008b
                           00008A   691 _IT1	=	0x008a
                           000089   692 _RFERRIF	=	0x0089
                           000088   693 _IT0	=	0x0088
                           000097   694 _P1_7	=	0x0097
                           000096   695 _P1_6	=	0x0096
                           000095   696 _P1_5	=	0x0095
                           000094   697 _P1_4	=	0x0094
                           000093   698 _P1_3	=	0x0093
                           000092   699 _P1_2	=	0x0092
                           000091   700 _P1_1	=	0x0091
                           000090   701 _P1_0	=	0x0090
                           000099   702 _ENCIF_1	=	0x0099
                           000098   703 _ENCIF_0	=	0x0098
                           0000A7   704 _P2_7	=	0x00a7
                           0000A6   705 _P2_6	=	0x00a6
                           0000A5   706 _P2_5	=	0x00a5
                           0000A4   707 _P2_4	=	0x00a4
                           0000A3   708 _P2_3	=	0x00a3
                           0000A2   709 _P2_2	=	0x00a2
                           0000A1   710 _P2_1	=	0x00a1
                           0000A0   711 _P2_0	=	0x00a0
                           0000AF   712 _EA	=	0x00af
                           0000AD   713 _STIE	=	0x00ad
                           0000AC   714 _ENCIE	=	0x00ac
                           0000AB   715 _URX1IE	=	0x00ab
                           0000AA   716 _URX0IE	=	0x00aa
                           0000A9   717 _ADCIE	=	0x00a9
                           0000A8   718 _RFERRIE	=	0x00a8
                           0000BD   719 _P0IE	=	0x00bd
                           0000BC   720 _T4IE	=	0x00bc
                           0000BB   721 _T3IE	=	0x00bb
                           0000BA   722 _T2IE	=	0x00ba
                           0000B9   723 _T1IE	=	0x00b9
                           0000B8   724 _DMAIE	=	0x00b8
                           0000C7   725 _STIF	=	0x00c7
                           0000C5   726 _P0IF	=	0x00c5
                           0000C4   727 _T4IF	=	0x00c4
                           0000C3   728 _T3IF	=	0x00c3
                           0000C2   729 _T2IF	=	0x00c2
                           0000C1   730 _T1IF	=	0x00c1
                           0000C0   731 _DMAIF	=	0x00c0
                           0000D7   732 _CY	=	0x00d7
                           0000D6   733 _AC	=	0x00d6
                           0000D5   734 _F0	=	0x00d5
                           0000D4   735 _RS1	=	0x00d4
                           0000D3   736 _RS0	=	0x00d3
                           0000D2   737 _OV	=	0x00d2
                           0000D1   738 _F1	=	0x00d1
                           0000D0   739 _P	=	0x00d0
                           0000E7   740 _ACC_7	=	0x00e7
                           0000E6   741 _ACC_6	=	0x00e6
                           0000E5   742 _ACC_5	=	0x00e5
                           0000E4   743 _ACC_4	=	0x00e4
                           0000E3   744 _ACC_3	=	0x00e3
                           0000E2   745 _ACC_2	=	0x00e2
                           0000E1   746 _ACC_1	=	0x00e1
                           0000E0   747 _ACC_0	=	0x00e0
                           0000EC   748 _WDTIF	=	0x00ec
                           0000EB   749 _P1IF	=	0x00eb
                           0000EA   750 _UTX1IF	=	0x00ea
                           0000E9   751 _UTX0IF	=	0x00e9
                           0000E8   752 _P2IF	=	0x00e8
                           0000F7   753 _B_7	=	0x00f7
                           0000F6   754 _B_6	=	0x00f6
                           0000F5   755 _B_5	=	0x00f5
                           0000F4   756 _B_4	=	0x00f4
                           0000F3   757 _B_3	=	0x00f3
                           0000F2   758 _B_2	=	0x00f2
                           0000F1   759 _B_1	=	0x00f1
                           0000F0   760 _B_0	=	0x00f0
                           0000DE   761 _OVFIM	=	0x00de
                           0000DD   762 _T4CH1IF	=	0x00dd
                           0000DC   763 _T4CH0IF	=	0x00dc
                           0000DB   764 _T4OVFIF	=	0x00db
                           0000DA   765 _T3CH1IF	=	0x00da
                           0000D9   766 _T3CH0IF	=	0x00d9
                           0000D8   767 _T3OVFIF	=	0x00d8
                           0000FF   768 _MODE	=	0x00ff
                           0000FE   769 _RE	=	0x00fe
                           0000FD   770 _SLAVE	=	0x00fd
                           0000FC   771 _FE	=	0x00fc
                           0000FB   772 _ERR	=	0x00fb
                           0000FA   773 _RX_BYTE	=	0x00fa
                           0000F9   774 _TX_BYTE	=	0x00f9
                           0000F8   775 _ACTIVE	=	0x00f8
                                    776 ;--------------------------------------------------------
                                    777 ; overlayable register banks
                                    778 ;--------------------------------------------------------
                                    779 	.area REG_BANK_0	(REL,OVR,DATA)
      000000                        780 	.ds 8
                                    781 ;--------------------------------------------------------
                                    782 ; internal ram data
                                    783 ;--------------------------------------------------------
                                    784 	.area DSEG    (DATA)
                                    785 ;--------------------------------------------------------
                                    786 ; overlayable items in internal ram 
                                    787 ;--------------------------------------------------------
                                    788 ;--------------------------------------------------------
                                    789 ; indirectly addressable internal ram data
                                    790 ;--------------------------------------------------------
                                    791 	.area ISEG    (DATA)
                                    792 ;--------------------------------------------------------
                                    793 ; absolute internal ram data
                                    794 ;--------------------------------------------------------
                                    795 	.area IABS    (ABS,DATA)
                                    796 	.area IABS    (ABS,DATA)
                                    797 ;--------------------------------------------------------
                                    798 ; bit data
                                    799 ;--------------------------------------------------------
                                    800 	.area BSEG    (BIT)
                                    801 ;--------------------------------------------------------
                                    802 ; paged external ram data
                                    803 ;--------------------------------------------------------
                                    804 	.area PSEG    (PAG,XDATA)
                                    805 ;--------------------------------------------------------
                                    806 ; external ram data
                                    807 ;--------------------------------------------------------
                                    808 	.area XSEG    (XDATA)
                           0061A6   809 _MONMUX	=	0x61a6
                           0061A6   810 _OPAMPMC	=	0x61a6
                           006230   811 _I2CCFG	=	0x6230
                           006231   812 _I2CSTAT	=	0x6231
                           006232   813 _I2CDATA	=	0x6232
                           006233   814 _I2CADDR	=	0x6233
                           006234   815 _I2CWC	=	0x6234
                           006235   816 _I2CIO	=	0x6235
                           006243   817 _OBSSEL0	=	0x6243
                           006244   818 _OBSSEL1	=	0x6244
                           006245   819 _OBSSEL2	=	0x6245
                           006246   820 _OBSSEL3	=	0x6246
                           006247   821 _OBSSEL4	=	0x6247
                           006248   822 _OBSSEL5	=	0x6248
                           006249   823 _CHVER	=	0x6249
                           00624A   824 _CHIPID	=	0x624a
                           00624B   825 _TESTREG0	=	0x624b
                           006260   826 _DBGDATA	=	0x6260
                           006262   827 _SRCRC	=	0x6262
                           006264   828 _BATTMON	=	0x6264
                           006265   829 _IVCTRL	=	0x6265
                           006270   830 _FCTL	=	0x6270
                           006271   831 _FADDRL	=	0x6271
                           006272   832 _FADDRH	=	0x6272
                           006273   833 _FWDATA	=	0x6273
                           006276   834 _CHIPINFO0	=	0x6276
                           006277   835 _CHIPINFO1	=	0x6277
                           006281   836 _IRCTL	=	0x6281
                           006290   837 _CLD	=	0x6290
                           0062A0   838 _XX_T1CCTL0	=	0x62a0
                           0062A1   839 _XX_T1CCTL1	=	0x62a1
                           0062A2   840 _XX_T1CCTL2	=	0x62a2
                           0062A3   841 _T1CCTL3	=	0x62a3
                           0062A4   842 _T1CCTL4	=	0x62a4
                           0062A6   843 _XX_T1CC0L	=	0x62a6
                           0062A7   844 _XX_T1CC0H	=	0x62a7
                           0062A8   845 _XX_T1CC1L	=	0x62a8
                           0062A9   846 _XX_T1CC1H	=	0x62a9
                           0062AA   847 _XX_T1CC2L	=	0x62aa
                           0062AB   848 _XX_T1CC2H	=	0x62ab
                           0062AC   849 _T1CC3L	=	0x62ac
                           0062AD   850 _T1CC3H	=	0x62ad
                           0062AE   851 _T1CC4L	=	0x62ae
                           0062AF   852 _T1CC4H	=	0x62af
                           0062B0   853 _STCC	=	0x62b0
                           0062B1   854 _STCS	=	0x62b1
                           0062B2   855 _STCV0	=	0x62b2
                           0062B3   856 _STCV1	=	0x62b3
                           0062B4   857 _STCV2	=	0x62b4
                           0062C0   858 _OPAMPC	=	0x62c0
                           0062C1   859 _OPAMPS	=	0x62c1
                           0062D0   860 _CMPCTL	=	0x62d0
                           006000   861 _RFCORE_RAM	=	0x6000
                           006000   862 _RXFIFO	=	0x6000
                           006080   863 _TXFIFO	=	0x6080
                           006100   864 _SRC_ADDR_TABLE	=	0x6100
                           006160   865 _SRCRESMASK0	=	0x6160
                           006161   866 _SRCRESMASK1	=	0x6161
                           006162   867 _SRCRESMASK2	=	0x6162
                           006163   868 _SRCRESINDEX	=	0x6163
                           006164   869 _SRCEXTPENDEN0	=	0x6164
                           006165   870 _SRCEXTPENDEN1	=	0x6165
                           006166   871 _SRCEXTPENDEN2	=	0x6166
                           006167   872 _SRCSHORTPENDEN0	=	0x6167
                           006168   873 _SRCSHORTPENDEN1	=	0x6168
                           006169   874 _SRCSHORTPENDEN2	=	0x6169
                           00616A   875 _EXT_ADDR0	=	0x616a
                           00616B   876 _EXT_ADDR1	=	0x616b
                           00616C   877 _EXT_ADDR2	=	0x616c
                           00616D   878 _EXT_ADDR3	=	0x616d
                           00616E   879 _EXT_ADDR4	=	0x616e
                           00616F   880 _EXT_ADDR5	=	0x616f
                           006170   881 _EXT_ADDR6	=	0x6170
                           006171   882 _EXT_ADDR7	=	0x6171
                           006172   883 _PAN_ID0	=	0x6172
                           006173   884 _PAN_ID1	=	0x6173
                           006174   885 _SHORT_ADDR0	=	0x6174
                           006175   886 _SHORT_ADDR1	=	0x6175
                           006180   887 _FRMFILT0	=	0x6180
                           006181   888 _FRMFILT1	=	0x6181
                           006182   889 _SRCMATCH	=	0x6182
                           006183   890 _SRCSHORTEN0	=	0x6183
                           006184   891 _SRCSHORTEN1	=	0x6184
                           006185   892 _SRCSHORTEN2	=	0x6185
                           006186   893 _SRCEXTEN0	=	0x6186
                           006187   894 _SRCEXTEN1	=	0x6187
                           006188   895 _SRCEXTEN2	=	0x6188
                           006189   896 _FRMCTRL0	=	0x6189
                           00618A   897 _FRMCTRL1	=	0x618a
                           00618B   898 _RXENABLE	=	0x618b
                           00618C   899 _RXMASKSET	=	0x618c
                           00618D   900 _RXMASKCLR	=	0x618d
                           00618E   901 _FREQTUNE	=	0x618e
                           00618F   902 _FREQCTRL	=	0x618f
                           006190   903 _TXPOWER	=	0x6190
                           006191   904 _TXCTRL	=	0x6191
                           006192   905 _FSMSTAT0	=	0x6192
                           006193   906 _FSMSTAT1	=	0x6193
                           006194   907 _FIFOPCTRL	=	0x6194
                           006195   908 _FSMCTRL	=	0x6195
                           006196   909 _CCACTRL0	=	0x6196
                           006197   910 _CCACTRL1	=	0x6197
                           006198   911 _RSSI	=	0x6198
                           006199   912 _RSSISTAT	=	0x6199
                           00619A   913 _RXFIRST	=	0x619a
                           00619B   914 _RXFIFOCNT	=	0x619b
                           00619C   915 _TXFIFOCNT	=	0x619c
                           00619D   916 _RXFIRST_PTR	=	0x619d
                           00619E   917 _RXLAST_PTR	=	0x619e
                           00619F   918 _RXP1_PTR	=	0x619f
                           0061A1   919 _TXFIRST_PTR	=	0x61a1
                           0061A2   920 _TXLAST_PTR	=	0x61a2
                           0061A3   921 _RFIRQM0	=	0x61a3
                           0061A4   922 _RFIRQM1	=	0x61a4
                           0061A5   923 _RFERRM	=	0x61a5
                           0061A7   924 _RFRND	=	0x61a7
                           0061A8   925 _MDMCTRL0	=	0x61a8
                           0061A9   926 _MDMCTRL1	=	0x61a9
                           0061AA   927 _FREQEST	=	0x61aa
                           0061AB   928 _RXCTRL	=	0x61ab
                           0061AC   929 _FSCTRL	=	0x61ac
                           0061AD   930 _FSCAL0	=	0x61ad
                           0061AE   931 _FSCAL1	=	0x61ae
                           0061AF   932 _FSCAL2	=	0x61af
                           0061B0   933 _FSCAL3	=	0x61b0
                           0061B1   934 _AGCCTRL0	=	0x61b1
                           0061B2   935 _AGCCTRL1	=	0x61b2
                           0061B3   936 _AGCCTRL2	=	0x61b3
                           0061B4   937 _AGCCTRL3	=	0x61b4
                           0061B5   938 _ADCTEST0	=	0x61b5
                           0061B6   939 _ADCTEST1	=	0x61b6
                           0061B7   940 _ADCTEST2	=	0x61b7
                           0061B8   941 _MDMTEST0	=	0x61b8
                           0061B9   942 _MDMTEST1	=	0x61b9
                           0061BA   943 _DACTEST0	=	0x61ba
                           0061BB   944 _DACTEST1	=	0x61bb
                           0061BC   945 _DACTEST2	=	0x61bc
                           0061BD   946 _ATEST	=	0x61bd
                           0061BE   947 _PTEST0	=	0x61be
                           0061BF   948 _PTEST1	=	0x61bf
                           0061FA   949 _TXFILTCFG	=	0x61fa
                           0061EB   950 _RFC_OBS_CTRL0	=	0x61eb
                           0061EC   951 _RFC_OBS_CTRL1	=	0x61ec
                           0061ED   952 _RFC_OBS_CTRL2	=	0x61ed
                           0061C0   953 _CSPPROG0	=	0x61c0
                           0061C1   954 _CSPPROG1	=	0x61c1
                           0061C2   955 _CSPPROG2	=	0x61c2
                           0061C3   956 _CSPPROG3	=	0x61c3
                           0061C4   957 _CSPPROG4	=	0x61c4
                           0061C5   958 _CSPPROG5	=	0x61c5
                           0061C6   959 _CSPPROG6	=	0x61c6
                           0061C7   960 _CSPPROG7	=	0x61c7
                           0061C8   961 _CSPPROG8	=	0x61c8
                           0061C9   962 _CSPPROG9	=	0x61c9
                           0061CA   963 _CSPPROG10	=	0x61ca
                           0061CB   964 _CSPPROG11	=	0x61cb
                           0061CC   965 _CSPPROG12	=	0x61cc
                           0061CD   966 _CSPPROG13	=	0x61cd
                           0061CE   967 _CSPPROG14	=	0x61ce
                           0061CF   968 _CSPPROG15	=	0x61cf
                           0061D0   969 _CSPPROG16	=	0x61d0
                           0061D1   970 _CSPPROG17	=	0x61d1
                           0061D2   971 _CSPPROG18	=	0x61d2
                           0061D3   972 _CSPPROG19	=	0x61d3
                           0061D4   973 _CSPPROG20	=	0x61d4
                           0061D5   974 _CSPPROG21	=	0x61d5
                           0061D6   975 _CSPPROG22	=	0x61d6
                           0061D7   976 _CSPPROG23	=	0x61d7
                           0061E0   977 _CSPCTRL	=	0x61e0
                           0061E1   978 _CSPSTAT	=	0x61e1
                           0061E2   979 _CSPX	=	0x61e2
                           0061E3   980 _CSPY	=	0x61e3
                           0061E4   981 _CSPZ	=	0x61e4
                           0061E5   982 _CSPT	=	0x61e5
                           006200   983 _USBADDR	=	0x6200
                           006201   984 _USBPOW	=	0x6201
                           006202   985 _USBIIF	=	0x6202
                           006204   986 _USBOIF	=	0x6204
                           006206   987 _USBCIF	=	0x6206
                           006207   988 _USBIIE	=	0x6207
                           006209   989 _USBOIE	=	0x6209
                           00620B   990 _USBCIE	=	0x620b
                           00620C   991 _USBFRML	=	0x620c
                           00620D   992 _USBFRMH	=	0x620d
                           00620E   993 _USBINDEX	=	0x620e
                           00620F   994 _USBCTRL	=	0x620f
                           006210   995 _USBMAXI	=	0x6210
                           006211   996 _USBCS0	=	0x6211
                           006211   997 _USBCSIL	=	0x6211
                           006212   998 _USBCSIH	=	0x6212
                           006213   999 _USBMAXO	=	0x6213
                           006214  1000 _USBCSOL	=	0x6214
                           006215  1001 _USBCSOH	=	0x6215
                           006216  1002 _USBCNT0	=	0x6216
                           006216  1003 _USBCNTL	=	0x6216
                           006217  1004 _USBCNTH	=	0x6217
                           006220  1005 _USBF0	=	0x6220
                           006222  1006 _USBF1	=	0x6222
                           006224  1007 _USBF2	=	0x6224
                           006226  1008 _USBF3	=	0x6226
                           006228  1009 _USBF4	=	0x6228
                           00622A  1010 _USBF5	=	0x622a
                           007080  1011 _X_P0	=	0x7080
                           007086  1012 _X_U0CSR	=	0x7086
                           007089  1013 _X_P0IFG	=	0x7089
                           00708A  1014 _X_P1IFG	=	0x708a
                           00708B  1015 _X_P2IFG	=	0x708b
                           00708C  1016 _X_PICTL	=	0x708c
                           00708D  1017 _X_P1IEN	=	0x708d
                           00708F  1018 _X_P0INP	=	0x708f
                           007090  1019 _X_P1	=	0x7090
                           007091  1020 _X_RFIRQF1	=	0x7091
                           007093  1021 _X_MPAGE	=	0x7093
                           007093  1022 _X__XPAGE	=	0x7093
                           007094  1023 _X_T2CTRL	=	0x7094
                           007095  1024 _X_ST0	=	0x7095
                           007096  1025 _X_ST1	=	0x7096
                           007097  1026 _X_ST2	=	0x7097
                           00709C  1027 _X_T2EVTCFG	=	0x709c
                           00709D  1028 _X_SLEEPSTA	=	0x709d
                           00709E  1029 _X_CLKCONSTA	=	0x709e
                           00709F  1030 _X_FMAP	=	0x709f
                           00709F  1031 _X_PSBANK	=	0x709f
                           0070A0  1032 _X_P2	=	0x70a0
                           0070A1  1033 _X_T2IRQF	=	0x70a1
                           0070A2  1034 _X_T2M0	=	0x70a2
                           0070A3  1035 _X_T2M1	=	0x70a3
                           0070A4  1036 _X_T2MOVF0	=	0x70a4
                           0070A5  1037 _X_T2MOVF1	=	0x70a5
                           0070A6  1038 _X_T2MOVF2	=	0x70a6
                           0070A7  1039 _X_T2IRQM	=	0x70a7
                           0070AB  1040 _X_P0IEN	=	0x70ab
                           0070AC  1041 _X_P2IEN	=	0x70ac
                           0070AD  1042 _X_STLOAD	=	0x70ad
                           0070AE  1043 _X_PMUX	=	0x70ae
                           0070AF  1044 _X_T1STAT	=	0x70af
                           0070B1  1045 _X_ENCDI	=	0x70b1
                           0070B2  1046 _X_ENCDO	=	0x70b2
                           0070B3  1047 _X_ENCCS	=	0x70b3
                           0070B4  1048 _X_ADCCON1	=	0x70b4
                           0070B5  1049 _X_ADCCON2	=	0x70b5
                           0070B6  1050 _X_ADCCON3	=	0x70b6
                           0070BA  1051 _X_ADCL	=	0x70ba
                           0070BB  1052 _X_ADCH	=	0x70bb
                           0070BC  1053 _X_RNDL	=	0x70bc
                           0070BD  1054 _X_RNDH	=	0x70bd
                           0070BE  1055 _X_SLEEPCMD	=	0x70be
                           0070BF  1056 _X_RFERRF	=	0x70bf
                           0070C1  1057 _X_U0DBUF	=	0x70c1
                           0070C2  1058 _X_U0BAUD	=	0x70c2
                           0070C3  1059 _X_T2MSEL	=	0x70c3
                           0070C4  1060 _X_U0UCR	=	0x70c4
                           0070C5  1061 _X_U0GCR	=	0x70c5
                           0070C6  1062 _X_CLKCONCMD	=	0x70c6
                           0070C7  1063 _X_MEMCTR	=	0x70c7
                           0070C9  1064 _X_WDCTL	=	0x70c9
                           0070CA  1065 _X_T3CNT	=	0x70ca
                           0070CB  1066 _X_T3CTL	=	0x70cb
                           0070CC  1067 _X_T3CCTL0	=	0x70cc
                           0070CD  1068 _X_T3CC0	=	0x70cd
                           0070CE  1069 _X_T3CCTL1	=	0x70ce
                           0070CF  1070 _X_T3CC1	=	0x70cf
                           0070D1  1071 _X_DMAIRQ	=	0x70d1
                           0070D2  1072 _X_DMA1CFGL	=	0x70d2
                           0070D3  1073 _X_DMA1CFGH	=	0x70d3
                           0070D4  1074 _X_DMA0CFGL	=	0x70d4
                           0070D5  1075 _X_DMA0CFGH	=	0x70d5
                           0070D6  1076 _X_DMAARM	=	0x70d6
                           0070D7  1077 _X_DMAREQ	=	0x70d7
                           0070D8  1078 _X_TIMIF	=	0x70d8
                           0070D9  1079 _X_RFD	=	0x70d9
                           0070DA  1080 _X_T1CC0L	=	0x70da
                           0070DB  1081 _X_T1CC0H	=	0x70db
                           0070DC  1082 _X_T1CC1L	=	0x70dc
                           0070DD  1083 _X_T1CC1H	=	0x70dd
                           0070DE  1084 _X_T1CC2L	=	0x70de
                           0070DF  1085 _X_T1CC2H	=	0x70df
                           0070E1  1086 _X_RFST	=	0x70e1
                           0070E2  1087 _X_T1CNTL	=	0x70e2
                           0070E3  1088 _X_T1CNTH	=	0x70e3
                           0070E4  1089 _X_T1CTL	=	0x70e4
                           0070E5  1090 _X_T1CCTL0	=	0x70e5
                           0070E6  1091 _X_T1CCTL1	=	0x70e6
                           0070E7  1092 _X_T1CCTL2	=	0x70e7
                           0070E9  1093 _X_RFIRQF0	=	0x70e9
                           0070EA  1094 _X_T4CNT	=	0x70ea
                           0070EB  1095 _X_T4CTL	=	0x70eb
                           0070EC  1096 _X_T4CCTL0	=	0x70ec
                           0070ED  1097 _X_T4CC0	=	0x70ed
                           0070EE  1098 _X_T4CCTL1	=	0x70ee
                           0070EF  1099 _X_T4CC1	=	0x70ef
                           0070F1  1100 _X_PERCFG	=	0x70f1
                           0070F2  1101 _X_APCFG	=	0x70f2
                           0070F3  1102 _X_P0SEL	=	0x70f3
                           0070F4  1103 _X_P1SEL	=	0x70f4
                           0070F5  1104 _X_P2SEL	=	0x70f5
                           0070F6  1105 _X_P1INP	=	0x70f6
                           0070F7  1106 _X_P2INP	=	0x70f7
                           0070F8  1107 _X_U1CSR	=	0x70f8
                           0070F9  1108 _X_U1DBUF	=	0x70f9
                           0070FA  1109 _X_U1BAUD	=	0x70fa
                           0070FB  1110 _X_U1UCR	=	0x70fb
                           0070FC  1111 _X_U1GCR	=	0x70fc
                           0070FD  1112 _X_P0DIR	=	0x70fd
                           0070FE  1113 _X_P1DIR	=	0x70fe
                           0070FF  1114 _X_P2DIR	=	0x70ff
                           007800  1115 _X_INFOPAGE	=	0x7800
                           00780C  1116 _X_IEEE_ADDR	=	0x780c
      000000                       1117 _dma_conf::
      000000                       1118 	.ds 16
      000010                       1119 _dma_callback::
      000010                       1120 	.ds 6
      000016                       1121 _dma_reset_dummy_1_96:
      000016                       1122 	.ds 1
                                   1123 ;--------------------------------------------------------
                                   1124 ; absolute external ram data
                                   1125 ;--------------------------------------------------------
                                   1126 	.area XABS    (ABS,XDATA)
                                   1127 ;--------------------------------------------------------
                                   1128 ; external initialized ram data
                                   1129 ;--------------------------------------------------------
                                   1130 	.area XISEG   (XDATA)
                                   1131 	.area HOME    (CODE)
                                   1132 	.area GSINIT0 (CODE)
                                   1133 	.area GSINIT1 (CODE)
                                   1134 	.area GSINIT2 (CODE)
                                   1135 	.area GSINIT3 (CODE)
                                   1136 	.area GSINIT4 (CODE)
                                   1137 	.area GSINIT5 (CODE)
                                   1138 	.area GSINIT  (CODE)
                                   1139 	.area GSFINAL (CODE)
                                   1140 	.area CSEG    (CODE)
                                   1141 ;--------------------------------------------------------
                                   1142 ; global & static initialisations
                                   1143 ;--------------------------------------------------------
                                   1144 	.area HOME    (CODE)
                                   1145 	.area GSINIT  (CODE)
                                   1146 	.area GSFINAL (CODE)
                                   1147 	.area GSINIT  (CODE)
                                   1148 ;--------------------------------------------------------
                                   1149 ; Home
                                   1150 ;--------------------------------------------------------
                                   1151 	.area HOME    (CODE)
                                   1152 	.area HOME    (CODE)
                                   1153 ;--------------------------------------------------------
                                   1154 ; code
                                   1155 ;--------------------------------------------------------
                                   1156 	.area CSEG    (CODE)
                                   1157 ;------------------------------------------------------------
                                   1158 ;Allocation info for local variables in function 'dma_init'
                                   1159 ;------------------------------------------------------------
                                   1160 ;tmp_ptr                   Allocated to registers r6 r7 
                                   1161 ;------------------------------------------------------------
                                   1162 ;	../contiki-sensinode/cpu/cc253x/dev/dma.c:23: dma_init(void)
                                   1163 ;	-----------------------------------------
                                   1164 ;	 function dma_init
                                   1165 ;	-----------------------------------------
      000000                       1166 _dma_init:
                           000007  1167 	ar7 = 0x07
                           000006  1168 	ar6 = 0x06
                           000005  1169 	ar5 = 0x05
                           000004  1170 	ar4 = 0x04
                           000003  1171 	ar3 = 0x03
                           000002  1172 	ar2 = 0x02
                           000001  1173 	ar1 = 0x01
                           000000  1174 	ar0 = 0x00
                                   1175 ;	../contiki-sensinode/cpu/cc253x/dev/dma.c:27: memset(dma_conf, 0, 4 * sizeof(dma_config_t));
      000000 74 20            [12] 1176 	mov	a,#0x20
      000002 C0 E0            [24] 1177 	push	acc
      000004 E4               [12] 1178 	clr	a
      000005 C0 E0            [24] 1179 	push	acc
      000007 C0 E0            [24] 1180 	push	acc
      000009 90r00r00         [24] 1181 	mov	dptr,#_dma_conf
      00000C 75 F0 00         [24] 1182 	mov	b,#0x00
      00000F 12r00r00         [24] 1183 	lcall	_memset
      000012 15 81            [12] 1184 	dec	sp
      000014 15 81            [12] 1185 	dec	sp
      000016 15 81            [12] 1186 	dec	sp
                                   1187 ;	../contiki-sensinode/cpu/cc253x/dev/dma.c:29: for(tmp_ptr = 0; tmp_ptr < DMA_CHANNEL_COUNT; tmp_ptr++) {
      000018 7E 00            [12] 1188 	mov	r6,#0x00
      00001A 7F 00            [12] 1189 	mov	r7,#0x00
      00001C 7C 00            [12] 1190 	mov	r4,#0x00
      00001E 7D 00            [12] 1191 	mov	r5,#0x00
      000020                       1192 00102$:
                                   1193 ;	../contiki-sensinode/cpu/cc253x/dev/dma.c:30: dma_callback[tmp_ptr] = 0;
      000020 EC               [12] 1194 	mov	a,r4
      000021 24r10            [12] 1195 	add	a,#_dma_callback
      000023 F5 82            [12] 1196 	mov	dpl,a
      000025 ED               [12] 1197 	mov	a,r5
      000026 34s00            [12] 1198 	addc	a,#(_dma_callback >> 8)
      000028 F5 83            [12] 1199 	mov	dph,a
      00002A E4               [12] 1200 	clr	a
      00002B F0               [24] 1201 	movx	@dptr,a
      00002C A3               [24] 1202 	inc	dptr
      00002D F0               [24] 1203 	movx	@dptr,a
      00002E A3               [24] 1204 	inc	dptr
      00002F F0               [24] 1205 	movx	@dptr,a
                                   1206 ;	../contiki-sensinode/cpu/cc253x/dev/dma.c:29: for(tmp_ptr = 0; tmp_ptr < DMA_CHANNEL_COUNT; tmp_ptr++) {
      000030 74 03            [12] 1207 	mov	a,#0x03
      000032 2C               [12] 1208 	add	a,r4
      000033 FC               [12] 1209 	mov	r4,a
      000034 E4               [12] 1210 	clr	a
      000035 3D               [12] 1211 	addc	a,r5
      000036 FD               [12] 1212 	mov	r5,a
      000037 0E               [12] 1213 	inc	r6
      000038 BE 00 01         [24] 1214 	cjne	r6,#0x00,00113$
      00003B 0F               [12] 1215 	inc	r7
      00003C                       1216 00113$:
      00003C C3               [12] 1217 	clr	c
      00003D EE               [12] 1218 	mov	a,r6
      00003E 94 02            [12] 1219 	subb	a,#0x02
      000040 EF               [12] 1220 	mov	a,r7
      000041 94 00            [12] 1221 	subb	a,#0x00
      000043 40 DB            [24] 1222 	jc	00102$
                                   1223 ;	../contiki-sensinode/cpu/cc253x/dev/dma.c:34: tmp_ptr = (uint16_t)&(dma_conf[0]);
      000045 7Er00            [12] 1224 	mov	r6,#_dma_conf
      000047 7Fs00            [12] 1225 	mov	r7,#(_dma_conf >> 8)
                                   1226 ;	../contiki-sensinode/cpu/cc253x/dev/dma.c:35: DMA0CFGH = tmp_ptr >> 8;
      000049 8F D5            [24] 1227 	mov	_DMA0CFGH,r7
                                   1228 ;	../contiki-sensinode/cpu/cc253x/dev/dma.c:36: DMA0CFGL = tmp_ptr;
      00004B 8E D4            [24] 1229 	mov	_DMA0CFGL,r6
                                   1230 ;	../contiki-sensinode/cpu/cc253x/dev/dma.c:44: tmp_ptr = (uint16_t)&(dma_conf[1]);
      00004D 7Er08            [12] 1231 	mov	r6,#(_dma_conf + 0x0008)
      00004F 7Fs00            [12] 1232 	mov	r7,#((_dma_conf + 0x0008) >> 8)
                                   1233 ;	../contiki-sensinode/cpu/cc253x/dev/dma.c:45: DMA1CFGH = tmp_ptr >> 8;
      000051 8F D3            [24] 1234 	mov	_DMA1CFGH,r7
                                   1235 ;	../contiki-sensinode/cpu/cc253x/dev/dma.c:46: DMA1CFGL = tmp_ptr;
      000053 8E D2            [24] 1236 	mov	_DMA1CFGL,r6
                                   1237 ;	../contiki-sensinode/cpu/cc253x/dev/dma.c:49: DMAIE = 1;	/* Enable DMA interrupts */
      000055 D2 B8            [12] 1238 	setb	_DMAIE
      000057 22               [24] 1239 	ret
                                   1240 ;------------------------------------------------------------
                                   1241 ;Allocation info for local variables in function 'dma_associate_process'
                                   1242 ;------------------------------------------------------------
                                   1243 ;c                         Allocated to stack - sp -2
                                   1244 ;p                         Allocated to registers r5 r6 r7 
                                   1245 ;------------------------------------------------------------
                                   1246 ;	../contiki-sensinode/cpu/cc253x/dev/dma.c:57: dma_associate_process(struct process *p, uint8_t c)
                                   1247 ;	-----------------------------------------
                                   1248 ;	 function dma_associate_process
                                   1249 ;	-----------------------------------------
      000058                       1250 _dma_associate_process:
      000058 AD 82            [24] 1251 	mov	r5,dpl
      00005A AE 83            [24] 1252 	mov	r6,dph
      00005C AF F0            [24] 1253 	mov	r7,b
                                   1254 ;	../contiki-sensinode/cpu/cc253x/dev/dma.c:59: if((!c) || (c >= DMA_CHANNEL_COUNT)) {
      00005E A8 81            [24] 1255 	mov	r0,sp
      000060 18               [12] 1256 	dec	r0
      000061 18               [12] 1257 	dec	r0
      000062 E6               [12] 1258 	mov	a,@r0
      000063 60 09            [24] 1259 	jz	00101$
      000065 A8 81            [24] 1260 	mov	r0,sp
      000067 18               [12] 1261 	dec	r0
      000068 18               [12] 1262 	dec	r0
      000069 B6 02 00         [24] 1263 	cjne	@r0,#0x02,00115$
      00006C                       1264 00115$:
      00006C 40 01            [24] 1265 	jc	00102$
      00006E                       1266 00101$:
                                   1267 ;	../contiki-sensinode/cpu/cc253x/dev/dma.c:60: return;
      00006E 22               [24] 1268 	ret
      00006F                       1269 00102$:
                                   1270 ;	../contiki-sensinode/cpu/cc253x/dev/dma.c:63: if(p) {
      00006F ED               [12] 1271 	mov	a,r5
      000070 4E               [12] 1272 	orl	a,r6
      000071 60 29            [24] 1273 	jz	00105$
                                   1274 ;	../contiki-sensinode/cpu/cc253x/dev/dma.c:64: dma_conf[c].inc_prio |= 8; /* Enable interrupt generation */
      000073 A8 81            [24] 1275 	mov	r0,sp
      000075 18               [12] 1276 	dec	r0
      000076 18               [12] 1277 	dec	r0
      000077 E6               [12] 1278 	mov	a,@r0
      000078 75 F0 08         [24] 1279 	mov	b,#0x08
      00007B A4               [48] 1280 	mul	ab
      00007C 24r00            [12] 1281 	add	a,#_dma_conf
      00007E FB               [12] 1282 	mov	r3,a
      00007F 74s00            [12] 1283 	mov	a,#(_dma_conf >> 8)
      000081 35 F0            [12] 1284 	addc	a,b
      000083 FC               [12] 1285 	mov	r4,a
      000084 74 07            [12] 1286 	mov	a,#0x07
      000086 2B               [12] 1287 	add	a,r3
      000087 FB               [12] 1288 	mov	r3,a
      000088 E4               [12] 1289 	clr	a
      000089 3C               [12] 1290 	addc	a,r4
      00008A FC               [12] 1291 	mov	r4,a
      00008B 8B 82            [24] 1292 	mov	dpl,r3
      00008D 8C 83            [24] 1293 	mov	dph,r4
      00008F E0               [24] 1294 	movx	a,@dptr
      000090 FA               [12] 1295 	mov	r2,a
      000091 43 02 08         [24] 1296 	orl	ar2,#0x08
      000094 8B 82            [24] 1297 	mov	dpl,r3
      000096 8C 83            [24] 1298 	mov	dph,r4
      000098 EA               [12] 1299 	mov	a,r2
      000099 F0               [24] 1300 	movx	@dptr,a
                                   1301 ;	../contiki-sensinode/cpu/cc253x/dev/dma.c:65: DMAIE = 1; /* Make sure DMA interrupts are acknowledged */
      00009A D2 B8            [12] 1302 	setb	_DMAIE
      00009C                       1303 00105$:
                                   1304 ;	../contiki-sensinode/cpu/cc253x/dev/dma.c:67: dma_callback[c] = p;
      00009C A8 81            [24] 1305 	mov	r0,sp
      00009E 18               [12] 1306 	dec	r0
      00009F 18               [12] 1307 	dec	r0
      0000A0 E6               [12] 1308 	mov	a,@r0
      0000A1 75 F0 03         [24] 1309 	mov	b,#0x03
      0000A4 A4               [48] 1310 	mul	ab
      0000A5 24r10            [12] 1311 	add	a,#_dma_callback
      0000A7 F5 82            [12] 1312 	mov	dpl,a
      0000A9 74s00            [12] 1313 	mov	a,#(_dma_callback >> 8)
      0000AB 35 F0            [12] 1314 	addc	a,b
      0000AD F5 83            [12] 1315 	mov	dph,a
      0000AF ED               [12] 1316 	mov	a,r5
      0000B0 F0               [24] 1317 	movx	@dptr,a
      0000B1 EE               [12] 1318 	mov	a,r6
      0000B2 A3               [24] 1319 	inc	dptr
      0000B3 F0               [24] 1320 	movx	@dptr,a
      0000B4 EF               [12] 1321 	mov	a,r7
      0000B5 A3               [24] 1322 	inc	dptr
      0000B6 F0               [24] 1323 	movx	@dptr,a
      0000B7 22               [24] 1324 	ret
                                   1325 ;------------------------------------------------------------
                                   1326 ;Allocation info for local variables in function 'dma_reset'
                                   1327 ;------------------------------------------------------------
                                   1328 ;c                         Allocated to registers r7 
                                   1329 ;dummy                     Allocated with name '_dma_reset_dummy_1_96'
                                   1330 ;------------------------------------------------------------
                                   1331 ;	../contiki-sensinode/cpu/cc253x/dev/dma.c:76: dma_reset(uint8_t c)
                                   1332 ;	-----------------------------------------
                                   1333 ;	 function dma_reset
                                   1334 ;	-----------------------------------------
      0000B8                       1335 _dma_reset:
      0000B8 AF 82            [24] 1336 	mov	r7,dpl
                                   1337 ;	../contiki-sensinode/cpu/cc253x/dev/dma.c:79: if(c >= DMA_CHANNEL_COUNT) {
      0000BA BF 02 00         [24] 1338 	cjne	r7,#0x02,00114$
      0000BD                       1339 00114$:
      0000BD 40 01            [24] 1340 	jc	00102$
                                   1341 ;	../contiki-sensinode/cpu/cc253x/dev/dma.c:80: return;
      0000BF 22               [24] 1342 	ret
      0000C0                       1343 00102$:
                                   1344 ;	../contiki-sensinode/cpu/cc253x/dev/dma.c:82: DMA_ABORT(c);
      0000C0 8F F0            [24] 1345 	mov	b,r7
      0000C2 05 F0            [12] 1346 	inc	b
      0000C4 74 01            [12] 1347 	mov	a,#0x01
      0000C6 80 02            [24] 1348 	sjmp	00118$
      0000C8                       1349 00116$:
      0000C8 25 E0            [12] 1350 	add	a,acc
      0000CA                       1351 00118$:
      0000CA D5 F0 FB         [24] 1352 	djnz	b,00116$
      0000CD FE               [12] 1353 	mov	r6,a
      0000CE 74 80            [12] 1354 	mov	a,#0x80
      0000D0 4E               [12] 1355 	orl	a,r6
      0000D1 F5 D6            [12] 1356 	mov	_DMAARM,a
                                   1357 ;	../contiki-sensinode/cpu/cc253x/dev/dma.c:83: dma_conf[c].src_h = (uint16_t)&dummy >> 8;
      0000D3 EF               [12] 1358 	mov	a,r7
      0000D4 75 F0 08         [24] 1359 	mov	b,#0x08
      0000D7 A4               [48] 1360 	mul	ab
      0000D8 FC               [12] 1361 	mov	r4,a
      0000D9 AD F0            [24] 1362 	mov	r5,b
      0000DB 24r00            [12] 1363 	add	a,#_dma_conf
      0000DD F5 82            [12] 1364 	mov	dpl,a
      0000DF ED               [12] 1365 	mov	a,r5
      0000E0 34s00            [12] 1366 	addc	a,#(_dma_conf >> 8)
      0000E2 F5 83            [12] 1367 	mov	dph,a
      0000E4 7Ar16            [12] 1368 	mov	r2,#_dma_reset_dummy_1_96
      0000E6 7Bs00            [12] 1369 	mov	r3,#(_dma_reset_dummy_1_96 >> 8)
      0000E8 8B 02            [24] 1370 	mov	ar2,r3
      0000EA EA               [12] 1371 	mov	a,r2
      0000EB F0               [24] 1372 	movx	@dptr,a
                                   1373 ;	../contiki-sensinode/cpu/cc253x/dev/dma.c:84: dma_conf[c].src_l = (uint16_t)&dummy;
      0000EC EC               [12] 1374 	mov	a,r4
      0000ED 24r00            [12] 1375 	add	a,#_dma_conf
      0000EF FC               [12] 1376 	mov	r4,a
      0000F0 ED               [12] 1377 	mov	a,r5
      0000F1 34s00            [12] 1378 	addc	a,#(_dma_conf >> 8)
      0000F3 FD               [12] 1379 	mov	r5,a
      0000F4 8C 82            [24] 1380 	mov	dpl,r4
      0000F6 8D 83            [24] 1381 	mov	dph,r5
      0000F8 A3               [24] 1382 	inc	dptr
      0000F9 7Ar16            [12] 1383 	mov	r2,#_dma_reset_dummy_1_96
      0000FB 7Bs00            [12] 1384 	mov	r3,#(_dma_reset_dummy_1_96 >> 8)
      0000FD EA               [12] 1385 	mov	a,r2
      0000FE F0               [24] 1386 	movx	@dptr,a
                                   1387 ;	../contiki-sensinode/cpu/cc253x/dev/dma.c:85: dma_conf[c].dst_h = (uint16_t)&dummy >> 8;
      0000FF 8C 82            [24] 1388 	mov	dpl,r4
      000101 8D 83            [24] 1389 	mov	dph,r5
      000103 A3               [24] 1390 	inc	dptr
      000104 A3               [24] 1391 	inc	dptr
      000105 7Ar16            [12] 1392 	mov	r2,#_dma_reset_dummy_1_96
      000107 7Bs00            [12] 1393 	mov	r3,#(_dma_reset_dummy_1_96 >> 8)
      000109 8B 02            [24] 1394 	mov	ar2,r3
      00010B EA               [12] 1395 	mov	a,r2
      00010C F0               [24] 1396 	movx	@dptr,a
                                   1397 ;	../contiki-sensinode/cpu/cc253x/dev/dma.c:86: dma_conf[c].dst_l = (uint16_t)&dummy;
      00010D 8C 82            [24] 1398 	mov	dpl,r4
      00010F 8D 83            [24] 1399 	mov	dph,r5
      000111 A3               [24] 1400 	inc	dptr
      000112 A3               [24] 1401 	inc	dptr
      000113 A3               [24] 1402 	inc	dptr
      000114 7Ar16            [12] 1403 	mov	r2,#_dma_reset_dummy_1_96
      000116 7Bs00            [12] 1404 	mov	r3,#(_dma_reset_dummy_1_96 >> 8)
      000118 EA               [12] 1405 	mov	a,r2
      000119 F0               [24] 1406 	movx	@dptr,a
                                   1407 ;	../contiki-sensinode/cpu/cc253x/dev/dma.c:87: dma_conf[c].len_h = 0;
      00011A 8C 82            [24] 1408 	mov	dpl,r4
      00011C 8D 83            [24] 1409 	mov	dph,r5
      00011E A3               [24] 1410 	inc	dptr
      00011F A3               [24] 1411 	inc	dptr
      000120 A3               [24] 1412 	inc	dptr
      000121 A3               [24] 1413 	inc	dptr
      000122 E4               [12] 1414 	clr	a
      000123 F0               [24] 1415 	movx	@dptr,a
                                   1416 ;	../contiki-sensinode/cpu/cc253x/dev/dma.c:88: dma_conf[c].len_l = 1;
      000124 8C 82            [24] 1417 	mov	dpl,r4
      000126 8D 83            [24] 1418 	mov	dph,r5
      000128 A3               [24] 1419 	inc	dptr
      000129 A3               [24] 1420 	inc	dptr
      00012A A3               [24] 1421 	inc	dptr
      00012B A3               [24] 1422 	inc	dptr
      00012C A3               [24] 1423 	inc	dptr
      00012D 04               [12] 1424 	inc	a
      00012E F0               [24] 1425 	movx	@dptr,a
                                   1426 ;	../contiki-sensinode/cpu/cc253x/dev/dma.c:89: dma_conf[c].wtt = DMA_BLOCK;
      00012F 74 06            [12] 1427 	mov	a,#0x06
      000131 2C               [12] 1428 	add	a,r4
      000132 F5 82            [12] 1429 	mov	dpl,a
      000134 E4               [12] 1430 	clr	a
      000135 3D               [12] 1431 	addc	a,r5
      000136 F5 83            [12] 1432 	mov	dph,a
      000138 74 20            [12] 1433 	mov	a,#0x20
      00013A F0               [24] 1434 	movx	@dptr,a
                                   1435 ;	../contiki-sensinode/cpu/cc253x/dev/dma.c:90: dma_conf[c].inc_prio = DMA_PRIO_GUARANTEED;
      00013B 74 07            [12] 1436 	mov	a,#0x07
      00013D 2C               [12] 1437 	add	a,r4
      00013E F5 82            [12] 1438 	mov	dpl,a
      000140 E4               [12] 1439 	clr	a
      000141 3D               [12] 1440 	addc	a,r5
      000142 F5 83            [12] 1441 	mov	dph,a
      000144 74 01            [12] 1442 	mov	a,#0x01
      000146 F0               [24] 1443 	movx	@dptr,a
                                   1444 ;	../contiki-sensinode/cpu/cc253x/dev/dma.c:91: DMA_TRIGGER(c); /** The operation order is important */
      000147 EE               [12] 1445 	mov	a,r6
      000148 42 D7            [12] 1446 	orl	_DMAREQ,a
                                   1447 ;	../contiki-sensinode/cpu/cc253x/dev/dma.c:92: DMA_ARM(c);
      00014A EE               [12] 1448 	mov	a,r6
      00014B 42 D6            [12] 1449 	orl	_DMAARM,a
                                   1450 ;	../contiki-sensinode/cpu/cc253x/dev/dma.c:93: while(DMAARM & (1 << c));
      00014D 8F F0            [24] 1451 	mov	b,r7
      00014F 05 F0            [12] 1452 	inc	b
      000151 7E 01            [12] 1453 	mov	r6,#0x01
      000153 7F 00            [12] 1454 	mov	r7,#0x00
      000155 80 06            [24] 1455 	sjmp	00120$
      000157                       1456 00119$:
      000157 EE               [12] 1457 	mov	a,r6
      000158 2E               [12] 1458 	add	a,r6
      000159 FE               [12] 1459 	mov	r6,a
      00015A EF               [12] 1460 	mov	a,r7
      00015B 33               [12] 1461 	rlc	a
      00015C FF               [12] 1462 	mov	r7,a
      00015D                       1463 00120$:
      00015D D5 F0 F7         [24] 1464 	djnz	b,00119$
      000160                       1465 00103$:
      000160 AC D6            [24] 1466 	mov	r4,_DMAARM
      000162 7D 00            [12] 1467 	mov	r5,#0x00
      000164 EE               [12] 1468 	mov	a,r6
      000165 52 04            [12] 1469 	anl	ar4,a
      000167 EF               [12] 1470 	mov	a,r7
      000168 52 05            [12] 1471 	anl	ar5,a
      00016A EC               [12] 1472 	mov	a,r4
      00016B 4D               [12] 1473 	orl	a,r5
      00016C 70 F2            [24] 1474 	jnz	00103$
      00016E 22               [24] 1475 	ret
                                   1476 	.area CSEG    (CODE)
                                   1477 	.area CONST   (CODE)
                                   1478 	.area XINIT   (CODE)
                                   1479 	.area CABS    (ABS,CODE)
