                                      1 ;--------------------------------------------------------
                                      2 ; File Created by SDCC : free open source ANSI-C Compiler
                                      3 ; Version 3.4.0 #8981 (Oct 24 2015) (Linux)
                                      4 ; This file was generated Sun Oct 25 01:52:21 2015
                                      5 ;--------------------------------------------------------
                                      6 	.module leds_arch
                                      7 	.optsdcc -mmcs51 --model-large
                                      8 	
                                      9 ;--------------------------------------------------------
                                     10 ; Public variables in this module
                                     11 ;--------------------------------------------------------
                                     12 	.globl _ACTIVE
                                     13 	.globl _TX_BYTE
                                     14 	.globl _RX_BYTE
                                     15 	.globl _ERR
                                     16 	.globl _FE
                                     17 	.globl _SLAVE
                                     18 	.globl _RE
                                     19 	.globl _MODE
                                     20 	.globl _T3OVFIF
                                     21 	.globl _T3CH0IF
                                     22 	.globl _T3CH1IF
                                     23 	.globl _T4OVFIF
                                     24 	.globl _T4CH0IF
                                     25 	.globl _T4CH1IF
                                     26 	.globl _OVFIM
                                     27 	.globl _B_0
                                     28 	.globl _B_1
                                     29 	.globl _B_2
                                     30 	.globl _B_3
                                     31 	.globl _B_4
                                     32 	.globl _B_5
                                     33 	.globl _B_6
                                     34 	.globl _B_7
                                     35 	.globl _P2IF
                                     36 	.globl _UTX0IF
                                     37 	.globl _UTX1IF
                                     38 	.globl _P1IF
                                     39 	.globl _WDTIF
                                     40 	.globl _ACC_0
                                     41 	.globl _ACC_1
                                     42 	.globl _ACC_2
                                     43 	.globl _ACC_3
                                     44 	.globl _ACC_4
                                     45 	.globl _ACC_5
                                     46 	.globl _ACC_6
                                     47 	.globl _ACC_7
                                     48 	.globl _P
                                     49 	.globl _F1
                                     50 	.globl _OV
                                     51 	.globl _RS0
                                     52 	.globl _RS1
                                     53 	.globl _F0
                                     54 	.globl _AC
                                     55 	.globl _CY
                                     56 	.globl _DMAIF
                                     57 	.globl _T1IF
                                     58 	.globl _T2IF
                                     59 	.globl _T3IF
                                     60 	.globl _T4IF
                                     61 	.globl _P0IF
                                     62 	.globl _STIF
                                     63 	.globl _DMAIE
                                     64 	.globl _T1IE
                                     65 	.globl _T2IE
                                     66 	.globl _T3IE
                                     67 	.globl _T4IE
                                     68 	.globl _P0IE
                                     69 	.globl _RFERRIE
                                     70 	.globl _ADCIE
                                     71 	.globl _URX0IE
                                     72 	.globl _URX1IE
                                     73 	.globl _ENCIE
                                     74 	.globl _STIE
                                     75 	.globl _EA
                                     76 	.globl _P2_0
                                     77 	.globl _P2_1
                                     78 	.globl _P2_2
                                     79 	.globl _P2_3
                                     80 	.globl _P2_4
                                     81 	.globl _P2_5
                                     82 	.globl _P2_6
                                     83 	.globl _P2_7
                                     84 	.globl _ENCIF_0
                                     85 	.globl _ENCIF_1
                                     86 	.globl _P1_0
                                     87 	.globl _P1_1
                                     88 	.globl _P1_2
                                     89 	.globl _P1_3
                                     90 	.globl _P1_4
                                     91 	.globl _P1_5
                                     92 	.globl _P1_6
                                     93 	.globl _P1_7
                                     94 	.globl _IT0
                                     95 	.globl _RFERRIF
                                     96 	.globl _IT1
                                     97 	.globl _URX0IF
                                     98 	.globl _ADCIF
                                     99 	.globl _URX1IF
                                    100 	.globl _P0_0
                                    101 	.globl _P0_1
                                    102 	.globl _P0_2
                                    103 	.globl _P0_3
                                    104 	.globl _P0_4
                                    105 	.globl _P0_5
                                    106 	.globl _P0_6
                                    107 	.globl _P0_7
                                    108 	.globl _WDCTL
                                    109 	.globl _U1GCR
                                    110 	.globl _U1UCR
                                    111 	.globl _U1BAUD
                                    112 	.globl _U1DBUF
                                    113 	.globl _U1CSR
                                    114 	.globl _U0GCR
                                    115 	.globl _U0UCR
                                    116 	.globl _U0BAUD
                                    117 	.globl _U0DBUF
                                    118 	.globl _U0CSR
                                    119 	.globl _TIMIF
                                    120 	.globl _T4CC1
                                    121 	.globl _T4CCTL1
                                    122 	.globl _T4CC0
                                    123 	.globl _T4CCTL0
                                    124 	.globl _T4CTL
                                    125 	.globl _T4CNT
                                    126 	.globl _T3CC1
                                    127 	.globl _T3CCTL1
                                    128 	.globl _T3CC0
                                    129 	.globl _T3CCTL0
                                    130 	.globl _T3CTL
                                    131 	.globl _T3CNT
                                    132 	.globl _T2MSEL
                                    133 	.globl _T2IRQM
                                    134 	.globl _T2MOVF2
                                    135 	.globl _T2MOVF1
                                    136 	.globl _T2MOVF0
                                    137 	.globl _T2M1
                                    138 	.globl _T2M0
                                    139 	.globl _T2IRQF
                                    140 	.globl _T2EVTCFG
                                    141 	.globl _T2CTRL
                                    142 	.globl _T1STAT
                                    143 	.globl _T1CCTL2
                                    144 	.globl _T1CCTL1
                                    145 	.globl _T1CCTL0
                                    146 	.globl _T1CTL
                                    147 	.globl _T1CNTH
                                    148 	.globl _T1CNTL
                                    149 	.globl _T1CC2H
                                    150 	.globl _T1CC2L
                                    151 	.globl _T1CC1H
                                    152 	.globl _T1CC1L
                                    153 	.globl _T1CC0H
                                    154 	.globl _T1CC0L
                                    155 	.globl _CLKCONSTA
                                    156 	.globl _CLKCONCMD
                                    157 	.globl _SLEEPSTA
                                    158 	.globl _SLEEPCMD
                                    159 	.globl _STLOAD
                                    160 	.globl _ST2
                                    161 	.globl _ST1
                                    162 	.globl _ST0
                                    163 	.globl _RFERRF
                                    164 	.globl _RFIRQF0
                                    165 	.globl _RFST
                                    166 	.globl _RFD
                                    167 	.globl _RFIRQF1
                                    168 	.globl _PSBANK
                                    169 	.globl _FMAP
                                    170 	.globl _MEMCTR
                                    171 	.globl __XPAGE
                                    172 	.globl _MPAGE
                                    173 	.globl _PMUX
                                    174 	.globl _P2DIR
                                    175 	.globl _P1DIR
                                    176 	.globl _P0DIR
                                    177 	.globl _P2INP
                                    178 	.globl _P1INP
                                    179 	.globl _P2SEL
                                    180 	.globl _P1SEL
                                    181 	.globl _P0SEL
                                    182 	.globl _APCFG
                                    183 	.globl _PERCFG
                                    184 	.globl _P0INP
                                    185 	.globl _P2IEN
                                    186 	.globl _P1IEN
                                    187 	.globl _P0IEN
                                    188 	.globl _PICTL
                                    189 	.globl _P2IFG
                                    190 	.globl _P1IFG
                                    191 	.globl _P0IFG
                                    192 	.globl _DMAREQ
                                    193 	.globl _DMAARM
                                    194 	.globl _DMA0CFGH
                                    195 	.globl _DMA0CFGL
                                    196 	.globl _DMA1CFGH
                                    197 	.globl _DMA1CFGL
                                    198 	.globl _DMAIRQ
                                    199 	.globl _ENCCS
                                    200 	.globl _ENCDO
                                    201 	.globl _ENCDI
                                    202 	.globl _RNDH
                                    203 	.globl _RNDL
                                    204 	.globl _ADCH
                                    205 	.globl _ADCL
                                    206 	.globl _ADCCON3
                                    207 	.globl _ADCCON2
                                    208 	.globl _ADCCON1
                                    209 	.globl _B
                                    210 	.globl _IRCON2
                                    211 	.globl _ACC
                                    212 	.globl _PSW
                                    213 	.globl _IRCON
                                    214 	.globl _IP1
                                    215 	.globl _IEN1
                                    216 	.globl _IP0
                                    217 	.globl _IEN0
                                    218 	.globl _P2
                                    219 	.globl _S1CON
                                    220 	.globl _IEN2
                                    221 	.globl _S0CON
                                    222 	.globl _DPS
                                    223 	.globl _P1
                                    224 	.globl _TCON
                                    225 	.globl _PCON
                                    226 	.globl _DPH1
                                    227 	.globl _DPL1
                                    228 	.globl _DPH0
                                    229 	.globl _DPL0
                                    230 	.globl _SP
                                    231 	.globl _P0
                                    232 	.globl _X_IEEE_ADDR
                                    233 	.globl _X_INFOPAGE
                                    234 	.globl _X_P2DIR
                                    235 	.globl _X_P1DIR
                                    236 	.globl _X_P0DIR
                                    237 	.globl _X_U1GCR
                                    238 	.globl _X_U1UCR
                                    239 	.globl _X_U1BAUD
                                    240 	.globl _X_U1DBUF
                                    241 	.globl _X_U1CSR
                                    242 	.globl _X_P2INP
                                    243 	.globl _X_P1INP
                                    244 	.globl _X_P2SEL
                                    245 	.globl _X_P1SEL
                                    246 	.globl _X_P0SEL
                                    247 	.globl _X_APCFG
                                    248 	.globl _X_PERCFG
                                    249 	.globl _X_T4CC1
                                    250 	.globl _X_T4CCTL1
                                    251 	.globl _X_T4CC0
                                    252 	.globl _X_T4CCTL0
                                    253 	.globl _X_T4CTL
                                    254 	.globl _X_T4CNT
                                    255 	.globl _X_RFIRQF0
                                    256 	.globl _X_T1CCTL2
                                    257 	.globl _X_T1CCTL1
                                    258 	.globl _X_T1CCTL0
                                    259 	.globl _X_T1CTL
                                    260 	.globl _X_T1CNTH
                                    261 	.globl _X_T1CNTL
                                    262 	.globl _X_RFST
                                    263 	.globl _X_T1CC2H
                                    264 	.globl _X_T1CC2L
                                    265 	.globl _X_T1CC1H
                                    266 	.globl _X_T1CC1L
                                    267 	.globl _X_T1CC0H
                                    268 	.globl _X_T1CC0L
                                    269 	.globl _X_RFD
                                    270 	.globl _X_TIMIF
                                    271 	.globl _X_DMAREQ
                                    272 	.globl _X_DMAARM
                                    273 	.globl _X_DMA0CFGH
                                    274 	.globl _X_DMA0CFGL
                                    275 	.globl _X_DMA1CFGH
                                    276 	.globl _X_DMA1CFGL
                                    277 	.globl _X_DMAIRQ
                                    278 	.globl _X_T3CC1
                                    279 	.globl _X_T3CCTL1
                                    280 	.globl _X_T3CC0
                                    281 	.globl _X_T3CCTL0
                                    282 	.globl _X_T3CTL
                                    283 	.globl _X_T3CNT
                                    284 	.globl _X_WDCTL
                                    285 	.globl _X_MEMCTR
                                    286 	.globl _X_CLKCONCMD
                                    287 	.globl _X_U0GCR
                                    288 	.globl _X_U0UCR
                                    289 	.globl _X_T2MSEL
                                    290 	.globl _X_U0BAUD
                                    291 	.globl _X_U0DBUF
                                    292 	.globl _X_RFERRF
                                    293 	.globl _X_SLEEPCMD
                                    294 	.globl _X_RNDH
                                    295 	.globl _X_RNDL
                                    296 	.globl _X_ADCH
                                    297 	.globl _X_ADCL
                                    298 	.globl _X_ADCCON3
                                    299 	.globl _X_ADCCON2
                                    300 	.globl _X_ADCCON1
                                    301 	.globl _X_ENCCS
                                    302 	.globl _X_ENCDO
                                    303 	.globl _X_ENCDI
                                    304 	.globl _X_T1STAT
                                    305 	.globl _X_PMUX
                                    306 	.globl _X_STLOAD
                                    307 	.globl _X_P2IEN
                                    308 	.globl _X_P0IEN
                                    309 	.globl _X_T2IRQM
                                    310 	.globl _X_T2MOVF2
                                    311 	.globl _X_T2MOVF1
                                    312 	.globl _X_T2MOVF0
                                    313 	.globl _X_T2M1
                                    314 	.globl _X_T2M0
                                    315 	.globl _X_T2IRQF
                                    316 	.globl _X_P2
                                    317 	.globl _X_PSBANK
                                    318 	.globl _X_FMAP
                                    319 	.globl _X_CLKCONSTA
                                    320 	.globl _X_SLEEPSTA
                                    321 	.globl _X_T2EVTCFG
                                    322 	.globl _X_ST2
                                    323 	.globl _X_ST1
                                    324 	.globl _X_ST0
                                    325 	.globl _X_T2CTRL
                                    326 	.globl _X__XPAGE
                                    327 	.globl _X_MPAGE
                                    328 	.globl _X_RFIRQF1
                                    329 	.globl _X_P1
                                    330 	.globl _X_P0INP
                                    331 	.globl _X_P1IEN
                                    332 	.globl _X_PICTL
                                    333 	.globl _X_P2IFG
                                    334 	.globl _X_P1IFG
                                    335 	.globl _X_P0IFG
                                    336 	.globl _X_U0CSR
                                    337 	.globl _X_P0
                                    338 	.globl _USBF5
                                    339 	.globl _USBF4
                                    340 	.globl _USBF3
                                    341 	.globl _USBF2
                                    342 	.globl _USBF1
                                    343 	.globl _USBF0
                                    344 	.globl _USBCNTH
                                    345 	.globl _USBCNTL
                                    346 	.globl _USBCNT0
                                    347 	.globl _USBCSOH
                                    348 	.globl _USBCSOL
                                    349 	.globl _USBMAXO
                                    350 	.globl _USBCSIH
                                    351 	.globl _USBCSIL
                                    352 	.globl _USBCS0
                                    353 	.globl _USBMAXI
                                    354 	.globl _USBCTRL
                                    355 	.globl _USBINDEX
                                    356 	.globl _USBFRMH
                                    357 	.globl _USBFRML
                                    358 	.globl _USBCIE
                                    359 	.globl _USBOIE
                                    360 	.globl _USBIIE
                                    361 	.globl _USBCIF
                                    362 	.globl _USBOIF
                                    363 	.globl _USBIIF
                                    364 	.globl _USBPOW
                                    365 	.globl _USBADDR
                                    366 	.globl _CSPT
                                    367 	.globl _CSPZ
                                    368 	.globl _CSPY
                                    369 	.globl _CSPX
                                    370 	.globl _CSPSTAT
                                    371 	.globl _CSPCTRL
                                    372 	.globl _CSPPROG23
                                    373 	.globl _CSPPROG22
                                    374 	.globl _CSPPROG21
                                    375 	.globl _CSPPROG20
                                    376 	.globl _CSPPROG19
                                    377 	.globl _CSPPROG18
                                    378 	.globl _CSPPROG17
                                    379 	.globl _CSPPROG16
                                    380 	.globl _CSPPROG15
                                    381 	.globl _CSPPROG14
                                    382 	.globl _CSPPROG13
                                    383 	.globl _CSPPROG12
                                    384 	.globl _CSPPROG11
                                    385 	.globl _CSPPROG10
                                    386 	.globl _CSPPROG9
                                    387 	.globl _CSPPROG8
                                    388 	.globl _CSPPROG7
                                    389 	.globl _CSPPROG6
                                    390 	.globl _CSPPROG5
                                    391 	.globl _CSPPROG4
                                    392 	.globl _CSPPROG3
                                    393 	.globl _CSPPROG2
                                    394 	.globl _CSPPROG1
                                    395 	.globl _CSPPROG0
                                    396 	.globl _RFC_OBS_CTRL2
                                    397 	.globl _RFC_OBS_CTRL1
                                    398 	.globl _RFC_OBS_CTRL0
                                    399 	.globl _TXFILTCFG
                                    400 	.globl _PTEST1
                                    401 	.globl _PTEST0
                                    402 	.globl _ATEST
                                    403 	.globl _DACTEST2
                                    404 	.globl _DACTEST1
                                    405 	.globl _DACTEST0
                                    406 	.globl _MDMTEST1
                                    407 	.globl _MDMTEST0
                                    408 	.globl _ADCTEST2
                                    409 	.globl _ADCTEST1
                                    410 	.globl _ADCTEST0
                                    411 	.globl _AGCCTRL3
                                    412 	.globl _AGCCTRL2
                                    413 	.globl _AGCCTRL1
                                    414 	.globl _AGCCTRL0
                                    415 	.globl _FSCAL3
                                    416 	.globl _FSCAL2
                                    417 	.globl _FSCAL1
                                    418 	.globl _FSCAL0
                                    419 	.globl _FSCTRL
                                    420 	.globl _RXCTRL
                                    421 	.globl _FREQEST
                                    422 	.globl _MDMCTRL1
                                    423 	.globl _MDMCTRL0
                                    424 	.globl _RFRND
                                    425 	.globl _RFERRM
                                    426 	.globl _RFIRQM1
                                    427 	.globl _RFIRQM0
                                    428 	.globl _TXLAST_PTR
                                    429 	.globl _TXFIRST_PTR
                                    430 	.globl _RXP1_PTR
                                    431 	.globl _RXLAST_PTR
                                    432 	.globl _RXFIRST_PTR
                                    433 	.globl _TXFIFOCNT
                                    434 	.globl _RXFIFOCNT
                                    435 	.globl _RXFIRST
                                    436 	.globl _RSSISTAT
                                    437 	.globl _RSSI
                                    438 	.globl _CCACTRL1
                                    439 	.globl _CCACTRL0
                                    440 	.globl _FSMCTRL
                                    441 	.globl _FIFOPCTRL
                                    442 	.globl _FSMSTAT1
                                    443 	.globl _FSMSTAT0
                                    444 	.globl _TXCTRL
                                    445 	.globl _TXPOWER
                                    446 	.globl _FREQCTRL
                                    447 	.globl _FREQTUNE
                                    448 	.globl _RXMASKCLR
                                    449 	.globl _RXMASKSET
                                    450 	.globl _RXENABLE
                                    451 	.globl _FRMCTRL1
                                    452 	.globl _FRMCTRL0
                                    453 	.globl _SRCEXTEN2
                                    454 	.globl _SRCEXTEN1
                                    455 	.globl _SRCEXTEN0
                                    456 	.globl _SRCSHORTEN2
                                    457 	.globl _SRCSHORTEN1
                                    458 	.globl _SRCSHORTEN0
                                    459 	.globl _SRCMATCH
                                    460 	.globl _FRMFILT1
                                    461 	.globl _FRMFILT0
                                    462 	.globl _SHORT_ADDR1
                                    463 	.globl _SHORT_ADDR0
                                    464 	.globl _PAN_ID1
                                    465 	.globl _PAN_ID0
                                    466 	.globl _EXT_ADDR7
                                    467 	.globl _EXT_ADDR6
                                    468 	.globl _EXT_ADDR5
                                    469 	.globl _EXT_ADDR4
                                    470 	.globl _EXT_ADDR3
                                    471 	.globl _EXT_ADDR2
                                    472 	.globl _EXT_ADDR1
                                    473 	.globl _EXT_ADDR0
                                    474 	.globl _SRCSHORTPENDEN2
                                    475 	.globl _SRCSHORTPENDEN1
                                    476 	.globl _SRCSHORTPENDEN0
                                    477 	.globl _SRCEXTPENDEN2
                                    478 	.globl _SRCEXTPENDEN1
                                    479 	.globl _SRCEXTPENDEN0
                                    480 	.globl _SRCRESINDEX
                                    481 	.globl _SRCRESMASK2
                                    482 	.globl _SRCRESMASK1
                                    483 	.globl _SRCRESMASK0
                                    484 	.globl _SRC_ADDR_TABLE
                                    485 	.globl _TXFIFO
                                    486 	.globl _RXFIFO
                                    487 	.globl _RFCORE_RAM
                                    488 	.globl _CMPCTL
                                    489 	.globl _OPAMPS
                                    490 	.globl _OPAMPC
                                    491 	.globl _STCV2
                                    492 	.globl _STCV1
                                    493 	.globl _STCV0
                                    494 	.globl _STCS
                                    495 	.globl _STCC
                                    496 	.globl _T1CC4H
                                    497 	.globl _T1CC4L
                                    498 	.globl _T1CC3H
                                    499 	.globl _T1CC3L
                                    500 	.globl _XX_T1CC2H
                                    501 	.globl _XX_T1CC2L
                                    502 	.globl _XX_T1CC1H
                                    503 	.globl _XX_T1CC1L
                                    504 	.globl _XX_T1CC0H
                                    505 	.globl _XX_T1CC0L
                                    506 	.globl _T1CCTL4
                                    507 	.globl _T1CCTL3
                                    508 	.globl _XX_T1CCTL2
                                    509 	.globl _XX_T1CCTL1
                                    510 	.globl _XX_T1CCTL0
                                    511 	.globl _CLD
                                    512 	.globl _IRCTL
                                    513 	.globl _CHIPINFO1
                                    514 	.globl _CHIPINFO0
                                    515 	.globl _FWDATA
                                    516 	.globl _FADDRH
                                    517 	.globl _FADDRL
                                    518 	.globl _FCTL
                                    519 	.globl _IVCTRL
                                    520 	.globl _BATTMON
                                    521 	.globl _SRCRC
                                    522 	.globl _DBGDATA
                                    523 	.globl _TESTREG0
                                    524 	.globl _CHIPID
                                    525 	.globl _CHVER
                                    526 	.globl _OBSSEL5
                                    527 	.globl _OBSSEL4
                                    528 	.globl _OBSSEL3
                                    529 	.globl _OBSSEL2
                                    530 	.globl _OBSSEL1
                                    531 	.globl _OBSSEL0
                                    532 	.globl _I2CIO
                                    533 	.globl _I2CWC
                                    534 	.globl _I2CADDR
                                    535 	.globl _I2CDATA
                                    536 	.globl _I2CSTAT
                                    537 	.globl _I2CCFG
                                    538 	.globl _OPAMPMC
                                    539 	.globl _MONMUX
                                    540 	.globl _leds_arch_init
                                    541 	.globl _leds_arch_get
                                    542 	.globl _leds_arch_set
                                    543 ;--------------------------------------------------------
                                    544 ; special function registers
                                    545 ;--------------------------------------------------------
                                    546 	.area RSEG    (ABS,DATA)
      000000                        547 	.org 0x0000
                           000080   548 _P0	=	0x0080
                           000081   549 _SP	=	0x0081
                           000082   550 _DPL0	=	0x0082
                           000083   551 _DPH0	=	0x0083
                           000084   552 _DPL1	=	0x0084
                           000085   553 _DPH1	=	0x0085
                           000087   554 _PCON	=	0x0087
                           000088   555 _TCON	=	0x0088
                           000090   556 _P1	=	0x0090
                           000092   557 _DPS	=	0x0092
                           000098   558 _S0CON	=	0x0098
                           00009A   559 _IEN2	=	0x009a
                           00009B   560 _S1CON	=	0x009b
                           0000A0   561 _P2	=	0x00a0
                           0000A8   562 _IEN0	=	0x00a8
                           0000A9   563 _IP0	=	0x00a9
                           0000B8   564 _IEN1	=	0x00b8
                           0000B9   565 _IP1	=	0x00b9
                           0000C0   566 _IRCON	=	0x00c0
                           0000D0   567 _PSW	=	0x00d0
                           0000E0   568 _ACC	=	0x00e0
                           0000E8   569 _IRCON2	=	0x00e8
                           0000F0   570 _B	=	0x00f0
                           0000B4   571 _ADCCON1	=	0x00b4
                           0000B5   572 _ADCCON2	=	0x00b5
                           0000B6   573 _ADCCON3	=	0x00b6
                           0000BA   574 _ADCL	=	0x00ba
                           0000BB   575 _ADCH	=	0x00bb
                           0000BC   576 _RNDL	=	0x00bc
                           0000BD   577 _RNDH	=	0x00bd
                           0000B1   578 _ENCDI	=	0x00b1
                           0000B2   579 _ENCDO	=	0x00b2
                           0000B3   580 _ENCCS	=	0x00b3
                           0000D1   581 _DMAIRQ	=	0x00d1
                           0000D2   582 _DMA1CFGL	=	0x00d2
                           0000D3   583 _DMA1CFGH	=	0x00d3
                           0000D4   584 _DMA0CFGL	=	0x00d4
                           0000D5   585 _DMA0CFGH	=	0x00d5
                           0000D6   586 _DMAARM	=	0x00d6
                           0000D7   587 _DMAREQ	=	0x00d7
                           000089   588 _P0IFG	=	0x0089
                           00008A   589 _P1IFG	=	0x008a
                           00008B   590 _P2IFG	=	0x008b
                           00008C   591 _PICTL	=	0x008c
                           0000AB   592 _P0IEN	=	0x00ab
                           00008D   593 _P1IEN	=	0x008d
                           0000AC   594 _P2IEN	=	0x00ac
                           00008F   595 _P0INP	=	0x008f
                           0000F1   596 _PERCFG	=	0x00f1
                           0000F2   597 _APCFG	=	0x00f2
                           0000F3   598 _P0SEL	=	0x00f3
                           0000F4   599 _P1SEL	=	0x00f4
                           0000F5   600 _P2SEL	=	0x00f5
                           0000F6   601 _P1INP	=	0x00f6
                           0000F7   602 _P2INP	=	0x00f7
                           0000FD   603 _P0DIR	=	0x00fd
                           0000FE   604 _P1DIR	=	0x00fe
                           0000FF   605 _P2DIR	=	0x00ff
                           0000AE   606 _PMUX	=	0x00ae
                           000093   607 _MPAGE	=	0x0093
                           000093   608 __XPAGE	=	0x0093
                           0000C7   609 _MEMCTR	=	0x00c7
                           00009F   610 _FMAP	=	0x009f
                           00009F   611 _PSBANK	=	0x009f
                           000091   612 _RFIRQF1	=	0x0091
                           0000D9   613 _RFD	=	0x00d9
                           0000E1   614 _RFST	=	0x00e1
                           0000E9   615 _RFIRQF0	=	0x00e9
                           0000BF   616 _RFERRF	=	0x00bf
                           000095   617 _ST0	=	0x0095
                           000096   618 _ST1	=	0x0096
                           000097   619 _ST2	=	0x0097
                           0000AD   620 _STLOAD	=	0x00ad
                           0000BE   621 _SLEEPCMD	=	0x00be
                           00009D   622 _SLEEPSTA	=	0x009d
                           0000C6   623 _CLKCONCMD	=	0x00c6
                           00009E   624 _CLKCONSTA	=	0x009e
                           0000DA   625 _T1CC0L	=	0x00da
                           0000DB   626 _T1CC0H	=	0x00db
                           0000DC   627 _T1CC1L	=	0x00dc
                           0000DD   628 _T1CC1H	=	0x00dd
                           0000DE   629 _T1CC2L	=	0x00de
                           0000DF   630 _T1CC2H	=	0x00df
                           0000E2   631 _T1CNTL	=	0x00e2
                           0000E3   632 _T1CNTH	=	0x00e3
                           0000E4   633 _T1CTL	=	0x00e4
                           0000E5   634 _T1CCTL0	=	0x00e5
                           0000E6   635 _T1CCTL1	=	0x00e6
                           0000E7   636 _T1CCTL2	=	0x00e7
                           0000AF   637 _T1STAT	=	0x00af
                           000094   638 _T2CTRL	=	0x0094
                           00009C   639 _T2EVTCFG	=	0x009c
                           0000A1   640 _T2IRQF	=	0x00a1
                           0000A2   641 _T2M0	=	0x00a2
                           0000A3   642 _T2M1	=	0x00a3
                           0000A4   643 _T2MOVF0	=	0x00a4
                           0000A5   644 _T2MOVF1	=	0x00a5
                           0000A6   645 _T2MOVF2	=	0x00a6
                           0000A7   646 _T2IRQM	=	0x00a7
                           0000C3   647 _T2MSEL	=	0x00c3
                           0000CA   648 _T3CNT	=	0x00ca
                           0000CB   649 _T3CTL	=	0x00cb
                           0000CC   650 _T3CCTL0	=	0x00cc
                           0000CD   651 _T3CC0	=	0x00cd
                           0000CE   652 _T3CCTL1	=	0x00ce
                           0000CF   653 _T3CC1	=	0x00cf
                           0000EA   654 _T4CNT	=	0x00ea
                           0000EB   655 _T4CTL	=	0x00eb
                           0000EC   656 _T4CCTL0	=	0x00ec
                           0000ED   657 _T4CC0	=	0x00ed
                           0000EE   658 _T4CCTL1	=	0x00ee
                           0000EF   659 _T4CC1	=	0x00ef
                           0000D8   660 _TIMIF	=	0x00d8
                           000086   661 _U0CSR	=	0x0086
                           0000C1   662 _U0DBUF	=	0x00c1
                           0000C2   663 _U0BAUD	=	0x00c2
                           0000C4   664 _U0UCR	=	0x00c4
                           0000C5   665 _U0GCR	=	0x00c5
                           0000F8   666 _U1CSR	=	0x00f8
                           0000F9   667 _U1DBUF	=	0x00f9
                           0000FA   668 _U1BAUD	=	0x00fa
                           0000FB   669 _U1UCR	=	0x00fb
                           0000FC   670 _U1GCR	=	0x00fc
                           0000C9   671 _WDCTL	=	0x00c9
                                    672 ;--------------------------------------------------------
                                    673 ; special function bits
                                    674 ;--------------------------------------------------------
                                    675 	.area RSEG    (ABS,DATA)
      000000                        676 	.org 0x0000
                           000087   677 _P0_7	=	0x0087
                           000086   678 _P0_6	=	0x0086
                           000085   679 _P0_5	=	0x0085
                           000084   680 _P0_4	=	0x0084
                           000083   681 _P0_3	=	0x0083
                           000082   682 _P0_2	=	0x0082
                           000081   683 _P0_1	=	0x0081
                           000080   684 _P0_0	=	0x0080
                           00008F   685 _URX1IF	=	0x008f
                           00008D   686 _ADCIF	=	0x008d
                           00008B   687 _URX0IF	=	0x008b
                           00008A   688 _IT1	=	0x008a
                           000089   689 _RFERRIF	=	0x0089
                           000088   690 _IT0	=	0x0088
                           000097   691 _P1_7	=	0x0097
                           000096   692 _P1_6	=	0x0096
                           000095   693 _P1_5	=	0x0095
                           000094   694 _P1_4	=	0x0094
                           000093   695 _P1_3	=	0x0093
                           000092   696 _P1_2	=	0x0092
                           000091   697 _P1_1	=	0x0091
                           000090   698 _P1_0	=	0x0090
                           000099   699 _ENCIF_1	=	0x0099
                           000098   700 _ENCIF_0	=	0x0098
                           0000A7   701 _P2_7	=	0x00a7
                           0000A6   702 _P2_6	=	0x00a6
                           0000A5   703 _P2_5	=	0x00a5
                           0000A4   704 _P2_4	=	0x00a4
                           0000A3   705 _P2_3	=	0x00a3
                           0000A2   706 _P2_2	=	0x00a2
                           0000A1   707 _P2_1	=	0x00a1
                           0000A0   708 _P2_0	=	0x00a0
                           0000AF   709 _EA	=	0x00af
                           0000AD   710 _STIE	=	0x00ad
                           0000AC   711 _ENCIE	=	0x00ac
                           0000AB   712 _URX1IE	=	0x00ab
                           0000AA   713 _URX0IE	=	0x00aa
                           0000A9   714 _ADCIE	=	0x00a9
                           0000A8   715 _RFERRIE	=	0x00a8
                           0000BD   716 _P0IE	=	0x00bd
                           0000BC   717 _T4IE	=	0x00bc
                           0000BB   718 _T3IE	=	0x00bb
                           0000BA   719 _T2IE	=	0x00ba
                           0000B9   720 _T1IE	=	0x00b9
                           0000B8   721 _DMAIE	=	0x00b8
                           0000C7   722 _STIF	=	0x00c7
                           0000C5   723 _P0IF	=	0x00c5
                           0000C4   724 _T4IF	=	0x00c4
                           0000C3   725 _T3IF	=	0x00c3
                           0000C2   726 _T2IF	=	0x00c2
                           0000C1   727 _T1IF	=	0x00c1
                           0000C0   728 _DMAIF	=	0x00c0
                           0000D7   729 _CY	=	0x00d7
                           0000D6   730 _AC	=	0x00d6
                           0000D5   731 _F0	=	0x00d5
                           0000D4   732 _RS1	=	0x00d4
                           0000D3   733 _RS0	=	0x00d3
                           0000D2   734 _OV	=	0x00d2
                           0000D1   735 _F1	=	0x00d1
                           0000D0   736 _P	=	0x00d0
                           0000E7   737 _ACC_7	=	0x00e7
                           0000E6   738 _ACC_6	=	0x00e6
                           0000E5   739 _ACC_5	=	0x00e5
                           0000E4   740 _ACC_4	=	0x00e4
                           0000E3   741 _ACC_3	=	0x00e3
                           0000E2   742 _ACC_2	=	0x00e2
                           0000E1   743 _ACC_1	=	0x00e1
                           0000E0   744 _ACC_0	=	0x00e0
                           0000EC   745 _WDTIF	=	0x00ec
                           0000EB   746 _P1IF	=	0x00eb
                           0000EA   747 _UTX1IF	=	0x00ea
                           0000E9   748 _UTX0IF	=	0x00e9
                           0000E8   749 _P2IF	=	0x00e8
                           0000F7   750 _B_7	=	0x00f7
                           0000F6   751 _B_6	=	0x00f6
                           0000F5   752 _B_5	=	0x00f5
                           0000F4   753 _B_4	=	0x00f4
                           0000F3   754 _B_3	=	0x00f3
                           0000F2   755 _B_2	=	0x00f2
                           0000F1   756 _B_1	=	0x00f1
                           0000F0   757 _B_0	=	0x00f0
                           0000DE   758 _OVFIM	=	0x00de
                           0000DD   759 _T4CH1IF	=	0x00dd
                           0000DC   760 _T4CH0IF	=	0x00dc
                           0000DB   761 _T4OVFIF	=	0x00db
                           0000DA   762 _T3CH1IF	=	0x00da
                           0000D9   763 _T3CH0IF	=	0x00d9
                           0000D8   764 _T3OVFIF	=	0x00d8
                           0000FF   765 _MODE	=	0x00ff
                           0000FE   766 _RE	=	0x00fe
                           0000FD   767 _SLAVE	=	0x00fd
                           0000FC   768 _FE	=	0x00fc
                           0000FB   769 _ERR	=	0x00fb
                           0000FA   770 _RX_BYTE	=	0x00fa
                           0000F9   771 _TX_BYTE	=	0x00f9
                           0000F8   772 _ACTIVE	=	0x00f8
                                    773 ;--------------------------------------------------------
                                    774 ; overlayable register banks
                                    775 ;--------------------------------------------------------
                                    776 	.area REG_BANK_0	(REL,OVR,DATA)
      000000                        777 	.ds 8
                                    778 ;--------------------------------------------------------
                                    779 ; overlayable bit register bank
                                    780 ;--------------------------------------------------------
                                    781 	.area BIT_BANK	(REL,OVR,DATA)
      000000                        782 bits:
      000000                        783 	.ds 1
                           008000   784 	b0 = bits[0]
                           008100   785 	b1 = bits[1]
                           008200   786 	b2 = bits[2]
                           008300   787 	b3 = bits[3]
                           008400   788 	b4 = bits[4]
                           008500   789 	b5 = bits[5]
                           008600   790 	b6 = bits[6]
                           008700   791 	b7 = bits[7]
                                    792 ;--------------------------------------------------------
                                    793 ; internal ram data
                                    794 ;--------------------------------------------------------
                                    795 	.area DSEG    (DATA)
                                    796 ;--------------------------------------------------------
                                    797 ; overlayable items in internal ram 
                                    798 ;--------------------------------------------------------
                                    799 ;--------------------------------------------------------
                                    800 ; indirectly addressable internal ram data
                                    801 ;--------------------------------------------------------
                                    802 	.area ISEG    (DATA)
                                    803 ;--------------------------------------------------------
                                    804 ; absolute internal ram data
                                    805 ;--------------------------------------------------------
                                    806 	.area IABS    (ABS,DATA)
                                    807 	.area IABS    (ABS,DATA)
                                    808 ;--------------------------------------------------------
                                    809 ; bit data
                                    810 ;--------------------------------------------------------
                                    811 	.area BSEG    (BIT)
                                    812 ;--------------------------------------------------------
                                    813 ; paged external ram data
                                    814 ;--------------------------------------------------------
                                    815 	.area PSEG    (PAG,XDATA)
                                    816 ;--------------------------------------------------------
                                    817 ; external ram data
                                    818 ;--------------------------------------------------------
                                    819 	.area XSEG    (XDATA)
                           0061A6   820 _MONMUX	=	0x61a6
                           0061A6   821 _OPAMPMC	=	0x61a6
                           006230   822 _I2CCFG	=	0x6230
                           006231   823 _I2CSTAT	=	0x6231
                           006232   824 _I2CDATA	=	0x6232
                           006233   825 _I2CADDR	=	0x6233
                           006234   826 _I2CWC	=	0x6234
                           006235   827 _I2CIO	=	0x6235
                           006243   828 _OBSSEL0	=	0x6243
                           006244   829 _OBSSEL1	=	0x6244
                           006245   830 _OBSSEL2	=	0x6245
                           006246   831 _OBSSEL3	=	0x6246
                           006247   832 _OBSSEL4	=	0x6247
                           006248   833 _OBSSEL5	=	0x6248
                           006249   834 _CHVER	=	0x6249
                           00624A   835 _CHIPID	=	0x624a
                           00624B   836 _TESTREG0	=	0x624b
                           006260   837 _DBGDATA	=	0x6260
                           006262   838 _SRCRC	=	0x6262
                           006264   839 _BATTMON	=	0x6264
                           006265   840 _IVCTRL	=	0x6265
                           006270   841 _FCTL	=	0x6270
                           006271   842 _FADDRL	=	0x6271
                           006272   843 _FADDRH	=	0x6272
                           006273   844 _FWDATA	=	0x6273
                           006276   845 _CHIPINFO0	=	0x6276
                           006277   846 _CHIPINFO1	=	0x6277
                           006281   847 _IRCTL	=	0x6281
                           006290   848 _CLD	=	0x6290
                           0062A0   849 _XX_T1CCTL0	=	0x62a0
                           0062A1   850 _XX_T1CCTL1	=	0x62a1
                           0062A2   851 _XX_T1CCTL2	=	0x62a2
                           0062A3   852 _T1CCTL3	=	0x62a3
                           0062A4   853 _T1CCTL4	=	0x62a4
                           0062A6   854 _XX_T1CC0L	=	0x62a6
                           0062A7   855 _XX_T1CC0H	=	0x62a7
                           0062A8   856 _XX_T1CC1L	=	0x62a8
                           0062A9   857 _XX_T1CC1H	=	0x62a9
                           0062AA   858 _XX_T1CC2L	=	0x62aa
                           0062AB   859 _XX_T1CC2H	=	0x62ab
                           0062AC   860 _T1CC3L	=	0x62ac
                           0062AD   861 _T1CC3H	=	0x62ad
                           0062AE   862 _T1CC4L	=	0x62ae
                           0062AF   863 _T1CC4H	=	0x62af
                           0062B0   864 _STCC	=	0x62b0
                           0062B1   865 _STCS	=	0x62b1
                           0062B2   866 _STCV0	=	0x62b2
                           0062B3   867 _STCV1	=	0x62b3
                           0062B4   868 _STCV2	=	0x62b4
                           0062C0   869 _OPAMPC	=	0x62c0
                           0062C1   870 _OPAMPS	=	0x62c1
                           0062D0   871 _CMPCTL	=	0x62d0
                           006000   872 _RFCORE_RAM	=	0x6000
                           006000   873 _RXFIFO	=	0x6000
                           006080   874 _TXFIFO	=	0x6080
                           006100   875 _SRC_ADDR_TABLE	=	0x6100
                           006160   876 _SRCRESMASK0	=	0x6160
                           006161   877 _SRCRESMASK1	=	0x6161
                           006162   878 _SRCRESMASK2	=	0x6162
                           006163   879 _SRCRESINDEX	=	0x6163
                           006164   880 _SRCEXTPENDEN0	=	0x6164
                           006165   881 _SRCEXTPENDEN1	=	0x6165
                           006166   882 _SRCEXTPENDEN2	=	0x6166
                           006167   883 _SRCSHORTPENDEN0	=	0x6167
                           006168   884 _SRCSHORTPENDEN1	=	0x6168
                           006169   885 _SRCSHORTPENDEN2	=	0x6169
                           00616A   886 _EXT_ADDR0	=	0x616a
                           00616B   887 _EXT_ADDR1	=	0x616b
                           00616C   888 _EXT_ADDR2	=	0x616c
                           00616D   889 _EXT_ADDR3	=	0x616d
                           00616E   890 _EXT_ADDR4	=	0x616e
                           00616F   891 _EXT_ADDR5	=	0x616f
                           006170   892 _EXT_ADDR6	=	0x6170
                           006171   893 _EXT_ADDR7	=	0x6171
                           006172   894 _PAN_ID0	=	0x6172
                           006173   895 _PAN_ID1	=	0x6173
                           006174   896 _SHORT_ADDR0	=	0x6174
                           006175   897 _SHORT_ADDR1	=	0x6175
                           006180   898 _FRMFILT0	=	0x6180
                           006181   899 _FRMFILT1	=	0x6181
                           006182   900 _SRCMATCH	=	0x6182
                           006183   901 _SRCSHORTEN0	=	0x6183
                           006184   902 _SRCSHORTEN1	=	0x6184
                           006185   903 _SRCSHORTEN2	=	0x6185
                           006186   904 _SRCEXTEN0	=	0x6186
                           006187   905 _SRCEXTEN1	=	0x6187
                           006188   906 _SRCEXTEN2	=	0x6188
                           006189   907 _FRMCTRL0	=	0x6189
                           00618A   908 _FRMCTRL1	=	0x618a
                           00618B   909 _RXENABLE	=	0x618b
                           00618C   910 _RXMASKSET	=	0x618c
                           00618D   911 _RXMASKCLR	=	0x618d
                           00618E   912 _FREQTUNE	=	0x618e
                           00618F   913 _FREQCTRL	=	0x618f
                           006190   914 _TXPOWER	=	0x6190
                           006191   915 _TXCTRL	=	0x6191
                           006192   916 _FSMSTAT0	=	0x6192
                           006193   917 _FSMSTAT1	=	0x6193
                           006194   918 _FIFOPCTRL	=	0x6194
                           006195   919 _FSMCTRL	=	0x6195
                           006196   920 _CCACTRL0	=	0x6196
                           006197   921 _CCACTRL1	=	0x6197
                           006198   922 _RSSI	=	0x6198
                           006199   923 _RSSISTAT	=	0x6199
                           00619A   924 _RXFIRST	=	0x619a
                           00619B   925 _RXFIFOCNT	=	0x619b
                           00619C   926 _TXFIFOCNT	=	0x619c
                           00619D   927 _RXFIRST_PTR	=	0x619d
                           00619E   928 _RXLAST_PTR	=	0x619e
                           00619F   929 _RXP1_PTR	=	0x619f
                           0061A1   930 _TXFIRST_PTR	=	0x61a1
                           0061A2   931 _TXLAST_PTR	=	0x61a2
                           0061A3   932 _RFIRQM0	=	0x61a3
                           0061A4   933 _RFIRQM1	=	0x61a4
                           0061A5   934 _RFERRM	=	0x61a5
                           0061A7   935 _RFRND	=	0x61a7
                           0061A8   936 _MDMCTRL0	=	0x61a8
                           0061A9   937 _MDMCTRL1	=	0x61a9
                           0061AA   938 _FREQEST	=	0x61aa
                           0061AB   939 _RXCTRL	=	0x61ab
                           0061AC   940 _FSCTRL	=	0x61ac
                           0061AD   941 _FSCAL0	=	0x61ad
                           0061AE   942 _FSCAL1	=	0x61ae
                           0061AF   943 _FSCAL2	=	0x61af
                           0061B0   944 _FSCAL3	=	0x61b0
                           0061B1   945 _AGCCTRL0	=	0x61b1
                           0061B2   946 _AGCCTRL1	=	0x61b2
                           0061B3   947 _AGCCTRL2	=	0x61b3
                           0061B4   948 _AGCCTRL3	=	0x61b4
                           0061B5   949 _ADCTEST0	=	0x61b5
                           0061B6   950 _ADCTEST1	=	0x61b6
                           0061B7   951 _ADCTEST2	=	0x61b7
                           0061B8   952 _MDMTEST0	=	0x61b8
                           0061B9   953 _MDMTEST1	=	0x61b9
                           0061BA   954 _DACTEST0	=	0x61ba
                           0061BB   955 _DACTEST1	=	0x61bb
                           0061BC   956 _DACTEST2	=	0x61bc
                           0061BD   957 _ATEST	=	0x61bd
                           0061BE   958 _PTEST0	=	0x61be
                           0061BF   959 _PTEST1	=	0x61bf
                           0061FA   960 _TXFILTCFG	=	0x61fa
                           0061EB   961 _RFC_OBS_CTRL0	=	0x61eb
                           0061EC   962 _RFC_OBS_CTRL1	=	0x61ec
                           0061ED   963 _RFC_OBS_CTRL2	=	0x61ed
                           0061C0   964 _CSPPROG0	=	0x61c0
                           0061C1   965 _CSPPROG1	=	0x61c1
                           0061C2   966 _CSPPROG2	=	0x61c2
                           0061C3   967 _CSPPROG3	=	0x61c3
                           0061C4   968 _CSPPROG4	=	0x61c4
                           0061C5   969 _CSPPROG5	=	0x61c5
                           0061C6   970 _CSPPROG6	=	0x61c6
                           0061C7   971 _CSPPROG7	=	0x61c7
                           0061C8   972 _CSPPROG8	=	0x61c8
                           0061C9   973 _CSPPROG9	=	0x61c9
                           0061CA   974 _CSPPROG10	=	0x61ca
                           0061CB   975 _CSPPROG11	=	0x61cb
                           0061CC   976 _CSPPROG12	=	0x61cc
                           0061CD   977 _CSPPROG13	=	0x61cd
                           0061CE   978 _CSPPROG14	=	0x61ce
                           0061CF   979 _CSPPROG15	=	0x61cf
                           0061D0   980 _CSPPROG16	=	0x61d0
                           0061D1   981 _CSPPROG17	=	0x61d1
                           0061D2   982 _CSPPROG18	=	0x61d2
                           0061D3   983 _CSPPROG19	=	0x61d3
                           0061D4   984 _CSPPROG20	=	0x61d4
                           0061D5   985 _CSPPROG21	=	0x61d5
                           0061D6   986 _CSPPROG22	=	0x61d6
                           0061D7   987 _CSPPROG23	=	0x61d7
                           0061E0   988 _CSPCTRL	=	0x61e0
                           0061E1   989 _CSPSTAT	=	0x61e1
                           0061E2   990 _CSPX	=	0x61e2
                           0061E3   991 _CSPY	=	0x61e3
                           0061E4   992 _CSPZ	=	0x61e4
                           0061E5   993 _CSPT	=	0x61e5
                           006200   994 _USBADDR	=	0x6200
                           006201   995 _USBPOW	=	0x6201
                           006202   996 _USBIIF	=	0x6202
                           006204   997 _USBOIF	=	0x6204
                           006206   998 _USBCIF	=	0x6206
                           006207   999 _USBIIE	=	0x6207
                           006209  1000 _USBOIE	=	0x6209
                           00620B  1001 _USBCIE	=	0x620b
                           00620C  1002 _USBFRML	=	0x620c
                           00620D  1003 _USBFRMH	=	0x620d
                           00620E  1004 _USBINDEX	=	0x620e
                           00620F  1005 _USBCTRL	=	0x620f
                           006210  1006 _USBMAXI	=	0x6210
                           006211  1007 _USBCS0	=	0x6211
                           006211  1008 _USBCSIL	=	0x6211
                           006212  1009 _USBCSIH	=	0x6212
                           006213  1010 _USBMAXO	=	0x6213
                           006214  1011 _USBCSOL	=	0x6214
                           006215  1012 _USBCSOH	=	0x6215
                           006216  1013 _USBCNT0	=	0x6216
                           006216  1014 _USBCNTL	=	0x6216
                           006217  1015 _USBCNTH	=	0x6217
                           006220  1016 _USBF0	=	0x6220
                           006222  1017 _USBF1	=	0x6222
                           006224  1018 _USBF2	=	0x6224
                           006226  1019 _USBF3	=	0x6226
                           006228  1020 _USBF4	=	0x6228
                           00622A  1021 _USBF5	=	0x622a
                           007080  1022 _X_P0	=	0x7080
                           007086  1023 _X_U0CSR	=	0x7086
                           007089  1024 _X_P0IFG	=	0x7089
                           00708A  1025 _X_P1IFG	=	0x708a
                           00708B  1026 _X_P2IFG	=	0x708b
                           00708C  1027 _X_PICTL	=	0x708c
                           00708D  1028 _X_P1IEN	=	0x708d
                           00708F  1029 _X_P0INP	=	0x708f
                           007090  1030 _X_P1	=	0x7090
                           007091  1031 _X_RFIRQF1	=	0x7091
                           007093  1032 _X_MPAGE	=	0x7093
                           007093  1033 _X__XPAGE	=	0x7093
                           007094  1034 _X_T2CTRL	=	0x7094
                           007095  1035 _X_ST0	=	0x7095
                           007096  1036 _X_ST1	=	0x7096
                           007097  1037 _X_ST2	=	0x7097
                           00709C  1038 _X_T2EVTCFG	=	0x709c
                           00709D  1039 _X_SLEEPSTA	=	0x709d
                           00709E  1040 _X_CLKCONSTA	=	0x709e
                           00709F  1041 _X_FMAP	=	0x709f
                           00709F  1042 _X_PSBANK	=	0x709f
                           0070A0  1043 _X_P2	=	0x70a0
                           0070A1  1044 _X_T2IRQF	=	0x70a1
                           0070A2  1045 _X_T2M0	=	0x70a2
                           0070A3  1046 _X_T2M1	=	0x70a3
                           0070A4  1047 _X_T2MOVF0	=	0x70a4
                           0070A5  1048 _X_T2MOVF1	=	0x70a5
                           0070A6  1049 _X_T2MOVF2	=	0x70a6
                           0070A7  1050 _X_T2IRQM	=	0x70a7
                           0070AB  1051 _X_P0IEN	=	0x70ab
                           0070AC  1052 _X_P2IEN	=	0x70ac
                           0070AD  1053 _X_STLOAD	=	0x70ad
                           0070AE  1054 _X_PMUX	=	0x70ae
                           0070AF  1055 _X_T1STAT	=	0x70af
                           0070B1  1056 _X_ENCDI	=	0x70b1
                           0070B2  1057 _X_ENCDO	=	0x70b2
                           0070B3  1058 _X_ENCCS	=	0x70b3
                           0070B4  1059 _X_ADCCON1	=	0x70b4
                           0070B5  1060 _X_ADCCON2	=	0x70b5
                           0070B6  1061 _X_ADCCON3	=	0x70b6
                           0070BA  1062 _X_ADCL	=	0x70ba
                           0070BB  1063 _X_ADCH	=	0x70bb
                           0070BC  1064 _X_RNDL	=	0x70bc
                           0070BD  1065 _X_RNDH	=	0x70bd
                           0070BE  1066 _X_SLEEPCMD	=	0x70be
                           0070BF  1067 _X_RFERRF	=	0x70bf
                           0070C1  1068 _X_U0DBUF	=	0x70c1
                           0070C2  1069 _X_U0BAUD	=	0x70c2
                           0070C3  1070 _X_T2MSEL	=	0x70c3
                           0070C4  1071 _X_U0UCR	=	0x70c4
                           0070C5  1072 _X_U0GCR	=	0x70c5
                           0070C6  1073 _X_CLKCONCMD	=	0x70c6
                           0070C7  1074 _X_MEMCTR	=	0x70c7
                           0070C9  1075 _X_WDCTL	=	0x70c9
                           0070CA  1076 _X_T3CNT	=	0x70ca
                           0070CB  1077 _X_T3CTL	=	0x70cb
                           0070CC  1078 _X_T3CCTL0	=	0x70cc
                           0070CD  1079 _X_T3CC0	=	0x70cd
                           0070CE  1080 _X_T3CCTL1	=	0x70ce
                           0070CF  1081 _X_T3CC1	=	0x70cf
                           0070D1  1082 _X_DMAIRQ	=	0x70d1
                           0070D2  1083 _X_DMA1CFGL	=	0x70d2
                           0070D3  1084 _X_DMA1CFGH	=	0x70d3
                           0070D4  1085 _X_DMA0CFGL	=	0x70d4
                           0070D5  1086 _X_DMA0CFGH	=	0x70d5
                           0070D6  1087 _X_DMAARM	=	0x70d6
                           0070D7  1088 _X_DMAREQ	=	0x70d7
                           0070D8  1089 _X_TIMIF	=	0x70d8
                           0070D9  1090 _X_RFD	=	0x70d9
                           0070DA  1091 _X_T1CC0L	=	0x70da
                           0070DB  1092 _X_T1CC0H	=	0x70db
                           0070DC  1093 _X_T1CC1L	=	0x70dc
                           0070DD  1094 _X_T1CC1H	=	0x70dd
                           0070DE  1095 _X_T1CC2L	=	0x70de
                           0070DF  1096 _X_T1CC2H	=	0x70df
                           0070E1  1097 _X_RFST	=	0x70e1
                           0070E2  1098 _X_T1CNTL	=	0x70e2
                           0070E3  1099 _X_T1CNTH	=	0x70e3
                           0070E4  1100 _X_T1CTL	=	0x70e4
                           0070E5  1101 _X_T1CCTL0	=	0x70e5
                           0070E6  1102 _X_T1CCTL1	=	0x70e6
                           0070E7  1103 _X_T1CCTL2	=	0x70e7
                           0070E9  1104 _X_RFIRQF0	=	0x70e9
                           0070EA  1105 _X_T4CNT	=	0x70ea
                           0070EB  1106 _X_T4CTL	=	0x70eb
                           0070EC  1107 _X_T4CCTL0	=	0x70ec
                           0070ED  1108 _X_T4CC0	=	0x70ed
                           0070EE  1109 _X_T4CCTL1	=	0x70ee
                           0070EF  1110 _X_T4CC1	=	0x70ef
                           0070F1  1111 _X_PERCFG	=	0x70f1
                           0070F2  1112 _X_APCFG	=	0x70f2
                           0070F3  1113 _X_P0SEL	=	0x70f3
                           0070F4  1114 _X_P1SEL	=	0x70f4
                           0070F5  1115 _X_P2SEL	=	0x70f5
                           0070F6  1116 _X_P1INP	=	0x70f6
                           0070F7  1117 _X_P2INP	=	0x70f7
                           0070F8  1118 _X_U1CSR	=	0x70f8
                           0070F9  1119 _X_U1DBUF	=	0x70f9
                           0070FA  1120 _X_U1BAUD	=	0x70fa
                           0070FB  1121 _X_U1UCR	=	0x70fb
                           0070FC  1122 _X_U1GCR	=	0x70fc
                           0070FD  1123 _X_P0DIR	=	0x70fd
                           0070FE  1124 _X_P1DIR	=	0x70fe
                           0070FF  1125 _X_P2DIR	=	0x70ff
                           007800  1126 _X_INFOPAGE	=	0x7800
                           00780C  1127 _X_IEEE_ADDR	=	0x780c
                                   1128 ;--------------------------------------------------------
                                   1129 ; absolute external ram data
                                   1130 ;--------------------------------------------------------
                                   1131 	.area XABS    (ABS,XDATA)
                                   1132 ;--------------------------------------------------------
                                   1133 ; external initialized ram data
                                   1134 ;--------------------------------------------------------
                                   1135 	.area XISEG   (XDATA)
                                   1136 	.area HOME    (CODE)
                                   1137 	.area GSINIT0 (CODE)
                                   1138 	.area GSINIT1 (CODE)
                                   1139 	.area GSINIT2 (CODE)
                                   1140 	.area GSINIT3 (CODE)
                                   1141 	.area GSINIT4 (CODE)
                                   1142 	.area GSINIT5 (CODE)
                                   1143 	.area GSINIT  (CODE)
                                   1144 	.area GSFINAL (CODE)
                                   1145 	.area CSEG    (CODE)
                                   1146 ;--------------------------------------------------------
                                   1147 ; global & static initialisations
                                   1148 ;--------------------------------------------------------
                                   1149 	.area HOME    (CODE)
                                   1150 	.area GSINIT  (CODE)
                                   1151 	.area GSFINAL (CODE)
                                   1152 	.area GSINIT  (CODE)
                                   1153 ;--------------------------------------------------------
                                   1154 ; Home
                                   1155 ;--------------------------------------------------------
                                   1156 	.area HOME    (CODE)
                                   1157 	.area HOME    (CODE)
                                   1158 ;--------------------------------------------------------
                                   1159 ; code
                                   1160 ;--------------------------------------------------------
                                   1161 	.area CSEG    (CODE)
                                   1162 ;------------------------------------------------------------
                                   1163 ;Allocation info for local variables in function 'leds_arch_init'
                                   1164 ;------------------------------------------------------------
                                   1165 ;	../contiki-sensinode/platform/cc2530dk/dev/leds-arch.c:45: leds_arch_init(void)
                                   1166 ;	-----------------------------------------
                                   1167 ;	 function leds_arch_init
                                   1168 ;	-----------------------------------------
      000000                       1169 _leds_arch_init:
                           000007  1170 	ar7 = 0x07
                           000006  1171 	ar6 = 0x06
                           000005  1172 	ar5 = 0x05
                           000004  1173 	ar4 = 0x04
                           000003  1174 	ar3 = 0x03
                           000002  1175 	ar2 = 0x02
                           000001  1176 	ar1 = 0x01
                           000000  1177 	ar0 = 0x00
                                   1178 ;	../contiki-sensinode/platform/cc2530dk/dev/leds-arch.c:48: P1SEL &= ~LED1_MASK;
      000000 AF F4            [24] 1179 	mov	r7,_P1SEL
      000002 74 FD            [12] 1180 	mov	a,#0xFD
      000004 5F               [12] 1181 	anl	a,r7
      000005 F5 F4            [12] 1182 	mov	_P1SEL,a
                                   1183 ;	../contiki-sensinode/platform/cc2530dk/dev/leds-arch.c:49: P1DIR |= LED1_MASK;
      000007 43 FE 02         [24] 1184 	orl	_P1DIR,#0x02
                                   1185 ;	../contiki-sensinode/platform/cc2530dk/dev/leds-arch.c:50: P0SEL &= ~LED2_MASK;
      00000A AF F3            [24] 1186 	mov	r7,_P0SEL
      00000C 74 FE            [12] 1187 	mov	a,#0xFE
      00000E 5F               [12] 1188 	anl	a,r7
      00000F F5 F3            [12] 1189 	mov	_P0SEL,a
                                   1190 ;	../contiki-sensinode/platform/cc2530dk/dev/leds-arch.c:51: P0DIR |= LED2_MASK;
      000011 43 FD 01         [24] 1191 	orl	_P0DIR,#0x01
      000014 22               [24] 1192 	ret
                                   1193 ;------------------------------------------------------------
                                   1194 ;Allocation info for local variables in function 'leds_arch_get'
                                   1195 ;------------------------------------------------------------
                                   1196 ;	../contiki-sensinode/platform/cc2530dk/dev/leds-arch.c:59: leds_arch_get(void)
                                   1197 ;	-----------------------------------------
                                   1198 ;	 function leds_arch_get
                                   1199 ;	-----------------------------------------
      000015                       1200 _leds_arch_get:
                                   1201 ;	../contiki-sensinode/platform/cc2530dk/dev/leds-arch.c:62: return (unsigned char)(LED1_PIN | ((LED2_PIN ^ 0x01) << 1));
      000015 A2 80            [12] 1202 	mov	c,_P0_0
      000017 E4               [12] 1203 	clr	a
      000018 33               [12] 1204 	rlc	a
      000019 64 01            [12] 1205 	xrl	a,#0x01
      00001B 25 E0            [12] 1206 	add	a,acc
      00001D FF               [12] 1207 	mov	r7,a
      00001E A2 91            [12] 1208 	mov	c,_P1_1
      000020 E4               [12] 1209 	clr	a
      000021 33               [12] 1210 	rlc	a
      000022 42 07            [12] 1211 	orl	ar7,a
      000024 8F 82            [24] 1212 	mov	dpl,r7
      000026 22               [24] 1213 	ret
                                   1214 ;------------------------------------------------------------
                                   1215 ;Allocation info for local variables in function 'leds_arch_set'
                                   1216 ;------------------------------------------------------------
                                   1217 ;leds                      Allocated to registers r7 
                                   1218 ;------------------------------------------------------------
                                   1219 ;	../contiki-sensinode/platform/cc2530dk/dev/leds-arch.c:69: leds_arch_set(unsigned char leds)
                                   1220 ;	-----------------------------------------
                                   1221 ;	 function leds_arch_set
                                   1222 ;	-----------------------------------------
      000027                       1223 _leds_arch_set:
                                   1224 ;	../contiki-sensinode/platform/cc2530dk/dev/leds-arch.c:71: LED1_PIN = leds & 0x01;
      000027 E5 82            [12] 1225 	mov	a,dpl
      000029 FF               [12] 1226 	mov	r7,a
      00002A 13               [12] 1227 	rrc	a
      00002B 92*00            [24] 1228 	mov  b0,c
      00002D 92 91            [24] 1229 	mov	_P1_1,c
                                   1230 ;	../contiki-sensinode/platform/cc2530dk/dev/leds-arch.c:73: LED2_PIN = ((leds & 0x02) >> 1) ^ 0x01;
      00002F 53 07 02         [24] 1231 	anl	ar7,#0x02
      000032 EF               [12] 1232 	mov	a,r7
      000033 C3               [12] 1233 	clr	c
      000034 13               [12] 1234 	rrc	a
      000035 64 01            [12] 1235 	xrl	a,#0x01
      000037 24 FF            [12] 1236 	add	a,#0xff
      000039 92 80            [24] 1237 	mov	_P0_0,c
      00003B 22               [24] 1238 	ret
                                   1239 	.area CSEG    (CODE)
                                   1240 	.area CONST   (CODE)
                                   1241 	.area XINIT   (CODE)
                                   1242 	.area CABS    (ABS,CODE)
