                                      1 ;--------------------------------------------------------
                                      2 ; File Created by SDCC : free open source ANSI-C Compiler
                                      3 ; Version 3.4.0 #8981 (Oct 24 2015) (Linux)
                                      4 ; This file was generated Sun Oct 25 01:52:21 2015
                                      5 ;--------------------------------------------------------
                                      6 	.module mt
                                      7 	.optsdcc -mmcs51 --model-large
                                      8 	
                                      9 ;--------------------------------------------------------
                                     10 ; Public variables in this module
                                     11 ;--------------------------------------------------------
                                     12 	.globl _mtarch_pstop
                                     13 	.globl _mtarch_stop
                                     14 	.globl _mtarch_yield
                                     15 	.globl _mtarch_exec
                                     16 	.globl _mtarch_start
                                     17 	.globl _mtarch_remove
                                     18 	.globl _mtarch_init
                                     19 	.globl _ACTIVE
                                     20 	.globl _TX_BYTE
                                     21 	.globl _RX_BYTE
                                     22 	.globl _ERR
                                     23 	.globl _FE
                                     24 	.globl _SLAVE
                                     25 	.globl _RE
                                     26 	.globl _MODE
                                     27 	.globl _T3OVFIF
                                     28 	.globl _T3CH0IF
                                     29 	.globl _T3CH1IF
                                     30 	.globl _T4OVFIF
                                     31 	.globl _T4CH0IF
                                     32 	.globl _T4CH1IF
                                     33 	.globl _OVFIM
                                     34 	.globl _B_0
                                     35 	.globl _B_1
                                     36 	.globl _B_2
                                     37 	.globl _B_3
                                     38 	.globl _B_4
                                     39 	.globl _B_5
                                     40 	.globl _B_6
                                     41 	.globl _B_7
                                     42 	.globl _P2IF
                                     43 	.globl _UTX0IF
                                     44 	.globl _UTX1IF
                                     45 	.globl _P1IF
                                     46 	.globl _WDTIF
                                     47 	.globl _ACC_0
                                     48 	.globl _ACC_1
                                     49 	.globl _ACC_2
                                     50 	.globl _ACC_3
                                     51 	.globl _ACC_4
                                     52 	.globl _ACC_5
                                     53 	.globl _ACC_6
                                     54 	.globl _ACC_7
                                     55 	.globl _P
                                     56 	.globl _F1
                                     57 	.globl _OV
                                     58 	.globl _RS0
                                     59 	.globl _RS1
                                     60 	.globl _F0
                                     61 	.globl _AC
                                     62 	.globl _CY
                                     63 	.globl _DMAIF
                                     64 	.globl _T1IF
                                     65 	.globl _T2IF
                                     66 	.globl _T3IF
                                     67 	.globl _T4IF
                                     68 	.globl _P0IF
                                     69 	.globl _STIF
                                     70 	.globl _DMAIE
                                     71 	.globl _T1IE
                                     72 	.globl _T2IE
                                     73 	.globl _T3IE
                                     74 	.globl _T4IE
                                     75 	.globl _P0IE
                                     76 	.globl _RFERRIE
                                     77 	.globl _ADCIE
                                     78 	.globl _URX0IE
                                     79 	.globl _URX1IE
                                     80 	.globl _ENCIE
                                     81 	.globl _STIE
                                     82 	.globl _EA
                                     83 	.globl _P2_0
                                     84 	.globl _P2_1
                                     85 	.globl _P2_2
                                     86 	.globl _P2_3
                                     87 	.globl _P2_4
                                     88 	.globl _P2_5
                                     89 	.globl _P2_6
                                     90 	.globl _P2_7
                                     91 	.globl _ENCIF_0
                                     92 	.globl _ENCIF_1
                                     93 	.globl _P1_0
                                     94 	.globl _P1_1
                                     95 	.globl _P1_2
                                     96 	.globl _P1_3
                                     97 	.globl _P1_4
                                     98 	.globl _P1_5
                                     99 	.globl _P1_6
                                    100 	.globl _P1_7
                                    101 	.globl _IT0
                                    102 	.globl _RFERRIF
                                    103 	.globl _IT1
                                    104 	.globl _URX0IF
                                    105 	.globl _ADCIF
                                    106 	.globl _URX1IF
                                    107 	.globl _P0_0
                                    108 	.globl _P0_1
                                    109 	.globl _P0_2
                                    110 	.globl _P0_3
                                    111 	.globl _P0_4
                                    112 	.globl _P0_5
                                    113 	.globl _P0_6
                                    114 	.globl _P0_7
                                    115 	.globl _WDCTL
                                    116 	.globl _U1GCR
                                    117 	.globl _U1UCR
                                    118 	.globl _U1BAUD
                                    119 	.globl _U1DBUF
                                    120 	.globl _U1CSR
                                    121 	.globl _U0GCR
                                    122 	.globl _U0UCR
                                    123 	.globl _U0BAUD
                                    124 	.globl _U0DBUF
                                    125 	.globl _U0CSR
                                    126 	.globl _TIMIF
                                    127 	.globl _T4CC1
                                    128 	.globl _T4CCTL1
                                    129 	.globl _T4CC0
                                    130 	.globl _T4CCTL0
                                    131 	.globl _T4CTL
                                    132 	.globl _T4CNT
                                    133 	.globl _T3CC1
                                    134 	.globl _T3CCTL1
                                    135 	.globl _T3CC0
                                    136 	.globl _T3CCTL0
                                    137 	.globl _T3CTL
                                    138 	.globl _T3CNT
                                    139 	.globl _T2MSEL
                                    140 	.globl _T2IRQM
                                    141 	.globl _T2MOVF2
                                    142 	.globl _T2MOVF1
                                    143 	.globl _T2MOVF0
                                    144 	.globl _T2M1
                                    145 	.globl _T2M0
                                    146 	.globl _T2IRQF
                                    147 	.globl _T2EVTCFG
                                    148 	.globl _T2CTRL
                                    149 	.globl _T1STAT
                                    150 	.globl _T1CCTL2
                                    151 	.globl _T1CCTL1
                                    152 	.globl _T1CCTL0
                                    153 	.globl _T1CTL
                                    154 	.globl _T1CNTH
                                    155 	.globl _T1CNTL
                                    156 	.globl _T1CC2H
                                    157 	.globl _T1CC2L
                                    158 	.globl _T1CC1H
                                    159 	.globl _T1CC1L
                                    160 	.globl _T1CC0H
                                    161 	.globl _T1CC0L
                                    162 	.globl _CLKCONSTA
                                    163 	.globl _CLKCONCMD
                                    164 	.globl _SLEEPSTA
                                    165 	.globl _SLEEPCMD
                                    166 	.globl _STLOAD
                                    167 	.globl _ST2
                                    168 	.globl _ST1
                                    169 	.globl _ST0
                                    170 	.globl _RFERRF
                                    171 	.globl _RFIRQF0
                                    172 	.globl _RFST
                                    173 	.globl _RFD
                                    174 	.globl _RFIRQF1
                                    175 	.globl _PSBANK
                                    176 	.globl _FMAP
                                    177 	.globl _MEMCTR
                                    178 	.globl __XPAGE
                                    179 	.globl _MPAGE
                                    180 	.globl _PMUX
                                    181 	.globl _P2DIR
                                    182 	.globl _P1DIR
                                    183 	.globl _P0DIR
                                    184 	.globl _P2INP
                                    185 	.globl _P1INP
                                    186 	.globl _P2SEL
                                    187 	.globl _P1SEL
                                    188 	.globl _P0SEL
                                    189 	.globl _APCFG
                                    190 	.globl _PERCFG
                                    191 	.globl _P0INP
                                    192 	.globl _P2IEN
                                    193 	.globl _P1IEN
                                    194 	.globl _P0IEN
                                    195 	.globl _PICTL
                                    196 	.globl _P2IFG
                                    197 	.globl _P1IFG
                                    198 	.globl _P0IFG
                                    199 	.globl _DMAREQ
                                    200 	.globl _DMAARM
                                    201 	.globl _DMA0CFGH
                                    202 	.globl _DMA0CFGL
                                    203 	.globl _DMA1CFGH
                                    204 	.globl _DMA1CFGL
                                    205 	.globl _DMAIRQ
                                    206 	.globl _ENCCS
                                    207 	.globl _ENCDO
                                    208 	.globl _ENCDI
                                    209 	.globl _RNDH
                                    210 	.globl _RNDL
                                    211 	.globl _ADCH
                                    212 	.globl _ADCL
                                    213 	.globl _ADCCON3
                                    214 	.globl _ADCCON2
                                    215 	.globl _ADCCON1
                                    216 	.globl _B
                                    217 	.globl _IRCON2
                                    218 	.globl _ACC
                                    219 	.globl _PSW
                                    220 	.globl _IRCON
                                    221 	.globl _IP1
                                    222 	.globl _IEN1
                                    223 	.globl _IP0
                                    224 	.globl _IEN0
                                    225 	.globl _P2
                                    226 	.globl _S1CON
                                    227 	.globl _IEN2
                                    228 	.globl _S0CON
                                    229 	.globl _DPS
                                    230 	.globl _P1
                                    231 	.globl _TCON
                                    232 	.globl _PCON
                                    233 	.globl _DPH1
                                    234 	.globl _DPL1
                                    235 	.globl _DPH0
                                    236 	.globl _DPL0
                                    237 	.globl _SP
                                    238 	.globl _P0
                                    239 	.globl _X_IEEE_ADDR
                                    240 	.globl _X_INFOPAGE
                                    241 	.globl _X_P2DIR
                                    242 	.globl _X_P1DIR
                                    243 	.globl _X_P0DIR
                                    244 	.globl _X_U1GCR
                                    245 	.globl _X_U1UCR
                                    246 	.globl _X_U1BAUD
                                    247 	.globl _X_U1DBUF
                                    248 	.globl _X_U1CSR
                                    249 	.globl _X_P2INP
                                    250 	.globl _X_P1INP
                                    251 	.globl _X_P2SEL
                                    252 	.globl _X_P1SEL
                                    253 	.globl _X_P0SEL
                                    254 	.globl _X_APCFG
                                    255 	.globl _X_PERCFG
                                    256 	.globl _X_T4CC1
                                    257 	.globl _X_T4CCTL1
                                    258 	.globl _X_T4CC0
                                    259 	.globl _X_T4CCTL0
                                    260 	.globl _X_T4CTL
                                    261 	.globl _X_T4CNT
                                    262 	.globl _X_RFIRQF0
                                    263 	.globl _X_T1CCTL2
                                    264 	.globl _X_T1CCTL1
                                    265 	.globl _X_T1CCTL0
                                    266 	.globl _X_T1CTL
                                    267 	.globl _X_T1CNTH
                                    268 	.globl _X_T1CNTL
                                    269 	.globl _X_RFST
                                    270 	.globl _X_T1CC2H
                                    271 	.globl _X_T1CC2L
                                    272 	.globl _X_T1CC1H
                                    273 	.globl _X_T1CC1L
                                    274 	.globl _X_T1CC0H
                                    275 	.globl _X_T1CC0L
                                    276 	.globl _X_RFD
                                    277 	.globl _X_TIMIF
                                    278 	.globl _X_DMAREQ
                                    279 	.globl _X_DMAARM
                                    280 	.globl _X_DMA0CFGH
                                    281 	.globl _X_DMA0CFGL
                                    282 	.globl _X_DMA1CFGH
                                    283 	.globl _X_DMA1CFGL
                                    284 	.globl _X_DMAIRQ
                                    285 	.globl _X_T3CC1
                                    286 	.globl _X_T3CCTL1
                                    287 	.globl _X_T3CC0
                                    288 	.globl _X_T3CCTL0
                                    289 	.globl _X_T3CTL
                                    290 	.globl _X_T3CNT
                                    291 	.globl _X_WDCTL
                                    292 	.globl _X_MEMCTR
                                    293 	.globl _X_CLKCONCMD
                                    294 	.globl _X_U0GCR
                                    295 	.globl _X_U0UCR
                                    296 	.globl _X_T2MSEL
                                    297 	.globl _X_U0BAUD
                                    298 	.globl _X_U0DBUF
                                    299 	.globl _X_RFERRF
                                    300 	.globl _X_SLEEPCMD
                                    301 	.globl _X_RNDH
                                    302 	.globl _X_RNDL
                                    303 	.globl _X_ADCH
                                    304 	.globl _X_ADCL
                                    305 	.globl _X_ADCCON3
                                    306 	.globl _X_ADCCON2
                                    307 	.globl _X_ADCCON1
                                    308 	.globl _X_ENCCS
                                    309 	.globl _X_ENCDO
                                    310 	.globl _X_ENCDI
                                    311 	.globl _X_T1STAT
                                    312 	.globl _X_PMUX
                                    313 	.globl _X_STLOAD
                                    314 	.globl _X_P2IEN
                                    315 	.globl _X_P0IEN
                                    316 	.globl _X_T2IRQM
                                    317 	.globl _X_T2MOVF2
                                    318 	.globl _X_T2MOVF1
                                    319 	.globl _X_T2MOVF0
                                    320 	.globl _X_T2M1
                                    321 	.globl _X_T2M0
                                    322 	.globl _X_T2IRQF
                                    323 	.globl _X_P2
                                    324 	.globl _X_PSBANK
                                    325 	.globl _X_FMAP
                                    326 	.globl _X_CLKCONSTA
                                    327 	.globl _X_SLEEPSTA
                                    328 	.globl _X_T2EVTCFG
                                    329 	.globl _X_ST2
                                    330 	.globl _X_ST1
                                    331 	.globl _X_ST0
                                    332 	.globl _X_T2CTRL
                                    333 	.globl _X__XPAGE
                                    334 	.globl _X_MPAGE
                                    335 	.globl _X_RFIRQF1
                                    336 	.globl _X_P1
                                    337 	.globl _X_P0INP
                                    338 	.globl _X_P1IEN
                                    339 	.globl _X_PICTL
                                    340 	.globl _X_P2IFG
                                    341 	.globl _X_P1IFG
                                    342 	.globl _X_P0IFG
                                    343 	.globl _X_U0CSR
                                    344 	.globl _X_P0
                                    345 	.globl _USBF5
                                    346 	.globl _USBF4
                                    347 	.globl _USBF3
                                    348 	.globl _USBF2
                                    349 	.globl _USBF1
                                    350 	.globl _USBF0
                                    351 	.globl _USBCNTH
                                    352 	.globl _USBCNTL
                                    353 	.globl _USBCNT0
                                    354 	.globl _USBCSOH
                                    355 	.globl _USBCSOL
                                    356 	.globl _USBMAXO
                                    357 	.globl _USBCSIH
                                    358 	.globl _USBCSIL
                                    359 	.globl _USBCS0
                                    360 	.globl _USBMAXI
                                    361 	.globl _USBCTRL
                                    362 	.globl _USBINDEX
                                    363 	.globl _USBFRMH
                                    364 	.globl _USBFRML
                                    365 	.globl _USBCIE
                                    366 	.globl _USBOIE
                                    367 	.globl _USBIIE
                                    368 	.globl _USBCIF
                                    369 	.globl _USBOIF
                                    370 	.globl _USBIIF
                                    371 	.globl _USBPOW
                                    372 	.globl _USBADDR
                                    373 	.globl _CSPT
                                    374 	.globl _CSPZ
                                    375 	.globl _CSPY
                                    376 	.globl _CSPX
                                    377 	.globl _CSPSTAT
                                    378 	.globl _CSPCTRL
                                    379 	.globl _CSPPROG23
                                    380 	.globl _CSPPROG22
                                    381 	.globl _CSPPROG21
                                    382 	.globl _CSPPROG20
                                    383 	.globl _CSPPROG19
                                    384 	.globl _CSPPROG18
                                    385 	.globl _CSPPROG17
                                    386 	.globl _CSPPROG16
                                    387 	.globl _CSPPROG15
                                    388 	.globl _CSPPROG14
                                    389 	.globl _CSPPROG13
                                    390 	.globl _CSPPROG12
                                    391 	.globl _CSPPROG11
                                    392 	.globl _CSPPROG10
                                    393 	.globl _CSPPROG9
                                    394 	.globl _CSPPROG8
                                    395 	.globl _CSPPROG7
                                    396 	.globl _CSPPROG6
                                    397 	.globl _CSPPROG5
                                    398 	.globl _CSPPROG4
                                    399 	.globl _CSPPROG3
                                    400 	.globl _CSPPROG2
                                    401 	.globl _CSPPROG1
                                    402 	.globl _CSPPROG0
                                    403 	.globl _RFC_OBS_CTRL2
                                    404 	.globl _RFC_OBS_CTRL1
                                    405 	.globl _RFC_OBS_CTRL0
                                    406 	.globl _TXFILTCFG
                                    407 	.globl _PTEST1
                                    408 	.globl _PTEST0
                                    409 	.globl _ATEST
                                    410 	.globl _DACTEST2
                                    411 	.globl _DACTEST1
                                    412 	.globl _DACTEST0
                                    413 	.globl _MDMTEST1
                                    414 	.globl _MDMTEST0
                                    415 	.globl _ADCTEST2
                                    416 	.globl _ADCTEST1
                                    417 	.globl _ADCTEST0
                                    418 	.globl _AGCCTRL3
                                    419 	.globl _AGCCTRL2
                                    420 	.globl _AGCCTRL1
                                    421 	.globl _AGCCTRL0
                                    422 	.globl _FSCAL3
                                    423 	.globl _FSCAL2
                                    424 	.globl _FSCAL1
                                    425 	.globl _FSCAL0
                                    426 	.globl _FSCTRL
                                    427 	.globl _RXCTRL
                                    428 	.globl _FREQEST
                                    429 	.globl _MDMCTRL1
                                    430 	.globl _MDMCTRL0
                                    431 	.globl _RFRND
                                    432 	.globl _RFERRM
                                    433 	.globl _RFIRQM1
                                    434 	.globl _RFIRQM0
                                    435 	.globl _TXLAST_PTR
                                    436 	.globl _TXFIRST_PTR
                                    437 	.globl _RXP1_PTR
                                    438 	.globl _RXLAST_PTR
                                    439 	.globl _RXFIRST_PTR
                                    440 	.globl _TXFIFOCNT
                                    441 	.globl _RXFIFOCNT
                                    442 	.globl _RXFIRST
                                    443 	.globl _RSSISTAT
                                    444 	.globl _RSSI
                                    445 	.globl _CCACTRL1
                                    446 	.globl _CCACTRL0
                                    447 	.globl _FSMCTRL
                                    448 	.globl _FIFOPCTRL
                                    449 	.globl _FSMSTAT1
                                    450 	.globl _FSMSTAT0
                                    451 	.globl _TXCTRL
                                    452 	.globl _TXPOWER
                                    453 	.globl _FREQCTRL
                                    454 	.globl _FREQTUNE
                                    455 	.globl _RXMASKCLR
                                    456 	.globl _RXMASKSET
                                    457 	.globl _RXENABLE
                                    458 	.globl _FRMCTRL1
                                    459 	.globl _FRMCTRL0
                                    460 	.globl _SRCEXTEN2
                                    461 	.globl _SRCEXTEN1
                                    462 	.globl _SRCEXTEN0
                                    463 	.globl _SRCSHORTEN2
                                    464 	.globl _SRCSHORTEN1
                                    465 	.globl _SRCSHORTEN0
                                    466 	.globl _SRCMATCH
                                    467 	.globl _FRMFILT1
                                    468 	.globl _FRMFILT0
                                    469 	.globl _SHORT_ADDR1
                                    470 	.globl _SHORT_ADDR0
                                    471 	.globl _PAN_ID1
                                    472 	.globl _PAN_ID0
                                    473 	.globl _EXT_ADDR7
                                    474 	.globl _EXT_ADDR6
                                    475 	.globl _EXT_ADDR5
                                    476 	.globl _EXT_ADDR4
                                    477 	.globl _EXT_ADDR3
                                    478 	.globl _EXT_ADDR2
                                    479 	.globl _EXT_ADDR1
                                    480 	.globl _EXT_ADDR0
                                    481 	.globl _SRCSHORTPENDEN2
                                    482 	.globl _SRCSHORTPENDEN1
                                    483 	.globl _SRCSHORTPENDEN0
                                    484 	.globl _SRCEXTPENDEN2
                                    485 	.globl _SRCEXTPENDEN1
                                    486 	.globl _SRCEXTPENDEN0
                                    487 	.globl _SRCRESINDEX
                                    488 	.globl _SRCRESMASK2
                                    489 	.globl _SRCRESMASK1
                                    490 	.globl _SRCRESMASK0
                                    491 	.globl _SRC_ADDR_TABLE
                                    492 	.globl _TXFIFO
                                    493 	.globl _RXFIFO
                                    494 	.globl _RFCORE_RAM
                                    495 	.globl _CMPCTL
                                    496 	.globl _OPAMPS
                                    497 	.globl _OPAMPC
                                    498 	.globl _STCV2
                                    499 	.globl _STCV1
                                    500 	.globl _STCV0
                                    501 	.globl _STCS
                                    502 	.globl _STCC
                                    503 	.globl _T1CC4H
                                    504 	.globl _T1CC4L
                                    505 	.globl _T1CC3H
                                    506 	.globl _T1CC3L
                                    507 	.globl _XX_T1CC2H
                                    508 	.globl _XX_T1CC2L
                                    509 	.globl _XX_T1CC1H
                                    510 	.globl _XX_T1CC1L
                                    511 	.globl _XX_T1CC0H
                                    512 	.globl _XX_T1CC0L
                                    513 	.globl _T1CCTL4
                                    514 	.globl _T1CCTL3
                                    515 	.globl _XX_T1CCTL2
                                    516 	.globl _XX_T1CCTL1
                                    517 	.globl _XX_T1CCTL0
                                    518 	.globl _CLD
                                    519 	.globl _IRCTL
                                    520 	.globl _CHIPINFO1
                                    521 	.globl _CHIPINFO0
                                    522 	.globl _FWDATA
                                    523 	.globl _FADDRH
                                    524 	.globl _FADDRL
                                    525 	.globl _FCTL
                                    526 	.globl _IVCTRL
                                    527 	.globl _BATTMON
                                    528 	.globl _SRCRC
                                    529 	.globl _DBGDATA
                                    530 	.globl _TESTREG0
                                    531 	.globl _CHIPID
                                    532 	.globl _CHVER
                                    533 	.globl _OBSSEL5
                                    534 	.globl _OBSSEL4
                                    535 	.globl _OBSSEL3
                                    536 	.globl _OBSSEL2
                                    537 	.globl _OBSSEL1
                                    538 	.globl _OBSSEL0
                                    539 	.globl _I2CIO
                                    540 	.globl _I2CWC
                                    541 	.globl _I2CADDR
                                    542 	.globl _I2CDATA
                                    543 	.globl _I2CSTAT
                                    544 	.globl _I2CCFG
                                    545 	.globl _OPAMPMC
                                    546 	.globl _MONMUX
                                    547 	.globl _mt_init
                                    548 	.globl _mt_remove
                                    549 	.globl _mt_start
                                    550 	.globl _mt_exec
                                    551 	.globl _mt_yield
                                    552 	.globl _mt_exit
                                    553 	.globl _mt_stop
                                    554 ;--------------------------------------------------------
                                    555 ; special function registers
                                    556 ;--------------------------------------------------------
                                    557 	.area RSEG    (ABS,DATA)
      000000                        558 	.org 0x0000
                           000080   559 _P0	=	0x0080
                           000081   560 _SP	=	0x0081
                           000082   561 _DPL0	=	0x0082
                           000083   562 _DPH0	=	0x0083
                           000084   563 _DPL1	=	0x0084
                           000085   564 _DPH1	=	0x0085
                           000087   565 _PCON	=	0x0087
                           000088   566 _TCON	=	0x0088
                           000090   567 _P1	=	0x0090
                           000092   568 _DPS	=	0x0092
                           000098   569 _S0CON	=	0x0098
                           00009A   570 _IEN2	=	0x009a
                           00009B   571 _S1CON	=	0x009b
                           0000A0   572 _P2	=	0x00a0
                           0000A8   573 _IEN0	=	0x00a8
                           0000A9   574 _IP0	=	0x00a9
                           0000B8   575 _IEN1	=	0x00b8
                           0000B9   576 _IP1	=	0x00b9
                           0000C0   577 _IRCON	=	0x00c0
                           0000D0   578 _PSW	=	0x00d0
                           0000E0   579 _ACC	=	0x00e0
                           0000E8   580 _IRCON2	=	0x00e8
                           0000F0   581 _B	=	0x00f0
                           0000B4   582 _ADCCON1	=	0x00b4
                           0000B5   583 _ADCCON2	=	0x00b5
                           0000B6   584 _ADCCON3	=	0x00b6
                           0000BA   585 _ADCL	=	0x00ba
                           0000BB   586 _ADCH	=	0x00bb
                           0000BC   587 _RNDL	=	0x00bc
                           0000BD   588 _RNDH	=	0x00bd
                           0000B1   589 _ENCDI	=	0x00b1
                           0000B2   590 _ENCDO	=	0x00b2
                           0000B3   591 _ENCCS	=	0x00b3
                           0000D1   592 _DMAIRQ	=	0x00d1
                           0000D2   593 _DMA1CFGL	=	0x00d2
                           0000D3   594 _DMA1CFGH	=	0x00d3
                           0000D4   595 _DMA0CFGL	=	0x00d4
                           0000D5   596 _DMA0CFGH	=	0x00d5
                           0000D6   597 _DMAARM	=	0x00d6
                           0000D7   598 _DMAREQ	=	0x00d7
                           000089   599 _P0IFG	=	0x0089
                           00008A   600 _P1IFG	=	0x008a
                           00008B   601 _P2IFG	=	0x008b
                           00008C   602 _PICTL	=	0x008c
                           0000AB   603 _P0IEN	=	0x00ab
                           00008D   604 _P1IEN	=	0x008d
                           0000AC   605 _P2IEN	=	0x00ac
                           00008F   606 _P0INP	=	0x008f
                           0000F1   607 _PERCFG	=	0x00f1
                           0000F2   608 _APCFG	=	0x00f2
                           0000F3   609 _P0SEL	=	0x00f3
                           0000F4   610 _P1SEL	=	0x00f4
                           0000F5   611 _P2SEL	=	0x00f5
                           0000F6   612 _P1INP	=	0x00f6
                           0000F7   613 _P2INP	=	0x00f7
                           0000FD   614 _P0DIR	=	0x00fd
                           0000FE   615 _P1DIR	=	0x00fe
                           0000FF   616 _P2DIR	=	0x00ff
                           0000AE   617 _PMUX	=	0x00ae
                           000093   618 _MPAGE	=	0x0093
                           000093   619 __XPAGE	=	0x0093
                           0000C7   620 _MEMCTR	=	0x00c7
                           00009F   621 _FMAP	=	0x009f
                           00009F   622 _PSBANK	=	0x009f
                           000091   623 _RFIRQF1	=	0x0091
                           0000D9   624 _RFD	=	0x00d9
                           0000E1   625 _RFST	=	0x00e1
                           0000E9   626 _RFIRQF0	=	0x00e9
                           0000BF   627 _RFERRF	=	0x00bf
                           000095   628 _ST0	=	0x0095
                           000096   629 _ST1	=	0x0096
                           000097   630 _ST2	=	0x0097
                           0000AD   631 _STLOAD	=	0x00ad
                           0000BE   632 _SLEEPCMD	=	0x00be
                           00009D   633 _SLEEPSTA	=	0x009d
                           0000C6   634 _CLKCONCMD	=	0x00c6
                           00009E   635 _CLKCONSTA	=	0x009e
                           0000DA   636 _T1CC0L	=	0x00da
                           0000DB   637 _T1CC0H	=	0x00db
                           0000DC   638 _T1CC1L	=	0x00dc
                           0000DD   639 _T1CC1H	=	0x00dd
                           0000DE   640 _T1CC2L	=	0x00de
                           0000DF   641 _T1CC2H	=	0x00df
                           0000E2   642 _T1CNTL	=	0x00e2
                           0000E3   643 _T1CNTH	=	0x00e3
                           0000E4   644 _T1CTL	=	0x00e4
                           0000E5   645 _T1CCTL0	=	0x00e5
                           0000E6   646 _T1CCTL1	=	0x00e6
                           0000E7   647 _T1CCTL2	=	0x00e7
                           0000AF   648 _T1STAT	=	0x00af
                           000094   649 _T2CTRL	=	0x0094
                           00009C   650 _T2EVTCFG	=	0x009c
                           0000A1   651 _T2IRQF	=	0x00a1
                           0000A2   652 _T2M0	=	0x00a2
                           0000A3   653 _T2M1	=	0x00a3
                           0000A4   654 _T2MOVF0	=	0x00a4
                           0000A5   655 _T2MOVF1	=	0x00a5
                           0000A6   656 _T2MOVF2	=	0x00a6
                           0000A7   657 _T2IRQM	=	0x00a7
                           0000C3   658 _T2MSEL	=	0x00c3
                           0000CA   659 _T3CNT	=	0x00ca
                           0000CB   660 _T3CTL	=	0x00cb
                           0000CC   661 _T3CCTL0	=	0x00cc
                           0000CD   662 _T3CC0	=	0x00cd
                           0000CE   663 _T3CCTL1	=	0x00ce
                           0000CF   664 _T3CC1	=	0x00cf
                           0000EA   665 _T4CNT	=	0x00ea
                           0000EB   666 _T4CTL	=	0x00eb
                           0000EC   667 _T4CCTL0	=	0x00ec
                           0000ED   668 _T4CC0	=	0x00ed
                           0000EE   669 _T4CCTL1	=	0x00ee
                           0000EF   670 _T4CC1	=	0x00ef
                           0000D8   671 _TIMIF	=	0x00d8
                           000086   672 _U0CSR	=	0x0086
                           0000C1   673 _U0DBUF	=	0x00c1
                           0000C2   674 _U0BAUD	=	0x00c2
                           0000C4   675 _U0UCR	=	0x00c4
                           0000C5   676 _U0GCR	=	0x00c5
                           0000F8   677 _U1CSR	=	0x00f8
                           0000F9   678 _U1DBUF	=	0x00f9
                           0000FA   679 _U1BAUD	=	0x00fa
                           0000FB   680 _U1UCR	=	0x00fb
                           0000FC   681 _U1GCR	=	0x00fc
                           0000C9   682 _WDCTL	=	0x00c9
                                    683 ;--------------------------------------------------------
                                    684 ; special function bits
                                    685 ;--------------------------------------------------------
                                    686 	.area RSEG    (ABS,DATA)
      000000                        687 	.org 0x0000
                           000087   688 _P0_7	=	0x0087
                           000086   689 _P0_6	=	0x0086
                           000085   690 _P0_5	=	0x0085
                           000084   691 _P0_4	=	0x0084
                           000083   692 _P0_3	=	0x0083
                           000082   693 _P0_2	=	0x0082
                           000081   694 _P0_1	=	0x0081
                           000080   695 _P0_0	=	0x0080
                           00008F   696 _URX1IF	=	0x008f
                           00008D   697 _ADCIF	=	0x008d
                           00008B   698 _URX0IF	=	0x008b
                           00008A   699 _IT1	=	0x008a
                           000089   700 _RFERRIF	=	0x0089
                           000088   701 _IT0	=	0x0088
                           000097   702 _P1_7	=	0x0097
                           000096   703 _P1_6	=	0x0096
                           000095   704 _P1_5	=	0x0095
                           000094   705 _P1_4	=	0x0094
                           000093   706 _P1_3	=	0x0093
                           000092   707 _P1_2	=	0x0092
                           000091   708 _P1_1	=	0x0091
                           000090   709 _P1_0	=	0x0090
                           000099   710 _ENCIF_1	=	0x0099
                           000098   711 _ENCIF_0	=	0x0098
                           0000A7   712 _P2_7	=	0x00a7
                           0000A6   713 _P2_6	=	0x00a6
                           0000A5   714 _P2_5	=	0x00a5
                           0000A4   715 _P2_4	=	0x00a4
                           0000A3   716 _P2_3	=	0x00a3
                           0000A2   717 _P2_2	=	0x00a2
                           0000A1   718 _P2_1	=	0x00a1
                           0000A0   719 _P2_0	=	0x00a0
                           0000AF   720 _EA	=	0x00af
                           0000AD   721 _STIE	=	0x00ad
                           0000AC   722 _ENCIE	=	0x00ac
                           0000AB   723 _URX1IE	=	0x00ab
                           0000AA   724 _URX0IE	=	0x00aa
                           0000A9   725 _ADCIE	=	0x00a9
                           0000A8   726 _RFERRIE	=	0x00a8
                           0000BD   727 _P0IE	=	0x00bd
                           0000BC   728 _T4IE	=	0x00bc
                           0000BB   729 _T3IE	=	0x00bb
                           0000BA   730 _T2IE	=	0x00ba
                           0000B9   731 _T1IE	=	0x00b9
                           0000B8   732 _DMAIE	=	0x00b8
                           0000C7   733 _STIF	=	0x00c7
                           0000C5   734 _P0IF	=	0x00c5
                           0000C4   735 _T4IF	=	0x00c4
                           0000C3   736 _T3IF	=	0x00c3
                           0000C2   737 _T2IF	=	0x00c2
                           0000C1   738 _T1IF	=	0x00c1
                           0000C0   739 _DMAIF	=	0x00c0
                           0000D7   740 _CY	=	0x00d7
                           0000D6   741 _AC	=	0x00d6
                           0000D5   742 _F0	=	0x00d5
                           0000D4   743 _RS1	=	0x00d4
                           0000D3   744 _RS0	=	0x00d3
                           0000D2   745 _OV	=	0x00d2
                           0000D1   746 _F1	=	0x00d1
                           0000D0   747 _P	=	0x00d0
                           0000E7   748 _ACC_7	=	0x00e7
                           0000E6   749 _ACC_6	=	0x00e6
                           0000E5   750 _ACC_5	=	0x00e5
                           0000E4   751 _ACC_4	=	0x00e4
                           0000E3   752 _ACC_3	=	0x00e3
                           0000E2   753 _ACC_2	=	0x00e2
                           0000E1   754 _ACC_1	=	0x00e1
                           0000E0   755 _ACC_0	=	0x00e0
                           0000EC   756 _WDTIF	=	0x00ec
                           0000EB   757 _P1IF	=	0x00eb
                           0000EA   758 _UTX1IF	=	0x00ea
                           0000E9   759 _UTX0IF	=	0x00e9
                           0000E8   760 _P2IF	=	0x00e8
                           0000F7   761 _B_7	=	0x00f7
                           0000F6   762 _B_6	=	0x00f6
                           0000F5   763 _B_5	=	0x00f5
                           0000F4   764 _B_4	=	0x00f4
                           0000F3   765 _B_3	=	0x00f3
                           0000F2   766 _B_2	=	0x00f2
                           0000F1   767 _B_1	=	0x00f1
                           0000F0   768 _B_0	=	0x00f0
                           0000DE   769 _OVFIM	=	0x00de
                           0000DD   770 _T4CH1IF	=	0x00dd
                           0000DC   771 _T4CH0IF	=	0x00dc
                           0000DB   772 _T4OVFIF	=	0x00db
                           0000DA   773 _T3CH1IF	=	0x00da
                           0000D9   774 _T3CH0IF	=	0x00d9
                           0000D8   775 _T3OVFIF	=	0x00d8
                           0000FF   776 _MODE	=	0x00ff
                           0000FE   777 _RE	=	0x00fe
                           0000FD   778 _SLAVE	=	0x00fd
                           0000FC   779 _FE	=	0x00fc
                           0000FB   780 _ERR	=	0x00fb
                           0000FA   781 _RX_BYTE	=	0x00fa
                           0000F9   782 _TX_BYTE	=	0x00f9
                           0000F8   783 _ACTIVE	=	0x00f8
                                    784 ;--------------------------------------------------------
                                    785 ; overlayable register banks
                                    786 ;--------------------------------------------------------
                                    787 	.area REG_BANK_0	(REL,OVR,DATA)
      000000                        788 	.ds 8
                                    789 ;--------------------------------------------------------
                                    790 ; internal ram data
                                    791 ;--------------------------------------------------------
                                    792 	.area DSEG    (DATA)
                                    793 ;--------------------------------------------------------
                                    794 ; overlayable items in internal ram 
                                    795 ;--------------------------------------------------------
                                    796 ;--------------------------------------------------------
                                    797 ; indirectly addressable internal ram data
                                    798 ;--------------------------------------------------------
                                    799 	.area ISEG    (DATA)
                                    800 ;--------------------------------------------------------
                                    801 ; absolute internal ram data
                                    802 ;--------------------------------------------------------
                                    803 	.area IABS    (ABS,DATA)
                                    804 	.area IABS    (ABS,DATA)
                                    805 ;--------------------------------------------------------
                                    806 ; bit data
                                    807 ;--------------------------------------------------------
                                    808 	.area BSEG    (BIT)
                                    809 ;--------------------------------------------------------
                                    810 ; paged external ram data
                                    811 ;--------------------------------------------------------
                                    812 	.area PSEG    (PAG,XDATA)
                                    813 ;--------------------------------------------------------
                                    814 ; external ram data
                                    815 ;--------------------------------------------------------
                                    816 	.area XSEG    (XDATA)
                           0061A6   817 _MONMUX	=	0x61a6
                           0061A6   818 _OPAMPMC	=	0x61a6
                           006230   819 _I2CCFG	=	0x6230
                           006231   820 _I2CSTAT	=	0x6231
                           006232   821 _I2CDATA	=	0x6232
                           006233   822 _I2CADDR	=	0x6233
                           006234   823 _I2CWC	=	0x6234
                           006235   824 _I2CIO	=	0x6235
                           006243   825 _OBSSEL0	=	0x6243
                           006244   826 _OBSSEL1	=	0x6244
                           006245   827 _OBSSEL2	=	0x6245
                           006246   828 _OBSSEL3	=	0x6246
                           006247   829 _OBSSEL4	=	0x6247
                           006248   830 _OBSSEL5	=	0x6248
                           006249   831 _CHVER	=	0x6249
                           00624A   832 _CHIPID	=	0x624a
                           00624B   833 _TESTREG0	=	0x624b
                           006260   834 _DBGDATA	=	0x6260
                           006262   835 _SRCRC	=	0x6262
                           006264   836 _BATTMON	=	0x6264
                           006265   837 _IVCTRL	=	0x6265
                           006270   838 _FCTL	=	0x6270
                           006271   839 _FADDRL	=	0x6271
                           006272   840 _FADDRH	=	0x6272
                           006273   841 _FWDATA	=	0x6273
                           006276   842 _CHIPINFO0	=	0x6276
                           006277   843 _CHIPINFO1	=	0x6277
                           006281   844 _IRCTL	=	0x6281
                           006290   845 _CLD	=	0x6290
                           0062A0   846 _XX_T1CCTL0	=	0x62a0
                           0062A1   847 _XX_T1CCTL1	=	0x62a1
                           0062A2   848 _XX_T1CCTL2	=	0x62a2
                           0062A3   849 _T1CCTL3	=	0x62a3
                           0062A4   850 _T1CCTL4	=	0x62a4
                           0062A6   851 _XX_T1CC0L	=	0x62a6
                           0062A7   852 _XX_T1CC0H	=	0x62a7
                           0062A8   853 _XX_T1CC1L	=	0x62a8
                           0062A9   854 _XX_T1CC1H	=	0x62a9
                           0062AA   855 _XX_T1CC2L	=	0x62aa
                           0062AB   856 _XX_T1CC2H	=	0x62ab
                           0062AC   857 _T1CC3L	=	0x62ac
                           0062AD   858 _T1CC3H	=	0x62ad
                           0062AE   859 _T1CC4L	=	0x62ae
                           0062AF   860 _T1CC4H	=	0x62af
                           0062B0   861 _STCC	=	0x62b0
                           0062B1   862 _STCS	=	0x62b1
                           0062B2   863 _STCV0	=	0x62b2
                           0062B3   864 _STCV1	=	0x62b3
                           0062B4   865 _STCV2	=	0x62b4
                           0062C0   866 _OPAMPC	=	0x62c0
                           0062C1   867 _OPAMPS	=	0x62c1
                           0062D0   868 _CMPCTL	=	0x62d0
                           006000   869 _RFCORE_RAM	=	0x6000
                           006000   870 _RXFIFO	=	0x6000
                           006080   871 _TXFIFO	=	0x6080
                           006100   872 _SRC_ADDR_TABLE	=	0x6100
                           006160   873 _SRCRESMASK0	=	0x6160
                           006161   874 _SRCRESMASK1	=	0x6161
                           006162   875 _SRCRESMASK2	=	0x6162
                           006163   876 _SRCRESINDEX	=	0x6163
                           006164   877 _SRCEXTPENDEN0	=	0x6164
                           006165   878 _SRCEXTPENDEN1	=	0x6165
                           006166   879 _SRCEXTPENDEN2	=	0x6166
                           006167   880 _SRCSHORTPENDEN0	=	0x6167
                           006168   881 _SRCSHORTPENDEN1	=	0x6168
                           006169   882 _SRCSHORTPENDEN2	=	0x6169
                           00616A   883 _EXT_ADDR0	=	0x616a
                           00616B   884 _EXT_ADDR1	=	0x616b
                           00616C   885 _EXT_ADDR2	=	0x616c
                           00616D   886 _EXT_ADDR3	=	0x616d
                           00616E   887 _EXT_ADDR4	=	0x616e
                           00616F   888 _EXT_ADDR5	=	0x616f
                           006170   889 _EXT_ADDR6	=	0x6170
                           006171   890 _EXT_ADDR7	=	0x6171
                           006172   891 _PAN_ID0	=	0x6172
                           006173   892 _PAN_ID1	=	0x6173
                           006174   893 _SHORT_ADDR0	=	0x6174
                           006175   894 _SHORT_ADDR1	=	0x6175
                           006180   895 _FRMFILT0	=	0x6180
                           006181   896 _FRMFILT1	=	0x6181
                           006182   897 _SRCMATCH	=	0x6182
                           006183   898 _SRCSHORTEN0	=	0x6183
                           006184   899 _SRCSHORTEN1	=	0x6184
                           006185   900 _SRCSHORTEN2	=	0x6185
                           006186   901 _SRCEXTEN0	=	0x6186
                           006187   902 _SRCEXTEN1	=	0x6187
                           006188   903 _SRCEXTEN2	=	0x6188
                           006189   904 _FRMCTRL0	=	0x6189
                           00618A   905 _FRMCTRL1	=	0x618a
                           00618B   906 _RXENABLE	=	0x618b
                           00618C   907 _RXMASKSET	=	0x618c
                           00618D   908 _RXMASKCLR	=	0x618d
                           00618E   909 _FREQTUNE	=	0x618e
                           00618F   910 _FREQCTRL	=	0x618f
                           006190   911 _TXPOWER	=	0x6190
                           006191   912 _TXCTRL	=	0x6191
                           006192   913 _FSMSTAT0	=	0x6192
                           006193   914 _FSMSTAT1	=	0x6193
                           006194   915 _FIFOPCTRL	=	0x6194
                           006195   916 _FSMCTRL	=	0x6195
                           006196   917 _CCACTRL0	=	0x6196
                           006197   918 _CCACTRL1	=	0x6197
                           006198   919 _RSSI	=	0x6198
                           006199   920 _RSSISTAT	=	0x6199
                           00619A   921 _RXFIRST	=	0x619a
                           00619B   922 _RXFIFOCNT	=	0x619b
                           00619C   923 _TXFIFOCNT	=	0x619c
                           00619D   924 _RXFIRST_PTR	=	0x619d
                           00619E   925 _RXLAST_PTR	=	0x619e
                           00619F   926 _RXP1_PTR	=	0x619f
                           0061A1   927 _TXFIRST_PTR	=	0x61a1
                           0061A2   928 _TXLAST_PTR	=	0x61a2
                           0061A3   929 _RFIRQM0	=	0x61a3
                           0061A4   930 _RFIRQM1	=	0x61a4
                           0061A5   931 _RFERRM	=	0x61a5
                           0061A7   932 _RFRND	=	0x61a7
                           0061A8   933 _MDMCTRL0	=	0x61a8
                           0061A9   934 _MDMCTRL1	=	0x61a9
                           0061AA   935 _FREQEST	=	0x61aa
                           0061AB   936 _RXCTRL	=	0x61ab
                           0061AC   937 _FSCTRL	=	0x61ac
                           0061AD   938 _FSCAL0	=	0x61ad
                           0061AE   939 _FSCAL1	=	0x61ae
                           0061AF   940 _FSCAL2	=	0x61af
                           0061B0   941 _FSCAL3	=	0x61b0
                           0061B1   942 _AGCCTRL0	=	0x61b1
                           0061B2   943 _AGCCTRL1	=	0x61b2
                           0061B3   944 _AGCCTRL2	=	0x61b3
                           0061B4   945 _AGCCTRL3	=	0x61b4
                           0061B5   946 _ADCTEST0	=	0x61b5
                           0061B6   947 _ADCTEST1	=	0x61b6
                           0061B7   948 _ADCTEST2	=	0x61b7
                           0061B8   949 _MDMTEST0	=	0x61b8
                           0061B9   950 _MDMTEST1	=	0x61b9
                           0061BA   951 _DACTEST0	=	0x61ba
                           0061BB   952 _DACTEST1	=	0x61bb
                           0061BC   953 _DACTEST2	=	0x61bc
                           0061BD   954 _ATEST	=	0x61bd
                           0061BE   955 _PTEST0	=	0x61be
                           0061BF   956 _PTEST1	=	0x61bf
                           0061FA   957 _TXFILTCFG	=	0x61fa
                           0061EB   958 _RFC_OBS_CTRL0	=	0x61eb
                           0061EC   959 _RFC_OBS_CTRL1	=	0x61ec
                           0061ED   960 _RFC_OBS_CTRL2	=	0x61ed
                           0061C0   961 _CSPPROG0	=	0x61c0
                           0061C1   962 _CSPPROG1	=	0x61c1
                           0061C2   963 _CSPPROG2	=	0x61c2
                           0061C3   964 _CSPPROG3	=	0x61c3
                           0061C4   965 _CSPPROG4	=	0x61c4
                           0061C5   966 _CSPPROG5	=	0x61c5
                           0061C6   967 _CSPPROG6	=	0x61c6
                           0061C7   968 _CSPPROG7	=	0x61c7
                           0061C8   969 _CSPPROG8	=	0x61c8
                           0061C9   970 _CSPPROG9	=	0x61c9
                           0061CA   971 _CSPPROG10	=	0x61ca
                           0061CB   972 _CSPPROG11	=	0x61cb
                           0061CC   973 _CSPPROG12	=	0x61cc
                           0061CD   974 _CSPPROG13	=	0x61cd
                           0061CE   975 _CSPPROG14	=	0x61ce
                           0061CF   976 _CSPPROG15	=	0x61cf
                           0061D0   977 _CSPPROG16	=	0x61d0
                           0061D1   978 _CSPPROG17	=	0x61d1
                           0061D2   979 _CSPPROG18	=	0x61d2
                           0061D3   980 _CSPPROG19	=	0x61d3
                           0061D4   981 _CSPPROG20	=	0x61d4
                           0061D5   982 _CSPPROG21	=	0x61d5
                           0061D6   983 _CSPPROG22	=	0x61d6
                           0061D7   984 _CSPPROG23	=	0x61d7
                           0061E0   985 _CSPCTRL	=	0x61e0
                           0061E1   986 _CSPSTAT	=	0x61e1
                           0061E2   987 _CSPX	=	0x61e2
                           0061E3   988 _CSPY	=	0x61e3
                           0061E4   989 _CSPZ	=	0x61e4
                           0061E5   990 _CSPT	=	0x61e5
                           006200   991 _USBADDR	=	0x6200
                           006201   992 _USBPOW	=	0x6201
                           006202   993 _USBIIF	=	0x6202
                           006204   994 _USBOIF	=	0x6204
                           006206   995 _USBCIF	=	0x6206
                           006207   996 _USBIIE	=	0x6207
                           006209   997 _USBOIE	=	0x6209
                           00620B   998 _USBCIE	=	0x620b
                           00620C   999 _USBFRML	=	0x620c
                           00620D  1000 _USBFRMH	=	0x620d
                           00620E  1001 _USBINDEX	=	0x620e
                           00620F  1002 _USBCTRL	=	0x620f
                           006210  1003 _USBMAXI	=	0x6210
                           006211  1004 _USBCS0	=	0x6211
                           006211  1005 _USBCSIL	=	0x6211
                           006212  1006 _USBCSIH	=	0x6212
                           006213  1007 _USBMAXO	=	0x6213
                           006214  1008 _USBCSOL	=	0x6214
                           006215  1009 _USBCSOH	=	0x6215
                           006216  1010 _USBCNT0	=	0x6216
                           006216  1011 _USBCNTL	=	0x6216
                           006217  1012 _USBCNTH	=	0x6217
                           006220  1013 _USBF0	=	0x6220
                           006222  1014 _USBF1	=	0x6222
                           006224  1015 _USBF2	=	0x6224
                           006226  1016 _USBF3	=	0x6226
                           006228  1017 _USBF4	=	0x6228
                           00622A  1018 _USBF5	=	0x622a
                           007080  1019 _X_P0	=	0x7080
                           007086  1020 _X_U0CSR	=	0x7086
                           007089  1021 _X_P0IFG	=	0x7089
                           00708A  1022 _X_P1IFG	=	0x708a
                           00708B  1023 _X_P2IFG	=	0x708b
                           00708C  1024 _X_PICTL	=	0x708c
                           00708D  1025 _X_P1IEN	=	0x708d
                           00708F  1026 _X_P0INP	=	0x708f
                           007090  1027 _X_P1	=	0x7090
                           007091  1028 _X_RFIRQF1	=	0x7091
                           007093  1029 _X_MPAGE	=	0x7093
                           007093  1030 _X__XPAGE	=	0x7093
                           007094  1031 _X_T2CTRL	=	0x7094
                           007095  1032 _X_ST0	=	0x7095
                           007096  1033 _X_ST1	=	0x7096
                           007097  1034 _X_ST2	=	0x7097
                           00709C  1035 _X_T2EVTCFG	=	0x709c
                           00709D  1036 _X_SLEEPSTA	=	0x709d
                           00709E  1037 _X_CLKCONSTA	=	0x709e
                           00709F  1038 _X_FMAP	=	0x709f
                           00709F  1039 _X_PSBANK	=	0x709f
                           0070A0  1040 _X_P2	=	0x70a0
                           0070A1  1041 _X_T2IRQF	=	0x70a1
                           0070A2  1042 _X_T2M0	=	0x70a2
                           0070A3  1043 _X_T2M1	=	0x70a3
                           0070A4  1044 _X_T2MOVF0	=	0x70a4
                           0070A5  1045 _X_T2MOVF1	=	0x70a5
                           0070A6  1046 _X_T2MOVF2	=	0x70a6
                           0070A7  1047 _X_T2IRQM	=	0x70a7
                           0070AB  1048 _X_P0IEN	=	0x70ab
                           0070AC  1049 _X_P2IEN	=	0x70ac
                           0070AD  1050 _X_STLOAD	=	0x70ad
                           0070AE  1051 _X_PMUX	=	0x70ae
                           0070AF  1052 _X_T1STAT	=	0x70af
                           0070B1  1053 _X_ENCDI	=	0x70b1
                           0070B2  1054 _X_ENCDO	=	0x70b2
                           0070B3  1055 _X_ENCCS	=	0x70b3
                           0070B4  1056 _X_ADCCON1	=	0x70b4
                           0070B5  1057 _X_ADCCON2	=	0x70b5
                           0070B6  1058 _X_ADCCON3	=	0x70b6
                           0070BA  1059 _X_ADCL	=	0x70ba
                           0070BB  1060 _X_ADCH	=	0x70bb
                           0070BC  1061 _X_RNDL	=	0x70bc
                           0070BD  1062 _X_RNDH	=	0x70bd
                           0070BE  1063 _X_SLEEPCMD	=	0x70be
                           0070BF  1064 _X_RFERRF	=	0x70bf
                           0070C1  1065 _X_U0DBUF	=	0x70c1
                           0070C2  1066 _X_U0BAUD	=	0x70c2
                           0070C3  1067 _X_T2MSEL	=	0x70c3
                           0070C4  1068 _X_U0UCR	=	0x70c4
                           0070C5  1069 _X_U0GCR	=	0x70c5
                           0070C6  1070 _X_CLKCONCMD	=	0x70c6
                           0070C7  1071 _X_MEMCTR	=	0x70c7
                           0070C9  1072 _X_WDCTL	=	0x70c9
                           0070CA  1073 _X_T3CNT	=	0x70ca
                           0070CB  1074 _X_T3CTL	=	0x70cb
                           0070CC  1075 _X_T3CCTL0	=	0x70cc
                           0070CD  1076 _X_T3CC0	=	0x70cd
                           0070CE  1077 _X_T3CCTL1	=	0x70ce
                           0070CF  1078 _X_T3CC1	=	0x70cf
                           0070D1  1079 _X_DMAIRQ	=	0x70d1
                           0070D2  1080 _X_DMA1CFGL	=	0x70d2
                           0070D3  1081 _X_DMA1CFGH	=	0x70d3
                           0070D4  1082 _X_DMA0CFGL	=	0x70d4
                           0070D5  1083 _X_DMA0CFGH	=	0x70d5
                           0070D6  1084 _X_DMAARM	=	0x70d6
                           0070D7  1085 _X_DMAREQ	=	0x70d7
                           0070D8  1086 _X_TIMIF	=	0x70d8
                           0070D9  1087 _X_RFD	=	0x70d9
                           0070DA  1088 _X_T1CC0L	=	0x70da
                           0070DB  1089 _X_T1CC0H	=	0x70db
                           0070DC  1090 _X_T1CC1L	=	0x70dc
                           0070DD  1091 _X_T1CC1H	=	0x70dd
                           0070DE  1092 _X_T1CC2L	=	0x70de
                           0070DF  1093 _X_T1CC2H	=	0x70df
                           0070E1  1094 _X_RFST	=	0x70e1
                           0070E2  1095 _X_T1CNTL	=	0x70e2
                           0070E3  1096 _X_T1CNTH	=	0x70e3
                           0070E4  1097 _X_T1CTL	=	0x70e4
                           0070E5  1098 _X_T1CCTL0	=	0x70e5
                           0070E6  1099 _X_T1CCTL1	=	0x70e6
                           0070E7  1100 _X_T1CCTL2	=	0x70e7
                           0070E9  1101 _X_RFIRQF0	=	0x70e9
                           0070EA  1102 _X_T4CNT	=	0x70ea
                           0070EB  1103 _X_T4CTL	=	0x70eb
                           0070EC  1104 _X_T4CCTL0	=	0x70ec
                           0070ED  1105 _X_T4CC0	=	0x70ed
                           0070EE  1106 _X_T4CCTL1	=	0x70ee
                           0070EF  1107 _X_T4CC1	=	0x70ef
                           0070F1  1108 _X_PERCFG	=	0x70f1
                           0070F2  1109 _X_APCFG	=	0x70f2
                           0070F3  1110 _X_P0SEL	=	0x70f3
                           0070F4  1111 _X_P1SEL	=	0x70f4
                           0070F5  1112 _X_P2SEL	=	0x70f5
                           0070F6  1113 _X_P1INP	=	0x70f6
                           0070F7  1114 _X_P2INP	=	0x70f7
                           0070F8  1115 _X_U1CSR	=	0x70f8
                           0070F9  1116 _X_U1DBUF	=	0x70f9
                           0070FA  1117 _X_U1BAUD	=	0x70fa
                           0070FB  1118 _X_U1UCR	=	0x70fb
                           0070FC  1119 _X_U1GCR	=	0x70fc
                           0070FD  1120 _X_P0DIR	=	0x70fd
                           0070FE  1121 _X_P1DIR	=	0x70fe
                           0070FF  1122 _X_P2DIR	=	0x70ff
                           007800  1123 _X_INFOPAGE	=	0x7800
                           00780C  1124 _X_IEEE_ADDR	=	0x780c
      000000                       1125 _current:
      000000                       1126 	.ds 3
                                   1127 ;--------------------------------------------------------
                                   1128 ; absolute external ram data
                                   1129 ;--------------------------------------------------------
                                   1130 	.area XABS    (ABS,XDATA)
                                   1131 ;--------------------------------------------------------
                                   1132 ; external initialized ram data
                                   1133 ;--------------------------------------------------------
                                   1134 	.area XISEG   (XDATA)
                                   1135 	.area HOME    (CODE)
                                   1136 	.area GSINIT0 (CODE)
                                   1137 	.area GSINIT1 (CODE)
                                   1138 	.area GSINIT2 (CODE)
                                   1139 	.area GSINIT3 (CODE)
                                   1140 	.area GSINIT4 (CODE)
                                   1141 	.area GSINIT5 (CODE)
                                   1142 	.area GSINIT  (CODE)
                                   1143 	.area GSFINAL (CODE)
                                   1144 	.area CSEG    (CODE)
                                   1145 ;--------------------------------------------------------
                                   1146 ; global & static initialisations
                                   1147 ;--------------------------------------------------------
                                   1148 	.area HOME    (CODE)
                                   1149 	.area GSINIT  (CODE)
                                   1150 	.area GSFINAL (CODE)
                                   1151 	.area GSINIT  (CODE)
                                   1152 ;--------------------------------------------------------
                                   1153 ; Home
                                   1154 ;--------------------------------------------------------
                                   1155 	.area HOME    (CODE)
                                   1156 	.area HOME    (CODE)
                                   1157 ;--------------------------------------------------------
                                   1158 ; code
                                   1159 ;--------------------------------------------------------
                                   1160 	.area CSEG    (CODE)
                                   1161 ;------------------------------------------------------------
                                   1162 ;Allocation info for local variables in function 'mt_init'
                                   1163 ;------------------------------------------------------------
                                   1164 ;	../contiki-sensinode/core/sys/mt.c:57: mt_init(void)
                                   1165 ;	-----------------------------------------
                                   1166 ;	 function mt_init
                                   1167 ;	-----------------------------------------
      000000                       1168 _mt_init:
                           000007  1169 	ar7 = 0x07
                           000006  1170 	ar6 = 0x06
                           000005  1171 	ar5 = 0x05
                           000004  1172 	ar4 = 0x04
                           000003  1173 	ar3 = 0x03
                           000002  1174 	ar2 = 0x02
                           000001  1175 	ar1 = 0x01
                           000000  1176 	ar0 = 0x00
                                   1177 ;	../contiki-sensinode/core/sys/mt.c:59: mtarch_init();
      000000 02r00r00         [24] 1178 	ljmp	_mtarch_init
                                   1179 ;------------------------------------------------------------
                                   1180 ;Allocation info for local variables in function 'mt_remove'
                                   1181 ;------------------------------------------------------------
                                   1182 ;	../contiki-sensinode/core/sys/mt.c:63: mt_remove(void)
                                   1183 ;	-----------------------------------------
                                   1184 ;	 function mt_remove
                                   1185 ;	-----------------------------------------
      000003                       1186 _mt_remove:
                                   1187 ;	../contiki-sensinode/core/sys/mt.c:65: mtarch_remove();
      000003 02r00r00         [24] 1188 	ljmp	_mtarch_remove
                                   1189 ;------------------------------------------------------------
                                   1190 ;Allocation info for local variables in function 'mt_start'
                                   1191 ;------------------------------------------------------------
                                   1192 ;function                  Allocated to stack - sp -6
                                   1193 ;data                      Allocated to stack - sp -9
                                   1194 ;thread                    Allocated to stack - sp -2
                                   1195 ;------------------------------------------------------------
                                   1196 ;	../contiki-sensinode/core/sys/mt.c:69: mt_start(struct mt_thread *thread, void (* function)(void *), void *data)
                                   1197 ;	-----------------------------------------
                                   1198 ;	 function mt_start
                                   1199 ;	-----------------------------------------
      000006                       1200 _mt_start:
      000006 C0 82            [24] 1201 	push	dpl
      000008 C0 83            [24] 1202 	push	dph
      00000A C0 F0            [24] 1203 	push	b
                                   1204 ;	../contiki-sensinode/core/sys/mt.c:73: mtarch_start(&thread->thread, function, data);
      00000C E5 81            [12] 1205 	mov	a,sp
      00000E 24 FA            [12] 1206 	add	a,#0xfa
      000010 F8               [12] 1207 	mov	r0,a
      000011 86 02            [24] 1208 	mov	ar2,@r0
      000013 08               [12] 1209 	inc	r0
      000014 86 03            [24] 1210 	mov	ar3,@r0
      000016 7C 80            [12] 1211 	mov	r4,#0x80
      000018 A8 81            [24] 1212 	mov	r0,sp
      00001A 18               [12] 1213 	dec	r0
      00001B 18               [12] 1214 	dec	r0
      00001C 74 08            [12] 1215 	mov	a,#0x08
      00001E 26               [12] 1216 	add	a,@r0
      00001F FD               [12] 1217 	mov	r5,a
      000020 E4               [12] 1218 	clr	a
      000021 08               [12] 1219 	inc	r0
      000022 36               [12] 1220 	addc	a,@r0
      000023 FE               [12] 1221 	mov	r6,a
      000024 08               [12] 1222 	inc	r0
      000025 86 07            [24] 1223 	mov	ar7,@r0
      000027 E5 81            [12] 1224 	mov	a,sp
      000029 24 F7            [12] 1225 	add	a,#0xf7
      00002B F8               [12] 1226 	mov	r0,a
      00002C E6               [12] 1227 	mov	a,@r0
      00002D C0 E0            [24] 1228 	push	acc
      00002F 08               [12] 1229 	inc	r0
      000030 E6               [12] 1230 	mov	a,@r0
      000031 C0 E0            [24] 1231 	push	acc
      000033 08               [12] 1232 	inc	r0
      000034 E6               [12] 1233 	mov	a,@r0
      000035 C0 E0            [24] 1234 	push	acc
      000037 C0 02            [24] 1235 	push	ar2
      000039 C0 03            [24] 1236 	push	ar3
      00003B C0 04            [24] 1237 	push	ar4
      00003D 8D 82            [24] 1238 	mov	dpl,r5
      00003F 8E 83            [24] 1239 	mov	dph,r6
      000041 8F F0            [24] 1240 	mov	b,r7
      000043 12r00r00         [24] 1241 	lcall	_mtarch_start
      000046 E5 81            [12] 1242 	mov	a,sp
      000048 24 FA            [12] 1243 	add	a,#0xfa
      00004A F5 81            [12] 1244 	mov	sp,a
                                   1245 ;	../contiki-sensinode/core/sys/mt.c:75: thread->state = MT_STATE_READY;
      00004C A8 81            [24] 1246 	mov	r0,sp
      00004E 18               [12] 1247 	dec	r0
      00004F 18               [12] 1248 	dec	r0
      000050 86 82            [24] 1249 	mov	dpl,@r0
      000052 08               [12] 1250 	inc	r0
      000053 86 83            [24] 1251 	mov	dph,@r0
      000055 08               [12] 1252 	inc	r0
      000056 86 F0            [24] 1253 	mov	b,@r0
      000058 74 01            [12] 1254 	mov	a,#0x01
      00005A 12r00r00         [24] 1255 	lcall	__gptrput
      00005D A3               [24] 1256 	inc	dptr
      00005E E4               [12] 1257 	clr	a
      00005F 12r00r00         [24] 1258 	lcall	__gptrput
      000062 15 81            [12] 1259 	dec	sp
      000064 15 81            [12] 1260 	dec	sp
      000066 15 81            [12] 1261 	dec	sp
      000068 22               [24] 1262 	ret
                                   1263 ;------------------------------------------------------------
                                   1264 ;Allocation info for local variables in function 'mt_exec'
                                   1265 ;------------------------------------------------------------
                                   1266 ;thread                    Allocated to registers r5 r6 r7 
                                   1267 ;------------------------------------------------------------
                                   1268 ;	../contiki-sensinode/core/sys/mt.c:79: mt_exec(struct mt_thread *thread)
                                   1269 ;	-----------------------------------------
                                   1270 ;	 function mt_exec
                                   1271 ;	-----------------------------------------
      000069                       1272 _mt_exec:
                                   1273 ;	../contiki-sensinode/core/sys/mt.c:81: if(thread->state == MT_STATE_READY) {
      000069 AD 82            [24] 1274 	mov	r5,dpl
      00006B AE 83            [24] 1275 	mov	r6,dph
      00006D AF F0            [24] 1276 	mov	r7,b
      00006F 12r00r00         [24] 1277 	lcall	__gptrget
      000072 FB               [12] 1278 	mov	r3,a
      000073 A3               [24] 1279 	inc	dptr
      000074 12r00r00         [24] 1280 	lcall	__gptrget
      000077 FC               [12] 1281 	mov	r4,a
      000078 BB 01 2E         [24] 1282 	cjne	r3,#0x01,00103$
      00007B BC 00 2B         [24] 1283 	cjne	r4,#0x00,00103$
                                   1284 ;	../contiki-sensinode/core/sys/mt.c:82: thread->state = MT_STATE_RUNNING;
      00007E 8D 82            [24] 1285 	mov	dpl,r5
      000080 8E 83            [24] 1286 	mov	dph,r6
      000082 8F F0            [24] 1287 	mov	b,r7
      000084 74 02            [12] 1288 	mov	a,#0x02
      000086 12r00r00         [24] 1289 	lcall	__gptrput
      000089 A3               [24] 1290 	inc	dptr
      00008A E4               [12] 1291 	clr	a
      00008B 12r00r00         [24] 1292 	lcall	__gptrput
                                   1293 ;	../contiki-sensinode/core/sys/mt.c:83: current = thread;
      00008E 90r00r00         [24] 1294 	mov	dptr,#_current
      000091 ED               [12] 1295 	mov	a,r5
      000092 F0               [24] 1296 	movx	@dptr,a
      000093 EE               [12] 1297 	mov	a,r6
      000094 A3               [24] 1298 	inc	dptr
      000095 F0               [24] 1299 	movx	@dptr,a
      000096 EF               [12] 1300 	mov	a,r7
      000097 A3               [24] 1301 	inc	dptr
      000098 F0               [24] 1302 	movx	@dptr,a
                                   1303 ;	../contiki-sensinode/core/sys/mt.c:86: mtarch_exec(&thread->thread);
      000099 74 08            [12] 1304 	mov	a,#0x08
      00009B 2D               [12] 1305 	add	a,r5
      00009C FD               [12] 1306 	mov	r5,a
      00009D E4               [12] 1307 	clr	a
      00009E 3E               [12] 1308 	addc	a,r6
      00009F FE               [12] 1309 	mov	r6,a
      0000A0 8D 82            [24] 1310 	mov	dpl,r5
      0000A2 8E 83            [24] 1311 	mov	dph,r6
      0000A4 8F F0            [24] 1312 	mov	b,r7
      0000A6 02r00r00         [24] 1313 	ljmp	_mtarch_exec
      0000A9                       1314 00103$:
      0000A9 22               [24] 1315 	ret
                                   1316 ;------------------------------------------------------------
                                   1317 ;Allocation info for local variables in function 'mt_yield'
                                   1318 ;------------------------------------------------------------
                                   1319 ;	../contiki-sensinode/core/sys/mt.c:91: mt_yield(void)
                                   1320 ;	-----------------------------------------
                                   1321 ;	 function mt_yield
                                   1322 ;	-----------------------------------------
      0000AA                       1323 _mt_yield:
                                   1324 ;	../contiki-sensinode/core/sys/mt.c:93: mtarch_pstop();
      0000AA 12r00r00         [24] 1325 	lcall	_mtarch_pstop
                                   1326 ;	../contiki-sensinode/core/sys/mt.c:94: current->state = MT_STATE_READY;
      0000AD 90r00r00         [24] 1327 	mov	dptr,#_current
      0000B0 E0               [24] 1328 	movx	a,@dptr
      0000B1 FD               [12] 1329 	mov	r5,a
      0000B2 A3               [24] 1330 	inc	dptr
      0000B3 E0               [24] 1331 	movx	a,@dptr
      0000B4 FE               [12] 1332 	mov	r6,a
      0000B5 A3               [24] 1333 	inc	dptr
      0000B6 E0               [24] 1334 	movx	a,@dptr
      0000B7 FF               [12] 1335 	mov	r7,a
      0000B8 8D 82            [24] 1336 	mov	dpl,r5
      0000BA 8E 83            [24] 1337 	mov	dph,r6
      0000BC 8F F0            [24] 1338 	mov	b,r7
      0000BE 74 01            [12] 1339 	mov	a,#0x01
      0000C0 12r00r00         [24] 1340 	lcall	__gptrput
      0000C3 A3               [24] 1341 	inc	dptr
      0000C4 E4               [12] 1342 	clr	a
      0000C5 12r00r00         [24] 1343 	lcall	__gptrput
                                   1344 ;	../contiki-sensinode/core/sys/mt.c:95: current = NULL;
      0000C8 90r00r00         [24] 1345 	mov	dptr,#_current
      0000CB F0               [24] 1346 	movx	@dptr,a
      0000CC A3               [24] 1347 	inc	dptr
      0000CD F0               [24] 1348 	movx	@dptr,a
      0000CE A3               [24] 1349 	inc	dptr
      0000CF F0               [24] 1350 	movx	@dptr,a
                                   1351 ;	../contiki-sensinode/core/sys/mt.c:100: mtarch_yield();
      0000D0 02r00r00         [24] 1352 	ljmp	_mtarch_yield
                                   1353 ;------------------------------------------------------------
                                   1354 ;Allocation info for local variables in function 'mt_exit'
                                   1355 ;------------------------------------------------------------
                                   1356 ;	../contiki-sensinode/core/sys/mt.c:105: mt_exit(void)
                                   1357 ;	-----------------------------------------
                                   1358 ;	 function mt_exit
                                   1359 ;	-----------------------------------------
      0000D3                       1360 _mt_exit:
                                   1361 ;	../contiki-sensinode/core/sys/mt.c:107: current->state = MT_STATE_EXITED;
      0000D3 90r00r00         [24] 1362 	mov	dptr,#_current
      0000D6 E0               [24] 1363 	movx	a,@dptr
      0000D7 FD               [12] 1364 	mov	r5,a
      0000D8 A3               [24] 1365 	inc	dptr
      0000D9 E0               [24] 1366 	movx	a,@dptr
      0000DA FE               [12] 1367 	mov	r6,a
      0000DB A3               [24] 1368 	inc	dptr
      0000DC E0               [24] 1369 	movx	a,@dptr
      0000DD FF               [12] 1370 	mov	r7,a
      0000DE 8D 82            [24] 1371 	mov	dpl,r5
      0000E0 8E 83            [24] 1372 	mov	dph,r6
      0000E2 8F F0            [24] 1373 	mov	b,r7
      0000E4 74 05            [12] 1374 	mov	a,#0x05
      0000E6 12r00r00         [24] 1375 	lcall	__gptrput
      0000E9 A3               [24] 1376 	inc	dptr
      0000EA E4               [12] 1377 	clr	a
      0000EB 12r00r00         [24] 1378 	lcall	__gptrput
                                   1379 ;	../contiki-sensinode/core/sys/mt.c:108: current = NULL;
      0000EE 90r00r00         [24] 1380 	mov	dptr,#_current
      0000F1 F0               [24] 1381 	movx	@dptr,a
      0000F2 A3               [24] 1382 	inc	dptr
      0000F3 F0               [24] 1383 	movx	@dptr,a
      0000F4 A3               [24] 1384 	inc	dptr
      0000F5 F0               [24] 1385 	movx	@dptr,a
                                   1386 ;	../contiki-sensinode/core/sys/mt.c:109: mtarch_yield();
      0000F6 02r00r00         [24] 1387 	ljmp	_mtarch_yield
                                   1388 ;------------------------------------------------------------
                                   1389 ;Allocation info for local variables in function 'mt_stop'
                                   1390 ;------------------------------------------------------------
                                   1391 ;thread                    Allocated to registers r5 r6 r7 
                                   1392 ;------------------------------------------------------------
                                   1393 ;	../contiki-sensinode/core/sys/mt.c:113: mt_stop(struct mt_thread *thread)
                                   1394 ;	-----------------------------------------
                                   1395 ;	 function mt_stop
                                   1396 ;	-----------------------------------------
      0000F9                       1397 _mt_stop:
      0000F9 AD 82            [24] 1398 	mov	r5,dpl
      0000FB AE 83            [24] 1399 	mov	r6,dph
      0000FD AF F0            [24] 1400 	mov	r7,b
                                   1401 ;	../contiki-sensinode/core/sys/mt.c:115: mtarch_stop(&thread->thread);
      0000FF 74 08            [12] 1402 	mov	a,#0x08
      000101 2D               [12] 1403 	add	a,r5
      000102 FD               [12] 1404 	mov	r5,a
      000103 E4               [12] 1405 	clr	a
      000104 3E               [12] 1406 	addc	a,r6
      000105 FE               [12] 1407 	mov	r6,a
      000106 8D 82            [24] 1408 	mov	dpl,r5
      000108 8E 83            [24] 1409 	mov	dph,r6
      00010A 8F F0            [24] 1410 	mov	b,r7
      00010C 02r00r00         [24] 1411 	ljmp	_mtarch_stop
                                   1412 	.area CSEG    (CODE)
                                   1413 	.area CONST   (CODE)
                                   1414 	.area XINIT   (CODE)
                                   1415 	.area CABS    (ABS,CODE)
