                                      1 ;--------------------------------------------------------
                                      2 ; File Created by SDCC : free open source ANSI-C Compiler
                                      3 ; Version 3.4.0 #8981 (Oct 24 2015) (Linux)
                                      4 ; This file was generated Sun Oct 25 01:52:11 2015
                                      5 ;--------------------------------------------------------
                                      6 	.module netstack
                                      7 	.optsdcc -mmcs51 --model-large
                                      8 	
                                      9 ;--------------------------------------------------------
                                     10 ; Public variables in this module
                                     11 ;--------------------------------------------------------
                                     12 	.globl _netstack_init
                                     13 ;--------------------------------------------------------
                                     14 ; special function registers
                                     15 ;--------------------------------------------------------
                                     16 	.area RSEG    (ABS,DATA)
      000000                         17 	.org 0x0000
                                     18 ;--------------------------------------------------------
                                     19 ; special function bits
                                     20 ;--------------------------------------------------------
                                     21 	.area RSEG    (ABS,DATA)
      000000                         22 	.org 0x0000
                                     23 ;--------------------------------------------------------
                                     24 ; overlayable register banks
                                     25 ;--------------------------------------------------------
                                     26 	.area REG_BANK_0	(REL,OVR,DATA)
      000000                         27 	.ds 8
                                     28 ;--------------------------------------------------------
                                     29 ; internal ram data
                                     30 ;--------------------------------------------------------
                                     31 	.area DSEG    (DATA)
                                     32 ;--------------------------------------------------------
                                     33 ; overlayable items in internal ram 
                                     34 ;--------------------------------------------------------
                                     35 ;--------------------------------------------------------
                                     36 ; indirectly addressable internal ram data
                                     37 ;--------------------------------------------------------
                                     38 	.area ISEG    (DATA)
                                     39 ;--------------------------------------------------------
                                     40 ; absolute internal ram data
                                     41 ;--------------------------------------------------------
                                     42 	.area IABS    (ABS,DATA)
                                     43 	.area IABS    (ABS,DATA)
                                     44 ;--------------------------------------------------------
                                     45 ; bit data
                                     46 ;--------------------------------------------------------
                                     47 	.area BSEG    (BIT)
                                     48 ;--------------------------------------------------------
                                     49 ; paged external ram data
                                     50 ;--------------------------------------------------------
                                     51 	.area PSEG    (PAG,XDATA)
                                     52 ;--------------------------------------------------------
                                     53 ; external ram data
                                     54 ;--------------------------------------------------------
                                     55 	.area XSEG    (XDATA)
                                     56 ;--------------------------------------------------------
                                     57 ; absolute external ram data
                                     58 ;--------------------------------------------------------
                                     59 	.area XABS    (ABS,XDATA)
                                     60 ;--------------------------------------------------------
                                     61 ; external initialized ram data
                                     62 ;--------------------------------------------------------
                                     63 	.area XISEG   (XDATA)
                                     64 	.area HOME    (CODE)
                                     65 	.area GSINIT0 (CODE)
                                     66 	.area GSINIT1 (CODE)
                                     67 	.area GSINIT2 (CODE)
                                     68 	.area GSINIT3 (CODE)
                                     69 	.area GSINIT4 (CODE)
                                     70 	.area GSINIT5 (CODE)
                                     71 	.area GSINIT  (CODE)
                                     72 	.area GSFINAL (CODE)
                                     73 	.area CSEG    (CODE)
                                     74 ;--------------------------------------------------------
                                     75 ; global & static initialisations
                                     76 ;--------------------------------------------------------
                                     77 	.area HOME    (CODE)
                                     78 	.area GSINIT  (CODE)
                                     79 	.area GSFINAL (CODE)
                                     80 	.area GSINIT  (CODE)
                                     81 ;--------------------------------------------------------
                                     82 ; Home
                                     83 ;--------------------------------------------------------
                                     84 	.area HOME    (CODE)
                                     85 	.area HOME    (CODE)
                                     86 ;--------------------------------------------------------
                                     87 ; code
                                     88 ;--------------------------------------------------------
                                     89 	.area CSEG    (CODE)
                                     90 ;------------------------------------------------------------
                                     91 ;Allocation info for local variables in function 'netstack_init'
                                     92 ;------------------------------------------------------------
                                     93 ;	../contiki-sensinode/core/net/netstack.c:43: netstack_init(void)
                                     94 ;	-----------------------------------------
                                     95 ;	 function netstack_init
                                     96 ;	-----------------------------------------
      000000                         97 _netstack_init:
                           000007    98 	ar7 = 0x07
                           000006    99 	ar6 = 0x06
                           000005   100 	ar5 = 0x05
                           000004   101 	ar4 = 0x04
                           000003   102 	ar3 = 0x03
                           000002   103 	ar2 = 0x02
                           000001   104 	ar1 = 0x01
                           000000   105 	ar0 = 0x00
                                    106 ;	../contiki-sensinode/core/net/netstack.c:45: NETSTACK_RADIO.init();
      000000 90r00r00         [24]  107 	mov	dptr,#_cc2530_rf_driver
      000003 E4               [12]  108 	clr	a
      000004 93               [24]  109 	movc	a,@a+dptr
      000005 FE               [12]  110 	mov	r6,a
      000006 A3               [24]  111 	inc	dptr
      000007 E4               [12]  112 	clr	a
      000008 93               [24]  113 	movc	a,@a+dptr
      000009 FF               [12]  114 	mov	r7,a
      00000A C0 07            [24]  115 	push	ar7
      00000C C0 06            [24]  116 	push	ar6
      00000E 8E 82            [24]  117 	mov	dpl,r6
      000010 8F 83            [24]  118 	mov	dph,r7
      000012 12r00r00         [24]  119 	lcall	__sdcc_call_dptr
      000015 D0 06            [24]  120 	pop	ar6
      000017 D0 07            [24]  121 	pop	ar7
                                    122 ;	../contiki-sensinode/core/net/netstack.c:46: NETSTACK_RDC.init();
      000019 90r00r03         [24]  123 	mov	dptr,#(_nullrdc_driver + 0x0003)
      00001C E4               [12]  124 	clr	a
      00001D 93               [24]  125 	movc	a,@a+dptr
      00001E FE               [12]  126 	mov	r6,a
      00001F A3               [24]  127 	inc	dptr
      000020 E4               [12]  128 	clr	a
      000021 93               [24]  129 	movc	a,@a+dptr
      000022 FF               [12]  130 	mov	r7,a
      000023 C0 07            [24]  131 	push	ar7
      000025 C0 06            [24]  132 	push	ar6
      000027 8E 82            [24]  133 	mov	dpl,r6
      000029 8F 83            [24]  134 	mov	dph,r7
      00002B 12r00r00         [24]  135 	lcall	__sdcc_call_dptr
      00002E D0 06            [24]  136 	pop	ar6
      000030 D0 07            [24]  137 	pop	ar7
                                    138 ;	../contiki-sensinode/core/net/netstack.c:47: NETSTACK_MAC.init();
      000032 90r00r03         [24]  139 	mov	dptr,#(_csma_driver + 0x0003)
      000035 E4               [12]  140 	clr	a
      000036 93               [24]  141 	movc	a,@a+dptr
      000037 FE               [12]  142 	mov	r6,a
      000038 A3               [24]  143 	inc	dptr
      000039 E4               [12]  144 	clr	a
      00003A 93               [24]  145 	movc	a,@a+dptr
      00003B FF               [12]  146 	mov	r7,a
      00003C C0 07            [24]  147 	push	ar7
      00003E C0 06            [24]  148 	push	ar6
      000040 8E 82            [24]  149 	mov	dpl,r6
      000042 8F 83            [24]  150 	mov	dph,r7
      000044 12r00r00         [24]  151 	lcall	__sdcc_call_dptr
      000047 D0 06            [24]  152 	pop	ar6
      000049 D0 07            [24]  153 	pop	ar7
                                    154 ;	../contiki-sensinode/core/net/netstack.c:48: NETSTACK_NETWORK.init();
      00004B 90r00r03         [24]  155 	mov	dptr,#(_rime_driver + 0x0003)
      00004E E4               [12]  156 	clr	a
      00004F 93               [24]  157 	movc	a,@a+dptr
      000050 FE               [12]  158 	mov	r6,a
      000051 A3               [24]  159 	inc	dptr
      000052 E4               [12]  160 	clr	a
      000053 93               [24]  161 	movc	a,@a+dptr
      000054 FF               [12]  162 	mov	r7,a
      000055 C0 07            [24]  163 	push	ar7
      000057 C0 06            [24]  164 	push	ar6
      000059 8E 82            [24]  165 	mov	dpl,r6
      00005B 8F 83            [24]  166 	mov	dph,r7
      00005D 12r00r00         [24]  167 	lcall	__sdcc_call_dptr
      000060 D0 06            [24]  168 	pop	ar6
      000062 D0 07            [24]  169 	pop	ar7
      000064 22               [24]  170 	ret
                                    171 	.area CSEG    (CODE)
                                    172 	.area CONST   (CODE)
                                    173 	.area XINIT   (CODE)
                                    174 	.area CABS    (ABS,CODE)
