                                      1 ;--------------------------------------------------------
                                      2 ; File Created by SDCC : free open source ANSI-C Compiler
                                      3 ; Version 3.4.0 #8981 (Oct 24 2015) (Linux)
                                      4 ; This file was generated Sun Oct 25 01:52:11 2015
                                      5 ;--------------------------------------------------------
                                      6 	.module packetqueue
                                      7 	.optsdcc -mmcs51 --model-large
                                      8 	
                                      9 ;--------------------------------------------------------
                                     10 ; Public variables in this module
                                     11 ;--------------------------------------------------------
                                     12 	.globl _queuebuf_free
                                     13 	.globl _queuebuf_new_from_packetbuf
                                     14 	.globl _memb_free
                                     15 	.globl _memb_alloc
                                     16 	.globl _memb_init
                                     17 	.globl _list_length
                                     18 	.globl _list_remove
                                     19 	.globl _list_add
                                     20 	.globl _list_head
                                     21 	.globl _list_init
                                     22 	.globl _ctimer_stop
                                     23 	.globl _ctimer_set
                                     24 	.globl _packetqueue_init
                                     25 	.globl _packetqueue_enqueue_packetbuf
                                     26 	.globl _packetqueue_first
                                     27 	.globl _packetqueue_dequeue
                                     28 	.globl _packetqueue_len
                                     29 	.globl _packetqueue_queuebuf
                                     30 	.globl _packetqueue_ptr
                                     31 ;--------------------------------------------------------
                                     32 ; special function registers
                                     33 ;--------------------------------------------------------
                                     34 	.area RSEG    (ABS,DATA)
      000000                         35 	.org 0x0000
                                     36 ;--------------------------------------------------------
                                     37 ; special function bits
                                     38 ;--------------------------------------------------------
                                     39 	.area RSEG    (ABS,DATA)
      000000                         40 	.org 0x0000
                                     41 ;--------------------------------------------------------
                                     42 ; overlayable register banks
                                     43 ;--------------------------------------------------------
                                     44 	.area REG_BANK_0	(REL,OVR,DATA)
      000000                         45 	.ds 8
                                     46 ;--------------------------------------------------------
                                     47 ; internal ram data
                                     48 ;--------------------------------------------------------
                                     49 	.area DSEG    (DATA)
                                     50 ;--------------------------------------------------------
                                     51 ; overlayable items in internal ram 
                                     52 ;--------------------------------------------------------
                                     53 ;--------------------------------------------------------
                                     54 ; indirectly addressable internal ram data
                                     55 ;--------------------------------------------------------
                                     56 	.area ISEG    (DATA)
                                     57 ;--------------------------------------------------------
                                     58 ; absolute internal ram data
                                     59 ;--------------------------------------------------------
                                     60 	.area IABS    (ABS,DATA)
                                     61 	.area IABS    (ABS,DATA)
                                     62 ;--------------------------------------------------------
                                     63 ; bit data
                                     64 ;--------------------------------------------------------
                                     65 	.area BSEG    (BIT)
                                     66 ;--------------------------------------------------------
                                     67 ; paged external ram data
                                     68 ;--------------------------------------------------------
                                     69 	.area PSEG    (PAG,XDATA)
                                     70 ;--------------------------------------------------------
                                     71 ; external ram data
                                     72 ;--------------------------------------------------------
                                     73 	.area XSEG    (XDATA)
                                     74 ;--------------------------------------------------------
                                     75 ; absolute external ram data
                                     76 ;--------------------------------------------------------
                                     77 	.area XABS    (ABS,XDATA)
                                     78 ;--------------------------------------------------------
                                     79 ; external initialized ram data
                                     80 ;--------------------------------------------------------
                                     81 	.area XISEG   (XDATA)
                                     82 	.area HOME    (CODE)
                                     83 	.area GSINIT0 (CODE)
                                     84 	.area GSINIT1 (CODE)
                                     85 	.area GSINIT2 (CODE)
                                     86 	.area GSINIT3 (CODE)
                                     87 	.area GSINIT4 (CODE)
                                     88 	.area GSINIT5 (CODE)
                                     89 	.area GSINIT  (CODE)
                                     90 	.area GSFINAL (CODE)
                                     91 	.area CSEG    (CODE)
                                     92 ;--------------------------------------------------------
                                     93 ; global & static initialisations
                                     94 ;--------------------------------------------------------
                                     95 	.area HOME    (CODE)
                                     96 	.area GSINIT  (CODE)
                                     97 	.area GSFINAL (CODE)
                                     98 	.area GSINIT  (CODE)
                                     99 ;--------------------------------------------------------
                                    100 ; Home
                                    101 ;--------------------------------------------------------
                                    102 	.area HOME    (CODE)
                                    103 	.area HOME    (CODE)
                                    104 ;--------------------------------------------------------
                                    105 ; code
                                    106 ;--------------------------------------------------------
                                    107 	.area CSEG    (CODE)
                                    108 ;------------------------------------------------------------
                                    109 ;Allocation info for local variables in function 'packetqueue_init'
                                    110 ;------------------------------------------------------------
                                    111 ;q                         Allocated to registers r5 r6 r7 
                                    112 ;------------------------------------------------------------
                                    113 ;	../contiki-sensinode/core/net/packetqueue.c:49: packetqueue_init(struct packetqueue *q)
                                    114 ;	-----------------------------------------
                                    115 ;	 function packetqueue_init
                                    116 ;	-----------------------------------------
      000000                        117 _packetqueue_init:
                           000007   118 	ar7 = 0x07
                           000006   119 	ar6 = 0x06
                           000005   120 	ar5 = 0x05
                           000004   121 	ar4 = 0x04
                           000003   122 	ar3 = 0x03
                           000002   123 	ar2 = 0x02
                           000001   124 	ar1 = 0x01
                           000000   125 	ar0 = 0x00
                                    126 ;	../contiki-sensinode/core/net/packetqueue.c:51: list_init(*q->list);
      000000 AD 82            [24]  127 	mov	r5,dpl
      000002 AE 83            [24]  128 	mov	r6,dph
      000004 AF F0            [24]  129 	mov	r7,b
      000006 12r00r00         [24]  130 	lcall	__gptrget
      000009 FA               [12]  131 	mov	r2,a
      00000A A3               [24]  132 	inc	dptr
      00000B 12r00r00         [24]  133 	lcall	__gptrget
      00000E FB               [12]  134 	mov	r3,a
      00000F A3               [24]  135 	inc	dptr
      000010 12r00r00         [24]  136 	lcall	__gptrget
      000013 FC               [12]  137 	mov	r4,a
      000014 8A 82            [24]  138 	mov	dpl,r2
      000016 8B 83            [24]  139 	mov	dph,r3
      000018 8C F0            [24]  140 	mov	b,r4
      00001A 12r00r00         [24]  141 	lcall	__gptrget
      00001D FA               [12]  142 	mov	r2,a
      00001E A3               [24]  143 	inc	dptr
      00001F 12r00r00         [24]  144 	lcall	__gptrget
      000022 FB               [12]  145 	mov	r3,a
      000023 A3               [24]  146 	inc	dptr
      000024 12r00r00         [24]  147 	lcall	__gptrget
      000027 FC               [12]  148 	mov	r4,a
      000028 8A 82            [24]  149 	mov	dpl,r2
      00002A 8B 83            [24]  150 	mov	dph,r3
      00002C 8C F0            [24]  151 	mov	b,r4
      00002E C0 07            [24]  152 	push	ar7
      000030 C0 06            [24]  153 	push	ar6
      000032 C0 05            [24]  154 	push	ar5
      000034 12r00r00         [24]  155 	lcall	_list_init
      000037 D0 05            [24]  156 	pop	ar5
      000039 D0 06            [24]  157 	pop	ar6
      00003B D0 07            [24]  158 	pop	ar7
                                    159 ;	../contiki-sensinode/core/net/packetqueue.c:52: memb_init(q->memb);
      00003D 74 03            [12]  160 	mov	a,#0x03
      00003F 2D               [12]  161 	add	a,r5
      000040 FD               [12]  162 	mov	r5,a
      000041 E4               [12]  163 	clr	a
      000042 3E               [12]  164 	addc	a,r6
      000043 FE               [12]  165 	mov	r6,a
      000044 8D 82            [24]  166 	mov	dpl,r5
      000046 8E 83            [24]  167 	mov	dph,r6
      000048 8F F0            [24]  168 	mov	b,r7
      00004A 12r00r00         [24]  169 	lcall	__gptrget
      00004D FD               [12]  170 	mov	r5,a
      00004E A3               [24]  171 	inc	dptr
      00004F 12r00r00         [24]  172 	lcall	__gptrget
      000052 FE               [12]  173 	mov	r6,a
      000053 A3               [24]  174 	inc	dptr
      000054 12r00r00         [24]  175 	lcall	__gptrget
      000057 FF               [12]  176 	mov	r7,a
      000058 8D 82            [24]  177 	mov	dpl,r5
      00005A 8E 83            [24]  178 	mov	dph,r6
      00005C 8F F0            [24]  179 	mov	b,r7
      00005E 02r00r00         [24]  180 	ljmp	_memb_init
                                    181 ;------------------------------------------------------------
                                    182 ;Allocation info for local variables in function 'remove_queued_packet'
                                    183 ;------------------------------------------------------------
                                    184 ;item                      Allocated to registers r5 r6 r7 
                                    185 ;i                         Allocated to stack - sp -2
                                    186 ;q                         Allocated to stack - sp -5
                                    187 ;------------------------------------------------------------
                                    188 ;	../contiki-sensinode/core/net/packetqueue.c:56: remove_queued_packet(void *item)
                                    189 ;	-----------------------------------------
                                    190 ;	 function remove_queued_packet
                                    191 ;	-----------------------------------------
      000061                        192 _remove_queued_packet:
      000061 E5 81            [12]  193 	mov	a,sp
      000063 24 06            [12]  194 	add	a,#0x06
      000065 F5 81            [12]  195 	mov	sp,a
      000067 AD 82            [24]  196 	mov	r5,dpl
      000069 AE 83            [24]  197 	mov	r6,dph
      00006B AF F0            [24]  198 	mov	r7,b
                                    199 ;	../contiki-sensinode/core/net/packetqueue.c:58: struct packetqueue_item *i = item;
      00006D A8 81            [24]  200 	mov	r0,sp
      00006F 18               [12]  201 	dec	r0
      000070 18               [12]  202 	dec	r0
      000071 A6 05            [24]  203 	mov	@r0,ar5
      000073 08               [12]  204 	inc	r0
      000074 A6 06            [24]  205 	mov	@r0,ar6
      000076 08               [12]  206 	inc	r0
      000077 A6 07            [24]  207 	mov	@r0,ar7
                                    208 ;	../contiki-sensinode/core/net/packetqueue.c:59: struct packetqueue *q = i->queue;
      000079 A8 81            [24]  209 	mov	r0,sp
      00007B 18               [12]  210 	dec	r0
      00007C 18               [12]  211 	dec	r0
      00007D 74 06            [12]  212 	mov	a,#0x06
      00007F 26               [12]  213 	add	a,@r0
      000080 FA               [12]  214 	mov	r2,a
      000081 E4               [12]  215 	clr	a
      000082 08               [12]  216 	inc	r0
      000083 36               [12]  217 	addc	a,@r0
      000084 FB               [12]  218 	mov	r3,a
      000085 08               [12]  219 	inc	r0
      000086 86 04            [24]  220 	mov	ar4,@r0
      000088 8A 82            [24]  221 	mov	dpl,r2
      00008A 8B 83            [24]  222 	mov	dph,r3
      00008C 8C F0            [24]  223 	mov	b,r4
      00008E E5 81            [12]  224 	mov	a,sp
      000090 24 FB            [12]  225 	add	a,#0xfb
      000092 F8               [12]  226 	mov	r0,a
      000093 12r00r00         [24]  227 	lcall	__gptrget
      000096 F6               [12]  228 	mov	@r0,a
      000097 A3               [24]  229 	inc	dptr
      000098 12r00r00         [24]  230 	lcall	__gptrget
      00009B 08               [12]  231 	inc	r0
      00009C F6               [12]  232 	mov	@r0,a
      00009D A3               [24]  233 	inc	dptr
      00009E 12r00r00         [24]  234 	lcall	__gptrget
      0000A1 08               [12]  235 	inc	r0
      0000A2 F6               [12]  236 	mov	@r0,a
                                    237 ;	../contiki-sensinode/core/net/packetqueue.c:61: list_remove(*q->list, i);
      0000A3 A8 81            [24]  238 	mov	r0,sp
      0000A5 18               [12]  239 	dec	r0
      0000A6 18               [12]  240 	dec	r0
      0000A7 86 05            [24]  241 	mov	ar5,@r0
      0000A9 08               [12]  242 	inc	r0
      0000AA 86 06            [24]  243 	mov	ar6,@r0
      0000AC 08               [12]  244 	inc	r0
      0000AD 86 07            [24]  245 	mov	ar7,@r0
      0000AF E5 81            [12]  246 	mov	a,sp
      0000B1 24 FB            [12]  247 	add	a,#0xfb
      0000B3 F8               [12]  248 	mov	r0,a
      0000B4 86 82            [24]  249 	mov	dpl,@r0
      0000B6 08               [12]  250 	inc	r0
      0000B7 86 83            [24]  251 	mov	dph,@r0
      0000B9 08               [12]  252 	inc	r0
      0000BA 86 F0            [24]  253 	mov	b,@r0
      0000BC 12r00r00         [24]  254 	lcall	__gptrget
      0000BF FA               [12]  255 	mov	r2,a
      0000C0 A3               [24]  256 	inc	dptr
      0000C1 12r00r00         [24]  257 	lcall	__gptrget
      0000C4 FB               [12]  258 	mov	r3,a
      0000C5 A3               [24]  259 	inc	dptr
      0000C6 12r00r00         [24]  260 	lcall	__gptrget
      0000C9 FC               [12]  261 	mov	r4,a
      0000CA 8A 82            [24]  262 	mov	dpl,r2
      0000CC 8B 83            [24]  263 	mov	dph,r3
      0000CE 8C F0            [24]  264 	mov	b,r4
      0000D0 12r00r00         [24]  265 	lcall	__gptrget
      0000D3 FA               [12]  266 	mov	r2,a
      0000D4 A3               [24]  267 	inc	dptr
      0000D5 12r00r00         [24]  268 	lcall	__gptrget
      0000D8 FB               [12]  269 	mov	r3,a
      0000D9 A3               [24]  270 	inc	dptr
      0000DA 12r00r00         [24]  271 	lcall	__gptrget
      0000DD FC               [12]  272 	mov	r4,a
      0000DE C0 05            [24]  273 	push	ar5
      0000E0 C0 06            [24]  274 	push	ar6
      0000E2 C0 07            [24]  275 	push	ar7
      0000E4 8A 82            [24]  276 	mov	dpl,r2
      0000E6 8B 83            [24]  277 	mov	dph,r3
      0000E8 8C F0            [24]  278 	mov	b,r4
      0000EA 12r00r00         [24]  279 	lcall	_list_remove
      0000ED 15 81            [12]  280 	dec	sp
      0000EF 15 81            [12]  281 	dec	sp
      0000F1 15 81            [12]  282 	dec	sp
                                    283 ;	../contiki-sensinode/core/net/packetqueue.c:62: queuebuf_free(i->buf);
      0000F3 A8 81            [24]  284 	mov	r0,sp
      0000F5 18               [12]  285 	dec	r0
      0000F6 18               [12]  286 	dec	r0
      0000F7 74 03            [12]  287 	mov	a,#0x03
      0000F9 26               [12]  288 	add	a,@r0
      0000FA FD               [12]  289 	mov	r5,a
      0000FB E4               [12]  290 	clr	a
      0000FC 08               [12]  291 	inc	r0
      0000FD 36               [12]  292 	addc	a,@r0
      0000FE FE               [12]  293 	mov	r6,a
      0000FF 08               [12]  294 	inc	r0
      000100 86 07            [24]  295 	mov	ar7,@r0
      000102 8D 82            [24]  296 	mov	dpl,r5
      000104 8E 83            [24]  297 	mov	dph,r6
      000106 8F F0            [24]  298 	mov	b,r7
      000108 12r00r00         [24]  299 	lcall	__gptrget
      00010B FD               [12]  300 	mov	r5,a
      00010C A3               [24]  301 	inc	dptr
      00010D 12r00r00         [24]  302 	lcall	__gptrget
      000110 FE               [12]  303 	mov	r6,a
      000111 A3               [24]  304 	inc	dptr
      000112 12r00r00         [24]  305 	lcall	__gptrget
      000115 FF               [12]  306 	mov	r7,a
      000116 8D 82            [24]  307 	mov	dpl,r5
      000118 8E 83            [24]  308 	mov	dph,r6
      00011A 8F F0            [24]  309 	mov	b,r7
      00011C 12r00r00         [24]  310 	lcall	_queuebuf_free
                                    311 ;	../contiki-sensinode/core/net/packetqueue.c:63: ctimer_stop(&i->lifetimer);
      00011F A8 81            [24]  312 	mov	r0,sp
      000121 18               [12]  313 	dec	r0
      000122 18               [12]  314 	dec	r0
      000123 74 09            [12]  315 	mov	a,#0x09
      000125 26               [12]  316 	add	a,@r0
      000126 FD               [12]  317 	mov	r5,a
      000127 E4               [12]  318 	clr	a
      000128 08               [12]  319 	inc	r0
      000129 36               [12]  320 	addc	a,@r0
      00012A FE               [12]  321 	mov	r6,a
      00012B 08               [12]  322 	inc	r0
      00012C 86 07            [24]  323 	mov	ar7,@r0
      00012E 8D 82            [24]  324 	mov	dpl,r5
      000130 8E 83            [24]  325 	mov	dph,r6
      000132 8F F0            [24]  326 	mov	b,r7
      000134 12r00r00         [24]  327 	lcall	_ctimer_stop
                                    328 ;	../contiki-sensinode/core/net/packetqueue.c:64: memb_free(q->memb, i);
      000137 A8 81            [24]  329 	mov	r0,sp
      000139 18               [12]  330 	dec	r0
      00013A 18               [12]  331 	dec	r0
      00013B 86 05            [24]  332 	mov	ar5,@r0
      00013D 08               [12]  333 	inc	r0
      00013E 86 06            [24]  334 	mov	ar6,@r0
      000140 08               [12]  335 	inc	r0
      000141 86 07            [24]  336 	mov	ar7,@r0
      000143 E5 81            [12]  337 	mov	a,sp
      000145 24 FB            [12]  338 	add	a,#0xfb
      000147 F8               [12]  339 	mov	r0,a
      000148 74 03            [12]  340 	mov	a,#0x03
      00014A 26               [12]  341 	add	a,@r0
      00014B FA               [12]  342 	mov	r2,a
      00014C E4               [12]  343 	clr	a
      00014D 08               [12]  344 	inc	r0
      00014E 36               [12]  345 	addc	a,@r0
      00014F FB               [12]  346 	mov	r3,a
      000150 08               [12]  347 	inc	r0
      000151 86 04            [24]  348 	mov	ar4,@r0
      000153 8A 82            [24]  349 	mov	dpl,r2
      000155 8B 83            [24]  350 	mov	dph,r3
      000157 8C F0            [24]  351 	mov	b,r4
      000159 12r00r00         [24]  352 	lcall	__gptrget
      00015C FA               [12]  353 	mov	r2,a
      00015D A3               [24]  354 	inc	dptr
      00015E 12r00r00         [24]  355 	lcall	__gptrget
      000161 FB               [12]  356 	mov	r3,a
      000162 A3               [24]  357 	inc	dptr
      000163 12r00r00         [24]  358 	lcall	__gptrget
      000166 FC               [12]  359 	mov	r4,a
      000167 C0 05            [24]  360 	push	ar5
      000169 C0 06            [24]  361 	push	ar6
      00016B C0 07            [24]  362 	push	ar7
      00016D 8A 82            [24]  363 	mov	dpl,r2
      00016F 8B 83            [24]  364 	mov	dph,r3
      000171 8C F0            [24]  365 	mov	b,r4
      000173 12r00r00         [24]  366 	lcall	_memb_free
      000176 15 81            [12]  367 	dec	sp
      000178 15 81            [12]  368 	dec	sp
      00017A 15 81            [12]  369 	dec	sp
      00017C E5 81            [12]  370 	mov	a,sp
      00017E 24 FA            [12]  371 	add	a,#0xFA
      000180 F5 81            [12]  372 	mov	sp,a
      000182 22               [24]  373 	ret
                                    374 ;------------------------------------------------------------
                                    375 ;Allocation info for local variables in function 'packetqueue_enqueue_packetbuf'
                                    376 ;------------------------------------------------------------
                                    377 ;lifetime                  Allocated to stack - sp -9
                                    378 ;ptr                       Allocated to stack - sp -12
                                    379 ;q                         Allocated to stack - sp -5
                                    380 ;i                         Allocated to stack - sp -2
                                    381 ;------------------------------------------------------------
                                    382 ;	../contiki-sensinode/core/net/packetqueue.c:69: packetqueue_enqueue_packetbuf(struct packetqueue *q, clock_time_t lifetime,
                                    383 ;	-----------------------------------------
                                    384 ;	 function packetqueue_enqueue_packetbuf
                                    385 ;	-----------------------------------------
      000183                        386 _packetqueue_enqueue_packetbuf:
      000183 C0 82            [24]  387 	push	dpl
      000185 C0 83            [24]  388 	push	dph
      000187 C0 F0            [24]  389 	push	b
      000189 05 81            [12]  390 	inc	sp
      00018B 05 81            [12]  391 	inc	sp
      00018D 05 81            [12]  392 	inc	sp
                                    393 ;	../contiki-sensinode/core/net/packetqueue.c:75: i = memb_alloc(q->memb);
      00018F E5 81            [12]  394 	mov	a,sp
      000191 24 FB            [12]  395 	add	a,#0xfb
      000193 F8               [12]  396 	mov	r0,a
      000194 74 03            [12]  397 	mov	a,#0x03
      000196 26               [12]  398 	add	a,@r0
      000197 FA               [12]  399 	mov	r2,a
      000198 E4               [12]  400 	clr	a
      000199 08               [12]  401 	inc	r0
      00019A 36               [12]  402 	addc	a,@r0
      00019B FB               [12]  403 	mov	r3,a
      00019C 08               [12]  404 	inc	r0
      00019D 86 04            [24]  405 	mov	ar4,@r0
      00019F 8A 82            [24]  406 	mov	dpl,r2
      0001A1 8B 83            [24]  407 	mov	dph,r3
      0001A3 8C F0            [24]  408 	mov	b,r4
      0001A5 12r00r00         [24]  409 	lcall	__gptrget
      0001A8 FD               [12]  410 	mov	r5,a
      0001A9 A3               [24]  411 	inc	dptr
      0001AA 12r00r00         [24]  412 	lcall	__gptrget
      0001AD FE               [12]  413 	mov	r6,a
      0001AE A3               [24]  414 	inc	dptr
      0001AF 12r00r00         [24]  415 	lcall	__gptrget
      0001B2 FF               [12]  416 	mov	r7,a
      0001B3 8D 82            [24]  417 	mov	dpl,r5
      0001B5 8E 83            [24]  418 	mov	dph,r6
      0001B7 8F F0            [24]  419 	mov	b,r7
      0001B9 C0 04            [24]  420 	push	ar4
      0001BB C0 03            [24]  421 	push	ar3
      0001BD C0 02            [24]  422 	push	ar2
      0001BF 12r00r00         [24]  423 	lcall	_memb_alloc
      0001C2 AD 82            [24]  424 	mov	r5,dpl
      0001C4 AE 83            [24]  425 	mov	r6,dph
      0001C6 AF F0            [24]  426 	mov	r7,b
      0001C8 D0 02            [24]  427 	pop	ar2
      0001CA D0 03            [24]  428 	pop	ar3
      0001CC D0 04            [24]  429 	pop	ar4
      0001CE A8 81            [24]  430 	mov	r0,sp
      0001D0 18               [12]  431 	dec	r0
      0001D1 18               [12]  432 	dec	r0
      0001D2 A6 05            [24]  433 	mov	@r0,ar5
      0001D4 08               [12]  434 	inc	r0
      0001D5 A6 06            [24]  435 	mov	@r0,ar6
      0001D7 08               [12]  436 	inc	r0
      0001D8 A6 07            [24]  437 	mov	@r0,ar7
                                    438 ;	../contiki-sensinode/core/net/packetqueue.c:77: if(i == NULL) {
      0001DA A8 81            [24]  439 	mov	r0,sp
      0001DC 18               [12]  440 	dec	r0
      0001DD 18               [12]  441 	dec	r0
      0001DE E6               [12]  442 	mov	a,@r0
      0001DF 08               [12]  443 	inc	r0
      0001E0 46               [12]  444 	orl	a,@r0
      0001E1 70 06            [24]  445 	jnz	00102$
                                    446 ;	../contiki-sensinode/core/net/packetqueue.c:78: return 0;
      0001E3 90 00 00         [24]  447 	mov	dptr,#0x0000
      0001E6 02r03r62         [24]  448 	ljmp	00107$
      0001E9                        449 00102$:
                                    450 ;	../contiki-sensinode/core/net/packetqueue.c:82: i->buf = queuebuf_new_from_packetbuf();
      0001E9 C0 02            [24]  451 	push	ar2
      0001EB C0 03            [24]  452 	push	ar3
      0001ED C0 04            [24]  453 	push	ar4
      0001EF E5 81            [12]  454 	mov	a,sp
      0001F1 24 FB            [12]  455 	add	a,#0xfb
      0001F3 F8               [12]  456 	mov	r0,a
      0001F4 74 03            [12]  457 	mov	a,#0x03
      0001F6 26               [12]  458 	add	a,@r0
      0001F7 FA               [12]  459 	mov	r2,a
      0001F8 E4               [12]  460 	clr	a
      0001F9 08               [12]  461 	inc	r0
      0001FA 36               [12]  462 	addc	a,@r0
      0001FB FB               [12]  463 	mov	r3,a
      0001FC 08               [12]  464 	inc	r0
      0001FD 86 04            [24]  465 	mov	ar4,@r0
      0001FF C0 04            [24]  466 	push	ar4
      000201 C0 03            [24]  467 	push	ar3
      000203 C0 02            [24]  468 	push	ar2
      000205 12r00r00         [24]  469 	lcall	_queuebuf_new_from_packetbuf
      000208 AD 82            [24]  470 	mov	r5,dpl
      00020A AE 83            [24]  471 	mov	r6,dph
      00020C AF F0            [24]  472 	mov	r7,b
      00020E D0 02            [24]  473 	pop	ar2
      000210 D0 03            [24]  474 	pop	ar3
      000212 D0 04            [24]  475 	pop	ar4
      000214 8A 82            [24]  476 	mov	dpl,r2
      000216 8B 83            [24]  477 	mov	dph,r3
      000218 8C F0            [24]  478 	mov	b,r4
      00021A ED               [12]  479 	mov	a,r5
      00021B 12r00r00         [24]  480 	lcall	__gptrput
      00021E A3               [24]  481 	inc	dptr
      00021F EE               [12]  482 	mov	a,r6
      000220 12r00r00         [24]  483 	lcall	__gptrput
      000223 A3               [24]  484 	inc	dptr
      000224 EF               [12]  485 	mov	a,r7
      000225 12r00r00         [24]  486 	lcall	__gptrput
                                    487 ;	../contiki-sensinode/core/net/packetqueue.c:84: if(i->buf == NULL) {
      000228 D0 04            [24]  488 	pop	ar4
      00022A D0 03            [24]  489 	pop	ar3
      00022C D0 02            [24]  490 	pop	ar2
      00022E ED               [12]  491 	mov	a,r5
      00022F 4E               [12]  492 	orl	a,r6
      000230 70 3B            [24]  493 	jnz	00104$
                                    494 ;	../contiki-sensinode/core/net/packetqueue.c:85: memb_free(q->memb, i);
      000232 A8 81            [24]  495 	mov	r0,sp
      000234 18               [12]  496 	dec	r0
      000235 18               [12]  497 	dec	r0
      000236 86 05            [24]  498 	mov	ar5,@r0
      000238 08               [12]  499 	inc	r0
      000239 86 06            [24]  500 	mov	ar6,@r0
      00023B 08               [12]  501 	inc	r0
      00023C 86 07            [24]  502 	mov	ar7,@r0
      00023E 8A 82            [24]  503 	mov	dpl,r2
      000240 8B 83            [24]  504 	mov	dph,r3
      000242 8C F0            [24]  505 	mov	b,r4
      000244 12r00r00         [24]  506 	lcall	__gptrget
      000247 FA               [12]  507 	mov	r2,a
      000248 A3               [24]  508 	inc	dptr
      000249 12r00r00         [24]  509 	lcall	__gptrget
      00024C FB               [12]  510 	mov	r3,a
      00024D A3               [24]  511 	inc	dptr
      00024E 12r00r00         [24]  512 	lcall	__gptrget
      000251 FC               [12]  513 	mov	r4,a
      000252 C0 05            [24]  514 	push	ar5
      000254 C0 06            [24]  515 	push	ar6
      000256 C0 07            [24]  516 	push	ar7
      000258 8A 82            [24]  517 	mov	dpl,r2
      00025A 8B 83            [24]  518 	mov	dph,r3
      00025C 8C F0            [24]  519 	mov	b,r4
      00025E 12r00r00         [24]  520 	lcall	_memb_free
      000261 15 81            [12]  521 	dec	sp
      000263 15 81            [12]  522 	dec	sp
      000265 15 81            [12]  523 	dec	sp
                                    524 ;	../contiki-sensinode/core/net/packetqueue.c:86: return 0;
      000267 90 00 00         [24]  525 	mov	dptr,#0x0000
      00026A 02r03r62         [24]  526 	ljmp	00107$
      00026D                        527 00104$:
                                    528 ;	../contiki-sensinode/core/net/packetqueue.c:89: i->queue = q;
      00026D A8 81            [24]  529 	mov	r0,sp
      00026F 18               [12]  530 	dec	r0
      000270 18               [12]  531 	dec	r0
      000271 74 06            [12]  532 	mov	a,#0x06
      000273 26               [12]  533 	add	a,@r0
      000274 FD               [12]  534 	mov	r5,a
      000275 E4               [12]  535 	clr	a
      000276 08               [12]  536 	inc	r0
      000277 36               [12]  537 	addc	a,@r0
      000278 FE               [12]  538 	mov	r6,a
      000279 08               [12]  539 	inc	r0
      00027A 86 07            [24]  540 	mov	ar7,@r0
      00027C 8D 82            [24]  541 	mov	dpl,r5
      00027E 8E 83            [24]  542 	mov	dph,r6
      000280 8F F0            [24]  543 	mov	b,r7
      000282 E5 81            [12]  544 	mov	a,sp
      000284 24 FB            [12]  545 	add	a,#0xfb
      000286 F8               [12]  546 	mov	r0,a
      000287 E6               [12]  547 	mov	a,@r0
      000288 12r00r00         [24]  548 	lcall	__gptrput
      00028B A3               [24]  549 	inc	dptr
      00028C 08               [12]  550 	inc	r0
      00028D E6               [12]  551 	mov	a,@r0
      00028E 12r00r00         [24]  552 	lcall	__gptrput
      000291 A3               [24]  553 	inc	dptr
      000292 08               [12]  554 	inc	r0
      000293 E6               [12]  555 	mov	a,@r0
      000294 12r00r00         [24]  556 	lcall	__gptrput
                                    557 ;	../contiki-sensinode/core/net/packetqueue.c:90: i->ptr = ptr;
      000297 A8 81            [24]  558 	mov	r0,sp
      000299 18               [12]  559 	dec	r0
      00029A 18               [12]  560 	dec	r0
      00029B 74 1E            [12]  561 	mov	a,#0x1E
      00029D 26               [12]  562 	add	a,@r0
      00029E FD               [12]  563 	mov	r5,a
      00029F E4               [12]  564 	clr	a
      0002A0 08               [12]  565 	inc	r0
      0002A1 36               [12]  566 	addc	a,@r0
      0002A2 FE               [12]  567 	mov	r6,a
      0002A3 08               [12]  568 	inc	r0
      0002A4 86 07            [24]  569 	mov	ar7,@r0
      0002A6 8D 82            [24]  570 	mov	dpl,r5
      0002A8 8E 83            [24]  571 	mov	dph,r6
      0002AA 8F F0            [24]  572 	mov	b,r7
      0002AC E5 81            [12]  573 	mov	a,sp
      0002AE 24 F4            [12]  574 	add	a,#0xf4
      0002B0 F8               [12]  575 	mov	r0,a
      0002B1 E6               [12]  576 	mov	a,@r0
      0002B2 12r00r00         [24]  577 	lcall	__gptrput
      0002B5 A3               [24]  578 	inc	dptr
      0002B6 08               [12]  579 	inc	r0
      0002B7 E6               [12]  580 	mov	a,@r0
      0002B8 12r00r00         [24]  581 	lcall	__gptrput
      0002BB A3               [24]  582 	inc	dptr
      0002BC 08               [12]  583 	inc	r0
      0002BD E6               [12]  584 	mov	a,@r0
      0002BE 12r00r00         [24]  585 	lcall	__gptrput
                                    586 ;	../contiki-sensinode/core/net/packetqueue.c:95: if(lifetime > 0) {
      0002C1 E5 81            [12]  587 	mov	a,sp
      0002C3 24 F7            [12]  588 	add	a,#0xf7
      0002C5 F8               [12]  589 	mov	r0,a
      0002C6 E6               [12]  590 	mov	a,@r0
      0002C7 08               [12]  591 	inc	r0
      0002C8 46               [12]  592 	orl	a,@r0
      0002C9 60 44            [24]  593 	jz	00106$
                                    594 ;	../contiki-sensinode/core/net/packetqueue.c:96: ctimer_set(&i->lifetimer, lifetime, remove_queued_packet, i);
      0002CB A8 81            [24]  595 	mov	r0,sp
      0002CD 18               [12]  596 	dec	r0
      0002CE 18               [12]  597 	dec	r0
      0002CF 86 05            [24]  598 	mov	ar5,@r0
      0002D1 08               [12]  599 	inc	r0
      0002D2 86 06            [24]  600 	mov	ar6,@r0
      0002D4 08               [12]  601 	inc	r0
      0002D5 86 07            [24]  602 	mov	ar7,@r0
      0002D7 A8 81            [24]  603 	mov	r0,sp
      0002D9 18               [12]  604 	dec	r0
      0002DA 18               [12]  605 	dec	r0
      0002DB 74 09            [12]  606 	mov	a,#0x09
      0002DD 26               [12]  607 	add	a,@r0
      0002DE FA               [12]  608 	mov	r2,a
      0002DF E4               [12]  609 	clr	a
      0002E0 08               [12]  610 	inc	r0
      0002E1 36               [12]  611 	addc	a,@r0
      0002E2 FB               [12]  612 	mov	r3,a
      0002E3 08               [12]  613 	inc	r0
      0002E4 86 04            [24]  614 	mov	ar4,@r0
      0002E6 C0 05            [24]  615 	push	ar5
      0002E8 C0 06            [24]  616 	push	ar6
      0002EA C0 07            [24]  617 	push	ar7
      0002EC 74r61            [12]  618 	mov	a,#_remove_queued_packet
      0002EE C0 E0            [24]  619 	push	acc
      0002F0 74s00            [12]  620 	mov	a,#(_remove_queued_packet >> 8)
      0002F2 C0 E0            [24]  621 	push	acc
      0002F4 E5 81            [12]  622 	mov	a,sp
      0002F6 24 F2            [12]  623 	add	a,#0xf2
      0002F8 F8               [12]  624 	mov	r0,a
      0002F9 E6               [12]  625 	mov	a,@r0
      0002FA C0 E0            [24]  626 	push	acc
      0002FC 08               [12]  627 	inc	r0
      0002FD E6               [12]  628 	mov	a,@r0
      0002FE C0 E0            [24]  629 	push	acc
      000300 8A 82            [24]  630 	mov	dpl,r2
      000302 8B 83            [24]  631 	mov	dph,r3
      000304 8C F0            [24]  632 	mov	b,r4
      000306 12r00r00         [24]  633 	lcall	_ctimer_set
      000309 E5 81            [12]  634 	mov	a,sp
      00030B 24 F9            [12]  635 	add	a,#0xf9
      00030D F5 81            [12]  636 	mov	sp,a
      00030F                        637 00106$:
                                    638 ;	../contiki-sensinode/core/net/packetqueue.c:100: list_add(*q->list, i);
      00030F A8 81            [24]  639 	mov	r0,sp
      000311 18               [12]  640 	dec	r0
      000312 18               [12]  641 	dec	r0
      000313 86 05            [24]  642 	mov	ar5,@r0
      000315 08               [12]  643 	inc	r0
      000316 86 06            [24]  644 	mov	ar6,@r0
      000318 08               [12]  645 	inc	r0
      000319 86 07            [24]  646 	mov	ar7,@r0
      00031B E5 81            [12]  647 	mov	a,sp
      00031D 24 FB            [12]  648 	add	a,#0xfb
      00031F F8               [12]  649 	mov	r0,a
      000320 86 82            [24]  650 	mov	dpl,@r0
      000322 08               [12]  651 	inc	r0
      000323 86 83            [24]  652 	mov	dph,@r0
      000325 08               [12]  653 	inc	r0
      000326 86 F0            [24]  654 	mov	b,@r0
      000328 12r00r00         [24]  655 	lcall	__gptrget
      00032B FA               [12]  656 	mov	r2,a
      00032C A3               [24]  657 	inc	dptr
      00032D 12r00r00         [24]  658 	lcall	__gptrget
      000330 FB               [12]  659 	mov	r3,a
      000331 A3               [24]  660 	inc	dptr
      000332 12r00r00         [24]  661 	lcall	__gptrget
      000335 FC               [12]  662 	mov	r4,a
      000336 8A 82            [24]  663 	mov	dpl,r2
      000338 8B 83            [24]  664 	mov	dph,r3
      00033A 8C F0            [24]  665 	mov	b,r4
      00033C 12r00r00         [24]  666 	lcall	__gptrget
      00033F FA               [12]  667 	mov	r2,a
      000340 A3               [24]  668 	inc	dptr
      000341 12r00r00         [24]  669 	lcall	__gptrget
      000344 FB               [12]  670 	mov	r3,a
      000345 A3               [24]  671 	inc	dptr
      000346 12r00r00         [24]  672 	lcall	__gptrget
      000349 FC               [12]  673 	mov	r4,a
      00034A C0 05            [24]  674 	push	ar5
      00034C C0 06            [24]  675 	push	ar6
      00034E C0 07            [24]  676 	push	ar7
      000350 8A 82            [24]  677 	mov	dpl,r2
      000352 8B 83            [24]  678 	mov	dph,r3
      000354 8C F0            [24]  679 	mov	b,r4
      000356 12r00r00         [24]  680 	lcall	_list_add
      000359 15 81            [12]  681 	dec	sp
      00035B 15 81            [12]  682 	dec	sp
      00035D 15 81            [12]  683 	dec	sp
                                    684 ;	../contiki-sensinode/core/net/packetqueue.c:102: return 1;
      00035F 90 00 01         [24]  685 	mov	dptr,#0x0001
      000362                        686 00107$:
      000362 E5 81            [12]  687 	mov	a,sp
      000364 24 FA            [12]  688 	add	a,#0xFA
      000366 F5 81            [12]  689 	mov	sp,a
      000368 22               [24]  690 	ret
                                    691 ;------------------------------------------------------------
                                    692 ;Allocation info for local variables in function 'packetqueue_first'
                                    693 ;------------------------------------------------------------
                                    694 ;q                         Allocated to registers r5 r6 r7 
                                    695 ;------------------------------------------------------------
                                    696 ;	../contiki-sensinode/core/net/packetqueue.c:106: packetqueue_first(struct packetqueue *q)
                                    697 ;	-----------------------------------------
                                    698 ;	 function packetqueue_first
                                    699 ;	-----------------------------------------
      000369                        700 _packetqueue_first:
                                    701 ;	../contiki-sensinode/core/net/packetqueue.c:108: return list_head(*q->list);
      000369 12r00r00         [24]  702 	lcall	__gptrget
      00036C FD               [12]  703 	mov	r5,a
      00036D A3               [24]  704 	inc	dptr
      00036E 12r00r00         [24]  705 	lcall	__gptrget
      000371 FE               [12]  706 	mov	r6,a
      000372 A3               [24]  707 	inc	dptr
      000373 12r00r00         [24]  708 	lcall	__gptrget
      000376 FF               [12]  709 	mov	r7,a
      000377 8D 82            [24]  710 	mov	dpl,r5
      000379 8E 83            [24]  711 	mov	dph,r6
      00037B 8F F0            [24]  712 	mov	b,r7
      00037D 12r00r00         [24]  713 	lcall	__gptrget
      000380 FD               [12]  714 	mov	r5,a
      000381 A3               [24]  715 	inc	dptr
      000382 12r00r00         [24]  716 	lcall	__gptrget
      000385 FE               [12]  717 	mov	r6,a
      000386 A3               [24]  718 	inc	dptr
      000387 12r00r00         [24]  719 	lcall	__gptrget
      00038A FF               [12]  720 	mov	r7,a
      00038B 8D 82            [24]  721 	mov	dpl,r5
      00038D 8E 83            [24]  722 	mov	dph,r6
      00038F 8F F0            [24]  723 	mov	b,r7
      000391 02r00r00         [24]  724 	ljmp	_list_head
                                    725 ;------------------------------------------------------------
                                    726 ;Allocation info for local variables in function 'packetqueue_dequeue'
                                    727 ;------------------------------------------------------------
                                    728 ;q                         Allocated to stack - sp -5
                                    729 ;i                         Allocated to stack - sp -2
                                    730 ;------------------------------------------------------------
                                    731 ;	../contiki-sensinode/core/net/packetqueue.c:112: packetqueue_dequeue(struct packetqueue *q)
                                    732 ;	-----------------------------------------
                                    733 ;	 function packetqueue_dequeue
                                    734 ;	-----------------------------------------
      000394                        735 _packetqueue_dequeue:
      000394 C0 82            [24]  736 	push	dpl
      000396 C0 83            [24]  737 	push	dph
      000398 C0 F0            [24]  738 	push	b
      00039A 05 81            [12]  739 	inc	sp
      00039C 05 81            [12]  740 	inc	sp
      00039E 05 81            [12]  741 	inc	sp
                                    742 ;	../contiki-sensinode/core/net/packetqueue.c:116: i = list_head(*q->list);
      0003A0 E5 81            [12]  743 	mov	a,sp
      0003A2 24 FB            [12]  744 	add	a,#0xfb
      0003A4 F8               [12]  745 	mov	r0,a
      0003A5 86 82            [24]  746 	mov	dpl,@r0
      0003A7 08               [12]  747 	inc	r0
      0003A8 86 83            [24]  748 	mov	dph,@r0
      0003AA 08               [12]  749 	inc	r0
      0003AB 86 F0            [24]  750 	mov	b,@r0
      0003AD 12r00r00         [24]  751 	lcall	__gptrget
      0003B0 FA               [12]  752 	mov	r2,a
      0003B1 A3               [24]  753 	inc	dptr
      0003B2 12r00r00         [24]  754 	lcall	__gptrget
      0003B5 FB               [12]  755 	mov	r3,a
      0003B6 A3               [24]  756 	inc	dptr
      0003B7 12r00r00         [24]  757 	lcall	__gptrget
      0003BA FC               [12]  758 	mov	r4,a
      0003BB 8A 82            [24]  759 	mov	dpl,r2
      0003BD 8B 83            [24]  760 	mov	dph,r3
      0003BF 8C F0            [24]  761 	mov	b,r4
      0003C1 12r00r00         [24]  762 	lcall	__gptrget
      0003C4 FA               [12]  763 	mov	r2,a
      0003C5 A3               [24]  764 	inc	dptr
      0003C6 12r00r00         [24]  765 	lcall	__gptrget
      0003C9 FB               [12]  766 	mov	r3,a
      0003CA A3               [24]  767 	inc	dptr
      0003CB 12r00r00         [24]  768 	lcall	__gptrget
      0003CE FC               [12]  769 	mov	r4,a
      0003CF 8A 82            [24]  770 	mov	dpl,r2
      0003D1 8B 83            [24]  771 	mov	dph,r3
      0003D3 8C F0            [24]  772 	mov	b,r4
      0003D5 12r00r00         [24]  773 	lcall	_list_head
      0003D8 AA 82            [24]  774 	mov	r2,dpl
      0003DA AB 83            [24]  775 	mov	r3,dph
      0003DC AC F0            [24]  776 	mov	r4,b
      0003DE A8 81            [24]  777 	mov	r0,sp
      0003E0 18               [12]  778 	dec	r0
      0003E1 18               [12]  779 	dec	r0
      0003E2 A6 02            [24]  780 	mov	@r0,ar2
      0003E4 08               [12]  781 	inc	r0
      0003E5 A6 03            [24]  782 	mov	@r0,ar3
      0003E7 08               [12]  783 	inc	r0
      0003E8 A6 04            [24]  784 	mov	@r0,ar4
                                    785 ;	../contiki-sensinode/core/net/packetqueue.c:117: if(i != NULL) {
      0003EA A8 81            [24]  786 	mov	r0,sp
      0003EC 18               [12]  787 	dec	r0
      0003ED 18               [12]  788 	dec	r0
      0003EE E6               [12]  789 	mov	a,@r0
      0003EF 08               [12]  790 	inc	r0
      0003F0 46               [12]  791 	orl	a,@r0
      0003F1 70 03            [24]  792 	jnz	00108$
      0003F3 02r04rCF         [24]  793 	ljmp	00103$
      0003F6                        794 00108$:
                                    795 ;	../contiki-sensinode/core/net/packetqueue.c:118: list_remove(*q->list, i);
      0003F6 A8 81            [24]  796 	mov	r0,sp
      0003F8 18               [12]  797 	dec	r0
      0003F9 18               [12]  798 	dec	r0
      0003FA 86 02            [24]  799 	mov	ar2,@r0
      0003FC 08               [12]  800 	inc	r0
      0003FD 86 03            [24]  801 	mov	ar3,@r0
      0003FF 08               [12]  802 	inc	r0
      000400 86 04            [24]  803 	mov	ar4,@r0
      000402 E5 81            [12]  804 	mov	a,sp
      000404 24 FB            [12]  805 	add	a,#0xfb
      000406 F8               [12]  806 	mov	r0,a
      000407 86 82            [24]  807 	mov	dpl,@r0
      000409 08               [12]  808 	inc	r0
      00040A 86 83            [24]  809 	mov	dph,@r0
      00040C 08               [12]  810 	inc	r0
      00040D 86 F0            [24]  811 	mov	b,@r0
      00040F 12r00r00         [24]  812 	lcall	__gptrget
      000412 FD               [12]  813 	mov	r5,a
      000413 A3               [24]  814 	inc	dptr
      000414 12r00r00         [24]  815 	lcall	__gptrget
      000417 FE               [12]  816 	mov	r6,a
      000418 A3               [24]  817 	inc	dptr
      000419 12r00r00         [24]  818 	lcall	__gptrget
      00041C FF               [12]  819 	mov	r7,a
      00041D 8D 82            [24]  820 	mov	dpl,r5
      00041F 8E 83            [24]  821 	mov	dph,r6
      000421 8F F0            [24]  822 	mov	b,r7
      000423 12r00r00         [24]  823 	lcall	__gptrget
      000426 FD               [12]  824 	mov	r5,a
      000427 A3               [24]  825 	inc	dptr
      000428 12r00r00         [24]  826 	lcall	__gptrget
      00042B FE               [12]  827 	mov	r6,a
      00042C A3               [24]  828 	inc	dptr
      00042D 12r00r00         [24]  829 	lcall	__gptrget
      000430 FF               [12]  830 	mov	r7,a
      000431 C0 02            [24]  831 	push	ar2
      000433 C0 03            [24]  832 	push	ar3
      000435 C0 04            [24]  833 	push	ar4
      000437 8D 82            [24]  834 	mov	dpl,r5
      000439 8E 83            [24]  835 	mov	dph,r6
      00043B 8F F0            [24]  836 	mov	b,r7
      00043D 12r00r00         [24]  837 	lcall	_list_remove
      000440 15 81            [12]  838 	dec	sp
      000442 15 81            [12]  839 	dec	sp
      000444 15 81            [12]  840 	dec	sp
                                    841 ;	../contiki-sensinode/core/net/packetqueue.c:119: queuebuf_free(i->buf);
      000446 A8 81            [24]  842 	mov	r0,sp
      000448 18               [12]  843 	dec	r0
      000449 18               [12]  844 	dec	r0
      00044A 74 03            [12]  845 	mov	a,#0x03
      00044C 26               [12]  846 	add	a,@r0
      00044D FD               [12]  847 	mov	r5,a
      00044E E4               [12]  848 	clr	a
      00044F 08               [12]  849 	inc	r0
      000450 36               [12]  850 	addc	a,@r0
      000451 FE               [12]  851 	mov	r6,a
      000452 08               [12]  852 	inc	r0
      000453 86 07            [24]  853 	mov	ar7,@r0
      000455 8D 82            [24]  854 	mov	dpl,r5
      000457 8E 83            [24]  855 	mov	dph,r6
      000459 8F F0            [24]  856 	mov	b,r7
      00045B 12r00r00         [24]  857 	lcall	__gptrget
      00045E FD               [12]  858 	mov	r5,a
      00045F A3               [24]  859 	inc	dptr
      000460 12r00r00         [24]  860 	lcall	__gptrget
      000463 FE               [12]  861 	mov	r6,a
      000464 A3               [24]  862 	inc	dptr
      000465 12r00r00         [24]  863 	lcall	__gptrget
      000468 FF               [12]  864 	mov	r7,a
      000469 8D 82            [24]  865 	mov	dpl,r5
      00046B 8E 83            [24]  866 	mov	dph,r6
      00046D 8F F0            [24]  867 	mov	b,r7
      00046F 12r00r00         [24]  868 	lcall	_queuebuf_free
                                    869 ;	../contiki-sensinode/core/net/packetqueue.c:120: ctimer_stop(&i->lifetimer);
      000472 A8 81            [24]  870 	mov	r0,sp
      000474 18               [12]  871 	dec	r0
      000475 18               [12]  872 	dec	r0
      000476 74 09            [12]  873 	mov	a,#0x09
      000478 26               [12]  874 	add	a,@r0
      000479 FD               [12]  875 	mov	r5,a
      00047A E4               [12]  876 	clr	a
      00047B 08               [12]  877 	inc	r0
      00047C 36               [12]  878 	addc	a,@r0
      00047D FE               [12]  879 	mov	r6,a
      00047E 08               [12]  880 	inc	r0
      00047F 86 07            [24]  881 	mov	ar7,@r0
      000481 8D 82            [24]  882 	mov	dpl,r5
      000483 8E 83            [24]  883 	mov	dph,r6
      000485 8F F0            [24]  884 	mov	b,r7
      000487 12r00r00         [24]  885 	lcall	_ctimer_stop
                                    886 ;	../contiki-sensinode/core/net/packetqueue.c:121: memb_free(q->memb, i);
      00048A A8 81            [24]  887 	mov	r0,sp
      00048C 18               [12]  888 	dec	r0
      00048D 18               [12]  889 	dec	r0
      00048E 86 02            [24]  890 	mov	ar2,@r0
      000490 08               [12]  891 	inc	r0
      000491 86 03            [24]  892 	mov	ar3,@r0
      000493 08               [12]  893 	inc	r0
      000494 86 04            [24]  894 	mov	ar4,@r0
      000496 E5 81            [12]  895 	mov	a,sp
      000498 24 FB            [12]  896 	add	a,#0xfb
      00049A F8               [12]  897 	mov	r0,a
      00049B 74 03            [12]  898 	mov	a,#0x03
      00049D 26               [12]  899 	add	a,@r0
      00049E FD               [12]  900 	mov	r5,a
      00049F E4               [12]  901 	clr	a
      0004A0 08               [12]  902 	inc	r0
      0004A1 36               [12]  903 	addc	a,@r0
      0004A2 FE               [12]  904 	mov	r6,a
      0004A3 08               [12]  905 	inc	r0
      0004A4 86 07            [24]  906 	mov	ar7,@r0
      0004A6 8D 82            [24]  907 	mov	dpl,r5
      0004A8 8E 83            [24]  908 	mov	dph,r6
      0004AA 8F F0            [24]  909 	mov	b,r7
      0004AC 12r00r00         [24]  910 	lcall	__gptrget
      0004AF FD               [12]  911 	mov	r5,a
      0004B0 A3               [24]  912 	inc	dptr
      0004B1 12r00r00         [24]  913 	lcall	__gptrget
      0004B4 FE               [12]  914 	mov	r6,a
      0004B5 A3               [24]  915 	inc	dptr
      0004B6 12r00r00         [24]  916 	lcall	__gptrget
      0004B9 FF               [12]  917 	mov	r7,a
      0004BA C0 02            [24]  918 	push	ar2
      0004BC C0 03            [24]  919 	push	ar3
      0004BE C0 04            [24]  920 	push	ar4
      0004C0 8D 82            [24]  921 	mov	dpl,r5
      0004C2 8E 83            [24]  922 	mov	dph,r6
      0004C4 8F F0            [24]  923 	mov	b,r7
      0004C6 12r00r00         [24]  924 	lcall	_memb_free
      0004C9 15 81            [12]  925 	dec	sp
      0004CB 15 81            [12]  926 	dec	sp
      0004CD 15 81            [12]  927 	dec	sp
      0004CF                        928 00103$:
      0004CF E5 81            [12]  929 	mov	a,sp
      0004D1 24 FA            [12]  930 	add	a,#0xFA
      0004D3 F5 81            [12]  931 	mov	sp,a
      0004D5 22               [24]  932 	ret
                                    933 ;------------------------------------------------------------
                                    934 ;Allocation info for local variables in function 'packetqueue_len'
                                    935 ;------------------------------------------------------------
                                    936 ;q                         Allocated to registers r5 r6 r7 
                                    937 ;------------------------------------------------------------
                                    938 ;	../contiki-sensinode/core/net/packetqueue.c:126: packetqueue_len(struct packetqueue *q)
                                    939 ;	-----------------------------------------
                                    940 ;	 function packetqueue_len
                                    941 ;	-----------------------------------------
      0004D6                        942 _packetqueue_len:
                                    943 ;	../contiki-sensinode/core/net/packetqueue.c:128: return list_length(*q->list);
      0004D6 12r00r00         [24]  944 	lcall	__gptrget
      0004D9 FD               [12]  945 	mov	r5,a
      0004DA A3               [24]  946 	inc	dptr
      0004DB 12r00r00         [24]  947 	lcall	__gptrget
      0004DE FE               [12]  948 	mov	r6,a
      0004DF A3               [24]  949 	inc	dptr
      0004E0 12r00r00         [24]  950 	lcall	__gptrget
      0004E3 FF               [12]  951 	mov	r7,a
      0004E4 8D 82            [24]  952 	mov	dpl,r5
      0004E6 8E 83            [24]  953 	mov	dph,r6
      0004E8 8F F0            [24]  954 	mov	b,r7
      0004EA 12r00r00         [24]  955 	lcall	__gptrget
      0004ED FD               [12]  956 	mov	r5,a
      0004EE A3               [24]  957 	inc	dptr
      0004EF 12r00r00         [24]  958 	lcall	__gptrget
      0004F2 FE               [12]  959 	mov	r6,a
      0004F3 A3               [24]  960 	inc	dptr
      0004F4 12r00r00         [24]  961 	lcall	__gptrget
      0004F7 FF               [12]  962 	mov	r7,a
      0004F8 8D 82            [24]  963 	mov	dpl,r5
      0004FA 8E 83            [24]  964 	mov	dph,r6
      0004FC 8F F0            [24]  965 	mov	b,r7
      0004FE 02r00r00         [24]  966 	ljmp	_list_length
                                    967 ;------------------------------------------------------------
                                    968 ;Allocation info for local variables in function 'packetqueue_queuebuf'
                                    969 ;------------------------------------------------------------
                                    970 ;i                         Allocated to registers r5 r6 r7 
                                    971 ;------------------------------------------------------------
                                    972 ;	../contiki-sensinode/core/net/packetqueue.c:132: packetqueue_queuebuf(struct packetqueue_item *i)
                                    973 ;	-----------------------------------------
                                    974 ;	 function packetqueue_queuebuf
                                    975 ;	-----------------------------------------
      000501                        976 _packetqueue_queuebuf:
      000501 AD 82            [24]  977 	mov	r5,dpl
      000503 AE 83            [24]  978 	mov	r6,dph
      000505 AF F0            [24]  979 	mov	r7,b
                                    980 ;	../contiki-sensinode/core/net/packetqueue.c:134: if(i != NULL) {
      000507 ED               [12]  981 	mov	a,r5
      000508 4E               [12]  982 	orl	a,r6
      000509 60 22            [24]  983 	jz	00102$
                                    984 ;	../contiki-sensinode/core/net/packetqueue.c:135: return i->buf;
      00050B 74 03            [12]  985 	mov	a,#0x03
      00050D 2D               [12]  986 	add	a,r5
      00050E FD               [12]  987 	mov	r5,a
      00050F E4               [12]  988 	clr	a
      000510 3E               [12]  989 	addc	a,r6
      000511 FE               [12]  990 	mov	r6,a
      000512 8D 82            [24]  991 	mov	dpl,r5
      000514 8E 83            [24]  992 	mov	dph,r6
      000516 8F F0            [24]  993 	mov	b,r7
      000518 12r00r00         [24]  994 	lcall	__gptrget
      00051B FD               [12]  995 	mov	r5,a
      00051C A3               [24]  996 	inc	dptr
      00051D 12r00r00         [24]  997 	lcall	__gptrget
      000520 FE               [12]  998 	mov	r6,a
      000521 A3               [24]  999 	inc	dptr
      000522 12r00r00         [24] 1000 	lcall	__gptrget
      000525 FF               [12] 1001 	mov	r7,a
      000526 8D 82            [24] 1002 	mov	dpl,r5
      000528 8E 83            [24] 1003 	mov	dph,r6
      00052A 8F F0            [24] 1004 	mov	b,r7
      00052C 22               [24] 1005 	ret
      00052D                       1006 00102$:
                                   1007 ;	../contiki-sensinode/core/net/packetqueue.c:137: return NULL;
      00052D 90 00 00         [24] 1008 	mov	dptr,#0x0000
      000530 75 F0 00         [24] 1009 	mov	b,#0x00
      000533 22               [24] 1010 	ret
                                   1011 ;------------------------------------------------------------
                                   1012 ;Allocation info for local variables in function 'packetqueue_ptr'
                                   1013 ;------------------------------------------------------------
                                   1014 ;i                         Allocated to registers r5 r6 r7 
                                   1015 ;------------------------------------------------------------
                                   1016 ;	../contiki-sensinode/core/net/packetqueue.c:142: packetqueue_ptr(struct packetqueue_item *i)
                                   1017 ;	-----------------------------------------
                                   1018 ;	 function packetqueue_ptr
                                   1019 ;	-----------------------------------------
      000534                       1020 _packetqueue_ptr:
      000534 AD 82            [24] 1021 	mov	r5,dpl
      000536 AE 83            [24] 1022 	mov	r6,dph
      000538 AF F0            [24] 1023 	mov	r7,b
                                   1024 ;	../contiki-sensinode/core/net/packetqueue.c:144: if(i != NULL) {
      00053A ED               [12] 1025 	mov	a,r5
      00053B 4E               [12] 1026 	orl	a,r6
      00053C 60 22            [24] 1027 	jz	00102$
                                   1028 ;	../contiki-sensinode/core/net/packetqueue.c:145: return i->ptr;
      00053E 74 1E            [12] 1029 	mov	a,#0x1E
      000540 2D               [12] 1030 	add	a,r5
      000541 FD               [12] 1031 	mov	r5,a
      000542 E4               [12] 1032 	clr	a
      000543 3E               [12] 1033 	addc	a,r6
      000544 FE               [12] 1034 	mov	r6,a
      000545 8D 82            [24] 1035 	mov	dpl,r5
      000547 8E 83            [24] 1036 	mov	dph,r6
      000549 8F F0            [24] 1037 	mov	b,r7
      00054B 12r00r00         [24] 1038 	lcall	__gptrget
      00054E FD               [12] 1039 	mov	r5,a
      00054F A3               [24] 1040 	inc	dptr
      000550 12r00r00         [24] 1041 	lcall	__gptrget
      000553 FE               [12] 1042 	mov	r6,a
      000554 A3               [24] 1043 	inc	dptr
      000555 12r00r00         [24] 1044 	lcall	__gptrget
      000558 FF               [12] 1045 	mov	r7,a
      000559 8D 82            [24] 1046 	mov	dpl,r5
      00055B 8E 83            [24] 1047 	mov	dph,r6
      00055D 8F F0            [24] 1048 	mov	b,r7
      00055F 22               [24] 1049 	ret
      000560                       1050 00102$:
                                   1051 ;	../contiki-sensinode/core/net/packetqueue.c:147: return NULL;
      000560 90 00 00         [24] 1052 	mov	dptr,#0x0000
      000563 75 F0 00         [24] 1053 	mov	b,#0x00
      000566 22               [24] 1054 	ret
                                   1055 	.area CSEG    (CODE)
                                   1056 	.area CONST   (CODE)
                                   1057 	.area XINIT   (CODE)
                                   1058 	.area CABS    (ABS,CODE)
