                                      1 ;--------------------------------------------------------
                                      2 ; File Created by SDCC : free open source ANSI-C Compiler
                                      3 ; Version 3.4.0 #8981 (Oct 24 2015) (Linux)
                                      4 ; This file was generated Sun Oct 25 01:52:10 2015
                                      5 ;--------------------------------------------------------
                                      6 	.module rtimer
                                      7 	.optsdcc -mmcs51 --model-large
                                      8 	
                                      9 ;--------------------------------------------------------
                                     10 ; Public variables in this module
                                     11 ;--------------------------------------------------------
                                     12 	.globl _rtimer_arch_schedule
                                     13 	.globl _rtimer_arch_init
                                     14 	.globl _ACTIVE
                                     15 	.globl _TX_BYTE
                                     16 	.globl _RX_BYTE
                                     17 	.globl _ERR
                                     18 	.globl _FE
                                     19 	.globl _SLAVE
                                     20 	.globl _RE
                                     21 	.globl _MODE
                                     22 	.globl _T3OVFIF
                                     23 	.globl _T3CH0IF
                                     24 	.globl _T3CH1IF
                                     25 	.globl _T4OVFIF
                                     26 	.globl _T4CH0IF
                                     27 	.globl _T4CH1IF
                                     28 	.globl _OVFIM
                                     29 	.globl _B_0
                                     30 	.globl _B_1
                                     31 	.globl _B_2
                                     32 	.globl _B_3
                                     33 	.globl _B_4
                                     34 	.globl _B_5
                                     35 	.globl _B_6
                                     36 	.globl _B_7
                                     37 	.globl _P2IF
                                     38 	.globl _UTX0IF
                                     39 	.globl _UTX1IF
                                     40 	.globl _P1IF
                                     41 	.globl _WDTIF
                                     42 	.globl _ACC_0
                                     43 	.globl _ACC_1
                                     44 	.globl _ACC_2
                                     45 	.globl _ACC_3
                                     46 	.globl _ACC_4
                                     47 	.globl _ACC_5
                                     48 	.globl _ACC_6
                                     49 	.globl _ACC_7
                                     50 	.globl _P
                                     51 	.globl _F1
                                     52 	.globl _OV
                                     53 	.globl _RS0
                                     54 	.globl _RS1
                                     55 	.globl _F0
                                     56 	.globl _AC
                                     57 	.globl _CY
                                     58 	.globl _DMAIF
                                     59 	.globl _T1IF
                                     60 	.globl _T2IF
                                     61 	.globl _T3IF
                                     62 	.globl _T4IF
                                     63 	.globl _P0IF
                                     64 	.globl _STIF
                                     65 	.globl _DMAIE
                                     66 	.globl _T1IE
                                     67 	.globl _T2IE
                                     68 	.globl _T3IE
                                     69 	.globl _T4IE
                                     70 	.globl _P0IE
                                     71 	.globl _RFERRIE
                                     72 	.globl _ADCIE
                                     73 	.globl _URX0IE
                                     74 	.globl _URX1IE
                                     75 	.globl _ENCIE
                                     76 	.globl _STIE
                                     77 	.globl _EA
                                     78 	.globl _P2_0
                                     79 	.globl _P2_1
                                     80 	.globl _P2_2
                                     81 	.globl _P2_3
                                     82 	.globl _P2_4
                                     83 	.globl _P2_5
                                     84 	.globl _P2_6
                                     85 	.globl _P2_7
                                     86 	.globl _ENCIF_0
                                     87 	.globl _ENCIF_1
                                     88 	.globl _P1_0
                                     89 	.globl _P1_1
                                     90 	.globl _P1_2
                                     91 	.globl _P1_3
                                     92 	.globl _P1_4
                                     93 	.globl _P1_5
                                     94 	.globl _P1_6
                                     95 	.globl _P1_7
                                     96 	.globl _IT0
                                     97 	.globl _RFERRIF
                                     98 	.globl _IT1
                                     99 	.globl _URX0IF
                                    100 	.globl _ADCIF
                                    101 	.globl _URX1IF
                                    102 	.globl _P0_0
                                    103 	.globl _P0_1
                                    104 	.globl _P0_2
                                    105 	.globl _P0_3
                                    106 	.globl _P0_4
                                    107 	.globl _P0_5
                                    108 	.globl _P0_6
                                    109 	.globl _P0_7
                                    110 	.globl _WDCTL
                                    111 	.globl _U1GCR
                                    112 	.globl _U1UCR
                                    113 	.globl _U1BAUD
                                    114 	.globl _U1DBUF
                                    115 	.globl _U1CSR
                                    116 	.globl _U0GCR
                                    117 	.globl _U0UCR
                                    118 	.globl _U0BAUD
                                    119 	.globl _U0DBUF
                                    120 	.globl _U0CSR
                                    121 	.globl _TIMIF
                                    122 	.globl _T4CC1
                                    123 	.globl _T4CCTL1
                                    124 	.globl _T4CC0
                                    125 	.globl _T4CCTL0
                                    126 	.globl _T4CTL
                                    127 	.globl _T4CNT
                                    128 	.globl _T3CC1
                                    129 	.globl _T3CCTL1
                                    130 	.globl _T3CC0
                                    131 	.globl _T3CCTL0
                                    132 	.globl _T3CTL
                                    133 	.globl _T3CNT
                                    134 	.globl _T2MSEL
                                    135 	.globl _T2IRQM
                                    136 	.globl _T2MOVF2
                                    137 	.globl _T2MOVF1
                                    138 	.globl _T2MOVF0
                                    139 	.globl _T2M1
                                    140 	.globl _T2M0
                                    141 	.globl _T2IRQF
                                    142 	.globl _T2EVTCFG
                                    143 	.globl _T2CTRL
                                    144 	.globl _T1STAT
                                    145 	.globl _T1CCTL2
                                    146 	.globl _T1CCTL1
                                    147 	.globl _T1CCTL0
                                    148 	.globl _T1CTL
                                    149 	.globl _T1CNTH
                                    150 	.globl _T1CNTL
                                    151 	.globl _T1CC2H
                                    152 	.globl _T1CC2L
                                    153 	.globl _T1CC1H
                                    154 	.globl _T1CC1L
                                    155 	.globl _T1CC0H
                                    156 	.globl _T1CC0L
                                    157 	.globl _CLKCONSTA
                                    158 	.globl _CLKCONCMD
                                    159 	.globl _SLEEPSTA
                                    160 	.globl _SLEEPCMD
                                    161 	.globl _STLOAD
                                    162 	.globl _ST2
                                    163 	.globl _ST1
                                    164 	.globl _ST0
                                    165 	.globl _RFERRF
                                    166 	.globl _RFIRQF0
                                    167 	.globl _RFST
                                    168 	.globl _RFD
                                    169 	.globl _RFIRQF1
                                    170 	.globl _PSBANK
                                    171 	.globl _FMAP
                                    172 	.globl _MEMCTR
                                    173 	.globl __XPAGE
                                    174 	.globl _MPAGE
                                    175 	.globl _PMUX
                                    176 	.globl _P2DIR
                                    177 	.globl _P1DIR
                                    178 	.globl _P0DIR
                                    179 	.globl _P2INP
                                    180 	.globl _P1INP
                                    181 	.globl _P2SEL
                                    182 	.globl _P1SEL
                                    183 	.globl _P0SEL
                                    184 	.globl _APCFG
                                    185 	.globl _PERCFG
                                    186 	.globl _P0INP
                                    187 	.globl _P2IEN
                                    188 	.globl _P1IEN
                                    189 	.globl _P0IEN
                                    190 	.globl _PICTL
                                    191 	.globl _P2IFG
                                    192 	.globl _P1IFG
                                    193 	.globl _P0IFG
                                    194 	.globl _DMAREQ
                                    195 	.globl _DMAARM
                                    196 	.globl _DMA0CFGH
                                    197 	.globl _DMA0CFGL
                                    198 	.globl _DMA1CFGH
                                    199 	.globl _DMA1CFGL
                                    200 	.globl _DMAIRQ
                                    201 	.globl _ENCCS
                                    202 	.globl _ENCDO
                                    203 	.globl _ENCDI
                                    204 	.globl _RNDH
                                    205 	.globl _RNDL
                                    206 	.globl _ADCH
                                    207 	.globl _ADCL
                                    208 	.globl _ADCCON3
                                    209 	.globl _ADCCON2
                                    210 	.globl _ADCCON1
                                    211 	.globl _B
                                    212 	.globl _IRCON2
                                    213 	.globl _ACC
                                    214 	.globl _PSW
                                    215 	.globl _IRCON
                                    216 	.globl _IP1
                                    217 	.globl _IEN1
                                    218 	.globl _IP0
                                    219 	.globl _IEN0
                                    220 	.globl _P2
                                    221 	.globl _S1CON
                                    222 	.globl _IEN2
                                    223 	.globl _S0CON
                                    224 	.globl _DPS
                                    225 	.globl _P1
                                    226 	.globl _TCON
                                    227 	.globl _PCON
                                    228 	.globl _DPH1
                                    229 	.globl _DPL1
                                    230 	.globl _DPH0
                                    231 	.globl _DPL0
                                    232 	.globl _SP
                                    233 	.globl _P0
                                    234 	.globl _X_IEEE_ADDR
                                    235 	.globl _X_INFOPAGE
                                    236 	.globl _X_P2DIR
                                    237 	.globl _X_P1DIR
                                    238 	.globl _X_P0DIR
                                    239 	.globl _X_U1GCR
                                    240 	.globl _X_U1UCR
                                    241 	.globl _X_U1BAUD
                                    242 	.globl _X_U1DBUF
                                    243 	.globl _X_U1CSR
                                    244 	.globl _X_P2INP
                                    245 	.globl _X_P1INP
                                    246 	.globl _X_P2SEL
                                    247 	.globl _X_P1SEL
                                    248 	.globl _X_P0SEL
                                    249 	.globl _X_APCFG
                                    250 	.globl _X_PERCFG
                                    251 	.globl _X_T4CC1
                                    252 	.globl _X_T4CCTL1
                                    253 	.globl _X_T4CC0
                                    254 	.globl _X_T4CCTL0
                                    255 	.globl _X_T4CTL
                                    256 	.globl _X_T4CNT
                                    257 	.globl _X_RFIRQF0
                                    258 	.globl _X_T1CCTL2
                                    259 	.globl _X_T1CCTL1
                                    260 	.globl _X_T1CCTL0
                                    261 	.globl _X_T1CTL
                                    262 	.globl _X_T1CNTH
                                    263 	.globl _X_T1CNTL
                                    264 	.globl _X_RFST
                                    265 	.globl _X_T1CC2H
                                    266 	.globl _X_T1CC2L
                                    267 	.globl _X_T1CC1H
                                    268 	.globl _X_T1CC1L
                                    269 	.globl _X_T1CC0H
                                    270 	.globl _X_T1CC0L
                                    271 	.globl _X_RFD
                                    272 	.globl _X_TIMIF
                                    273 	.globl _X_DMAREQ
                                    274 	.globl _X_DMAARM
                                    275 	.globl _X_DMA0CFGH
                                    276 	.globl _X_DMA0CFGL
                                    277 	.globl _X_DMA1CFGH
                                    278 	.globl _X_DMA1CFGL
                                    279 	.globl _X_DMAIRQ
                                    280 	.globl _X_T3CC1
                                    281 	.globl _X_T3CCTL1
                                    282 	.globl _X_T3CC0
                                    283 	.globl _X_T3CCTL0
                                    284 	.globl _X_T3CTL
                                    285 	.globl _X_T3CNT
                                    286 	.globl _X_WDCTL
                                    287 	.globl _X_MEMCTR
                                    288 	.globl _X_CLKCONCMD
                                    289 	.globl _X_U0GCR
                                    290 	.globl _X_U0UCR
                                    291 	.globl _X_T2MSEL
                                    292 	.globl _X_U0BAUD
                                    293 	.globl _X_U0DBUF
                                    294 	.globl _X_RFERRF
                                    295 	.globl _X_SLEEPCMD
                                    296 	.globl _X_RNDH
                                    297 	.globl _X_RNDL
                                    298 	.globl _X_ADCH
                                    299 	.globl _X_ADCL
                                    300 	.globl _X_ADCCON3
                                    301 	.globl _X_ADCCON2
                                    302 	.globl _X_ADCCON1
                                    303 	.globl _X_ENCCS
                                    304 	.globl _X_ENCDO
                                    305 	.globl _X_ENCDI
                                    306 	.globl _X_T1STAT
                                    307 	.globl _X_PMUX
                                    308 	.globl _X_STLOAD
                                    309 	.globl _X_P2IEN
                                    310 	.globl _X_P0IEN
                                    311 	.globl _X_T2IRQM
                                    312 	.globl _X_T2MOVF2
                                    313 	.globl _X_T2MOVF1
                                    314 	.globl _X_T2MOVF0
                                    315 	.globl _X_T2M1
                                    316 	.globl _X_T2M0
                                    317 	.globl _X_T2IRQF
                                    318 	.globl _X_P2
                                    319 	.globl _X_PSBANK
                                    320 	.globl _X_FMAP
                                    321 	.globl _X_CLKCONSTA
                                    322 	.globl _X_SLEEPSTA
                                    323 	.globl _X_T2EVTCFG
                                    324 	.globl _X_ST2
                                    325 	.globl _X_ST1
                                    326 	.globl _X_ST0
                                    327 	.globl _X_T2CTRL
                                    328 	.globl _X__XPAGE
                                    329 	.globl _X_MPAGE
                                    330 	.globl _X_RFIRQF1
                                    331 	.globl _X_P1
                                    332 	.globl _X_P0INP
                                    333 	.globl _X_P1IEN
                                    334 	.globl _X_PICTL
                                    335 	.globl _X_P2IFG
                                    336 	.globl _X_P1IFG
                                    337 	.globl _X_P0IFG
                                    338 	.globl _X_U0CSR
                                    339 	.globl _X_P0
                                    340 	.globl _USBF5
                                    341 	.globl _USBF4
                                    342 	.globl _USBF3
                                    343 	.globl _USBF2
                                    344 	.globl _USBF1
                                    345 	.globl _USBF0
                                    346 	.globl _USBCNTH
                                    347 	.globl _USBCNTL
                                    348 	.globl _USBCNT0
                                    349 	.globl _USBCSOH
                                    350 	.globl _USBCSOL
                                    351 	.globl _USBMAXO
                                    352 	.globl _USBCSIH
                                    353 	.globl _USBCSIL
                                    354 	.globl _USBCS0
                                    355 	.globl _USBMAXI
                                    356 	.globl _USBCTRL
                                    357 	.globl _USBINDEX
                                    358 	.globl _USBFRMH
                                    359 	.globl _USBFRML
                                    360 	.globl _USBCIE
                                    361 	.globl _USBOIE
                                    362 	.globl _USBIIE
                                    363 	.globl _USBCIF
                                    364 	.globl _USBOIF
                                    365 	.globl _USBIIF
                                    366 	.globl _USBPOW
                                    367 	.globl _USBADDR
                                    368 	.globl _CSPT
                                    369 	.globl _CSPZ
                                    370 	.globl _CSPY
                                    371 	.globl _CSPX
                                    372 	.globl _CSPSTAT
                                    373 	.globl _CSPCTRL
                                    374 	.globl _CSPPROG23
                                    375 	.globl _CSPPROG22
                                    376 	.globl _CSPPROG21
                                    377 	.globl _CSPPROG20
                                    378 	.globl _CSPPROG19
                                    379 	.globl _CSPPROG18
                                    380 	.globl _CSPPROG17
                                    381 	.globl _CSPPROG16
                                    382 	.globl _CSPPROG15
                                    383 	.globl _CSPPROG14
                                    384 	.globl _CSPPROG13
                                    385 	.globl _CSPPROG12
                                    386 	.globl _CSPPROG11
                                    387 	.globl _CSPPROG10
                                    388 	.globl _CSPPROG9
                                    389 	.globl _CSPPROG8
                                    390 	.globl _CSPPROG7
                                    391 	.globl _CSPPROG6
                                    392 	.globl _CSPPROG5
                                    393 	.globl _CSPPROG4
                                    394 	.globl _CSPPROG3
                                    395 	.globl _CSPPROG2
                                    396 	.globl _CSPPROG1
                                    397 	.globl _CSPPROG0
                                    398 	.globl _RFC_OBS_CTRL2
                                    399 	.globl _RFC_OBS_CTRL1
                                    400 	.globl _RFC_OBS_CTRL0
                                    401 	.globl _TXFILTCFG
                                    402 	.globl _PTEST1
                                    403 	.globl _PTEST0
                                    404 	.globl _ATEST
                                    405 	.globl _DACTEST2
                                    406 	.globl _DACTEST1
                                    407 	.globl _DACTEST0
                                    408 	.globl _MDMTEST1
                                    409 	.globl _MDMTEST0
                                    410 	.globl _ADCTEST2
                                    411 	.globl _ADCTEST1
                                    412 	.globl _ADCTEST0
                                    413 	.globl _AGCCTRL3
                                    414 	.globl _AGCCTRL2
                                    415 	.globl _AGCCTRL1
                                    416 	.globl _AGCCTRL0
                                    417 	.globl _FSCAL3
                                    418 	.globl _FSCAL2
                                    419 	.globl _FSCAL1
                                    420 	.globl _FSCAL0
                                    421 	.globl _FSCTRL
                                    422 	.globl _RXCTRL
                                    423 	.globl _FREQEST
                                    424 	.globl _MDMCTRL1
                                    425 	.globl _MDMCTRL0
                                    426 	.globl _RFRND
                                    427 	.globl _RFERRM
                                    428 	.globl _RFIRQM1
                                    429 	.globl _RFIRQM0
                                    430 	.globl _TXLAST_PTR
                                    431 	.globl _TXFIRST_PTR
                                    432 	.globl _RXP1_PTR
                                    433 	.globl _RXLAST_PTR
                                    434 	.globl _RXFIRST_PTR
                                    435 	.globl _TXFIFOCNT
                                    436 	.globl _RXFIFOCNT
                                    437 	.globl _RXFIRST
                                    438 	.globl _RSSISTAT
                                    439 	.globl _RSSI
                                    440 	.globl _CCACTRL1
                                    441 	.globl _CCACTRL0
                                    442 	.globl _FSMCTRL
                                    443 	.globl _FIFOPCTRL
                                    444 	.globl _FSMSTAT1
                                    445 	.globl _FSMSTAT0
                                    446 	.globl _TXCTRL
                                    447 	.globl _TXPOWER
                                    448 	.globl _FREQCTRL
                                    449 	.globl _FREQTUNE
                                    450 	.globl _RXMASKCLR
                                    451 	.globl _RXMASKSET
                                    452 	.globl _RXENABLE
                                    453 	.globl _FRMCTRL1
                                    454 	.globl _FRMCTRL0
                                    455 	.globl _SRCEXTEN2
                                    456 	.globl _SRCEXTEN1
                                    457 	.globl _SRCEXTEN0
                                    458 	.globl _SRCSHORTEN2
                                    459 	.globl _SRCSHORTEN1
                                    460 	.globl _SRCSHORTEN0
                                    461 	.globl _SRCMATCH
                                    462 	.globl _FRMFILT1
                                    463 	.globl _FRMFILT0
                                    464 	.globl _SHORT_ADDR1
                                    465 	.globl _SHORT_ADDR0
                                    466 	.globl _PAN_ID1
                                    467 	.globl _PAN_ID0
                                    468 	.globl _EXT_ADDR7
                                    469 	.globl _EXT_ADDR6
                                    470 	.globl _EXT_ADDR5
                                    471 	.globl _EXT_ADDR4
                                    472 	.globl _EXT_ADDR3
                                    473 	.globl _EXT_ADDR2
                                    474 	.globl _EXT_ADDR1
                                    475 	.globl _EXT_ADDR0
                                    476 	.globl _SRCSHORTPENDEN2
                                    477 	.globl _SRCSHORTPENDEN1
                                    478 	.globl _SRCSHORTPENDEN0
                                    479 	.globl _SRCEXTPENDEN2
                                    480 	.globl _SRCEXTPENDEN1
                                    481 	.globl _SRCEXTPENDEN0
                                    482 	.globl _SRCRESINDEX
                                    483 	.globl _SRCRESMASK2
                                    484 	.globl _SRCRESMASK1
                                    485 	.globl _SRCRESMASK0
                                    486 	.globl _SRC_ADDR_TABLE
                                    487 	.globl _TXFIFO
                                    488 	.globl _RXFIFO
                                    489 	.globl _RFCORE_RAM
                                    490 	.globl _CMPCTL
                                    491 	.globl _OPAMPS
                                    492 	.globl _OPAMPC
                                    493 	.globl _STCV2
                                    494 	.globl _STCV1
                                    495 	.globl _STCV0
                                    496 	.globl _STCS
                                    497 	.globl _STCC
                                    498 	.globl _T1CC4H
                                    499 	.globl _T1CC4L
                                    500 	.globl _T1CC3H
                                    501 	.globl _T1CC3L
                                    502 	.globl _XX_T1CC2H
                                    503 	.globl _XX_T1CC2L
                                    504 	.globl _XX_T1CC1H
                                    505 	.globl _XX_T1CC1L
                                    506 	.globl _XX_T1CC0H
                                    507 	.globl _XX_T1CC0L
                                    508 	.globl _T1CCTL4
                                    509 	.globl _T1CCTL3
                                    510 	.globl _XX_T1CCTL2
                                    511 	.globl _XX_T1CCTL1
                                    512 	.globl _XX_T1CCTL0
                                    513 	.globl _CLD
                                    514 	.globl _IRCTL
                                    515 	.globl _CHIPINFO1
                                    516 	.globl _CHIPINFO0
                                    517 	.globl _FWDATA
                                    518 	.globl _FADDRH
                                    519 	.globl _FADDRL
                                    520 	.globl _FCTL
                                    521 	.globl _IVCTRL
                                    522 	.globl _BATTMON
                                    523 	.globl _SRCRC
                                    524 	.globl _DBGDATA
                                    525 	.globl _TESTREG0
                                    526 	.globl _CHIPID
                                    527 	.globl _CHVER
                                    528 	.globl _OBSSEL5
                                    529 	.globl _OBSSEL4
                                    530 	.globl _OBSSEL3
                                    531 	.globl _OBSSEL2
                                    532 	.globl _OBSSEL1
                                    533 	.globl _OBSSEL0
                                    534 	.globl _I2CIO
                                    535 	.globl _I2CWC
                                    536 	.globl _I2CADDR
                                    537 	.globl _I2CDATA
                                    538 	.globl _I2CSTAT
                                    539 	.globl _I2CCFG
                                    540 	.globl _OPAMPMC
                                    541 	.globl _MONMUX
                                    542 	.globl _rtimer_init
                                    543 	.globl _rtimer_set
                                    544 	.globl _rtimer_run_next
                                    545 ;--------------------------------------------------------
                                    546 ; special function registers
                                    547 ;--------------------------------------------------------
                                    548 	.area RSEG    (ABS,DATA)
      000000                        549 	.org 0x0000
                           000080   550 _P0	=	0x0080
                           000081   551 _SP	=	0x0081
                           000082   552 _DPL0	=	0x0082
                           000083   553 _DPH0	=	0x0083
                           000084   554 _DPL1	=	0x0084
                           000085   555 _DPH1	=	0x0085
                           000087   556 _PCON	=	0x0087
                           000088   557 _TCON	=	0x0088
                           000090   558 _P1	=	0x0090
                           000092   559 _DPS	=	0x0092
                           000098   560 _S0CON	=	0x0098
                           00009A   561 _IEN2	=	0x009a
                           00009B   562 _S1CON	=	0x009b
                           0000A0   563 _P2	=	0x00a0
                           0000A8   564 _IEN0	=	0x00a8
                           0000A9   565 _IP0	=	0x00a9
                           0000B8   566 _IEN1	=	0x00b8
                           0000B9   567 _IP1	=	0x00b9
                           0000C0   568 _IRCON	=	0x00c0
                           0000D0   569 _PSW	=	0x00d0
                           0000E0   570 _ACC	=	0x00e0
                           0000E8   571 _IRCON2	=	0x00e8
                           0000F0   572 _B	=	0x00f0
                           0000B4   573 _ADCCON1	=	0x00b4
                           0000B5   574 _ADCCON2	=	0x00b5
                           0000B6   575 _ADCCON3	=	0x00b6
                           0000BA   576 _ADCL	=	0x00ba
                           0000BB   577 _ADCH	=	0x00bb
                           0000BC   578 _RNDL	=	0x00bc
                           0000BD   579 _RNDH	=	0x00bd
                           0000B1   580 _ENCDI	=	0x00b1
                           0000B2   581 _ENCDO	=	0x00b2
                           0000B3   582 _ENCCS	=	0x00b3
                           0000D1   583 _DMAIRQ	=	0x00d1
                           0000D2   584 _DMA1CFGL	=	0x00d2
                           0000D3   585 _DMA1CFGH	=	0x00d3
                           0000D4   586 _DMA0CFGL	=	0x00d4
                           0000D5   587 _DMA0CFGH	=	0x00d5
                           0000D6   588 _DMAARM	=	0x00d6
                           0000D7   589 _DMAREQ	=	0x00d7
                           000089   590 _P0IFG	=	0x0089
                           00008A   591 _P1IFG	=	0x008a
                           00008B   592 _P2IFG	=	0x008b
                           00008C   593 _PICTL	=	0x008c
                           0000AB   594 _P0IEN	=	0x00ab
                           00008D   595 _P1IEN	=	0x008d
                           0000AC   596 _P2IEN	=	0x00ac
                           00008F   597 _P0INP	=	0x008f
                           0000F1   598 _PERCFG	=	0x00f1
                           0000F2   599 _APCFG	=	0x00f2
                           0000F3   600 _P0SEL	=	0x00f3
                           0000F4   601 _P1SEL	=	0x00f4
                           0000F5   602 _P2SEL	=	0x00f5
                           0000F6   603 _P1INP	=	0x00f6
                           0000F7   604 _P2INP	=	0x00f7
                           0000FD   605 _P0DIR	=	0x00fd
                           0000FE   606 _P1DIR	=	0x00fe
                           0000FF   607 _P2DIR	=	0x00ff
                           0000AE   608 _PMUX	=	0x00ae
                           000093   609 _MPAGE	=	0x0093
                           000093   610 __XPAGE	=	0x0093
                           0000C7   611 _MEMCTR	=	0x00c7
                           00009F   612 _FMAP	=	0x009f
                           00009F   613 _PSBANK	=	0x009f
                           000091   614 _RFIRQF1	=	0x0091
                           0000D9   615 _RFD	=	0x00d9
                           0000E1   616 _RFST	=	0x00e1
                           0000E9   617 _RFIRQF0	=	0x00e9
                           0000BF   618 _RFERRF	=	0x00bf
                           000095   619 _ST0	=	0x0095
                           000096   620 _ST1	=	0x0096
                           000097   621 _ST2	=	0x0097
                           0000AD   622 _STLOAD	=	0x00ad
                           0000BE   623 _SLEEPCMD	=	0x00be
                           00009D   624 _SLEEPSTA	=	0x009d
                           0000C6   625 _CLKCONCMD	=	0x00c6
                           00009E   626 _CLKCONSTA	=	0x009e
                           0000DA   627 _T1CC0L	=	0x00da
                           0000DB   628 _T1CC0H	=	0x00db
                           0000DC   629 _T1CC1L	=	0x00dc
                           0000DD   630 _T1CC1H	=	0x00dd
                           0000DE   631 _T1CC2L	=	0x00de
                           0000DF   632 _T1CC2H	=	0x00df
                           0000E2   633 _T1CNTL	=	0x00e2
                           0000E3   634 _T1CNTH	=	0x00e3
                           0000E4   635 _T1CTL	=	0x00e4
                           0000E5   636 _T1CCTL0	=	0x00e5
                           0000E6   637 _T1CCTL1	=	0x00e6
                           0000E7   638 _T1CCTL2	=	0x00e7
                           0000AF   639 _T1STAT	=	0x00af
                           000094   640 _T2CTRL	=	0x0094
                           00009C   641 _T2EVTCFG	=	0x009c
                           0000A1   642 _T2IRQF	=	0x00a1
                           0000A2   643 _T2M0	=	0x00a2
                           0000A3   644 _T2M1	=	0x00a3
                           0000A4   645 _T2MOVF0	=	0x00a4
                           0000A5   646 _T2MOVF1	=	0x00a5
                           0000A6   647 _T2MOVF2	=	0x00a6
                           0000A7   648 _T2IRQM	=	0x00a7
                           0000C3   649 _T2MSEL	=	0x00c3
                           0000CA   650 _T3CNT	=	0x00ca
                           0000CB   651 _T3CTL	=	0x00cb
                           0000CC   652 _T3CCTL0	=	0x00cc
                           0000CD   653 _T3CC0	=	0x00cd
                           0000CE   654 _T3CCTL1	=	0x00ce
                           0000CF   655 _T3CC1	=	0x00cf
                           0000EA   656 _T4CNT	=	0x00ea
                           0000EB   657 _T4CTL	=	0x00eb
                           0000EC   658 _T4CCTL0	=	0x00ec
                           0000ED   659 _T4CC0	=	0x00ed
                           0000EE   660 _T4CCTL1	=	0x00ee
                           0000EF   661 _T4CC1	=	0x00ef
                           0000D8   662 _TIMIF	=	0x00d8
                           000086   663 _U0CSR	=	0x0086
                           0000C1   664 _U0DBUF	=	0x00c1
                           0000C2   665 _U0BAUD	=	0x00c2
                           0000C4   666 _U0UCR	=	0x00c4
                           0000C5   667 _U0GCR	=	0x00c5
                           0000F8   668 _U1CSR	=	0x00f8
                           0000F9   669 _U1DBUF	=	0x00f9
                           0000FA   670 _U1BAUD	=	0x00fa
                           0000FB   671 _U1UCR	=	0x00fb
                           0000FC   672 _U1GCR	=	0x00fc
                           0000C9   673 _WDCTL	=	0x00c9
                                    674 ;--------------------------------------------------------
                                    675 ; special function bits
                                    676 ;--------------------------------------------------------
                                    677 	.area RSEG    (ABS,DATA)
      000000                        678 	.org 0x0000
                           000087   679 _P0_7	=	0x0087
                           000086   680 _P0_6	=	0x0086
                           000085   681 _P0_5	=	0x0085
                           000084   682 _P0_4	=	0x0084
                           000083   683 _P0_3	=	0x0083
                           000082   684 _P0_2	=	0x0082
                           000081   685 _P0_1	=	0x0081
                           000080   686 _P0_0	=	0x0080
                           00008F   687 _URX1IF	=	0x008f
                           00008D   688 _ADCIF	=	0x008d
                           00008B   689 _URX0IF	=	0x008b
                           00008A   690 _IT1	=	0x008a
                           000089   691 _RFERRIF	=	0x0089
                           000088   692 _IT0	=	0x0088
                           000097   693 _P1_7	=	0x0097
                           000096   694 _P1_6	=	0x0096
                           000095   695 _P1_5	=	0x0095
                           000094   696 _P1_4	=	0x0094
                           000093   697 _P1_3	=	0x0093
                           000092   698 _P1_2	=	0x0092
                           000091   699 _P1_1	=	0x0091
                           000090   700 _P1_0	=	0x0090
                           000099   701 _ENCIF_1	=	0x0099
                           000098   702 _ENCIF_0	=	0x0098
                           0000A7   703 _P2_7	=	0x00a7
                           0000A6   704 _P2_6	=	0x00a6
                           0000A5   705 _P2_5	=	0x00a5
                           0000A4   706 _P2_4	=	0x00a4
                           0000A3   707 _P2_3	=	0x00a3
                           0000A2   708 _P2_2	=	0x00a2
                           0000A1   709 _P2_1	=	0x00a1
                           0000A0   710 _P2_0	=	0x00a0
                           0000AF   711 _EA	=	0x00af
                           0000AD   712 _STIE	=	0x00ad
                           0000AC   713 _ENCIE	=	0x00ac
                           0000AB   714 _URX1IE	=	0x00ab
                           0000AA   715 _URX0IE	=	0x00aa
                           0000A9   716 _ADCIE	=	0x00a9
                           0000A8   717 _RFERRIE	=	0x00a8
                           0000BD   718 _P0IE	=	0x00bd
                           0000BC   719 _T4IE	=	0x00bc
                           0000BB   720 _T3IE	=	0x00bb
                           0000BA   721 _T2IE	=	0x00ba
                           0000B9   722 _T1IE	=	0x00b9
                           0000B8   723 _DMAIE	=	0x00b8
                           0000C7   724 _STIF	=	0x00c7
                           0000C5   725 _P0IF	=	0x00c5
                           0000C4   726 _T4IF	=	0x00c4
                           0000C3   727 _T3IF	=	0x00c3
                           0000C2   728 _T2IF	=	0x00c2
                           0000C1   729 _T1IF	=	0x00c1
                           0000C0   730 _DMAIF	=	0x00c0
                           0000D7   731 _CY	=	0x00d7
                           0000D6   732 _AC	=	0x00d6
                           0000D5   733 _F0	=	0x00d5
                           0000D4   734 _RS1	=	0x00d4
                           0000D3   735 _RS0	=	0x00d3
                           0000D2   736 _OV	=	0x00d2
                           0000D1   737 _F1	=	0x00d1
                           0000D0   738 _P	=	0x00d0
                           0000E7   739 _ACC_7	=	0x00e7
                           0000E6   740 _ACC_6	=	0x00e6
                           0000E5   741 _ACC_5	=	0x00e5
                           0000E4   742 _ACC_4	=	0x00e4
                           0000E3   743 _ACC_3	=	0x00e3
                           0000E2   744 _ACC_2	=	0x00e2
                           0000E1   745 _ACC_1	=	0x00e1
                           0000E0   746 _ACC_0	=	0x00e0
                           0000EC   747 _WDTIF	=	0x00ec
                           0000EB   748 _P1IF	=	0x00eb
                           0000EA   749 _UTX1IF	=	0x00ea
                           0000E9   750 _UTX0IF	=	0x00e9
                           0000E8   751 _P2IF	=	0x00e8
                           0000F7   752 _B_7	=	0x00f7
                           0000F6   753 _B_6	=	0x00f6
                           0000F5   754 _B_5	=	0x00f5
                           0000F4   755 _B_4	=	0x00f4
                           0000F3   756 _B_3	=	0x00f3
                           0000F2   757 _B_2	=	0x00f2
                           0000F1   758 _B_1	=	0x00f1
                           0000F0   759 _B_0	=	0x00f0
                           0000DE   760 _OVFIM	=	0x00de
                           0000DD   761 _T4CH1IF	=	0x00dd
                           0000DC   762 _T4CH0IF	=	0x00dc
                           0000DB   763 _T4OVFIF	=	0x00db
                           0000DA   764 _T3CH1IF	=	0x00da
                           0000D9   765 _T3CH0IF	=	0x00d9
                           0000D8   766 _T3OVFIF	=	0x00d8
                           0000FF   767 _MODE	=	0x00ff
                           0000FE   768 _RE	=	0x00fe
                           0000FD   769 _SLAVE	=	0x00fd
                           0000FC   770 _FE	=	0x00fc
                           0000FB   771 _ERR	=	0x00fb
                           0000FA   772 _RX_BYTE	=	0x00fa
                           0000F9   773 _TX_BYTE	=	0x00f9
                           0000F8   774 _ACTIVE	=	0x00f8
                                    775 ;--------------------------------------------------------
                                    776 ; overlayable register banks
                                    777 ;--------------------------------------------------------
                                    778 	.area REG_BANK_0	(REL,OVR,DATA)
      000000                        779 	.ds 8
                                    780 ;--------------------------------------------------------
                                    781 ; internal ram data
                                    782 ;--------------------------------------------------------
                                    783 	.area DSEG    (DATA)
                                    784 ;--------------------------------------------------------
                                    785 ; overlayable items in internal ram 
                                    786 ;--------------------------------------------------------
                                    787 ;--------------------------------------------------------
                                    788 ; indirectly addressable internal ram data
                                    789 ;--------------------------------------------------------
                                    790 	.area ISEG    (DATA)
                                    791 ;--------------------------------------------------------
                                    792 ; absolute internal ram data
                                    793 ;--------------------------------------------------------
                                    794 	.area IABS    (ABS,DATA)
                                    795 	.area IABS    (ABS,DATA)
                                    796 ;--------------------------------------------------------
                                    797 ; bit data
                                    798 ;--------------------------------------------------------
                                    799 	.area BSEG    (BIT)
                                    800 ;--------------------------------------------------------
                                    801 ; paged external ram data
                                    802 ;--------------------------------------------------------
                                    803 	.area PSEG    (PAG,XDATA)
                                    804 ;--------------------------------------------------------
                                    805 ; external ram data
                                    806 ;--------------------------------------------------------
                                    807 	.area XSEG    (XDATA)
                           0061A6   808 _MONMUX	=	0x61a6
                           0061A6   809 _OPAMPMC	=	0x61a6
                           006230   810 _I2CCFG	=	0x6230
                           006231   811 _I2CSTAT	=	0x6231
                           006232   812 _I2CDATA	=	0x6232
                           006233   813 _I2CADDR	=	0x6233
                           006234   814 _I2CWC	=	0x6234
                           006235   815 _I2CIO	=	0x6235
                           006243   816 _OBSSEL0	=	0x6243
                           006244   817 _OBSSEL1	=	0x6244
                           006245   818 _OBSSEL2	=	0x6245
                           006246   819 _OBSSEL3	=	0x6246
                           006247   820 _OBSSEL4	=	0x6247
                           006248   821 _OBSSEL5	=	0x6248
                           006249   822 _CHVER	=	0x6249
                           00624A   823 _CHIPID	=	0x624a
                           00624B   824 _TESTREG0	=	0x624b
                           006260   825 _DBGDATA	=	0x6260
                           006262   826 _SRCRC	=	0x6262
                           006264   827 _BATTMON	=	0x6264
                           006265   828 _IVCTRL	=	0x6265
                           006270   829 _FCTL	=	0x6270
                           006271   830 _FADDRL	=	0x6271
                           006272   831 _FADDRH	=	0x6272
                           006273   832 _FWDATA	=	0x6273
                           006276   833 _CHIPINFO0	=	0x6276
                           006277   834 _CHIPINFO1	=	0x6277
                           006281   835 _IRCTL	=	0x6281
                           006290   836 _CLD	=	0x6290
                           0062A0   837 _XX_T1CCTL0	=	0x62a0
                           0062A1   838 _XX_T1CCTL1	=	0x62a1
                           0062A2   839 _XX_T1CCTL2	=	0x62a2
                           0062A3   840 _T1CCTL3	=	0x62a3
                           0062A4   841 _T1CCTL4	=	0x62a4
                           0062A6   842 _XX_T1CC0L	=	0x62a6
                           0062A7   843 _XX_T1CC0H	=	0x62a7
                           0062A8   844 _XX_T1CC1L	=	0x62a8
                           0062A9   845 _XX_T1CC1H	=	0x62a9
                           0062AA   846 _XX_T1CC2L	=	0x62aa
                           0062AB   847 _XX_T1CC2H	=	0x62ab
                           0062AC   848 _T1CC3L	=	0x62ac
                           0062AD   849 _T1CC3H	=	0x62ad
                           0062AE   850 _T1CC4L	=	0x62ae
                           0062AF   851 _T1CC4H	=	0x62af
                           0062B0   852 _STCC	=	0x62b0
                           0062B1   853 _STCS	=	0x62b1
                           0062B2   854 _STCV0	=	0x62b2
                           0062B3   855 _STCV1	=	0x62b3
                           0062B4   856 _STCV2	=	0x62b4
                           0062C0   857 _OPAMPC	=	0x62c0
                           0062C1   858 _OPAMPS	=	0x62c1
                           0062D0   859 _CMPCTL	=	0x62d0
                           006000   860 _RFCORE_RAM	=	0x6000
                           006000   861 _RXFIFO	=	0x6000
                           006080   862 _TXFIFO	=	0x6080
                           006100   863 _SRC_ADDR_TABLE	=	0x6100
                           006160   864 _SRCRESMASK0	=	0x6160
                           006161   865 _SRCRESMASK1	=	0x6161
                           006162   866 _SRCRESMASK2	=	0x6162
                           006163   867 _SRCRESINDEX	=	0x6163
                           006164   868 _SRCEXTPENDEN0	=	0x6164
                           006165   869 _SRCEXTPENDEN1	=	0x6165
                           006166   870 _SRCEXTPENDEN2	=	0x6166
                           006167   871 _SRCSHORTPENDEN0	=	0x6167
                           006168   872 _SRCSHORTPENDEN1	=	0x6168
                           006169   873 _SRCSHORTPENDEN2	=	0x6169
                           00616A   874 _EXT_ADDR0	=	0x616a
                           00616B   875 _EXT_ADDR1	=	0x616b
                           00616C   876 _EXT_ADDR2	=	0x616c
                           00616D   877 _EXT_ADDR3	=	0x616d
                           00616E   878 _EXT_ADDR4	=	0x616e
                           00616F   879 _EXT_ADDR5	=	0x616f
                           006170   880 _EXT_ADDR6	=	0x6170
                           006171   881 _EXT_ADDR7	=	0x6171
                           006172   882 _PAN_ID0	=	0x6172
                           006173   883 _PAN_ID1	=	0x6173
                           006174   884 _SHORT_ADDR0	=	0x6174
                           006175   885 _SHORT_ADDR1	=	0x6175
                           006180   886 _FRMFILT0	=	0x6180
                           006181   887 _FRMFILT1	=	0x6181
                           006182   888 _SRCMATCH	=	0x6182
                           006183   889 _SRCSHORTEN0	=	0x6183
                           006184   890 _SRCSHORTEN1	=	0x6184
                           006185   891 _SRCSHORTEN2	=	0x6185
                           006186   892 _SRCEXTEN0	=	0x6186
                           006187   893 _SRCEXTEN1	=	0x6187
                           006188   894 _SRCEXTEN2	=	0x6188
                           006189   895 _FRMCTRL0	=	0x6189
                           00618A   896 _FRMCTRL1	=	0x618a
                           00618B   897 _RXENABLE	=	0x618b
                           00618C   898 _RXMASKSET	=	0x618c
                           00618D   899 _RXMASKCLR	=	0x618d
                           00618E   900 _FREQTUNE	=	0x618e
                           00618F   901 _FREQCTRL	=	0x618f
                           006190   902 _TXPOWER	=	0x6190
                           006191   903 _TXCTRL	=	0x6191
                           006192   904 _FSMSTAT0	=	0x6192
                           006193   905 _FSMSTAT1	=	0x6193
                           006194   906 _FIFOPCTRL	=	0x6194
                           006195   907 _FSMCTRL	=	0x6195
                           006196   908 _CCACTRL0	=	0x6196
                           006197   909 _CCACTRL1	=	0x6197
                           006198   910 _RSSI	=	0x6198
                           006199   911 _RSSISTAT	=	0x6199
                           00619A   912 _RXFIRST	=	0x619a
                           00619B   913 _RXFIFOCNT	=	0x619b
                           00619C   914 _TXFIFOCNT	=	0x619c
                           00619D   915 _RXFIRST_PTR	=	0x619d
                           00619E   916 _RXLAST_PTR	=	0x619e
                           00619F   917 _RXP1_PTR	=	0x619f
                           0061A1   918 _TXFIRST_PTR	=	0x61a1
                           0061A2   919 _TXLAST_PTR	=	0x61a2
                           0061A3   920 _RFIRQM0	=	0x61a3
                           0061A4   921 _RFIRQM1	=	0x61a4
                           0061A5   922 _RFERRM	=	0x61a5
                           0061A7   923 _RFRND	=	0x61a7
                           0061A8   924 _MDMCTRL0	=	0x61a8
                           0061A9   925 _MDMCTRL1	=	0x61a9
                           0061AA   926 _FREQEST	=	0x61aa
                           0061AB   927 _RXCTRL	=	0x61ab
                           0061AC   928 _FSCTRL	=	0x61ac
                           0061AD   929 _FSCAL0	=	0x61ad
                           0061AE   930 _FSCAL1	=	0x61ae
                           0061AF   931 _FSCAL2	=	0x61af
                           0061B0   932 _FSCAL3	=	0x61b0
                           0061B1   933 _AGCCTRL0	=	0x61b1
                           0061B2   934 _AGCCTRL1	=	0x61b2
                           0061B3   935 _AGCCTRL2	=	0x61b3
                           0061B4   936 _AGCCTRL3	=	0x61b4
                           0061B5   937 _ADCTEST0	=	0x61b5
                           0061B6   938 _ADCTEST1	=	0x61b6
                           0061B7   939 _ADCTEST2	=	0x61b7
                           0061B8   940 _MDMTEST0	=	0x61b8
                           0061B9   941 _MDMTEST1	=	0x61b9
                           0061BA   942 _DACTEST0	=	0x61ba
                           0061BB   943 _DACTEST1	=	0x61bb
                           0061BC   944 _DACTEST2	=	0x61bc
                           0061BD   945 _ATEST	=	0x61bd
                           0061BE   946 _PTEST0	=	0x61be
                           0061BF   947 _PTEST1	=	0x61bf
                           0061FA   948 _TXFILTCFG	=	0x61fa
                           0061EB   949 _RFC_OBS_CTRL0	=	0x61eb
                           0061EC   950 _RFC_OBS_CTRL1	=	0x61ec
                           0061ED   951 _RFC_OBS_CTRL2	=	0x61ed
                           0061C0   952 _CSPPROG0	=	0x61c0
                           0061C1   953 _CSPPROG1	=	0x61c1
                           0061C2   954 _CSPPROG2	=	0x61c2
                           0061C3   955 _CSPPROG3	=	0x61c3
                           0061C4   956 _CSPPROG4	=	0x61c4
                           0061C5   957 _CSPPROG5	=	0x61c5
                           0061C6   958 _CSPPROG6	=	0x61c6
                           0061C7   959 _CSPPROG7	=	0x61c7
                           0061C8   960 _CSPPROG8	=	0x61c8
                           0061C9   961 _CSPPROG9	=	0x61c9
                           0061CA   962 _CSPPROG10	=	0x61ca
                           0061CB   963 _CSPPROG11	=	0x61cb
                           0061CC   964 _CSPPROG12	=	0x61cc
                           0061CD   965 _CSPPROG13	=	0x61cd
                           0061CE   966 _CSPPROG14	=	0x61ce
                           0061CF   967 _CSPPROG15	=	0x61cf
                           0061D0   968 _CSPPROG16	=	0x61d0
                           0061D1   969 _CSPPROG17	=	0x61d1
                           0061D2   970 _CSPPROG18	=	0x61d2
                           0061D3   971 _CSPPROG19	=	0x61d3
                           0061D4   972 _CSPPROG20	=	0x61d4
                           0061D5   973 _CSPPROG21	=	0x61d5
                           0061D6   974 _CSPPROG22	=	0x61d6
                           0061D7   975 _CSPPROG23	=	0x61d7
                           0061E0   976 _CSPCTRL	=	0x61e0
                           0061E1   977 _CSPSTAT	=	0x61e1
                           0061E2   978 _CSPX	=	0x61e2
                           0061E3   979 _CSPY	=	0x61e3
                           0061E4   980 _CSPZ	=	0x61e4
                           0061E5   981 _CSPT	=	0x61e5
                           006200   982 _USBADDR	=	0x6200
                           006201   983 _USBPOW	=	0x6201
                           006202   984 _USBIIF	=	0x6202
                           006204   985 _USBOIF	=	0x6204
                           006206   986 _USBCIF	=	0x6206
                           006207   987 _USBIIE	=	0x6207
                           006209   988 _USBOIE	=	0x6209
                           00620B   989 _USBCIE	=	0x620b
                           00620C   990 _USBFRML	=	0x620c
                           00620D   991 _USBFRMH	=	0x620d
                           00620E   992 _USBINDEX	=	0x620e
                           00620F   993 _USBCTRL	=	0x620f
                           006210   994 _USBMAXI	=	0x6210
                           006211   995 _USBCS0	=	0x6211
                           006211   996 _USBCSIL	=	0x6211
                           006212   997 _USBCSIH	=	0x6212
                           006213   998 _USBMAXO	=	0x6213
                           006214   999 _USBCSOL	=	0x6214
                           006215  1000 _USBCSOH	=	0x6215
                           006216  1001 _USBCNT0	=	0x6216
                           006216  1002 _USBCNTL	=	0x6216
                           006217  1003 _USBCNTH	=	0x6217
                           006220  1004 _USBF0	=	0x6220
                           006222  1005 _USBF1	=	0x6222
                           006224  1006 _USBF2	=	0x6224
                           006226  1007 _USBF3	=	0x6226
                           006228  1008 _USBF4	=	0x6228
                           00622A  1009 _USBF5	=	0x622a
                           007080  1010 _X_P0	=	0x7080
                           007086  1011 _X_U0CSR	=	0x7086
                           007089  1012 _X_P0IFG	=	0x7089
                           00708A  1013 _X_P1IFG	=	0x708a
                           00708B  1014 _X_P2IFG	=	0x708b
                           00708C  1015 _X_PICTL	=	0x708c
                           00708D  1016 _X_P1IEN	=	0x708d
                           00708F  1017 _X_P0INP	=	0x708f
                           007090  1018 _X_P1	=	0x7090
                           007091  1019 _X_RFIRQF1	=	0x7091
                           007093  1020 _X_MPAGE	=	0x7093
                           007093  1021 _X__XPAGE	=	0x7093
                           007094  1022 _X_T2CTRL	=	0x7094
                           007095  1023 _X_ST0	=	0x7095
                           007096  1024 _X_ST1	=	0x7096
                           007097  1025 _X_ST2	=	0x7097
                           00709C  1026 _X_T2EVTCFG	=	0x709c
                           00709D  1027 _X_SLEEPSTA	=	0x709d
                           00709E  1028 _X_CLKCONSTA	=	0x709e
                           00709F  1029 _X_FMAP	=	0x709f
                           00709F  1030 _X_PSBANK	=	0x709f
                           0070A0  1031 _X_P2	=	0x70a0
                           0070A1  1032 _X_T2IRQF	=	0x70a1
                           0070A2  1033 _X_T2M0	=	0x70a2
                           0070A3  1034 _X_T2M1	=	0x70a3
                           0070A4  1035 _X_T2MOVF0	=	0x70a4
                           0070A5  1036 _X_T2MOVF1	=	0x70a5
                           0070A6  1037 _X_T2MOVF2	=	0x70a6
                           0070A7  1038 _X_T2IRQM	=	0x70a7
                           0070AB  1039 _X_P0IEN	=	0x70ab
                           0070AC  1040 _X_P2IEN	=	0x70ac
                           0070AD  1041 _X_STLOAD	=	0x70ad
                           0070AE  1042 _X_PMUX	=	0x70ae
                           0070AF  1043 _X_T1STAT	=	0x70af
                           0070B1  1044 _X_ENCDI	=	0x70b1
                           0070B2  1045 _X_ENCDO	=	0x70b2
                           0070B3  1046 _X_ENCCS	=	0x70b3
                           0070B4  1047 _X_ADCCON1	=	0x70b4
                           0070B5  1048 _X_ADCCON2	=	0x70b5
                           0070B6  1049 _X_ADCCON3	=	0x70b6
                           0070BA  1050 _X_ADCL	=	0x70ba
                           0070BB  1051 _X_ADCH	=	0x70bb
                           0070BC  1052 _X_RNDL	=	0x70bc
                           0070BD  1053 _X_RNDH	=	0x70bd
                           0070BE  1054 _X_SLEEPCMD	=	0x70be
                           0070BF  1055 _X_RFERRF	=	0x70bf
                           0070C1  1056 _X_U0DBUF	=	0x70c1
                           0070C2  1057 _X_U0BAUD	=	0x70c2
                           0070C3  1058 _X_T2MSEL	=	0x70c3
                           0070C4  1059 _X_U0UCR	=	0x70c4
                           0070C5  1060 _X_U0GCR	=	0x70c5
                           0070C6  1061 _X_CLKCONCMD	=	0x70c6
                           0070C7  1062 _X_MEMCTR	=	0x70c7
                           0070C9  1063 _X_WDCTL	=	0x70c9
                           0070CA  1064 _X_T3CNT	=	0x70ca
                           0070CB  1065 _X_T3CTL	=	0x70cb
                           0070CC  1066 _X_T3CCTL0	=	0x70cc
                           0070CD  1067 _X_T3CC0	=	0x70cd
                           0070CE  1068 _X_T3CCTL1	=	0x70ce
                           0070CF  1069 _X_T3CC1	=	0x70cf
                           0070D1  1070 _X_DMAIRQ	=	0x70d1
                           0070D2  1071 _X_DMA1CFGL	=	0x70d2
                           0070D3  1072 _X_DMA1CFGH	=	0x70d3
                           0070D4  1073 _X_DMA0CFGL	=	0x70d4
                           0070D5  1074 _X_DMA0CFGH	=	0x70d5
                           0070D6  1075 _X_DMAARM	=	0x70d6
                           0070D7  1076 _X_DMAREQ	=	0x70d7
                           0070D8  1077 _X_TIMIF	=	0x70d8
                           0070D9  1078 _X_RFD	=	0x70d9
                           0070DA  1079 _X_T1CC0L	=	0x70da
                           0070DB  1080 _X_T1CC0H	=	0x70db
                           0070DC  1081 _X_T1CC1L	=	0x70dc
                           0070DD  1082 _X_T1CC1H	=	0x70dd
                           0070DE  1083 _X_T1CC2L	=	0x70de
                           0070DF  1084 _X_T1CC2H	=	0x70df
                           0070E1  1085 _X_RFST	=	0x70e1
                           0070E2  1086 _X_T1CNTL	=	0x70e2
                           0070E3  1087 _X_T1CNTH	=	0x70e3
                           0070E4  1088 _X_T1CTL	=	0x70e4
                           0070E5  1089 _X_T1CCTL0	=	0x70e5
                           0070E6  1090 _X_T1CCTL1	=	0x70e6
                           0070E7  1091 _X_T1CCTL2	=	0x70e7
                           0070E9  1092 _X_RFIRQF0	=	0x70e9
                           0070EA  1093 _X_T4CNT	=	0x70ea
                           0070EB  1094 _X_T4CTL	=	0x70eb
                           0070EC  1095 _X_T4CCTL0	=	0x70ec
                           0070ED  1096 _X_T4CC0	=	0x70ed
                           0070EE  1097 _X_T4CCTL1	=	0x70ee
                           0070EF  1098 _X_T4CC1	=	0x70ef
                           0070F1  1099 _X_PERCFG	=	0x70f1
                           0070F2  1100 _X_APCFG	=	0x70f2
                           0070F3  1101 _X_P0SEL	=	0x70f3
                           0070F4  1102 _X_P1SEL	=	0x70f4
                           0070F5  1103 _X_P2SEL	=	0x70f5
                           0070F6  1104 _X_P1INP	=	0x70f6
                           0070F7  1105 _X_P2INP	=	0x70f7
                           0070F8  1106 _X_U1CSR	=	0x70f8
                           0070F9  1107 _X_U1DBUF	=	0x70f9
                           0070FA  1108 _X_U1BAUD	=	0x70fa
                           0070FB  1109 _X_U1UCR	=	0x70fb
                           0070FC  1110 _X_U1GCR	=	0x70fc
                           0070FD  1111 _X_P0DIR	=	0x70fd
                           0070FE  1112 _X_P1DIR	=	0x70fe
                           0070FF  1113 _X_P2DIR	=	0x70ff
                           007800  1114 _X_INFOPAGE	=	0x7800
                           00780C  1115 _X_IEEE_ADDR	=	0x780c
      000000                       1116 _next_rtimer:
      000000                       1117 	.ds 3
                                   1118 ;--------------------------------------------------------
                                   1119 ; absolute external ram data
                                   1120 ;--------------------------------------------------------
                                   1121 	.area XABS    (ABS,XDATA)
                                   1122 ;--------------------------------------------------------
                                   1123 ; external initialized ram data
                                   1124 ;--------------------------------------------------------
                                   1125 	.area XISEG   (XDATA)
                                   1126 	.area HOME    (CODE)
                                   1127 	.area GSINIT0 (CODE)
                                   1128 	.area GSINIT1 (CODE)
                                   1129 	.area GSINIT2 (CODE)
                                   1130 	.area GSINIT3 (CODE)
                                   1131 	.area GSINIT4 (CODE)
                                   1132 	.area GSINIT5 (CODE)
                                   1133 	.area GSINIT  (CODE)
                                   1134 	.area GSFINAL (CODE)
                                   1135 	.area CSEG    (CODE)
                                   1136 ;--------------------------------------------------------
                                   1137 ; global & static initialisations
                                   1138 ;--------------------------------------------------------
                                   1139 	.area HOME    (CODE)
                                   1140 	.area GSINIT  (CODE)
                                   1141 	.area GSFINAL (CODE)
                                   1142 	.area GSINIT  (CODE)
                                   1143 ;--------------------------------------------------------
                                   1144 ; Home
                                   1145 ;--------------------------------------------------------
                                   1146 	.area HOME    (CODE)
                                   1147 	.area HOME    (CODE)
                                   1148 ;--------------------------------------------------------
                                   1149 ; code
                                   1150 ;--------------------------------------------------------
                                   1151 	.area CSEG    (CODE)
                                   1152 ;------------------------------------------------------------
                                   1153 ;Allocation info for local variables in function 'rtimer_init'
                                   1154 ;------------------------------------------------------------
                                   1155 ;	../contiki-sensinode/core/sys/rtimer.c:62: rtimer_init(void)
                                   1156 ;	-----------------------------------------
                                   1157 ;	 function rtimer_init
                                   1158 ;	-----------------------------------------
      000000                       1159 _rtimer_init:
                           000007  1160 	ar7 = 0x07
                           000006  1161 	ar6 = 0x06
                           000005  1162 	ar5 = 0x05
                           000004  1163 	ar4 = 0x04
                           000003  1164 	ar3 = 0x03
                           000002  1165 	ar2 = 0x02
                           000001  1166 	ar1 = 0x01
                           000000  1167 	ar0 = 0x00
                                   1168 ;	../contiki-sensinode/core/sys/rtimer.c:64: rtimer_arch_init();
      000000 02r00r00         [24] 1169 	ljmp	_rtimer_arch_init
                                   1170 ;------------------------------------------------------------
                                   1171 ;Allocation info for local variables in function 'rtimer_set'
                                   1172 ;------------------------------------------------------------
                                   1173 ;time                      Allocated to stack - sp -5
                                   1174 ;duration                  Allocated to stack - sp -7
                                   1175 ;func                      Allocated to stack - sp -9
                                   1176 ;ptr                       Allocated to stack - sp -12
                                   1177 ;rtimer                    Allocated to registers r5 r6 r7 
                                   1178 ;first                     Allocated to stack - sp -1
                                   1179 ;------------------------------------------------------------
                                   1180 ;	../contiki-sensinode/core/sys/rtimer.c:68: rtimer_set(struct rtimer *rtimer, rtimer_clock_t time,
                                   1181 ;	-----------------------------------------
                                   1182 ;	 function rtimer_set
                                   1183 ;	-----------------------------------------
      000003                       1184 _rtimer_set:
      000003 05 81            [12] 1185 	inc	sp
      000005 05 81            [12] 1186 	inc	sp
      000007 AD 82            [24] 1187 	mov	r5,dpl
      000009 AE 83            [24] 1188 	mov	r6,dph
      00000B AF F0            [24] 1189 	mov	r7,b
                                   1190 ;	../contiki-sensinode/core/sys/rtimer.c:72: int first = 0;
      00000D A8 81            [24] 1191 	mov	r0,sp
      00000F 18               [12] 1192 	dec	r0
      000010 E4               [12] 1193 	clr	a
      000011 F6               [12] 1194 	mov	@r0,a
      000012 08               [12] 1195 	inc	r0
      000013 F6               [12] 1196 	mov	@r0,a
                                   1197 ;	../contiki-sensinode/core/sys/rtimer.c:76: if(next_rtimer == NULL) {
      000014 90r00r00         [24] 1198 	mov	dptr,#_next_rtimer
      000017 E0               [24] 1199 	movx	a,@dptr
      000018 FA               [12] 1200 	mov	r2,a
      000019 A3               [24] 1201 	inc	dptr
      00001A E0               [24] 1202 	movx	a,@dptr
      00001B FB               [12] 1203 	mov	r3,a
      00001C A3               [24] 1204 	inc	dptr
      00001D E0               [24] 1205 	movx	a,@dptr
      00001E FC               [12] 1206 	mov	r4,a
      00001F EA               [12] 1207 	mov	a,r2
      000020 4B               [12] 1208 	orl	a,r3
      000021 70 08            [24] 1209 	jnz	00102$
                                   1210 ;	../contiki-sensinode/core/sys/rtimer.c:77: first = 1;
      000023 A8 81            [24] 1211 	mov	r0,sp
      000025 18               [12] 1212 	dec	r0
      000026 76 01            [12] 1213 	mov	@r0,#0x01
      000028 08               [12] 1214 	inc	r0
      000029 76 00            [12] 1215 	mov	@r0,#0x00
      00002B                       1216 00102$:
                                   1217 ;	../contiki-sensinode/core/sys/rtimer.c:80: rtimer->func = func;
      00002B 74 02            [12] 1218 	mov	a,#0x02
      00002D 2D               [12] 1219 	add	a,r5
      00002E FA               [12] 1220 	mov	r2,a
      00002F E4               [12] 1221 	clr	a
      000030 3E               [12] 1222 	addc	a,r6
      000031 FB               [12] 1223 	mov	r3,a
      000032 8F 04            [24] 1224 	mov	ar4,r7
      000034 8A 82            [24] 1225 	mov	dpl,r2
      000036 8B 83            [24] 1226 	mov	dph,r3
      000038 8C F0            [24] 1227 	mov	b,r4
      00003A E5 81            [12] 1228 	mov	a,sp
      00003C 24 F7            [12] 1229 	add	a,#0xf7
      00003E F8               [12] 1230 	mov	r0,a
      00003F E6               [12] 1231 	mov	a,@r0
      000040 12r00r00         [24] 1232 	lcall	__gptrput
      000043 A3               [24] 1233 	inc	dptr
      000044 08               [12] 1234 	inc	r0
      000045 E6               [12] 1235 	mov	a,@r0
      000046 12r00r00         [24] 1236 	lcall	__gptrput
                                   1237 ;	../contiki-sensinode/core/sys/rtimer.c:81: rtimer->ptr = ptr;
      000049 74 04            [12] 1238 	mov	a,#0x04
      00004B 2D               [12] 1239 	add	a,r5
      00004C FA               [12] 1240 	mov	r2,a
      00004D E4               [12] 1241 	clr	a
      00004E 3E               [12] 1242 	addc	a,r6
      00004F FB               [12] 1243 	mov	r3,a
      000050 8F 04            [24] 1244 	mov	ar4,r7
      000052 8A 82            [24] 1245 	mov	dpl,r2
      000054 8B 83            [24] 1246 	mov	dph,r3
      000056 8C F0            [24] 1247 	mov	b,r4
      000058 E5 81            [12] 1248 	mov	a,sp
      00005A 24 F4            [12] 1249 	add	a,#0xf4
      00005C F8               [12] 1250 	mov	r0,a
      00005D E6               [12] 1251 	mov	a,@r0
      00005E 12r00r00         [24] 1252 	lcall	__gptrput
      000061 A3               [24] 1253 	inc	dptr
      000062 08               [12] 1254 	inc	r0
      000063 E6               [12] 1255 	mov	a,@r0
      000064 12r00r00         [24] 1256 	lcall	__gptrput
      000067 A3               [24] 1257 	inc	dptr
      000068 08               [12] 1258 	inc	r0
      000069 E6               [12] 1259 	mov	a,@r0
      00006A 12r00r00         [24] 1260 	lcall	__gptrput
                                   1261 ;	../contiki-sensinode/core/sys/rtimer.c:83: rtimer->time = time;
      00006D 8D 82            [24] 1262 	mov	dpl,r5
      00006F 8E 83            [24] 1263 	mov	dph,r6
      000071 8F F0            [24] 1264 	mov	b,r7
      000073 E5 81            [12] 1265 	mov	a,sp
      000075 24 FB            [12] 1266 	add	a,#0xfb
      000077 F8               [12] 1267 	mov	r0,a
      000078 E6               [12] 1268 	mov	a,@r0
      000079 12r00r00         [24] 1269 	lcall	__gptrput
      00007C A3               [24] 1270 	inc	dptr
      00007D 08               [12] 1271 	inc	r0
      00007E E6               [12] 1272 	mov	a,@r0
      00007F 12r00r00         [24] 1273 	lcall	__gptrput
                                   1274 ;	../contiki-sensinode/core/sys/rtimer.c:84: next_rtimer = rtimer;
      000082 90r00r00         [24] 1275 	mov	dptr,#_next_rtimer
      000085 ED               [12] 1276 	mov	a,r5
      000086 F0               [24] 1277 	movx	@dptr,a
      000087 EE               [12] 1278 	mov	a,r6
      000088 A3               [24] 1279 	inc	dptr
      000089 F0               [24] 1280 	movx	@dptr,a
      00008A EF               [12] 1281 	mov	a,r7
      00008B A3               [24] 1282 	inc	dptr
      00008C F0               [24] 1283 	movx	@dptr,a
                                   1284 ;	../contiki-sensinode/core/sys/rtimer.c:86: if(first == 1) {
      00008D A8 81            [24] 1285 	mov	r0,sp
      00008F 18               [12] 1286 	dec	r0
      000090 B6 01 11         [24] 1287 	cjne	@r0,#0x01,00104$
      000093 08               [12] 1288 	inc	r0
      000094 B6 00 0D         [24] 1289 	cjne	@r0,#0x00,00104$
                                   1290 ;	../contiki-sensinode/core/sys/rtimer.c:87: rtimer_arch_schedule(time);
      000097 E5 81            [12] 1291 	mov	a,sp
      000099 24 FB            [12] 1292 	add	a,#0xfb
      00009B F8               [12] 1293 	mov	r0,a
      00009C 86 82            [24] 1294 	mov	dpl,@r0
      00009E 08               [12] 1295 	inc	r0
      00009F 86 83            [24] 1296 	mov	dph,@r0
      0000A1 12r00r00         [24] 1297 	lcall	_rtimer_arch_schedule
      0000A4                       1298 00104$:
                                   1299 ;	../contiki-sensinode/core/sys/rtimer.c:89: return RTIMER_OK;
      0000A4 90 00 00         [24] 1300 	mov	dptr,#0x0000
      0000A7 15 81            [12] 1301 	dec	sp
      0000A9 15 81            [12] 1302 	dec	sp
      0000AB 22               [24] 1303 	ret
                                   1304 ;------------------------------------------------------------
                                   1305 ;Allocation info for local variables in function 'rtimer_run_next'
                                   1306 ;------------------------------------------------------------
                                   1307 ;t                         Allocated to stack - sp -2
                                   1308 ;------------------------------------------------------------
                                   1309 ;	../contiki-sensinode/core/sys/rtimer.c:93: rtimer_run_next(void)
                                   1310 ;	-----------------------------------------
                                   1311 ;	 function rtimer_run_next
                                   1312 ;	-----------------------------------------
      0000AC                       1313 _rtimer_run_next:
      0000AC 05 81            [12] 1314 	inc	sp
      0000AE 05 81            [12] 1315 	inc	sp
      0000B0 05 81            [12] 1316 	inc	sp
                                   1317 ;	../contiki-sensinode/core/sys/rtimer.c:96: if(next_rtimer == NULL) {
      0000B2 90r00r00         [24] 1318 	mov	dptr,#_next_rtimer
      0000B5 E0               [24] 1319 	movx	a,@dptr
      0000B6 FD               [12] 1320 	mov	r5,a
      0000B7 A3               [24] 1321 	inc	dptr
      0000B8 E0               [24] 1322 	movx	a,@dptr
      0000B9 FE               [12] 1323 	mov	r6,a
      0000BA A3               [24] 1324 	inc	dptr
      0000BB E0               [24] 1325 	movx	a,@dptr
      0000BC FF               [12] 1326 	mov	r7,a
      0000BD ED               [12] 1327 	mov	a,r5
      0000BE 4E               [12] 1328 	orl	a,r6
      0000BF 70 03            [24] 1329 	jnz	00102$
                                   1330 ;	../contiki-sensinode/core/sys/rtimer.c:97: return;
      0000C1 02r01r6A         [24] 1331 	ljmp	00105$
      0000C4                       1332 00102$:
                                   1333 ;	../contiki-sensinode/core/sys/rtimer.c:99: t = next_rtimer;
      0000C4 A8 81            [24] 1334 	mov	r0,sp
      0000C6 18               [12] 1335 	dec	r0
      0000C7 18               [12] 1336 	dec	r0
      0000C8 A6 05            [24] 1337 	mov	@r0,ar5
      0000CA 08               [12] 1338 	inc	r0
      0000CB A6 06            [24] 1339 	mov	@r0,ar6
      0000CD 08               [12] 1340 	inc	r0
      0000CE A6 07            [24] 1341 	mov	@r0,ar7
                                   1342 ;	../contiki-sensinode/core/sys/rtimer.c:100: next_rtimer = NULL;
      0000D0 90r00r00         [24] 1343 	mov	dptr,#_next_rtimer
      0000D3 E4               [12] 1344 	clr	a
      0000D4 F0               [24] 1345 	movx	@dptr,a
      0000D5 A3               [24] 1346 	inc	dptr
      0000D6 F0               [24] 1347 	movx	@dptr,a
      0000D7 A3               [24] 1348 	inc	dptr
      0000D8 F0               [24] 1349 	movx	@dptr,a
                                   1350 ;	../contiki-sensinode/core/sys/rtimer.c:101: t->func(t, t->ptr);
      0000D9 A8 81            [24] 1351 	mov	r0,sp
      0000DB 18               [12] 1352 	dec	r0
      0000DC 18               [12] 1353 	dec	r0
      0000DD 74 02            [12] 1354 	mov	a,#0x02
      0000DF 26               [12] 1355 	add	a,@r0
      0000E0 FA               [12] 1356 	mov	r2,a
      0000E1 E4               [12] 1357 	clr	a
      0000E2 08               [12] 1358 	inc	r0
      0000E3 36               [12] 1359 	addc	a,@r0
      0000E4 FB               [12] 1360 	mov	r3,a
      0000E5 08               [12] 1361 	inc	r0
      0000E6 86 04            [24] 1362 	mov	ar4,@r0
      0000E8 8A 82            [24] 1363 	mov	dpl,r2
      0000EA 8B 83            [24] 1364 	mov	dph,r3
      0000EC 8C F0            [24] 1365 	mov	b,r4
      0000EE 12r00r00         [24] 1366 	lcall	__gptrget
      0000F1 FA               [12] 1367 	mov	r2,a
      0000F2 A3               [24] 1368 	inc	dptr
      0000F3 12r00r00         [24] 1369 	lcall	__gptrget
      0000F6 FB               [12] 1370 	mov	r3,a
      0000F7 A8 81            [24] 1371 	mov	r0,sp
      0000F9 18               [12] 1372 	dec	r0
      0000FA 18               [12] 1373 	dec	r0
      0000FB 74 04            [12] 1374 	mov	a,#0x04
      0000FD 26               [12] 1375 	add	a,@r0
      0000FE FC               [12] 1376 	mov	r4,a
      0000FF E4               [12] 1377 	clr	a
      000100 08               [12] 1378 	inc	r0
      000101 36               [12] 1379 	addc	a,@r0
      000102 FE               [12] 1380 	mov	r6,a
      000103 08               [12] 1381 	inc	r0
      000104 86 07            [24] 1382 	mov	ar7,@r0
      000106 8C 82            [24] 1383 	mov	dpl,r4
      000108 8E 83            [24] 1384 	mov	dph,r6
      00010A 8F F0            [24] 1385 	mov	b,r7
      00010C 12r00r00         [24] 1386 	lcall	__gptrget
      00010F FC               [12] 1387 	mov	r4,a
      000110 A3               [24] 1388 	inc	dptr
      000111 12r00r00         [24] 1389 	lcall	__gptrget
      000114 FE               [12] 1390 	mov	r6,a
      000115 A3               [24] 1391 	inc	dptr
      000116 12r00r00         [24] 1392 	lcall	__gptrget
      000119 FF               [12] 1393 	mov	r7,a
      00011A C0 03            [24] 1394 	push	ar3
      00011C C0 02            [24] 1395 	push	ar2
      00011E C0 04            [24] 1396 	push	ar4
      000120 C0 06            [24] 1397 	push	ar6
      000122 C0 07            [24] 1398 	push	ar7
      000124 12r01r29         [24] 1399 	lcall	00114$
      000127 80 12            [24] 1400 	sjmp	00115$
      000129                       1401 00114$:
      000129 C0 02            [24] 1402 	push	ar2
      00012B C0 03            [24] 1403 	push	ar3
      00012D E5 81            [12] 1404 	mov	a,sp
      00012F 24 F5            [12] 1405 	add	a,#0xf5
      000131 F8               [12] 1406 	mov	r0,a
      000132 86 82            [24] 1407 	mov	dpl,@r0
      000134 08               [12] 1408 	inc	r0
      000135 86 83            [24] 1409 	mov	dph,@r0
      000137 08               [12] 1410 	inc	r0
      000138 86 F0            [24] 1411 	mov	b,@r0
      00013A 22               [24] 1412 	ret
      00013B                       1413 00115$:
      00013B 15 81            [12] 1414 	dec	sp
      00013D 15 81            [12] 1415 	dec	sp
      00013F 15 81            [12] 1416 	dec	sp
      000141 D0 02            [24] 1417 	pop	ar2
      000143 D0 03            [24] 1418 	pop	ar3
                                   1419 ;	../contiki-sensinode/core/sys/rtimer.c:102: if(next_rtimer != NULL) {
      000145 90r00r00         [24] 1420 	mov	dptr,#_next_rtimer
      000148 E0               [24] 1421 	movx	a,@dptr
      000149 FD               [12] 1422 	mov	r5,a
      00014A A3               [24] 1423 	inc	dptr
      00014B E0               [24] 1424 	movx	a,@dptr
      00014C FE               [12] 1425 	mov	r6,a
      00014D A3               [24] 1426 	inc	dptr
      00014E E0               [24] 1427 	movx	a,@dptr
      00014F FF               [12] 1428 	mov	r7,a
      000150 ED               [12] 1429 	mov	a,r5
      000151 4E               [12] 1430 	orl	a,r6
      000152 60 16            [24] 1431 	jz	00104$
                                   1432 ;	../contiki-sensinode/core/sys/rtimer.c:103: rtimer_arch_schedule(next_rtimer->time);
      000154 8D 82            [24] 1433 	mov	dpl,r5
      000156 8E 83            [24] 1434 	mov	dph,r6
      000158 8F F0            [24] 1435 	mov	b,r7
      00015A 12r00r00         [24] 1436 	lcall	__gptrget
      00015D FD               [12] 1437 	mov	r5,a
      00015E A3               [24] 1438 	inc	dptr
      00015F 12r00r00         [24] 1439 	lcall	__gptrget
      000162 FE               [12] 1440 	mov	r6,a
      000163 8D 82            [24] 1441 	mov	dpl,r5
      000165 8E 83            [24] 1442 	mov	dph,r6
      000167 12r00r00         [24] 1443 	lcall	_rtimer_arch_schedule
      00016A                       1444 00104$:
                                   1445 ;	../contiki-sensinode/core/sys/rtimer.c:105: return;
      00016A                       1446 00105$:
      00016A 15 81            [12] 1447 	dec	sp
      00016C 15 81            [12] 1448 	dec	sp
      00016E 15 81            [12] 1449 	dec	sp
      000170 22               [24] 1450 	ret
                                   1451 	.area CSEG    (CODE)
                                   1452 	.area CONST   (CODE)
                                   1453 	.area XINIT   (CODE)
                                   1454 	.area CABS    (ABS,CODE)
