                                      1 ;--------------------------------------------------------
                                      2 ; File Created by SDCC : free open source ANSI-C Compiler
                                      3 ; Version 3.4.0 #8981 (Oct 24 2015) (Linux)
                                      4 ; This file was generated Sun Oct 25 01:52:23 2015
                                      5 ;--------------------------------------------------------
                                      6 	.module rtimer_arch
                                      7 	.optsdcc -mmcs51 --model-large
                                      8 	
                                      9 ;--------------------------------------------------------
                                     10 ; Public variables in this module
                                     11 ;--------------------------------------------------------
                                     12 	.globl _rtimer_run_next
                                     13 	.globl _ACTIVE
                                     14 	.globl _TX_BYTE
                                     15 	.globl _RX_BYTE
                                     16 	.globl _ERR
                                     17 	.globl _FE
                                     18 	.globl _SLAVE
                                     19 	.globl _RE
                                     20 	.globl _MODE
                                     21 	.globl _T3OVFIF
                                     22 	.globl _T3CH0IF
                                     23 	.globl _T3CH1IF
                                     24 	.globl _T4OVFIF
                                     25 	.globl _T4CH0IF
                                     26 	.globl _T4CH1IF
                                     27 	.globl _OVFIM
                                     28 	.globl _B_0
                                     29 	.globl _B_1
                                     30 	.globl _B_2
                                     31 	.globl _B_3
                                     32 	.globl _B_4
                                     33 	.globl _B_5
                                     34 	.globl _B_6
                                     35 	.globl _B_7
                                     36 	.globl _P2IF
                                     37 	.globl _UTX0IF
                                     38 	.globl _UTX1IF
                                     39 	.globl _P1IF
                                     40 	.globl _WDTIF
                                     41 	.globl _ACC_0
                                     42 	.globl _ACC_1
                                     43 	.globl _ACC_2
                                     44 	.globl _ACC_3
                                     45 	.globl _ACC_4
                                     46 	.globl _ACC_5
                                     47 	.globl _ACC_6
                                     48 	.globl _ACC_7
                                     49 	.globl _P
                                     50 	.globl _F1
                                     51 	.globl _OV
                                     52 	.globl _RS0
                                     53 	.globl _RS1
                                     54 	.globl _F0
                                     55 	.globl _AC
                                     56 	.globl _CY
                                     57 	.globl _DMAIF
                                     58 	.globl _T1IF
                                     59 	.globl _T2IF
                                     60 	.globl _T3IF
                                     61 	.globl _T4IF
                                     62 	.globl _P0IF
                                     63 	.globl _STIF
                                     64 	.globl _DMAIE
                                     65 	.globl _T1IE
                                     66 	.globl _T2IE
                                     67 	.globl _T3IE
                                     68 	.globl _T4IE
                                     69 	.globl _P0IE
                                     70 	.globl _RFERRIE
                                     71 	.globl _ADCIE
                                     72 	.globl _URX0IE
                                     73 	.globl _URX1IE
                                     74 	.globl _ENCIE
                                     75 	.globl _STIE
                                     76 	.globl _EA
                                     77 	.globl _P2_0
                                     78 	.globl _P2_1
                                     79 	.globl _P2_2
                                     80 	.globl _P2_3
                                     81 	.globl _P2_4
                                     82 	.globl _P2_5
                                     83 	.globl _P2_6
                                     84 	.globl _P2_7
                                     85 	.globl _ENCIF_0
                                     86 	.globl _ENCIF_1
                                     87 	.globl _P1_0
                                     88 	.globl _P1_1
                                     89 	.globl _P1_2
                                     90 	.globl _P1_3
                                     91 	.globl _P1_4
                                     92 	.globl _P1_5
                                     93 	.globl _P1_6
                                     94 	.globl _P1_7
                                     95 	.globl _IT0
                                     96 	.globl _RFERRIF
                                     97 	.globl _IT1
                                     98 	.globl _URX0IF
                                     99 	.globl _ADCIF
                                    100 	.globl _URX1IF
                                    101 	.globl _P0_0
                                    102 	.globl _P0_1
                                    103 	.globl _P0_2
                                    104 	.globl _P0_3
                                    105 	.globl _P0_4
                                    106 	.globl _P0_5
                                    107 	.globl _P0_6
                                    108 	.globl _P0_7
                                    109 	.globl _WDCTL
                                    110 	.globl _U1GCR
                                    111 	.globl _U1UCR
                                    112 	.globl _U1BAUD
                                    113 	.globl _U1DBUF
                                    114 	.globl _U1CSR
                                    115 	.globl _U0GCR
                                    116 	.globl _U0UCR
                                    117 	.globl _U0BAUD
                                    118 	.globl _U0DBUF
                                    119 	.globl _U0CSR
                                    120 	.globl _TIMIF
                                    121 	.globl _T4CC1
                                    122 	.globl _T4CCTL1
                                    123 	.globl _T4CC0
                                    124 	.globl _T4CCTL0
                                    125 	.globl _T4CTL
                                    126 	.globl _T4CNT
                                    127 	.globl _T3CC1
                                    128 	.globl _T3CCTL1
                                    129 	.globl _T3CC0
                                    130 	.globl _T3CCTL0
                                    131 	.globl _T3CTL
                                    132 	.globl _T3CNT
                                    133 	.globl _T2MSEL
                                    134 	.globl _T2IRQM
                                    135 	.globl _T2MOVF2
                                    136 	.globl _T2MOVF1
                                    137 	.globl _T2MOVF0
                                    138 	.globl _T2M1
                                    139 	.globl _T2M0
                                    140 	.globl _T2IRQF
                                    141 	.globl _T2EVTCFG
                                    142 	.globl _T2CTRL
                                    143 	.globl _T1STAT
                                    144 	.globl _T1CCTL2
                                    145 	.globl _T1CCTL1
                                    146 	.globl _T1CCTL0
                                    147 	.globl _T1CTL
                                    148 	.globl _T1CNTH
                                    149 	.globl _T1CNTL
                                    150 	.globl _T1CC2H
                                    151 	.globl _T1CC2L
                                    152 	.globl _T1CC1H
                                    153 	.globl _T1CC1L
                                    154 	.globl _T1CC0H
                                    155 	.globl _T1CC0L
                                    156 	.globl _CLKCONSTA
                                    157 	.globl _CLKCONCMD
                                    158 	.globl _SLEEPSTA
                                    159 	.globl _SLEEPCMD
                                    160 	.globl _STLOAD
                                    161 	.globl _ST2
                                    162 	.globl _ST1
                                    163 	.globl _ST0
                                    164 	.globl _RFERRF
                                    165 	.globl _RFIRQF0
                                    166 	.globl _RFST
                                    167 	.globl _RFD
                                    168 	.globl _RFIRQF1
                                    169 	.globl _PSBANK
                                    170 	.globl _FMAP
                                    171 	.globl _MEMCTR
                                    172 	.globl __XPAGE
                                    173 	.globl _MPAGE
                                    174 	.globl _PMUX
                                    175 	.globl _P2DIR
                                    176 	.globl _P1DIR
                                    177 	.globl _P0DIR
                                    178 	.globl _P2INP
                                    179 	.globl _P1INP
                                    180 	.globl _P2SEL
                                    181 	.globl _P1SEL
                                    182 	.globl _P0SEL
                                    183 	.globl _APCFG
                                    184 	.globl _PERCFG
                                    185 	.globl _P0INP
                                    186 	.globl _P2IEN
                                    187 	.globl _P1IEN
                                    188 	.globl _P0IEN
                                    189 	.globl _PICTL
                                    190 	.globl _P2IFG
                                    191 	.globl _P1IFG
                                    192 	.globl _P0IFG
                                    193 	.globl _DMAREQ
                                    194 	.globl _DMAARM
                                    195 	.globl _DMA0CFGH
                                    196 	.globl _DMA0CFGL
                                    197 	.globl _DMA1CFGH
                                    198 	.globl _DMA1CFGL
                                    199 	.globl _DMAIRQ
                                    200 	.globl _ENCCS
                                    201 	.globl _ENCDO
                                    202 	.globl _ENCDI
                                    203 	.globl _RNDH
                                    204 	.globl _RNDL
                                    205 	.globl _ADCH
                                    206 	.globl _ADCL
                                    207 	.globl _ADCCON3
                                    208 	.globl _ADCCON2
                                    209 	.globl _ADCCON1
                                    210 	.globl _B
                                    211 	.globl _IRCON2
                                    212 	.globl _ACC
                                    213 	.globl _PSW
                                    214 	.globl _IRCON
                                    215 	.globl _IP1
                                    216 	.globl _IEN1
                                    217 	.globl _IP0
                                    218 	.globl _IEN0
                                    219 	.globl _P2
                                    220 	.globl _S1CON
                                    221 	.globl _IEN2
                                    222 	.globl _S0CON
                                    223 	.globl _DPS
                                    224 	.globl _P1
                                    225 	.globl _TCON
                                    226 	.globl _PCON
                                    227 	.globl _DPH1
                                    228 	.globl _DPL1
                                    229 	.globl _DPH0
                                    230 	.globl _DPL0
                                    231 	.globl _SP
                                    232 	.globl _P0
                                    233 	.globl _X_IEEE_ADDR
                                    234 	.globl _X_INFOPAGE
                                    235 	.globl _X_P2DIR
                                    236 	.globl _X_P1DIR
                                    237 	.globl _X_P0DIR
                                    238 	.globl _X_U1GCR
                                    239 	.globl _X_U1UCR
                                    240 	.globl _X_U1BAUD
                                    241 	.globl _X_U1DBUF
                                    242 	.globl _X_U1CSR
                                    243 	.globl _X_P2INP
                                    244 	.globl _X_P1INP
                                    245 	.globl _X_P2SEL
                                    246 	.globl _X_P1SEL
                                    247 	.globl _X_P0SEL
                                    248 	.globl _X_APCFG
                                    249 	.globl _X_PERCFG
                                    250 	.globl _X_T4CC1
                                    251 	.globl _X_T4CCTL1
                                    252 	.globl _X_T4CC0
                                    253 	.globl _X_T4CCTL0
                                    254 	.globl _X_T4CTL
                                    255 	.globl _X_T4CNT
                                    256 	.globl _X_RFIRQF0
                                    257 	.globl _X_T1CCTL2
                                    258 	.globl _X_T1CCTL1
                                    259 	.globl _X_T1CCTL0
                                    260 	.globl _X_T1CTL
                                    261 	.globl _X_T1CNTH
                                    262 	.globl _X_T1CNTL
                                    263 	.globl _X_RFST
                                    264 	.globl _X_T1CC2H
                                    265 	.globl _X_T1CC2L
                                    266 	.globl _X_T1CC1H
                                    267 	.globl _X_T1CC1L
                                    268 	.globl _X_T1CC0H
                                    269 	.globl _X_T1CC0L
                                    270 	.globl _X_RFD
                                    271 	.globl _X_TIMIF
                                    272 	.globl _X_DMAREQ
                                    273 	.globl _X_DMAARM
                                    274 	.globl _X_DMA0CFGH
                                    275 	.globl _X_DMA0CFGL
                                    276 	.globl _X_DMA1CFGH
                                    277 	.globl _X_DMA1CFGL
                                    278 	.globl _X_DMAIRQ
                                    279 	.globl _X_T3CC1
                                    280 	.globl _X_T3CCTL1
                                    281 	.globl _X_T3CC0
                                    282 	.globl _X_T3CCTL0
                                    283 	.globl _X_T3CTL
                                    284 	.globl _X_T3CNT
                                    285 	.globl _X_WDCTL
                                    286 	.globl _X_MEMCTR
                                    287 	.globl _X_CLKCONCMD
                                    288 	.globl _X_U0GCR
                                    289 	.globl _X_U0UCR
                                    290 	.globl _X_T2MSEL
                                    291 	.globl _X_U0BAUD
                                    292 	.globl _X_U0DBUF
                                    293 	.globl _X_RFERRF
                                    294 	.globl _X_SLEEPCMD
                                    295 	.globl _X_RNDH
                                    296 	.globl _X_RNDL
                                    297 	.globl _X_ADCH
                                    298 	.globl _X_ADCL
                                    299 	.globl _X_ADCCON3
                                    300 	.globl _X_ADCCON2
                                    301 	.globl _X_ADCCON1
                                    302 	.globl _X_ENCCS
                                    303 	.globl _X_ENCDO
                                    304 	.globl _X_ENCDI
                                    305 	.globl _X_T1STAT
                                    306 	.globl _X_PMUX
                                    307 	.globl _X_STLOAD
                                    308 	.globl _X_P2IEN
                                    309 	.globl _X_P0IEN
                                    310 	.globl _X_T2IRQM
                                    311 	.globl _X_T2MOVF2
                                    312 	.globl _X_T2MOVF1
                                    313 	.globl _X_T2MOVF0
                                    314 	.globl _X_T2M1
                                    315 	.globl _X_T2M0
                                    316 	.globl _X_T2IRQF
                                    317 	.globl _X_P2
                                    318 	.globl _X_PSBANK
                                    319 	.globl _X_FMAP
                                    320 	.globl _X_CLKCONSTA
                                    321 	.globl _X_SLEEPSTA
                                    322 	.globl _X_T2EVTCFG
                                    323 	.globl _X_ST2
                                    324 	.globl _X_ST1
                                    325 	.globl _X_ST0
                                    326 	.globl _X_T2CTRL
                                    327 	.globl _X__XPAGE
                                    328 	.globl _X_MPAGE
                                    329 	.globl _X_RFIRQF1
                                    330 	.globl _X_P1
                                    331 	.globl _X_P0INP
                                    332 	.globl _X_P1IEN
                                    333 	.globl _X_PICTL
                                    334 	.globl _X_P2IFG
                                    335 	.globl _X_P1IFG
                                    336 	.globl _X_P0IFG
                                    337 	.globl _X_U0CSR
                                    338 	.globl _X_P0
                                    339 	.globl _USBF5
                                    340 	.globl _USBF4
                                    341 	.globl _USBF3
                                    342 	.globl _USBF2
                                    343 	.globl _USBF1
                                    344 	.globl _USBF0
                                    345 	.globl _USBCNTH
                                    346 	.globl _USBCNTL
                                    347 	.globl _USBCNT0
                                    348 	.globl _USBCSOH
                                    349 	.globl _USBCSOL
                                    350 	.globl _USBMAXO
                                    351 	.globl _USBCSIH
                                    352 	.globl _USBCSIL
                                    353 	.globl _USBCS0
                                    354 	.globl _USBMAXI
                                    355 	.globl _USBCTRL
                                    356 	.globl _USBINDEX
                                    357 	.globl _USBFRMH
                                    358 	.globl _USBFRML
                                    359 	.globl _USBCIE
                                    360 	.globl _USBOIE
                                    361 	.globl _USBIIE
                                    362 	.globl _USBCIF
                                    363 	.globl _USBOIF
                                    364 	.globl _USBIIF
                                    365 	.globl _USBPOW
                                    366 	.globl _USBADDR
                                    367 	.globl _CSPT
                                    368 	.globl _CSPZ
                                    369 	.globl _CSPY
                                    370 	.globl _CSPX
                                    371 	.globl _CSPSTAT
                                    372 	.globl _CSPCTRL
                                    373 	.globl _CSPPROG23
                                    374 	.globl _CSPPROG22
                                    375 	.globl _CSPPROG21
                                    376 	.globl _CSPPROG20
                                    377 	.globl _CSPPROG19
                                    378 	.globl _CSPPROG18
                                    379 	.globl _CSPPROG17
                                    380 	.globl _CSPPROG16
                                    381 	.globl _CSPPROG15
                                    382 	.globl _CSPPROG14
                                    383 	.globl _CSPPROG13
                                    384 	.globl _CSPPROG12
                                    385 	.globl _CSPPROG11
                                    386 	.globl _CSPPROG10
                                    387 	.globl _CSPPROG9
                                    388 	.globl _CSPPROG8
                                    389 	.globl _CSPPROG7
                                    390 	.globl _CSPPROG6
                                    391 	.globl _CSPPROG5
                                    392 	.globl _CSPPROG4
                                    393 	.globl _CSPPROG3
                                    394 	.globl _CSPPROG2
                                    395 	.globl _CSPPROG1
                                    396 	.globl _CSPPROG0
                                    397 	.globl _RFC_OBS_CTRL2
                                    398 	.globl _RFC_OBS_CTRL1
                                    399 	.globl _RFC_OBS_CTRL0
                                    400 	.globl _TXFILTCFG
                                    401 	.globl _PTEST1
                                    402 	.globl _PTEST0
                                    403 	.globl _ATEST
                                    404 	.globl _DACTEST2
                                    405 	.globl _DACTEST1
                                    406 	.globl _DACTEST0
                                    407 	.globl _MDMTEST1
                                    408 	.globl _MDMTEST0
                                    409 	.globl _ADCTEST2
                                    410 	.globl _ADCTEST1
                                    411 	.globl _ADCTEST0
                                    412 	.globl _AGCCTRL3
                                    413 	.globl _AGCCTRL2
                                    414 	.globl _AGCCTRL1
                                    415 	.globl _AGCCTRL0
                                    416 	.globl _FSCAL3
                                    417 	.globl _FSCAL2
                                    418 	.globl _FSCAL1
                                    419 	.globl _FSCAL0
                                    420 	.globl _FSCTRL
                                    421 	.globl _RXCTRL
                                    422 	.globl _FREQEST
                                    423 	.globl _MDMCTRL1
                                    424 	.globl _MDMCTRL0
                                    425 	.globl _RFRND
                                    426 	.globl _RFERRM
                                    427 	.globl _RFIRQM1
                                    428 	.globl _RFIRQM0
                                    429 	.globl _TXLAST_PTR
                                    430 	.globl _TXFIRST_PTR
                                    431 	.globl _RXP1_PTR
                                    432 	.globl _RXLAST_PTR
                                    433 	.globl _RXFIRST_PTR
                                    434 	.globl _TXFIFOCNT
                                    435 	.globl _RXFIFOCNT
                                    436 	.globl _RXFIRST
                                    437 	.globl _RSSISTAT
                                    438 	.globl _RSSI
                                    439 	.globl _CCACTRL1
                                    440 	.globl _CCACTRL0
                                    441 	.globl _FSMCTRL
                                    442 	.globl _FIFOPCTRL
                                    443 	.globl _FSMSTAT1
                                    444 	.globl _FSMSTAT0
                                    445 	.globl _TXCTRL
                                    446 	.globl _TXPOWER
                                    447 	.globl _FREQCTRL
                                    448 	.globl _FREQTUNE
                                    449 	.globl _RXMASKCLR
                                    450 	.globl _RXMASKSET
                                    451 	.globl _RXENABLE
                                    452 	.globl _FRMCTRL1
                                    453 	.globl _FRMCTRL0
                                    454 	.globl _SRCEXTEN2
                                    455 	.globl _SRCEXTEN1
                                    456 	.globl _SRCEXTEN0
                                    457 	.globl _SRCSHORTEN2
                                    458 	.globl _SRCSHORTEN1
                                    459 	.globl _SRCSHORTEN0
                                    460 	.globl _SRCMATCH
                                    461 	.globl _FRMFILT1
                                    462 	.globl _FRMFILT0
                                    463 	.globl _SHORT_ADDR1
                                    464 	.globl _SHORT_ADDR0
                                    465 	.globl _PAN_ID1
                                    466 	.globl _PAN_ID0
                                    467 	.globl _EXT_ADDR7
                                    468 	.globl _EXT_ADDR6
                                    469 	.globl _EXT_ADDR5
                                    470 	.globl _EXT_ADDR4
                                    471 	.globl _EXT_ADDR3
                                    472 	.globl _EXT_ADDR2
                                    473 	.globl _EXT_ADDR1
                                    474 	.globl _EXT_ADDR0
                                    475 	.globl _SRCSHORTPENDEN2
                                    476 	.globl _SRCSHORTPENDEN1
                                    477 	.globl _SRCSHORTPENDEN0
                                    478 	.globl _SRCEXTPENDEN2
                                    479 	.globl _SRCEXTPENDEN1
                                    480 	.globl _SRCEXTPENDEN0
                                    481 	.globl _SRCRESINDEX
                                    482 	.globl _SRCRESMASK2
                                    483 	.globl _SRCRESMASK1
                                    484 	.globl _SRCRESMASK0
                                    485 	.globl _SRC_ADDR_TABLE
                                    486 	.globl _TXFIFO
                                    487 	.globl _RXFIFO
                                    488 	.globl _RFCORE_RAM
                                    489 	.globl _CMPCTL
                                    490 	.globl _OPAMPS
                                    491 	.globl _OPAMPC
                                    492 	.globl _STCV2
                                    493 	.globl _STCV1
                                    494 	.globl _STCV0
                                    495 	.globl _STCS
                                    496 	.globl _STCC
                                    497 	.globl _T1CC4H
                                    498 	.globl _T1CC4L
                                    499 	.globl _T1CC3H
                                    500 	.globl _T1CC3L
                                    501 	.globl _XX_T1CC2H
                                    502 	.globl _XX_T1CC2L
                                    503 	.globl _XX_T1CC1H
                                    504 	.globl _XX_T1CC1L
                                    505 	.globl _XX_T1CC0H
                                    506 	.globl _XX_T1CC0L
                                    507 	.globl _T1CCTL4
                                    508 	.globl _T1CCTL3
                                    509 	.globl _XX_T1CCTL2
                                    510 	.globl _XX_T1CCTL1
                                    511 	.globl _XX_T1CCTL0
                                    512 	.globl _CLD
                                    513 	.globl _IRCTL
                                    514 	.globl _CHIPINFO1
                                    515 	.globl _CHIPINFO0
                                    516 	.globl _FWDATA
                                    517 	.globl _FADDRH
                                    518 	.globl _FADDRL
                                    519 	.globl _FCTL
                                    520 	.globl _IVCTRL
                                    521 	.globl _BATTMON
                                    522 	.globl _SRCRC
                                    523 	.globl _DBGDATA
                                    524 	.globl _TESTREG0
                                    525 	.globl _CHIPID
                                    526 	.globl _CHVER
                                    527 	.globl _OBSSEL5
                                    528 	.globl _OBSSEL4
                                    529 	.globl _OBSSEL3
                                    530 	.globl _OBSSEL2
                                    531 	.globl _OBSSEL1
                                    532 	.globl _OBSSEL0
                                    533 	.globl _I2CIO
                                    534 	.globl _I2CWC
                                    535 	.globl _I2CADDR
                                    536 	.globl _I2CDATA
                                    537 	.globl _I2CSTAT
                                    538 	.globl _I2CCFG
                                    539 	.globl _OPAMPMC
                                    540 	.globl _MONMUX
                                    541 	.globl _rtimer_arch_init
                                    542 	.globl _rtimer_arch_schedule
                                    543 	.globl _rtimer_isr
                                    544 ;--------------------------------------------------------
                                    545 ; special function registers
                                    546 ;--------------------------------------------------------
                                    547 	.area RSEG    (ABS,DATA)
      000000                        548 	.org 0x0000
                           000080   549 _P0	=	0x0080
                           000081   550 _SP	=	0x0081
                           000082   551 _DPL0	=	0x0082
                           000083   552 _DPH0	=	0x0083
                           000084   553 _DPL1	=	0x0084
                           000085   554 _DPH1	=	0x0085
                           000087   555 _PCON	=	0x0087
                           000088   556 _TCON	=	0x0088
                           000090   557 _P1	=	0x0090
                           000092   558 _DPS	=	0x0092
                           000098   559 _S0CON	=	0x0098
                           00009A   560 _IEN2	=	0x009a
                           00009B   561 _S1CON	=	0x009b
                           0000A0   562 _P2	=	0x00a0
                           0000A8   563 _IEN0	=	0x00a8
                           0000A9   564 _IP0	=	0x00a9
                           0000B8   565 _IEN1	=	0x00b8
                           0000B9   566 _IP1	=	0x00b9
                           0000C0   567 _IRCON	=	0x00c0
                           0000D0   568 _PSW	=	0x00d0
                           0000E0   569 _ACC	=	0x00e0
                           0000E8   570 _IRCON2	=	0x00e8
                           0000F0   571 _B	=	0x00f0
                           0000B4   572 _ADCCON1	=	0x00b4
                           0000B5   573 _ADCCON2	=	0x00b5
                           0000B6   574 _ADCCON3	=	0x00b6
                           0000BA   575 _ADCL	=	0x00ba
                           0000BB   576 _ADCH	=	0x00bb
                           0000BC   577 _RNDL	=	0x00bc
                           0000BD   578 _RNDH	=	0x00bd
                           0000B1   579 _ENCDI	=	0x00b1
                           0000B2   580 _ENCDO	=	0x00b2
                           0000B3   581 _ENCCS	=	0x00b3
                           0000D1   582 _DMAIRQ	=	0x00d1
                           0000D2   583 _DMA1CFGL	=	0x00d2
                           0000D3   584 _DMA1CFGH	=	0x00d3
                           0000D4   585 _DMA0CFGL	=	0x00d4
                           0000D5   586 _DMA0CFGH	=	0x00d5
                           0000D6   587 _DMAARM	=	0x00d6
                           0000D7   588 _DMAREQ	=	0x00d7
                           000089   589 _P0IFG	=	0x0089
                           00008A   590 _P1IFG	=	0x008a
                           00008B   591 _P2IFG	=	0x008b
                           00008C   592 _PICTL	=	0x008c
                           0000AB   593 _P0IEN	=	0x00ab
                           00008D   594 _P1IEN	=	0x008d
                           0000AC   595 _P2IEN	=	0x00ac
                           00008F   596 _P0INP	=	0x008f
                           0000F1   597 _PERCFG	=	0x00f1
                           0000F2   598 _APCFG	=	0x00f2
                           0000F3   599 _P0SEL	=	0x00f3
                           0000F4   600 _P1SEL	=	0x00f4
                           0000F5   601 _P2SEL	=	0x00f5
                           0000F6   602 _P1INP	=	0x00f6
                           0000F7   603 _P2INP	=	0x00f7
                           0000FD   604 _P0DIR	=	0x00fd
                           0000FE   605 _P1DIR	=	0x00fe
                           0000FF   606 _P2DIR	=	0x00ff
                           0000AE   607 _PMUX	=	0x00ae
                           000093   608 _MPAGE	=	0x0093
                           000093   609 __XPAGE	=	0x0093
                           0000C7   610 _MEMCTR	=	0x00c7
                           00009F   611 _FMAP	=	0x009f
                           00009F   612 _PSBANK	=	0x009f
                           000091   613 _RFIRQF1	=	0x0091
                           0000D9   614 _RFD	=	0x00d9
                           0000E1   615 _RFST	=	0x00e1
                           0000E9   616 _RFIRQF0	=	0x00e9
                           0000BF   617 _RFERRF	=	0x00bf
                           000095   618 _ST0	=	0x0095
                           000096   619 _ST1	=	0x0096
                           000097   620 _ST2	=	0x0097
                           0000AD   621 _STLOAD	=	0x00ad
                           0000BE   622 _SLEEPCMD	=	0x00be
                           00009D   623 _SLEEPSTA	=	0x009d
                           0000C6   624 _CLKCONCMD	=	0x00c6
                           00009E   625 _CLKCONSTA	=	0x009e
                           0000DA   626 _T1CC0L	=	0x00da
                           0000DB   627 _T1CC0H	=	0x00db
                           0000DC   628 _T1CC1L	=	0x00dc
                           0000DD   629 _T1CC1H	=	0x00dd
                           0000DE   630 _T1CC2L	=	0x00de
                           0000DF   631 _T1CC2H	=	0x00df
                           0000E2   632 _T1CNTL	=	0x00e2
                           0000E3   633 _T1CNTH	=	0x00e3
                           0000E4   634 _T1CTL	=	0x00e4
                           0000E5   635 _T1CCTL0	=	0x00e5
                           0000E6   636 _T1CCTL1	=	0x00e6
                           0000E7   637 _T1CCTL2	=	0x00e7
                           0000AF   638 _T1STAT	=	0x00af
                           000094   639 _T2CTRL	=	0x0094
                           00009C   640 _T2EVTCFG	=	0x009c
                           0000A1   641 _T2IRQF	=	0x00a1
                           0000A2   642 _T2M0	=	0x00a2
                           0000A3   643 _T2M1	=	0x00a3
                           0000A4   644 _T2MOVF0	=	0x00a4
                           0000A5   645 _T2MOVF1	=	0x00a5
                           0000A6   646 _T2MOVF2	=	0x00a6
                           0000A7   647 _T2IRQM	=	0x00a7
                           0000C3   648 _T2MSEL	=	0x00c3
                           0000CA   649 _T3CNT	=	0x00ca
                           0000CB   650 _T3CTL	=	0x00cb
                           0000CC   651 _T3CCTL0	=	0x00cc
                           0000CD   652 _T3CC0	=	0x00cd
                           0000CE   653 _T3CCTL1	=	0x00ce
                           0000CF   654 _T3CC1	=	0x00cf
                           0000EA   655 _T4CNT	=	0x00ea
                           0000EB   656 _T4CTL	=	0x00eb
                           0000EC   657 _T4CCTL0	=	0x00ec
                           0000ED   658 _T4CC0	=	0x00ed
                           0000EE   659 _T4CCTL1	=	0x00ee
                           0000EF   660 _T4CC1	=	0x00ef
                           0000D8   661 _TIMIF	=	0x00d8
                           000086   662 _U0CSR	=	0x0086
                           0000C1   663 _U0DBUF	=	0x00c1
                           0000C2   664 _U0BAUD	=	0x00c2
                           0000C4   665 _U0UCR	=	0x00c4
                           0000C5   666 _U0GCR	=	0x00c5
                           0000F8   667 _U1CSR	=	0x00f8
                           0000F9   668 _U1DBUF	=	0x00f9
                           0000FA   669 _U1BAUD	=	0x00fa
                           0000FB   670 _U1UCR	=	0x00fb
                           0000FC   671 _U1GCR	=	0x00fc
                           0000C9   672 _WDCTL	=	0x00c9
                                    673 ;--------------------------------------------------------
                                    674 ; special function bits
                                    675 ;--------------------------------------------------------
                                    676 	.area RSEG    (ABS,DATA)
      000000                        677 	.org 0x0000
                           000087   678 _P0_7	=	0x0087
                           000086   679 _P0_6	=	0x0086
                           000085   680 _P0_5	=	0x0085
                           000084   681 _P0_4	=	0x0084
                           000083   682 _P0_3	=	0x0083
                           000082   683 _P0_2	=	0x0082
                           000081   684 _P0_1	=	0x0081
                           000080   685 _P0_0	=	0x0080
                           00008F   686 _URX1IF	=	0x008f
                           00008D   687 _ADCIF	=	0x008d
                           00008B   688 _URX0IF	=	0x008b
                           00008A   689 _IT1	=	0x008a
                           000089   690 _RFERRIF	=	0x0089
                           000088   691 _IT0	=	0x0088
                           000097   692 _P1_7	=	0x0097
                           000096   693 _P1_6	=	0x0096
                           000095   694 _P1_5	=	0x0095
                           000094   695 _P1_4	=	0x0094
                           000093   696 _P1_3	=	0x0093
                           000092   697 _P1_2	=	0x0092
                           000091   698 _P1_1	=	0x0091
                           000090   699 _P1_0	=	0x0090
                           000099   700 _ENCIF_1	=	0x0099
                           000098   701 _ENCIF_0	=	0x0098
                           0000A7   702 _P2_7	=	0x00a7
                           0000A6   703 _P2_6	=	0x00a6
                           0000A5   704 _P2_5	=	0x00a5
                           0000A4   705 _P2_4	=	0x00a4
                           0000A3   706 _P2_3	=	0x00a3
                           0000A2   707 _P2_2	=	0x00a2
                           0000A1   708 _P2_1	=	0x00a1
                           0000A0   709 _P2_0	=	0x00a0
                           0000AF   710 _EA	=	0x00af
                           0000AD   711 _STIE	=	0x00ad
                           0000AC   712 _ENCIE	=	0x00ac
                           0000AB   713 _URX1IE	=	0x00ab
                           0000AA   714 _URX0IE	=	0x00aa
                           0000A9   715 _ADCIE	=	0x00a9
                           0000A8   716 _RFERRIE	=	0x00a8
                           0000BD   717 _P0IE	=	0x00bd
                           0000BC   718 _T4IE	=	0x00bc
                           0000BB   719 _T3IE	=	0x00bb
                           0000BA   720 _T2IE	=	0x00ba
                           0000B9   721 _T1IE	=	0x00b9
                           0000B8   722 _DMAIE	=	0x00b8
                           0000C7   723 _STIF	=	0x00c7
                           0000C5   724 _P0IF	=	0x00c5
                           0000C4   725 _T4IF	=	0x00c4
                           0000C3   726 _T3IF	=	0x00c3
                           0000C2   727 _T2IF	=	0x00c2
                           0000C1   728 _T1IF	=	0x00c1
                           0000C0   729 _DMAIF	=	0x00c0
                           0000D7   730 _CY	=	0x00d7
                           0000D6   731 _AC	=	0x00d6
                           0000D5   732 _F0	=	0x00d5
                           0000D4   733 _RS1	=	0x00d4
                           0000D3   734 _RS0	=	0x00d3
                           0000D2   735 _OV	=	0x00d2
                           0000D1   736 _F1	=	0x00d1
                           0000D0   737 _P	=	0x00d0
                           0000E7   738 _ACC_7	=	0x00e7
                           0000E6   739 _ACC_6	=	0x00e6
                           0000E5   740 _ACC_5	=	0x00e5
                           0000E4   741 _ACC_4	=	0x00e4
                           0000E3   742 _ACC_3	=	0x00e3
                           0000E2   743 _ACC_2	=	0x00e2
                           0000E1   744 _ACC_1	=	0x00e1
                           0000E0   745 _ACC_0	=	0x00e0
                           0000EC   746 _WDTIF	=	0x00ec
                           0000EB   747 _P1IF	=	0x00eb
                           0000EA   748 _UTX1IF	=	0x00ea
                           0000E9   749 _UTX0IF	=	0x00e9
                           0000E8   750 _P2IF	=	0x00e8
                           0000F7   751 _B_7	=	0x00f7
                           0000F6   752 _B_6	=	0x00f6
                           0000F5   753 _B_5	=	0x00f5
                           0000F4   754 _B_4	=	0x00f4
                           0000F3   755 _B_3	=	0x00f3
                           0000F2   756 _B_2	=	0x00f2
                           0000F1   757 _B_1	=	0x00f1
                           0000F0   758 _B_0	=	0x00f0
                           0000DE   759 _OVFIM	=	0x00de
                           0000DD   760 _T4CH1IF	=	0x00dd
                           0000DC   761 _T4CH0IF	=	0x00dc
                           0000DB   762 _T4OVFIF	=	0x00db
                           0000DA   763 _T3CH1IF	=	0x00da
                           0000D9   764 _T3CH0IF	=	0x00d9
                           0000D8   765 _T3OVFIF	=	0x00d8
                           0000FF   766 _MODE	=	0x00ff
                           0000FE   767 _RE	=	0x00fe
                           0000FD   768 _SLAVE	=	0x00fd
                           0000FC   769 _FE	=	0x00fc
                           0000FB   770 _ERR	=	0x00fb
                           0000FA   771 _RX_BYTE	=	0x00fa
                           0000F9   772 _TX_BYTE	=	0x00f9
                           0000F8   773 _ACTIVE	=	0x00f8
                                    774 ;--------------------------------------------------------
                                    775 ; overlayable register banks
                                    776 ;--------------------------------------------------------
                                    777 	.area REG_BANK_0	(REL,OVR,DATA)
      000000                        778 	.ds 8
                                    779 ;--------------------------------------------------------
                                    780 ; overlayable bit register bank
                                    781 ;--------------------------------------------------------
                                    782 	.area BIT_BANK	(REL,OVR,DATA)
      000000                        783 bits:
      000000                        784 	.ds 1
                           008000   785 	b0 = bits[0]
                           008100   786 	b1 = bits[1]
                           008200   787 	b2 = bits[2]
                           008300   788 	b3 = bits[3]
                           008400   789 	b4 = bits[4]
                           008500   790 	b5 = bits[5]
                           008600   791 	b6 = bits[6]
                           008700   792 	b7 = bits[7]
                                    793 ;--------------------------------------------------------
                                    794 ; internal ram data
                                    795 ;--------------------------------------------------------
                                    796 	.area DSEG    (DATA)
                                    797 ;--------------------------------------------------------
                                    798 ; overlayable items in internal ram 
                                    799 ;--------------------------------------------------------
                                    800 ;--------------------------------------------------------
                                    801 ; indirectly addressable internal ram data
                                    802 ;--------------------------------------------------------
                                    803 	.area ISEG    (DATA)
                                    804 ;--------------------------------------------------------
                                    805 ; absolute internal ram data
                                    806 ;--------------------------------------------------------
                                    807 	.area IABS    (ABS,DATA)
                                    808 	.area IABS    (ABS,DATA)
                                    809 ;--------------------------------------------------------
                                    810 ; bit data
                                    811 ;--------------------------------------------------------
                                    812 	.area BSEG    (BIT)
                                    813 ;--------------------------------------------------------
                                    814 ; paged external ram data
                                    815 ;--------------------------------------------------------
                                    816 	.area PSEG    (PAG,XDATA)
                                    817 ;--------------------------------------------------------
                                    818 ; external ram data
                                    819 ;--------------------------------------------------------
                                    820 	.area XSEG    (XDATA)
                           0061A6   821 _MONMUX	=	0x61a6
                           0061A6   822 _OPAMPMC	=	0x61a6
                           006230   823 _I2CCFG	=	0x6230
                           006231   824 _I2CSTAT	=	0x6231
                           006232   825 _I2CDATA	=	0x6232
                           006233   826 _I2CADDR	=	0x6233
                           006234   827 _I2CWC	=	0x6234
                           006235   828 _I2CIO	=	0x6235
                           006243   829 _OBSSEL0	=	0x6243
                           006244   830 _OBSSEL1	=	0x6244
                           006245   831 _OBSSEL2	=	0x6245
                           006246   832 _OBSSEL3	=	0x6246
                           006247   833 _OBSSEL4	=	0x6247
                           006248   834 _OBSSEL5	=	0x6248
                           006249   835 _CHVER	=	0x6249
                           00624A   836 _CHIPID	=	0x624a
                           00624B   837 _TESTREG0	=	0x624b
                           006260   838 _DBGDATA	=	0x6260
                           006262   839 _SRCRC	=	0x6262
                           006264   840 _BATTMON	=	0x6264
                           006265   841 _IVCTRL	=	0x6265
                           006270   842 _FCTL	=	0x6270
                           006271   843 _FADDRL	=	0x6271
                           006272   844 _FADDRH	=	0x6272
                           006273   845 _FWDATA	=	0x6273
                           006276   846 _CHIPINFO0	=	0x6276
                           006277   847 _CHIPINFO1	=	0x6277
                           006281   848 _IRCTL	=	0x6281
                           006290   849 _CLD	=	0x6290
                           0062A0   850 _XX_T1CCTL0	=	0x62a0
                           0062A1   851 _XX_T1CCTL1	=	0x62a1
                           0062A2   852 _XX_T1CCTL2	=	0x62a2
                           0062A3   853 _T1CCTL3	=	0x62a3
                           0062A4   854 _T1CCTL4	=	0x62a4
                           0062A6   855 _XX_T1CC0L	=	0x62a6
                           0062A7   856 _XX_T1CC0H	=	0x62a7
                           0062A8   857 _XX_T1CC1L	=	0x62a8
                           0062A9   858 _XX_T1CC1H	=	0x62a9
                           0062AA   859 _XX_T1CC2L	=	0x62aa
                           0062AB   860 _XX_T1CC2H	=	0x62ab
                           0062AC   861 _T1CC3L	=	0x62ac
                           0062AD   862 _T1CC3H	=	0x62ad
                           0062AE   863 _T1CC4L	=	0x62ae
                           0062AF   864 _T1CC4H	=	0x62af
                           0062B0   865 _STCC	=	0x62b0
                           0062B1   866 _STCS	=	0x62b1
                           0062B2   867 _STCV0	=	0x62b2
                           0062B3   868 _STCV1	=	0x62b3
                           0062B4   869 _STCV2	=	0x62b4
                           0062C0   870 _OPAMPC	=	0x62c0
                           0062C1   871 _OPAMPS	=	0x62c1
                           0062D0   872 _CMPCTL	=	0x62d0
                           006000   873 _RFCORE_RAM	=	0x6000
                           006000   874 _RXFIFO	=	0x6000
                           006080   875 _TXFIFO	=	0x6080
                           006100   876 _SRC_ADDR_TABLE	=	0x6100
                           006160   877 _SRCRESMASK0	=	0x6160
                           006161   878 _SRCRESMASK1	=	0x6161
                           006162   879 _SRCRESMASK2	=	0x6162
                           006163   880 _SRCRESINDEX	=	0x6163
                           006164   881 _SRCEXTPENDEN0	=	0x6164
                           006165   882 _SRCEXTPENDEN1	=	0x6165
                           006166   883 _SRCEXTPENDEN2	=	0x6166
                           006167   884 _SRCSHORTPENDEN0	=	0x6167
                           006168   885 _SRCSHORTPENDEN1	=	0x6168
                           006169   886 _SRCSHORTPENDEN2	=	0x6169
                           00616A   887 _EXT_ADDR0	=	0x616a
                           00616B   888 _EXT_ADDR1	=	0x616b
                           00616C   889 _EXT_ADDR2	=	0x616c
                           00616D   890 _EXT_ADDR3	=	0x616d
                           00616E   891 _EXT_ADDR4	=	0x616e
                           00616F   892 _EXT_ADDR5	=	0x616f
                           006170   893 _EXT_ADDR6	=	0x6170
                           006171   894 _EXT_ADDR7	=	0x6171
                           006172   895 _PAN_ID0	=	0x6172
                           006173   896 _PAN_ID1	=	0x6173
                           006174   897 _SHORT_ADDR0	=	0x6174
                           006175   898 _SHORT_ADDR1	=	0x6175
                           006180   899 _FRMFILT0	=	0x6180
                           006181   900 _FRMFILT1	=	0x6181
                           006182   901 _SRCMATCH	=	0x6182
                           006183   902 _SRCSHORTEN0	=	0x6183
                           006184   903 _SRCSHORTEN1	=	0x6184
                           006185   904 _SRCSHORTEN2	=	0x6185
                           006186   905 _SRCEXTEN0	=	0x6186
                           006187   906 _SRCEXTEN1	=	0x6187
                           006188   907 _SRCEXTEN2	=	0x6188
                           006189   908 _FRMCTRL0	=	0x6189
                           00618A   909 _FRMCTRL1	=	0x618a
                           00618B   910 _RXENABLE	=	0x618b
                           00618C   911 _RXMASKSET	=	0x618c
                           00618D   912 _RXMASKCLR	=	0x618d
                           00618E   913 _FREQTUNE	=	0x618e
                           00618F   914 _FREQCTRL	=	0x618f
                           006190   915 _TXPOWER	=	0x6190
                           006191   916 _TXCTRL	=	0x6191
                           006192   917 _FSMSTAT0	=	0x6192
                           006193   918 _FSMSTAT1	=	0x6193
                           006194   919 _FIFOPCTRL	=	0x6194
                           006195   920 _FSMCTRL	=	0x6195
                           006196   921 _CCACTRL0	=	0x6196
                           006197   922 _CCACTRL1	=	0x6197
                           006198   923 _RSSI	=	0x6198
                           006199   924 _RSSISTAT	=	0x6199
                           00619A   925 _RXFIRST	=	0x619a
                           00619B   926 _RXFIFOCNT	=	0x619b
                           00619C   927 _TXFIFOCNT	=	0x619c
                           00619D   928 _RXFIRST_PTR	=	0x619d
                           00619E   929 _RXLAST_PTR	=	0x619e
                           00619F   930 _RXP1_PTR	=	0x619f
                           0061A1   931 _TXFIRST_PTR	=	0x61a1
                           0061A2   932 _TXLAST_PTR	=	0x61a2
                           0061A3   933 _RFIRQM0	=	0x61a3
                           0061A4   934 _RFIRQM1	=	0x61a4
                           0061A5   935 _RFERRM	=	0x61a5
                           0061A7   936 _RFRND	=	0x61a7
                           0061A8   937 _MDMCTRL0	=	0x61a8
                           0061A9   938 _MDMCTRL1	=	0x61a9
                           0061AA   939 _FREQEST	=	0x61aa
                           0061AB   940 _RXCTRL	=	0x61ab
                           0061AC   941 _FSCTRL	=	0x61ac
                           0061AD   942 _FSCAL0	=	0x61ad
                           0061AE   943 _FSCAL1	=	0x61ae
                           0061AF   944 _FSCAL2	=	0x61af
                           0061B0   945 _FSCAL3	=	0x61b0
                           0061B1   946 _AGCCTRL0	=	0x61b1
                           0061B2   947 _AGCCTRL1	=	0x61b2
                           0061B3   948 _AGCCTRL2	=	0x61b3
                           0061B4   949 _AGCCTRL3	=	0x61b4
                           0061B5   950 _ADCTEST0	=	0x61b5
                           0061B6   951 _ADCTEST1	=	0x61b6
                           0061B7   952 _ADCTEST2	=	0x61b7
                           0061B8   953 _MDMTEST0	=	0x61b8
                           0061B9   954 _MDMTEST1	=	0x61b9
                           0061BA   955 _DACTEST0	=	0x61ba
                           0061BB   956 _DACTEST1	=	0x61bb
                           0061BC   957 _DACTEST2	=	0x61bc
                           0061BD   958 _ATEST	=	0x61bd
                           0061BE   959 _PTEST0	=	0x61be
                           0061BF   960 _PTEST1	=	0x61bf
                           0061FA   961 _TXFILTCFG	=	0x61fa
                           0061EB   962 _RFC_OBS_CTRL0	=	0x61eb
                           0061EC   963 _RFC_OBS_CTRL1	=	0x61ec
                           0061ED   964 _RFC_OBS_CTRL2	=	0x61ed
                           0061C0   965 _CSPPROG0	=	0x61c0
                           0061C1   966 _CSPPROG1	=	0x61c1
                           0061C2   967 _CSPPROG2	=	0x61c2
                           0061C3   968 _CSPPROG3	=	0x61c3
                           0061C4   969 _CSPPROG4	=	0x61c4
                           0061C5   970 _CSPPROG5	=	0x61c5
                           0061C6   971 _CSPPROG6	=	0x61c6
                           0061C7   972 _CSPPROG7	=	0x61c7
                           0061C8   973 _CSPPROG8	=	0x61c8
                           0061C9   974 _CSPPROG9	=	0x61c9
                           0061CA   975 _CSPPROG10	=	0x61ca
                           0061CB   976 _CSPPROG11	=	0x61cb
                           0061CC   977 _CSPPROG12	=	0x61cc
                           0061CD   978 _CSPPROG13	=	0x61cd
                           0061CE   979 _CSPPROG14	=	0x61ce
                           0061CF   980 _CSPPROG15	=	0x61cf
                           0061D0   981 _CSPPROG16	=	0x61d0
                           0061D1   982 _CSPPROG17	=	0x61d1
                           0061D2   983 _CSPPROG18	=	0x61d2
                           0061D3   984 _CSPPROG19	=	0x61d3
                           0061D4   985 _CSPPROG20	=	0x61d4
                           0061D5   986 _CSPPROG21	=	0x61d5
                           0061D6   987 _CSPPROG22	=	0x61d6
                           0061D7   988 _CSPPROG23	=	0x61d7
                           0061E0   989 _CSPCTRL	=	0x61e0
                           0061E1   990 _CSPSTAT	=	0x61e1
                           0061E2   991 _CSPX	=	0x61e2
                           0061E3   992 _CSPY	=	0x61e3
                           0061E4   993 _CSPZ	=	0x61e4
                           0061E5   994 _CSPT	=	0x61e5
                           006200   995 _USBADDR	=	0x6200
                           006201   996 _USBPOW	=	0x6201
                           006202   997 _USBIIF	=	0x6202
                           006204   998 _USBOIF	=	0x6204
                           006206   999 _USBCIF	=	0x6206
                           006207  1000 _USBIIE	=	0x6207
                           006209  1001 _USBOIE	=	0x6209
                           00620B  1002 _USBCIE	=	0x620b
                           00620C  1003 _USBFRML	=	0x620c
                           00620D  1004 _USBFRMH	=	0x620d
                           00620E  1005 _USBINDEX	=	0x620e
                           00620F  1006 _USBCTRL	=	0x620f
                           006210  1007 _USBMAXI	=	0x6210
                           006211  1008 _USBCS0	=	0x6211
                           006211  1009 _USBCSIL	=	0x6211
                           006212  1010 _USBCSIH	=	0x6212
                           006213  1011 _USBMAXO	=	0x6213
                           006214  1012 _USBCSOL	=	0x6214
                           006215  1013 _USBCSOH	=	0x6215
                           006216  1014 _USBCNT0	=	0x6216
                           006216  1015 _USBCNTL	=	0x6216
                           006217  1016 _USBCNTH	=	0x6217
                           006220  1017 _USBF0	=	0x6220
                           006222  1018 _USBF1	=	0x6222
                           006224  1019 _USBF2	=	0x6224
                           006226  1020 _USBF3	=	0x6226
                           006228  1021 _USBF4	=	0x6228
                           00622A  1022 _USBF5	=	0x622a
                           007080  1023 _X_P0	=	0x7080
                           007086  1024 _X_U0CSR	=	0x7086
                           007089  1025 _X_P0IFG	=	0x7089
                           00708A  1026 _X_P1IFG	=	0x708a
                           00708B  1027 _X_P2IFG	=	0x708b
                           00708C  1028 _X_PICTL	=	0x708c
                           00708D  1029 _X_P1IEN	=	0x708d
                           00708F  1030 _X_P0INP	=	0x708f
                           007090  1031 _X_P1	=	0x7090
                           007091  1032 _X_RFIRQF1	=	0x7091
                           007093  1033 _X_MPAGE	=	0x7093
                           007093  1034 _X__XPAGE	=	0x7093
                           007094  1035 _X_T2CTRL	=	0x7094
                           007095  1036 _X_ST0	=	0x7095
                           007096  1037 _X_ST1	=	0x7096
                           007097  1038 _X_ST2	=	0x7097
                           00709C  1039 _X_T2EVTCFG	=	0x709c
                           00709D  1040 _X_SLEEPSTA	=	0x709d
                           00709E  1041 _X_CLKCONSTA	=	0x709e
                           00709F  1042 _X_FMAP	=	0x709f
                           00709F  1043 _X_PSBANK	=	0x709f
                           0070A0  1044 _X_P2	=	0x70a0
                           0070A1  1045 _X_T2IRQF	=	0x70a1
                           0070A2  1046 _X_T2M0	=	0x70a2
                           0070A3  1047 _X_T2M1	=	0x70a3
                           0070A4  1048 _X_T2MOVF0	=	0x70a4
                           0070A5  1049 _X_T2MOVF1	=	0x70a5
                           0070A6  1050 _X_T2MOVF2	=	0x70a6
                           0070A7  1051 _X_T2IRQM	=	0x70a7
                           0070AB  1052 _X_P0IEN	=	0x70ab
                           0070AC  1053 _X_P2IEN	=	0x70ac
                           0070AD  1054 _X_STLOAD	=	0x70ad
                           0070AE  1055 _X_PMUX	=	0x70ae
                           0070AF  1056 _X_T1STAT	=	0x70af
                           0070B1  1057 _X_ENCDI	=	0x70b1
                           0070B2  1058 _X_ENCDO	=	0x70b2
                           0070B3  1059 _X_ENCCS	=	0x70b3
                           0070B4  1060 _X_ADCCON1	=	0x70b4
                           0070B5  1061 _X_ADCCON2	=	0x70b5
                           0070B6  1062 _X_ADCCON3	=	0x70b6
                           0070BA  1063 _X_ADCL	=	0x70ba
                           0070BB  1064 _X_ADCH	=	0x70bb
                           0070BC  1065 _X_RNDL	=	0x70bc
                           0070BD  1066 _X_RNDH	=	0x70bd
                           0070BE  1067 _X_SLEEPCMD	=	0x70be
                           0070BF  1068 _X_RFERRF	=	0x70bf
                           0070C1  1069 _X_U0DBUF	=	0x70c1
                           0070C2  1070 _X_U0BAUD	=	0x70c2
                           0070C3  1071 _X_T2MSEL	=	0x70c3
                           0070C4  1072 _X_U0UCR	=	0x70c4
                           0070C5  1073 _X_U0GCR	=	0x70c5
                           0070C6  1074 _X_CLKCONCMD	=	0x70c6
                           0070C7  1075 _X_MEMCTR	=	0x70c7
                           0070C9  1076 _X_WDCTL	=	0x70c9
                           0070CA  1077 _X_T3CNT	=	0x70ca
                           0070CB  1078 _X_T3CTL	=	0x70cb
                           0070CC  1079 _X_T3CCTL0	=	0x70cc
                           0070CD  1080 _X_T3CC0	=	0x70cd
                           0070CE  1081 _X_T3CCTL1	=	0x70ce
                           0070CF  1082 _X_T3CC1	=	0x70cf
                           0070D1  1083 _X_DMAIRQ	=	0x70d1
                           0070D2  1084 _X_DMA1CFGL	=	0x70d2
                           0070D3  1085 _X_DMA1CFGH	=	0x70d3
                           0070D4  1086 _X_DMA0CFGL	=	0x70d4
                           0070D5  1087 _X_DMA0CFGH	=	0x70d5
                           0070D6  1088 _X_DMAARM	=	0x70d6
                           0070D7  1089 _X_DMAREQ	=	0x70d7
                           0070D8  1090 _X_TIMIF	=	0x70d8
                           0070D9  1091 _X_RFD	=	0x70d9
                           0070DA  1092 _X_T1CC0L	=	0x70da
                           0070DB  1093 _X_T1CC0H	=	0x70db
                           0070DC  1094 _X_T1CC1L	=	0x70dc
                           0070DD  1095 _X_T1CC1H	=	0x70dd
                           0070DE  1096 _X_T1CC2L	=	0x70de
                           0070DF  1097 _X_T1CC2H	=	0x70df
                           0070E1  1098 _X_RFST	=	0x70e1
                           0070E2  1099 _X_T1CNTL	=	0x70e2
                           0070E3  1100 _X_T1CNTH	=	0x70e3
                           0070E4  1101 _X_T1CTL	=	0x70e4
                           0070E5  1102 _X_T1CCTL0	=	0x70e5
                           0070E6  1103 _X_T1CCTL1	=	0x70e6
                           0070E7  1104 _X_T1CCTL2	=	0x70e7
                           0070E9  1105 _X_RFIRQF0	=	0x70e9
                           0070EA  1106 _X_T4CNT	=	0x70ea
                           0070EB  1107 _X_T4CTL	=	0x70eb
                           0070EC  1108 _X_T4CCTL0	=	0x70ec
                           0070ED  1109 _X_T4CC0	=	0x70ed
                           0070EE  1110 _X_T4CCTL1	=	0x70ee
                           0070EF  1111 _X_T4CC1	=	0x70ef
                           0070F1  1112 _X_PERCFG	=	0x70f1
                           0070F2  1113 _X_APCFG	=	0x70f2
                           0070F3  1114 _X_P0SEL	=	0x70f3
                           0070F4  1115 _X_P1SEL	=	0x70f4
                           0070F5  1116 _X_P2SEL	=	0x70f5
                           0070F6  1117 _X_P1INP	=	0x70f6
                           0070F7  1118 _X_P2INP	=	0x70f7
                           0070F8  1119 _X_U1CSR	=	0x70f8
                           0070F9  1120 _X_U1DBUF	=	0x70f9
                           0070FA  1121 _X_U1BAUD	=	0x70fa
                           0070FB  1122 _X_U1UCR	=	0x70fb
                           0070FC  1123 _X_U1GCR	=	0x70fc
                           0070FD  1124 _X_P0DIR	=	0x70fd
                           0070FE  1125 _X_P1DIR	=	0x70fe
                           0070FF  1126 _X_P2DIR	=	0x70ff
                           007800  1127 _X_INFOPAGE	=	0x7800
                           00780C  1128 _X_IEEE_ADDR	=	0x780c
                                   1129 ;--------------------------------------------------------
                                   1130 ; absolute external ram data
                                   1131 ;--------------------------------------------------------
                                   1132 	.area XABS    (ABS,XDATA)
                                   1133 ;--------------------------------------------------------
                                   1134 ; external initialized ram data
                                   1135 ;--------------------------------------------------------
                                   1136 	.area XISEG   (XDATA)
                                   1137 	.area HOME    (CODE)
                                   1138 	.area GSINIT0 (CODE)
                                   1139 	.area GSINIT1 (CODE)
                                   1140 	.area GSINIT2 (CODE)
                                   1141 	.area GSINIT3 (CODE)
                                   1142 	.area GSINIT4 (CODE)
                                   1143 	.area GSINIT5 (CODE)
                                   1144 	.area GSINIT  (CODE)
                                   1145 	.area GSFINAL (CODE)
                                   1146 	.area CSEG    (CODE)
                                   1147 ;--------------------------------------------------------
                                   1148 ; global & static initialisations
                                   1149 ;--------------------------------------------------------
                                   1150 	.area HOME    (CODE)
                                   1151 	.area GSINIT  (CODE)
                                   1152 	.area GSFINAL (CODE)
                                   1153 	.area GSINIT  (CODE)
                                   1154 ;--------------------------------------------------------
                                   1155 ; Home
                                   1156 ;--------------------------------------------------------
                                   1157 	.area HOME    (CODE)
                                   1158 	.area HOME    (CODE)
                                   1159 ;--------------------------------------------------------
                                   1160 ; code
                                   1161 ;--------------------------------------------------------
                                   1162 	.area CSEG    (CODE)
                                   1163 ;------------------------------------------------------------
                                   1164 ;Allocation info for local variables in function 'rtimer_arch_init'
                                   1165 ;------------------------------------------------------------
                                   1166 ;	../contiki-sensinode/cpu/cc253x/./rtimer-arch.c:62: rtimer_arch_init(void)
                                   1167 ;	-----------------------------------------
                                   1168 ;	 function rtimer_arch_init
                                   1169 ;	-----------------------------------------
      000000                       1170 _rtimer_arch_init:
                           000007  1171 	ar7 = 0x07
                           000006  1172 	ar6 = 0x06
                           000005  1173 	ar5 = 0x05
                           000004  1174 	ar4 = 0x04
                           000003  1175 	ar3 = 0x03
                           000002  1176 	ar2 = 0x02
                           000001  1177 	ar1 = 0x01
                           000000  1178 	ar0 = 0x00
                                   1179 ;	../contiki-sensinode/cpu/cc253x/./rtimer-arch.c:70: T1CTL = (T1CTL_DIV1 | T1CTL_MODE0);
      000000 75 E4 09         [24] 1180 	mov	_T1CTL,#0x09
                                   1181 ;	../contiki-sensinode/cpu/cc253x/./rtimer-arch.c:72: T1STAT = 0;
      000003 75 AF 00         [24] 1182 	mov	_T1STAT,#0x00
                                   1183 ;	../contiki-sensinode/cpu/cc253x/./rtimer-arch.c:75: T1CCTL1 = T1CCTL_MODE | T1CCTL_IM;
      000006 75 E6 44         [24] 1184 	mov	_T1CCTL1,#0x44
                                   1185 ;	../contiki-sensinode/cpu/cc253x/./rtimer-arch.c:78: OVFIM = 0;
      000009 C2 DE            [12] 1186 	clr	_OVFIM
                                   1187 ;	../contiki-sensinode/cpu/cc253x/./rtimer-arch.c:81: T1IE = 1;
      00000B D2 B9            [12] 1188 	setb	_T1IE
      00000D 22               [24] 1189 	ret
                                   1190 ;------------------------------------------------------------
                                   1191 ;Allocation info for local variables in function 'rtimer_arch_schedule'
                                   1192 ;------------------------------------------------------------
                                   1193 ;t                         Allocated to registers r6 r7 
                                   1194 ;------------------------------------------------------------
                                   1195 ;	../contiki-sensinode/cpu/cc253x/./rtimer-arch.c:85: rtimer_arch_schedule(rtimer_clock_t t)
                                   1196 ;	-----------------------------------------
                                   1197 ;	 function rtimer_arch_schedule
                                   1198 ;	-----------------------------------------
      00000E                       1199 _rtimer_arch_schedule:
      00000E AE 82            [24] 1200 	mov	r6,dpl
      000010 AF 83            [24] 1201 	mov	r7,dph
                                   1202 ;	../contiki-sensinode/cpu/cc253x/./rtimer-arch.c:89: RT_MODE_CAPTURE();
      000012 AD E6            [24] 1203 	mov	r5,_T1CCTL1
      000014 74 FB            [12] 1204 	mov	a,#0xFB
      000016 5D               [12] 1205 	anl	a,r5
      000017 F5 E6            [12] 1206 	mov	_T1CCTL1,a
                                   1207 ;	../contiki-sensinode/cpu/cc253x/./rtimer-arch.c:90: T1CC1L = (unsigned char)t;
      000019 8E DC            [24] 1208 	mov	_T1CC1L,r6
                                   1209 ;	../contiki-sensinode/cpu/cc253x/./rtimer-arch.c:91: T1CC1H = (unsigned char)(t >> 8);
      00001B 8F DD            [24] 1210 	mov	_T1CC1H,r7
                                   1211 ;	../contiki-sensinode/cpu/cc253x/./rtimer-arch.c:92: RT_MODE_COMPARE();
      00001D 43 E6 04         [24] 1212 	orl	_T1CCTL1,#0x04
                                   1213 ;	../contiki-sensinode/cpu/cc253x/./rtimer-arch.c:95: T1STAT = 0;
      000020 75 AF 00         [24] 1214 	mov	_T1STAT,#0x00
                                   1215 ;	../contiki-sensinode/cpu/cc253x/./rtimer-arch.c:96: T1CCTL1 |= T1CCTL_IM;
      000023 43 E6 40         [24] 1216 	orl	_T1CCTL1,#0x40
      000026 22               [24] 1217 	ret
                                   1218 ;------------------------------------------------------------
                                   1219 ;Allocation info for local variables in function 'rtimer_isr'
                                   1220 ;------------------------------------------------------------
                                   1221 ;	../contiki-sensinode/cpu/cc253x/./rtimer-arch.c:105: rtimer_isr(void) __interrupt(T1_VECTOR)
                                   1222 ;	-----------------------------------------
                                   1223 ;	 function rtimer_isr
                                   1224 ;	-----------------------------------------
      000027                       1225 _rtimer_isr:
      000027 C0*00            [24] 1226 	push	bits
      000029 C0 E0            [24] 1227 	push	acc
      00002B C0 F0            [24] 1228 	push	b
      00002D C0 82            [24] 1229 	push	dpl
      00002F C0 83            [24] 1230 	push	dph
      000031 C0 07            [24] 1231 	push	(0+7)
      000033 C0 06            [24] 1232 	push	(0+6)
      000035 C0 05            [24] 1233 	push	(0+5)
      000037 C0 04            [24] 1234 	push	(0+4)
      000039 C0 03            [24] 1235 	push	(0+3)
      00003B C0 02            [24] 1236 	push	(0+2)
      00003D C0 01            [24] 1237 	push	(0+1)
      00003F C0 00            [24] 1238 	push	(0+0)
      000041 C0 D0            [24] 1239 	push	psw
      000043 75 D0 00         [24] 1240 	mov	psw,#0x00
                                   1241 ;	../contiki-sensinode/cpu/cc253x/./rtimer-arch.c:107: T1IE = 0; /* Ignore Timer 1 Interrupts */
      000046 C2 B9            [12] 1242 	clr	_T1IE
                                   1243 ;	../contiki-sensinode/cpu/cc253x/./rtimer-arch.c:111: T1STAT &= ~T1STAT_CH1IF;
      000048 AF AF            [24] 1244 	mov	r7,_T1STAT
      00004A 74 FD            [12] 1245 	mov	a,#0xFD
      00004C 5F               [12] 1246 	anl	a,r7
      00004D F5 AF            [12] 1247 	mov	_T1STAT,a
                                   1248 ;	../contiki-sensinode/cpu/cc253x/./rtimer-arch.c:112: T1CCTL1 &= ~T1CCTL_IM;
      00004F AF E6            [24] 1249 	mov	r7,_T1CCTL1
      000051 74 BF            [12] 1250 	mov	a,#0xBF
      000053 5F               [12] 1251 	anl	a,r7
      000054 F5 E6            [12] 1252 	mov	_T1CCTL1,a
                                   1253 ;	../contiki-sensinode/cpu/cc253x/./rtimer-arch.c:114: rtimer_run_next();
      000056 12r00r00         [24] 1254 	lcall	_rtimer_run_next
                                   1255 ;	../contiki-sensinode/cpu/cc253x/./rtimer-arch.c:117: T1IE = 1; /* Acknowledge Timer 1 Interrupts */
      000059 D2 B9            [12] 1256 	setb	_T1IE
      00005B D0 D0            [24] 1257 	pop	psw
      00005D D0 00            [24] 1258 	pop	(0+0)
      00005F D0 01            [24] 1259 	pop	(0+1)
      000061 D0 02            [24] 1260 	pop	(0+2)
      000063 D0 03            [24] 1261 	pop	(0+3)
      000065 D0 04            [24] 1262 	pop	(0+4)
      000067 D0 05            [24] 1263 	pop	(0+5)
      000069 D0 06            [24] 1264 	pop	(0+6)
      00006B D0 07            [24] 1265 	pop	(0+7)
      00006D D0 83            [24] 1266 	pop	dph
      00006F D0 82            [24] 1267 	pop	dpl
      000071 D0 F0            [24] 1268 	pop	b
      000073 D0 E0            [24] 1269 	pop	acc
      000075 D0*00            [24] 1270 	pop	bits
      000077 32               [24] 1271 	reti
                                   1272 	.area CSEG    (CODE)
                                   1273 	.area CONST   (CODE)
                                   1274 	.area XINIT   (CODE)
                                   1275 	.area CABS    (ABS,CODE)
