                                      1 ;--------------------------------------------------------
                                      2 ; File Created by SDCC : free open source ANSI-C Compiler
                                      3 ; Version 3.4.0 #8981 (Oct 24 2015) (Linux)
                                      4 ; This file was generated Sun Oct 25 01:51:59 2015
                                      5 ;--------------------------------------------------------
                                      6 	.module stbroadcast
                                      7 	.optsdcc -mmcs51 --model-large
                                      8 	
                                      9 ;--------------------------------------------------------
                                     10 ; Public variables in this module
                                     11 ;--------------------------------------------------------
                                     12 	.globl _queuebuf_free
                                     13 	.globl _queuebuf_to_packetbuf
                                     14 	.globl _queuebuf_new_from_packetbuf
                                     15 	.globl _broadcast_send
                                     16 	.globl _broadcast_close
                                     17 	.globl _broadcast_open
                                     18 	.globl _ctimer_stop
                                     19 	.globl _ctimer_set
                                     20 	.globl _ctimer_reset
                                     21 	.globl _ACTIVE
                                     22 	.globl _TX_BYTE
                                     23 	.globl _RX_BYTE
                                     24 	.globl _ERR
                                     25 	.globl _FE
                                     26 	.globl _SLAVE
                                     27 	.globl _RE
                                     28 	.globl _MODE
                                     29 	.globl _T3OVFIF
                                     30 	.globl _T3CH0IF
                                     31 	.globl _T3CH1IF
                                     32 	.globl _T4OVFIF
                                     33 	.globl _T4CH0IF
                                     34 	.globl _T4CH1IF
                                     35 	.globl _OVFIM
                                     36 	.globl _B_0
                                     37 	.globl _B_1
                                     38 	.globl _B_2
                                     39 	.globl _B_3
                                     40 	.globl _B_4
                                     41 	.globl _B_5
                                     42 	.globl _B_6
                                     43 	.globl _B_7
                                     44 	.globl _P2IF
                                     45 	.globl _UTX0IF
                                     46 	.globl _UTX1IF
                                     47 	.globl _P1IF
                                     48 	.globl _WDTIF
                                     49 	.globl _ACC_0
                                     50 	.globl _ACC_1
                                     51 	.globl _ACC_2
                                     52 	.globl _ACC_3
                                     53 	.globl _ACC_4
                                     54 	.globl _ACC_5
                                     55 	.globl _ACC_6
                                     56 	.globl _ACC_7
                                     57 	.globl _P
                                     58 	.globl _F1
                                     59 	.globl _OV
                                     60 	.globl _RS0
                                     61 	.globl _RS1
                                     62 	.globl _F0
                                     63 	.globl _AC
                                     64 	.globl _CY
                                     65 	.globl _DMAIF
                                     66 	.globl _T1IF
                                     67 	.globl _T2IF
                                     68 	.globl _T3IF
                                     69 	.globl _T4IF
                                     70 	.globl _P0IF
                                     71 	.globl _STIF
                                     72 	.globl _DMAIE
                                     73 	.globl _T1IE
                                     74 	.globl _T2IE
                                     75 	.globl _T3IE
                                     76 	.globl _T4IE
                                     77 	.globl _P0IE
                                     78 	.globl _RFERRIE
                                     79 	.globl _ADCIE
                                     80 	.globl _URX0IE
                                     81 	.globl _URX1IE
                                     82 	.globl _ENCIE
                                     83 	.globl _STIE
                                     84 	.globl _EA
                                     85 	.globl _P2_0
                                     86 	.globl _P2_1
                                     87 	.globl _P2_2
                                     88 	.globl _P2_3
                                     89 	.globl _P2_4
                                     90 	.globl _P2_5
                                     91 	.globl _P2_6
                                     92 	.globl _P2_7
                                     93 	.globl _ENCIF_0
                                     94 	.globl _ENCIF_1
                                     95 	.globl _P1_0
                                     96 	.globl _P1_1
                                     97 	.globl _P1_2
                                     98 	.globl _P1_3
                                     99 	.globl _P1_4
                                    100 	.globl _P1_5
                                    101 	.globl _P1_6
                                    102 	.globl _P1_7
                                    103 	.globl _IT0
                                    104 	.globl _RFERRIF
                                    105 	.globl _IT1
                                    106 	.globl _URX0IF
                                    107 	.globl _ADCIF
                                    108 	.globl _URX1IF
                                    109 	.globl _P0_0
                                    110 	.globl _P0_1
                                    111 	.globl _P0_2
                                    112 	.globl _P0_3
                                    113 	.globl _P0_4
                                    114 	.globl _P0_5
                                    115 	.globl _P0_6
                                    116 	.globl _P0_7
                                    117 	.globl _WDCTL
                                    118 	.globl _U1GCR
                                    119 	.globl _U1UCR
                                    120 	.globl _U1BAUD
                                    121 	.globl _U1DBUF
                                    122 	.globl _U1CSR
                                    123 	.globl _U0GCR
                                    124 	.globl _U0UCR
                                    125 	.globl _U0BAUD
                                    126 	.globl _U0DBUF
                                    127 	.globl _U0CSR
                                    128 	.globl _TIMIF
                                    129 	.globl _T4CC1
                                    130 	.globl _T4CCTL1
                                    131 	.globl _T4CC0
                                    132 	.globl _T4CCTL0
                                    133 	.globl _T4CTL
                                    134 	.globl _T4CNT
                                    135 	.globl _T3CC1
                                    136 	.globl _T3CCTL1
                                    137 	.globl _T3CC0
                                    138 	.globl _T3CCTL0
                                    139 	.globl _T3CTL
                                    140 	.globl _T3CNT
                                    141 	.globl _T2MSEL
                                    142 	.globl _T2IRQM
                                    143 	.globl _T2MOVF2
                                    144 	.globl _T2MOVF1
                                    145 	.globl _T2MOVF0
                                    146 	.globl _T2M1
                                    147 	.globl _T2M0
                                    148 	.globl _T2IRQF
                                    149 	.globl _T2EVTCFG
                                    150 	.globl _T2CTRL
                                    151 	.globl _T1STAT
                                    152 	.globl _T1CCTL2
                                    153 	.globl _T1CCTL1
                                    154 	.globl _T1CCTL0
                                    155 	.globl _T1CTL
                                    156 	.globl _T1CNTH
                                    157 	.globl _T1CNTL
                                    158 	.globl _T1CC2H
                                    159 	.globl _T1CC2L
                                    160 	.globl _T1CC1H
                                    161 	.globl _T1CC1L
                                    162 	.globl _T1CC0H
                                    163 	.globl _T1CC0L
                                    164 	.globl _CLKCONSTA
                                    165 	.globl _CLKCONCMD
                                    166 	.globl _SLEEPSTA
                                    167 	.globl _SLEEPCMD
                                    168 	.globl _STLOAD
                                    169 	.globl _ST2
                                    170 	.globl _ST1
                                    171 	.globl _ST0
                                    172 	.globl _RFERRF
                                    173 	.globl _RFIRQF0
                                    174 	.globl _RFST
                                    175 	.globl _RFD
                                    176 	.globl _RFIRQF1
                                    177 	.globl _PSBANK
                                    178 	.globl _FMAP
                                    179 	.globl _MEMCTR
                                    180 	.globl __XPAGE
                                    181 	.globl _MPAGE
                                    182 	.globl _PMUX
                                    183 	.globl _P2DIR
                                    184 	.globl _P1DIR
                                    185 	.globl _P0DIR
                                    186 	.globl _P2INP
                                    187 	.globl _P1INP
                                    188 	.globl _P2SEL
                                    189 	.globl _P1SEL
                                    190 	.globl _P0SEL
                                    191 	.globl _APCFG
                                    192 	.globl _PERCFG
                                    193 	.globl _P0INP
                                    194 	.globl _P2IEN
                                    195 	.globl _P1IEN
                                    196 	.globl _P0IEN
                                    197 	.globl _PICTL
                                    198 	.globl _P2IFG
                                    199 	.globl _P1IFG
                                    200 	.globl _P0IFG
                                    201 	.globl _DMAREQ
                                    202 	.globl _DMAARM
                                    203 	.globl _DMA0CFGH
                                    204 	.globl _DMA0CFGL
                                    205 	.globl _DMA1CFGH
                                    206 	.globl _DMA1CFGL
                                    207 	.globl _DMAIRQ
                                    208 	.globl _ENCCS
                                    209 	.globl _ENCDO
                                    210 	.globl _ENCDI
                                    211 	.globl _RNDH
                                    212 	.globl _RNDL
                                    213 	.globl _ADCH
                                    214 	.globl _ADCL
                                    215 	.globl _ADCCON3
                                    216 	.globl _ADCCON2
                                    217 	.globl _ADCCON1
                                    218 	.globl _B
                                    219 	.globl _IRCON2
                                    220 	.globl _ACC
                                    221 	.globl _PSW
                                    222 	.globl _IRCON
                                    223 	.globl _IP1
                                    224 	.globl _IEN1
                                    225 	.globl _IP0
                                    226 	.globl _IEN0
                                    227 	.globl _P2
                                    228 	.globl _S1CON
                                    229 	.globl _IEN2
                                    230 	.globl _S0CON
                                    231 	.globl _DPS
                                    232 	.globl _P1
                                    233 	.globl _TCON
                                    234 	.globl _PCON
                                    235 	.globl _DPH1
                                    236 	.globl _DPL1
                                    237 	.globl _DPH0
                                    238 	.globl _DPL0
                                    239 	.globl _SP
                                    240 	.globl _P0
                                    241 	.globl _X_IEEE_ADDR
                                    242 	.globl _X_INFOPAGE
                                    243 	.globl _X_P2DIR
                                    244 	.globl _X_P1DIR
                                    245 	.globl _X_P0DIR
                                    246 	.globl _X_U1GCR
                                    247 	.globl _X_U1UCR
                                    248 	.globl _X_U1BAUD
                                    249 	.globl _X_U1DBUF
                                    250 	.globl _X_U1CSR
                                    251 	.globl _X_P2INP
                                    252 	.globl _X_P1INP
                                    253 	.globl _X_P2SEL
                                    254 	.globl _X_P1SEL
                                    255 	.globl _X_P0SEL
                                    256 	.globl _X_APCFG
                                    257 	.globl _X_PERCFG
                                    258 	.globl _X_T4CC1
                                    259 	.globl _X_T4CCTL1
                                    260 	.globl _X_T4CC0
                                    261 	.globl _X_T4CCTL0
                                    262 	.globl _X_T4CTL
                                    263 	.globl _X_T4CNT
                                    264 	.globl _X_RFIRQF0
                                    265 	.globl _X_T1CCTL2
                                    266 	.globl _X_T1CCTL1
                                    267 	.globl _X_T1CCTL0
                                    268 	.globl _X_T1CTL
                                    269 	.globl _X_T1CNTH
                                    270 	.globl _X_T1CNTL
                                    271 	.globl _X_RFST
                                    272 	.globl _X_T1CC2H
                                    273 	.globl _X_T1CC2L
                                    274 	.globl _X_T1CC1H
                                    275 	.globl _X_T1CC1L
                                    276 	.globl _X_T1CC0H
                                    277 	.globl _X_T1CC0L
                                    278 	.globl _X_RFD
                                    279 	.globl _X_TIMIF
                                    280 	.globl _X_DMAREQ
                                    281 	.globl _X_DMAARM
                                    282 	.globl _X_DMA0CFGH
                                    283 	.globl _X_DMA0CFGL
                                    284 	.globl _X_DMA1CFGH
                                    285 	.globl _X_DMA1CFGL
                                    286 	.globl _X_DMAIRQ
                                    287 	.globl _X_T3CC1
                                    288 	.globl _X_T3CCTL1
                                    289 	.globl _X_T3CC0
                                    290 	.globl _X_T3CCTL0
                                    291 	.globl _X_T3CTL
                                    292 	.globl _X_T3CNT
                                    293 	.globl _X_WDCTL
                                    294 	.globl _X_MEMCTR
                                    295 	.globl _X_CLKCONCMD
                                    296 	.globl _X_U0GCR
                                    297 	.globl _X_U0UCR
                                    298 	.globl _X_T2MSEL
                                    299 	.globl _X_U0BAUD
                                    300 	.globl _X_U0DBUF
                                    301 	.globl _X_RFERRF
                                    302 	.globl _X_SLEEPCMD
                                    303 	.globl _X_RNDH
                                    304 	.globl _X_RNDL
                                    305 	.globl _X_ADCH
                                    306 	.globl _X_ADCL
                                    307 	.globl _X_ADCCON3
                                    308 	.globl _X_ADCCON2
                                    309 	.globl _X_ADCCON1
                                    310 	.globl _X_ENCCS
                                    311 	.globl _X_ENCDO
                                    312 	.globl _X_ENCDI
                                    313 	.globl _X_T1STAT
                                    314 	.globl _X_PMUX
                                    315 	.globl _X_STLOAD
                                    316 	.globl _X_P2IEN
                                    317 	.globl _X_P0IEN
                                    318 	.globl _X_T2IRQM
                                    319 	.globl _X_T2MOVF2
                                    320 	.globl _X_T2MOVF1
                                    321 	.globl _X_T2MOVF0
                                    322 	.globl _X_T2M1
                                    323 	.globl _X_T2M0
                                    324 	.globl _X_T2IRQF
                                    325 	.globl _X_P2
                                    326 	.globl _X_PSBANK
                                    327 	.globl _X_FMAP
                                    328 	.globl _X_CLKCONSTA
                                    329 	.globl _X_SLEEPSTA
                                    330 	.globl _X_T2EVTCFG
                                    331 	.globl _X_ST2
                                    332 	.globl _X_ST1
                                    333 	.globl _X_ST0
                                    334 	.globl _X_T2CTRL
                                    335 	.globl _X__XPAGE
                                    336 	.globl _X_MPAGE
                                    337 	.globl _X_RFIRQF1
                                    338 	.globl _X_P1
                                    339 	.globl _X_P0INP
                                    340 	.globl _X_P1IEN
                                    341 	.globl _X_PICTL
                                    342 	.globl _X_P2IFG
                                    343 	.globl _X_P1IFG
                                    344 	.globl _X_P0IFG
                                    345 	.globl _X_U0CSR
                                    346 	.globl _X_P0
                                    347 	.globl _USBF5
                                    348 	.globl _USBF4
                                    349 	.globl _USBF3
                                    350 	.globl _USBF2
                                    351 	.globl _USBF1
                                    352 	.globl _USBF0
                                    353 	.globl _USBCNTH
                                    354 	.globl _USBCNTL
                                    355 	.globl _USBCNT0
                                    356 	.globl _USBCSOH
                                    357 	.globl _USBCSOL
                                    358 	.globl _USBMAXO
                                    359 	.globl _USBCSIH
                                    360 	.globl _USBCSIL
                                    361 	.globl _USBCS0
                                    362 	.globl _USBMAXI
                                    363 	.globl _USBCTRL
                                    364 	.globl _USBINDEX
                                    365 	.globl _USBFRMH
                                    366 	.globl _USBFRML
                                    367 	.globl _USBCIE
                                    368 	.globl _USBOIE
                                    369 	.globl _USBIIE
                                    370 	.globl _USBCIF
                                    371 	.globl _USBOIF
                                    372 	.globl _USBIIF
                                    373 	.globl _USBPOW
                                    374 	.globl _USBADDR
                                    375 	.globl _CSPT
                                    376 	.globl _CSPZ
                                    377 	.globl _CSPY
                                    378 	.globl _CSPX
                                    379 	.globl _CSPSTAT
                                    380 	.globl _CSPCTRL
                                    381 	.globl _CSPPROG23
                                    382 	.globl _CSPPROG22
                                    383 	.globl _CSPPROG21
                                    384 	.globl _CSPPROG20
                                    385 	.globl _CSPPROG19
                                    386 	.globl _CSPPROG18
                                    387 	.globl _CSPPROG17
                                    388 	.globl _CSPPROG16
                                    389 	.globl _CSPPROG15
                                    390 	.globl _CSPPROG14
                                    391 	.globl _CSPPROG13
                                    392 	.globl _CSPPROG12
                                    393 	.globl _CSPPROG11
                                    394 	.globl _CSPPROG10
                                    395 	.globl _CSPPROG9
                                    396 	.globl _CSPPROG8
                                    397 	.globl _CSPPROG7
                                    398 	.globl _CSPPROG6
                                    399 	.globl _CSPPROG5
                                    400 	.globl _CSPPROG4
                                    401 	.globl _CSPPROG3
                                    402 	.globl _CSPPROG2
                                    403 	.globl _CSPPROG1
                                    404 	.globl _CSPPROG0
                                    405 	.globl _RFC_OBS_CTRL2
                                    406 	.globl _RFC_OBS_CTRL1
                                    407 	.globl _RFC_OBS_CTRL0
                                    408 	.globl _TXFILTCFG
                                    409 	.globl _PTEST1
                                    410 	.globl _PTEST0
                                    411 	.globl _ATEST
                                    412 	.globl _DACTEST2
                                    413 	.globl _DACTEST1
                                    414 	.globl _DACTEST0
                                    415 	.globl _MDMTEST1
                                    416 	.globl _MDMTEST0
                                    417 	.globl _ADCTEST2
                                    418 	.globl _ADCTEST1
                                    419 	.globl _ADCTEST0
                                    420 	.globl _AGCCTRL3
                                    421 	.globl _AGCCTRL2
                                    422 	.globl _AGCCTRL1
                                    423 	.globl _AGCCTRL0
                                    424 	.globl _FSCAL3
                                    425 	.globl _FSCAL2
                                    426 	.globl _FSCAL1
                                    427 	.globl _FSCAL0
                                    428 	.globl _FSCTRL
                                    429 	.globl _RXCTRL
                                    430 	.globl _FREQEST
                                    431 	.globl _MDMCTRL1
                                    432 	.globl _MDMCTRL0
                                    433 	.globl _RFRND
                                    434 	.globl _RFERRM
                                    435 	.globl _RFIRQM1
                                    436 	.globl _RFIRQM0
                                    437 	.globl _TXLAST_PTR
                                    438 	.globl _TXFIRST_PTR
                                    439 	.globl _RXP1_PTR
                                    440 	.globl _RXLAST_PTR
                                    441 	.globl _RXFIRST_PTR
                                    442 	.globl _TXFIFOCNT
                                    443 	.globl _RXFIFOCNT
                                    444 	.globl _RXFIRST
                                    445 	.globl _RSSISTAT
                                    446 	.globl _RSSI
                                    447 	.globl _CCACTRL1
                                    448 	.globl _CCACTRL0
                                    449 	.globl _FSMCTRL
                                    450 	.globl _FIFOPCTRL
                                    451 	.globl _FSMSTAT1
                                    452 	.globl _FSMSTAT0
                                    453 	.globl _TXCTRL
                                    454 	.globl _TXPOWER
                                    455 	.globl _FREQCTRL
                                    456 	.globl _FREQTUNE
                                    457 	.globl _RXMASKCLR
                                    458 	.globl _RXMASKSET
                                    459 	.globl _RXENABLE
                                    460 	.globl _FRMCTRL1
                                    461 	.globl _FRMCTRL0
                                    462 	.globl _SRCEXTEN2
                                    463 	.globl _SRCEXTEN1
                                    464 	.globl _SRCEXTEN0
                                    465 	.globl _SRCSHORTEN2
                                    466 	.globl _SRCSHORTEN1
                                    467 	.globl _SRCSHORTEN0
                                    468 	.globl _SRCMATCH
                                    469 	.globl _FRMFILT1
                                    470 	.globl _FRMFILT0
                                    471 	.globl _SHORT_ADDR1
                                    472 	.globl _SHORT_ADDR0
                                    473 	.globl _PAN_ID1
                                    474 	.globl _PAN_ID0
                                    475 	.globl _EXT_ADDR7
                                    476 	.globl _EXT_ADDR6
                                    477 	.globl _EXT_ADDR5
                                    478 	.globl _EXT_ADDR4
                                    479 	.globl _EXT_ADDR3
                                    480 	.globl _EXT_ADDR2
                                    481 	.globl _EXT_ADDR1
                                    482 	.globl _EXT_ADDR0
                                    483 	.globl _SRCSHORTPENDEN2
                                    484 	.globl _SRCSHORTPENDEN1
                                    485 	.globl _SRCSHORTPENDEN0
                                    486 	.globl _SRCEXTPENDEN2
                                    487 	.globl _SRCEXTPENDEN1
                                    488 	.globl _SRCEXTPENDEN0
                                    489 	.globl _SRCRESINDEX
                                    490 	.globl _SRCRESMASK2
                                    491 	.globl _SRCRESMASK1
                                    492 	.globl _SRCRESMASK0
                                    493 	.globl _SRC_ADDR_TABLE
                                    494 	.globl _TXFIFO
                                    495 	.globl _RXFIFO
                                    496 	.globl _RFCORE_RAM
                                    497 	.globl _CMPCTL
                                    498 	.globl _OPAMPS
                                    499 	.globl _OPAMPC
                                    500 	.globl _STCV2
                                    501 	.globl _STCV1
                                    502 	.globl _STCV0
                                    503 	.globl _STCS
                                    504 	.globl _STCC
                                    505 	.globl _T1CC4H
                                    506 	.globl _T1CC4L
                                    507 	.globl _T1CC3H
                                    508 	.globl _T1CC3L
                                    509 	.globl _XX_T1CC2H
                                    510 	.globl _XX_T1CC2L
                                    511 	.globl _XX_T1CC1H
                                    512 	.globl _XX_T1CC1L
                                    513 	.globl _XX_T1CC0H
                                    514 	.globl _XX_T1CC0L
                                    515 	.globl _T1CCTL4
                                    516 	.globl _T1CCTL3
                                    517 	.globl _XX_T1CCTL2
                                    518 	.globl _XX_T1CCTL1
                                    519 	.globl _XX_T1CCTL0
                                    520 	.globl _CLD
                                    521 	.globl _IRCTL
                                    522 	.globl _CHIPINFO1
                                    523 	.globl _CHIPINFO0
                                    524 	.globl _FWDATA
                                    525 	.globl _FADDRH
                                    526 	.globl _FADDRL
                                    527 	.globl _FCTL
                                    528 	.globl _IVCTRL
                                    529 	.globl _BATTMON
                                    530 	.globl _SRCRC
                                    531 	.globl _DBGDATA
                                    532 	.globl _TESTREG0
                                    533 	.globl _CHIPID
                                    534 	.globl _CHVER
                                    535 	.globl _OBSSEL5
                                    536 	.globl _OBSSEL4
                                    537 	.globl _OBSSEL3
                                    538 	.globl _OBSSEL2
                                    539 	.globl _OBSSEL1
                                    540 	.globl _OBSSEL0
                                    541 	.globl _I2CIO
                                    542 	.globl _I2CWC
                                    543 	.globl _I2CADDR
                                    544 	.globl _I2CDATA
                                    545 	.globl _I2CSTAT
                                    546 	.globl _I2CCFG
                                    547 	.globl _OPAMPMC
                                    548 	.globl _MONMUX
                                    549 	.globl _stbroadcast_open
                                    550 	.globl _stbroadcast_close
                                    551 	.globl _stbroadcast_set_timer
                                    552 	.globl _stbroadcast_send_stubborn
                                    553 	.globl _stbroadcast_cancel
                                    554 ;--------------------------------------------------------
                                    555 ; special function registers
                                    556 ;--------------------------------------------------------
                                    557 	.area RSEG    (ABS,DATA)
      000000                        558 	.org 0x0000
                           000080   559 _P0	=	0x0080
                           000081   560 _SP	=	0x0081
                           000082   561 _DPL0	=	0x0082
                           000083   562 _DPH0	=	0x0083
                           000084   563 _DPL1	=	0x0084
                           000085   564 _DPH1	=	0x0085
                           000087   565 _PCON	=	0x0087
                           000088   566 _TCON	=	0x0088
                           000090   567 _P1	=	0x0090
                           000092   568 _DPS	=	0x0092
                           000098   569 _S0CON	=	0x0098
                           00009A   570 _IEN2	=	0x009a
                           00009B   571 _S1CON	=	0x009b
                           0000A0   572 _P2	=	0x00a0
                           0000A8   573 _IEN0	=	0x00a8
                           0000A9   574 _IP0	=	0x00a9
                           0000B8   575 _IEN1	=	0x00b8
                           0000B9   576 _IP1	=	0x00b9
                           0000C0   577 _IRCON	=	0x00c0
                           0000D0   578 _PSW	=	0x00d0
                           0000E0   579 _ACC	=	0x00e0
                           0000E8   580 _IRCON2	=	0x00e8
                           0000F0   581 _B	=	0x00f0
                           0000B4   582 _ADCCON1	=	0x00b4
                           0000B5   583 _ADCCON2	=	0x00b5
                           0000B6   584 _ADCCON3	=	0x00b6
                           0000BA   585 _ADCL	=	0x00ba
                           0000BB   586 _ADCH	=	0x00bb
                           0000BC   587 _RNDL	=	0x00bc
                           0000BD   588 _RNDH	=	0x00bd
                           0000B1   589 _ENCDI	=	0x00b1
                           0000B2   590 _ENCDO	=	0x00b2
                           0000B3   591 _ENCCS	=	0x00b3
                           0000D1   592 _DMAIRQ	=	0x00d1
                           0000D2   593 _DMA1CFGL	=	0x00d2
                           0000D3   594 _DMA1CFGH	=	0x00d3
                           0000D4   595 _DMA0CFGL	=	0x00d4
                           0000D5   596 _DMA0CFGH	=	0x00d5
                           0000D6   597 _DMAARM	=	0x00d6
                           0000D7   598 _DMAREQ	=	0x00d7
                           000089   599 _P0IFG	=	0x0089
                           00008A   600 _P1IFG	=	0x008a
                           00008B   601 _P2IFG	=	0x008b
                           00008C   602 _PICTL	=	0x008c
                           0000AB   603 _P0IEN	=	0x00ab
                           00008D   604 _P1IEN	=	0x008d
                           0000AC   605 _P2IEN	=	0x00ac
                           00008F   606 _P0INP	=	0x008f
                           0000F1   607 _PERCFG	=	0x00f1
                           0000F2   608 _APCFG	=	0x00f2
                           0000F3   609 _P0SEL	=	0x00f3
                           0000F4   610 _P1SEL	=	0x00f4
                           0000F5   611 _P2SEL	=	0x00f5
                           0000F6   612 _P1INP	=	0x00f6
                           0000F7   613 _P2INP	=	0x00f7
                           0000FD   614 _P0DIR	=	0x00fd
                           0000FE   615 _P1DIR	=	0x00fe
                           0000FF   616 _P2DIR	=	0x00ff
                           0000AE   617 _PMUX	=	0x00ae
                           000093   618 _MPAGE	=	0x0093
                           000093   619 __XPAGE	=	0x0093
                           0000C7   620 _MEMCTR	=	0x00c7
                           00009F   621 _FMAP	=	0x009f
                           00009F   622 _PSBANK	=	0x009f
                           000091   623 _RFIRQF1	=	0x0091
                           0000D9   624 _RFD	=	0x00d9
                           0000E1   625 _RFST	=	0x00e1
                           0000E9   626 _RFIRQF0	=	0x00e9
                           0000BF   627 _RFERRF	=	0x00bf
                           000095   628 _ST0	=	0x0095
                           000096   629 _ST1	=	0x0096
                           000097   630 _ST2	=	0x0097
                           0000AD   631 _STLOAD	=	0x00ad
                           0000BE   632 _SLEEPCMD	=	0x00be
                           00009D   633 _SLEEPSTA	=	0x009d
                           0000C6   634 _CLKCONCMD	=	0x00c6
                           00009E   635 _CLKCONSTA	=	0x009e
                           0000DA   636 _T1CC0L	=	0x00da
                           0000DB   637 _T1CC0H	=	0x00db
                           0000DC   638 _T1CC1L	=	0x00dc
                           0000DD   639 _T1CC1H	=	0x00dd
                           0000DE   640 _T1CC2L	=	0x00de
                           0000DF   641 _T1CC2H	=	0x00df
                           0000E2   642 _T1CNTL	=	0x00e2
                           0000E3   643 _T1CNTH	=	0x00e3
                           0000E4   644 _T1CTL	=	0x00e4
                           0000E5   645 _T1CCTL0	=	0x00e5
                           0000E6   646 _T1CCTL1	=	0x00e6
                           0000E7   647 _T1CCTL2	=	0x00e7
                           0000AF   648 _T1STAT	=	0x00af
                           000094   649 _T2CTRL	=	0x0094
                           00009C   650 _T2EVTCFG	=	0x009c
                           0000A1   651 _T2IRQF	=	0x00a1
                           0000A2   652 _T2M0	=	0x00a2
                           0000A3   653 _T2M1	=	0x00a3
                           0000A4   654 _T2MOVF0	=	0x00a4
                           0000A5   655 _T2MOVF1	=	0x00a5
                           0000A6   656 _T2MOVF2	=	0x00a6
                           0000A7   657 _T2IRQM	=	0x00a7
                           0000C3   658 _T2MSEL	=	0x00c3
                           0000CA   659 _T3CNT	=	0x00ca
                           0000CB   660 _T3CTL	=	0x00cb
                           0000CC   661 _T3CCTL0	=	0x00cc
                           0000CD   662 _T3CC0	=	0x00cd
                           0000CE   663 _T3CCTL1	=	0x00ce
                           0000CF   664 _T3CC1	=	0x00cf
                           0000EA   665 _T4CNT	=	0x00ea
                           0000EB   666 _T4CTL	=	0x00eb
                           0000EC   667 _T4CCTL0	=	0x00ec
                           0000ED   668 _T4CC0	=	0x00ed
                           0000EE   669 _T4CCTL1	=	0x00ee
                           0000EF   670 _T4CC1	=	0x00ef
                           0000D8   671 _TIMIF	=	0x00d8
                           000086   672 _U0CSR	=	0x0086
                           0000C1   673 _U0DBUF	=	0x00c1
                           0000C2   674 _U0BAUD	=	0x00c2
                           0000C4   675 _U0UCR	=	0x00c4
                           0000C5   676 _U0GCR	=	0x00c5
                           0000F8   677 _U1CSR	=	0x00f8
                           0000F9   678 _U1DBUF	=	0x00f9
                           0000FA   679 _U1BAUD	=	0x00fa
                           0000FB   680 _U1UCR	=	0x00fb
                           0000FC   681 _U1GCR	=	0x00fc
                           0000C9   682 _WDCTL	=	0x00c9
                                    683 ;--------------------------------------------------------
                                    684 ; special function bits
                                    685 ;--------------------------------------------------------
                                    686 	.area RSEG    (ABS,DATA)
      000000                        687 	.org 0x0000
                           000087   688 _P0_7	=	0x0087
                           000086   689 _P0_6	=	0x0086
                           000085   690 _P0_5	=	0x0085
                           000084   691 _P0_4	=	0x0084
                           000083   692 _P0_3	=	0x0083
                           000082   693 _P0_2	=	0x0082
                           000081   694 _P0_1	=	0x0081
                           000080   695 _P0_0	=	0x0080
                           00008F   696 _URX1IF	=	0x008f
                           00008D   697 _ADCIF	=	0x008d
                           00008B   698 _URX0IF	=	0x008b
                           00008A   699 _IT1	=	0x008a
                           000089   700 _RFERRIF	=	0x0089
                           000088   701 _IT0	=	0x0088
                           000097   702 _P1_7	=	0x0097
                           000096   703 _P1_6	=	0x0096
                           000095   704 _P1_5	=	0x0095
                           000094   705 _P1_4	=	0x0094
                           000093   706 _P1_3	=	0x0093
                           000092   707 _P1_2	=	0x0092
                           000091   708 _P1_1	=	0x0091
                           000090   709 _P1_0	=	0x0090
                           000099   710 _ENCIF_1	=	0x0099
                           000098   711 _ENCIF_0	=	0x0098
                           0000A7   712 _P2_7	=	0x00a7
                           0000A6   713 _P2_6	=	0x00a6
                           0000A5   714 _P2_5	=	0x00a5
                           0000A4   715 _P2_4	=	0x00a4
                           0000A3   716 _P2_3	=	0x00a3
                           0000A2   717 _P2_2	=	0x00a2
                           0000A1   718 _P2_1	=	0x00a1
                           0000A0   719 _P2_0	=	0x00a0
                           0000AF   720 _EA	=	0x00af
                           0000AD   721 _STIE	=	0x00ad
                           0000AC   722 _ENCIE	=	0x00ac
                           0000AB   723 _URX1IE	=	0x00ab
                           0000AA   724 _URX0IE	=	0x00aa
                           0000A9   725 _ADCIE	=	0x00a9
                           0000A8   726 _RFERRIE	=	0x00a8
                           0000BD   727 _P0IE	=	0x00bd
                           0000BC   728 _T4IE	=	0x00bc
                           0000BB   729 _T3IE	=	0x00bb
                           0000BA   730 _T2IE	=	0x00ba
                           0000B9   731 _T1IE	=	0x00b9
                           0000B8   732 _DMAIE	=	0x00b8
                           0000C7   733 _STIF	=	0x00c7
                           0000C5   734 _P0IF	=	0x00c5
                           0000C4   735 _T4IF	=	0x00c4
                           0000C3   736 _T3IF	=	0x00c3
                           0000C2   737 _T2IF	=	0x00c2
                           0000C1   738 _T1IF	=	0x00c1
                           0000C0   739 _DMAIF	=	0x00c0
                           0000D7   740 _CY	=	0x00d7
                           0000D6   741 _AC	=	0x00d6
                           0000D5   742 _F0	=	0x00d5
                           0000D4   743 _RS1	=	0x00d4
                           0000D3   744 _RS0	=	0x00d3
                           0000D2   745 _OV	=	0x00d2
                           0000D1   746 _F1	=	0x00d1
                           0000D0   747 _P	=	0x00d0
                           0000E7   748 _ACC_7	=	0x00e7
                           0000E6   749 _ACC_6	=	0x00e6
                           0000E5   750 _ACC_5	=	0x00e5
                           0000E4   751 _ACC_4	=	0x00e4
                           0000E3   752 _ACC_3	=	0x00e3
                           0000E2   753 _ACC_2	=	0x00e2
                           0000E1   754 _ACC_1	=	0x00e1
                           0000E0   755 _ACC_0	=	0x00e0
                           0000EC   756 _WDTIF	=	0x00ec
                           0000EB   757 _P1IF	=	0x00eb
                           0000EA   758 _UTX1IF	=	0x00ea
                           0000E9   759 _UTX0IF	=	0x00e9
                           0000E8   760 _P2IF	=	0x00e8
                           0000F7   761 _B_7	=	0x00f7
                           0000F6   762 _B_6	=	0x00f6
                           0000F5   763 _B_5	=	0x00f5
                           0000F4   764 _B_4	=	0x00f4
                           0000F3   765 _B_3	=	0x00f3
                           0000F2   766 _B_2	=	0x00f2
                           0000F1   767 _B_1	=	0x00f1
                           0000F0   768 _B_0	=	0x00f0
                           0000DE   769 _OVFIM	=	0x00de
                           0000DD   770 _T4CH1IF	=	0x00dd
                           0000DC   771 _T4CH0IF	=	0x00dc
                           0000DB   772 _T4OVFIF	=	0x00db
                           0000DA   773 _T3CH1IF	=	0x00da
                           0000D9   774 _T3CH0IF	=	0x00d9
                           0000D8   775 _T3OVFIF	=	0x00d8
                           0000FF   776 _MODE	=	0x00ff
                           0000FE   777 _RE	=	0x00fe
                           0000FD   778 _SLAVE	=	0x00fd
                           0000FC   779 _FE	=	0x00fc
                           0000FB   780 _ERR	=	0x00fb
                           0000FA   781 _RX_BYTE	=	0x00fa
                           0000F9   782 _TX_BYTE	=	0x00f9
                           0000F8   783 _ACTIVE	=	0x00f8
                                    784 ;--------------------------------------------------------
                                    785 ; overlayable register banks
                                    786 ;--------------------------------------------------------
                                    787 	.area REG_BANK_0	(REL,OVR,DATA)
      000000                        788 	.ds 8
                                    789 ;--------------------------------------------------------
                                    790 ; internal ram data
                                    791 ;--------------------------------------------------------
                                    792 	.area DSEG    (DATA)
                                    793 ;--------------------------------------------------------
                                    794 ; overlayable items in internal ram 
                                    795 ;--------------------------------------------------------
                                    796 ;--------------------------------------------------------
                                    797 ; indirectly addressable internal ram data
                                    798 ;--------------------------------------------------------
                                    799 	.area ISEG    (DATA)
                                    800 ;--------------------------------------------------------
                                    801 ; absolute internal ram data
                                    802 ;--------------------------------------------------------
                                    803 	.area IABS    (ABS,DATA)
                                    804 	.area IABS    (ABS,DATA)
                                    805 ;--------------------------------------------------------
                                    806 ; bit data
                                    807 ;--------------------------------------------------------
                                    808 	.area BSEG    (BIT)
                                    809 ;--------------------------------------------------------
                                    810 ; paged external ram data
                                    811 ;--------------------------------------------------------
                                    812 	.area PSEG    (PAG,XDATA)
                                    813 ;--------------------------------------------------------
                                    814 ; external ram data
                                    815 ;--------------------------------------------------------
                                    816 	.area XSEG    (XDATA)
                           0061A6   817 _MONMUX	=	0x61a6
                           0061A6   818 _OPAMPMC	=	0x61a6
                           006230   819 _I2CCFG	=	0x6230
                           006231   820 _I2CSTAT	=	0x6231
                           006232   821 _I2CDATA	=	0x6232
                           006233   822 _I2CADDR	=	0x6233
                           006234   823 _I2CWC	=	0x6234
                           006235   824 _I2CIO	=	0x6235
                           006243   825 _OBSSEL0	=	0x6243
                           006244   826 _OBSSEL1	=	0x6244
                           006245   827 _OBSSEL2	=	0x6245
                           006246   828 _OBSSEL3	=	0x6246
                           006247   829 _OBSSEL4	=	0x6247
                           006248   830 _OBSSEL5	=	0x6248
                           006249   831 _CHVER	=	0x6249
                           00624A   832 _CHIPID	=	0x624a
                           00624B   833 _TESTREG0	=	0x624b
                           006260   834 _DBGDATA	=	0x6260
                           006262   835 _SRCRC	=	0x6262
                           006264   836 _BATTMON	=	0x6264
                           006265   837 _IVCTRL	=	0x6265
                           006270   838 _FCTL	=	0x6270
                           006271   839 _FADDRL	=	0x6271
                           006272   840 _FADDRH	=	0x6272
                           006273   841 _FWDATA	=	0x6273
                           006276   842 _CHIPINFO0	=	0x6276
                           006277   843 _CHIPINFO1	=	0x6277
                           006281   844 _IRCTL	=	0x6281
                           006290   845 _CLD	=	0x6290
                           0062A0   846 _XX_T1CCTL0	=	0x62a0
                           0062A1   847 _XX_T1CCTL1	=	0x62a1
                           0062A2   848 _XX_T1CCTL2	=	0x62a2
                           0062A3   849 _T1CCTL3	=	0x62a3
                           0062A4   850 _T1CCTL4	=	0x62a4
                           0062A6   851 _XX_T1CC0L	=	0x62a6
                           0062A7   852 _XX_T1CC0H	=	0x62a7
                           0062A8   853 _XX_T1CC1L	=	0x62a8
                           0062A9   854 _XX_T1CC1H	=	0x62a9
                           0062AA   855 _XX_T1CC2L	=	0x62aa
                           0062AB   856 _XX_T1CC2H	=	0x62ab
                           0062AC   857 _T1CC3L	=	0x62ac
                           0062AD   858 _T1CC3H	=	0x62ad
                           0062AE   859 _T1CC4L	=	0x62ae
                           0062AF   860 _T1CC4H	=	0x62af
                           0062B0   861 _STCC	=	0x62b0
                           0062B1   862 _STCS	=	0x62b1
                           0062B2   863 _STCV0	=	0x62b2
                           0062B3   864 _STCV1	=	0x62b3
                           0062B4   865 _STCV2	=	0x62b4
                           0062C0   866 _OPAMPC	=	0x62c0
                           0062C1   867 _OPAMPS	=	0x62c1
                           0062D0   868 _CMPCTL	=	0x62d0
                           006000   869 _RFCORE_RAM	=	0x6000
                           006000   870 _RXFIFO	=	0x6000
                           006080   871 _TXFIFO	=	0x6080
                           006100   872 _SRC_ADDR_TABLE	=	0x6100
                           006160   873 _SRCRESMASK0	=	0x6160
                           006161   874 _SRCRESMASK1	=	0x6161
                           006162   875 _SRCRESMASK2	=	0x6162
                           006163   876 _SRCRESINDEX	=	0x6163
                           006164   877 _SRCEXTPENDEN0	=	0x6164
                           006165   878 _SRCEXTPENDEN1	=	0x6165
                           006166   879 _SRCEXTPENDEN2	=	0x6166
                           006167   880 _SRCSHORTPENDEN0	=	0x6167
                           006168   881 _SRCSHORTPENDEN1	=	0x6168
                           006169   882 _SRCSHORTPENDEN2	=	0x6169
                           00616A   883 _EXT_ADDR0	=	0x616a
                           00616B   884 _EXT_ADDR1	=	0x616b
                           00616C   885 _EXT_ADDR2	=	0x616c
                           00616D   886 _EXT_ADDR3	=	0x616d
                           00616E   887 _EXT_ADDR4	=	0x616e
                           00616F   888 _EXT_ADDR5	=	0x616f
                           006170   889 _EXT_ADDR6	=	0x6170
                           006171   890 _EXT_ADDR7	=	0x6171
                           006172   891 _PAN_ID0	=	0x6172
                           006173   892 _PAN_ID1	=	0x6173
                           006174   893 _SHORT_ADDR0	=	0x6174
                           006175   894 _SHORT_ADDR1	=	0x6175
                           006180   895 _FRMFILT0	=	0x6180
                           006181   896 _FRMFILT1	=	0x6181
                           006182   897 _SRCMATCH	=	0x6182
                           006183   898 _SRCSHORTEN0	=	0x6183
                           006184   899 _SRCSHORTEN1	=	0x6184
                           006185   900 _SRCSHORTEN2	=	0x6185
                           006186   901 _SRCEXTEN0	=	0x6186
                           006187   902 _SRCEXTEN1	=	0x6187
                           006188   903 _SRCEXTEN2	=	0x6188
                           006189   904 _FRMCTRL0	=	0x6189
                           00618A   905 _FRMCTRL1	=	0x618a
                           00618B   906 _RXENABLE	=	0x618b
                           00618C   907 _RXMASKSET	=	0x618c
                           00618D   908 _RXMASKCLR	=	0x618d
                           00618E   909 _FREQTUNE	=	0x618e
                           00618F   910 _FREQCTRL	=	0x618f
                           006190   911 _TXPOWER	=	0x6190
                           006191   912 _TXCTRL	=	0x6191
                           006192   913 _FSMSTAT0	=	0x6192
                           006193   914 _FSMSTAT1	=	0x6193
                           006194   915 _FIFOPCTRL	=	0x6194
                           006195   916 _FSMCTRL	=	0x6195
                           006196   917 _CCACTRL0	=	0x6196
                           006197   918 _CCACTRL1	=	0x6197
                           006198   919 _RSSI	=	0x6198
                           006199   920 _RSSISTAT	=	0x6199
                           00619A   921 _RXFIRST	=	0x619a
                           00619B   922 _RXFIFOCNT	=	0x619b
                           00619C   923 _TXFIFOCNT	=	0x619c
                           00619D   924 _RXFIRST_PTR	=	0x619d
                           00619E   925 _RXLAST_PTR	=	0x619e
                           00619F   926 _RXP1_PTR	=	0x619f
                           0061A1   927 _TXFIRST_PTR	=	0x61a1
                           0061A2   928 _TXLAST_PTR	=	0x61a2
                           0061A3   929 _RFIRQM0	=	0x61a3
                           0061A4   930 _RFIRQM1	=	0x61a4
                           0061A5   931 _RFERRM	=	0x61a5
                           0061A7   932 _RFRND	=	0x61a7
                           0061A8   933 _MDMCTRL0	=	0x61a8
                           0061A9   934 _MDMCTRL1	=	0x61a9
                           0061AA   935 _FREQEST	=	0x61aa
                           0061AB   936 _RXCTRL	=	0x61ab
                           0061AC   937 _FSCTRL	=	0x61ac
                           0061AD   938 _FSCAL0	=	0x61ad
                           0061AE   939 _FSCAL1	=	0x61ae
                           0061AF   940 _FSCAL2	=	0x61af
                           0061B0   941 _FSCAL3	=	0x61b0
                           0061B1   942 _AGCCTRL0	=	0x61b1
                           0061B2   943 _AGCCTRL1	=	0x61b2
                           0061B3   944 _AGCCTRL2	=	0x61b3
                           0061B4   945 _AGCCTRL3	=	0x61b4
                           0061B5   946 _ADCTEST0	=	0x61b5
                           0061B6   947 _ADCTEST1	=	0x61b6
                           0061B7   948 _ADCTEST2	=	0x61b7
                           0061B8   949 _MDMTEST0	=	0x61b8
                           0061B9   950 _MDMTEST1	=	0x61b9
                           0061BA   951 _DACTEST0	=	0x61ba
                           0061BB   952 _DACTEST1	=	0x61bb
                           0061BC   953 _DACTEST2	=	0x61bc
                           0061BD   954 _ATEST	=	0x61bd
                           0061BE   955 _PTEST0	=	0x61be
                           0061BF   956 _PTEST1	=	0x61bf
                           0061FA   957 _TXFILTCFG	=	0x61fa
                           0061EB   958 _RFC_OBS_CTRL0	=	0x61eb
                           0061EC   959 _RFC_OBS_CTRL1	=	0x61ec
                           0061ED   960 _RFC_OBS_CTRL2	=	0x61ed
                           0061C0   961 _CSPPROG0	=	0x61c0
                           0061C1   962 _CSPPROG1	=	0x61c1
                           0061C2   963 _CSPPROG2	=	0x61c2
                           0061C3   964 _CSPPROG3	=	0x61c3
                           0061C4   965 _CSPPROG4	=	0x61c4
                           0061C5   966 _CSPPROG5	=	0x61c5
                           0061C6   967 _CSPPROG6	=	0x61c6
                           0061C7   968 _CSPPROG7	=	0x61c7
                           0061C8   969 _CSPPROG8	=	0x61c8
                           0061C9   970 _CSPPROG9	=	0x61c9
                           0061CA   971 _CSPPROG10	=	0x61ca
                           0061CB   972 _CSPPROG11	=	0x61cb
                           0061CC   973 _CSPPROG12	=	0x61cc
                           0061CD   974 _CSPPROG13	=	0x61cd
                           0061CE   975 _CSPPROG14	=	0x61ce
                           0061CF   976 _CSPPROG15	=	0x61cf
                           0061D0   977 _CSPPROG16	=	0x61d0
                           0061D1   978 _CSPPROG17	=	0x61d1
                           0061D2   979 _CSPPROG18	=	0x61d2
                           0061D3   980 _CSPPROG19	=	0x61d3
                           0061D4   981 _CSPPROG20	=	0x61d4
                           0061D5   982 _CSPPROG21	=	0x61d5
                           0061D6   983 _CSPPROG22	=	0x61d6
                           0061D7   984 _CSPPROG23	=	0x61d7
                           0061E0   985 _CSPCTRL	=	0x61e0
                           0061E1   986 _CSPSTAT	=	0x61e1
                           0061E2   987 _CSPX	=	0x61e2
                           0061E3   988 _CSPY	=	0x61e3
                           0061E4   989 _CSPZ	=	0x61e4
                           0061E5   990 _CSPT	=	0x61e5
                           006200   991 _USBADDR	=	0x6200
                           006201   992 _USBPOW	=	0x6201
                           006202   993 _USBIIF	=	0x6202
                           006204   994 _USBOIF	=	0x6204
                           006206   995 _USBCIF	=	0x6206
                           006207   996 _USBIIE	=	0x6207
                           006209   997 _USBOIE	=	0x6209
                           00620B   998 _USBCIE	=	0x620b
                           00620C   999 _USBFRML	=	0x620c
                           00620D  1000 _USBFRMH	=	0x620d
                           00620E  1001 _USBINDEX	=	0x620e
                           00620F  1002 _USBCTRL	=	0x620f
                           006210  1003 _USBMAXI	=	0x6210
                           006211  1004 _USBCS0	=	0x6211
                           006211  1005 _USBCSIL	=	0x6211
                           006212  1006 _USBCSIH	=	0x6212
                           006213  1007 _USBMAXO	=	0x6213
                           006214  1008 _USBCSOL	=	0x6214
                           006215  1009 _USBCSOH	=	0x6215
                           006216  1010 _USBCNT0	=	0x6216
                           006216  1011 _USBCNTL	=	0x6216
                           006217  1012 _USBCNTH	=	0x6217
                           006220  1013 _USBF0	=	0x6220
                           006222  1014 _USBF1	=	0x6222
                           006224  1015 _USBF2	=	0x6224
                           006226  1016 _USBF3	=	0x6226
                           006228  1017 _USBF4	=	0x6228
                           00622A  1018 _USBF5	=	0x622a
                           007080  1019 _X_P0	=	0x7080
                           007086  1020 _X_U0CSR	=	0x7086
                           007089  1021 _X_P0IFG	=	0x7089
                           00708A  1022 _X_P1IFG	=	0x708a
                           00708B  1023 _X_P2IFG	=	0x708b
                           00708C  1024 _X_PICTL	=	0x708c
                           00708D  1025 _X_P1IEN	=	0x708d
                           00708F  1026 _X_P0INP	=	0x708f
                           007090  1027 _X_P1	=	0x7090
                           007091  1028 _X_RFIRQF1	=	0x7091
                           007093  1029 _X_MPAGE	=	0x7093
                           007093  1030 _X__XPAGE	=	0x7093
                           007094  1031 _X_T2CTRL	=	0x7094
                           007095  1032 _X_ST0	=	0x7095
                           007096  1033 _X_ST1	=	0x7096
                           007097  1034 _X_ST2	=	0x7097
                           00709C  1035 _X_T2EVTCFG	=	0x709c
                           00709D  1036 _X_SLEEPSTA	=	0x709d
                           00709E  1037 _X_CLKCONSTA	=	0x709e
                           00709F  1038 _X_FMAP	=	0x709f
                           00709F  1039 _X_PSBANK	=	0x709f
                           0070A0  1040 _X_P2	=	0x70a0
                           0070A1  1041 _X_T2IRQF	=	0x70a1
                           0070A2  1042 _X_T2M0	=	0x70a2
                           0070A3  1043 _X_T2M1	=	0x70a3
                           0070A4  1044 _X_T2MOVF0	=	0x70a4
                           0070A5  1045 _X_T2MOVF1	=	0x70a5
                           0070A6  1046 _X_T2MOVF2	=	0x70a6
                           0070A7  1047 _X_T2IRQM	=	0x70a7
                           0070AB  1048 _X_P0IEN	=	0x70ab
                           0070AC  1049 _X_P2IEN	=	0x70ac
                           0070AD  1050 _X_STLOAD	=	0x70ad
                           0070AE  1051 _X_PMUX	=	0x70ae
                           0070AF  1052 _X_T1STAT	=	0x70af
                           0070B1  1053 _X_ENCDI	=	0x70b1
                           0070B2  1054 _X_ENCDO	=	0x70b2
                           0070B3  1055 _X_ENCCS	=	0x70b3
                           0070B4  1056 _X_ADCCON1	=	0x70b4
                           0070B5  1057 _X_ADCCON2	=	0x70b5
                           0070B6  1058 _X_ADCCON3	=	0x70b6
                           0070BA  1059 _X_ADCL	=	0x70ba
                           0070BB  1060 _X_ADCH	=	0x70bb
                           0070BC  1061 _X_RNDL	=	0x70bc
                           0070BD  1062 _X_RNDH	=	0x70bd
                           0070BE  1063 _X_SLEEPCMD	=	0x70be
                           0070BF  1064 _X_RFERRF	=	0x70bf
                           0070C1  1065 _X_U0DBUF	=	0x70c1
                           0070C2  1066 _X_U0BAUD	=	0x70c2
                           0070C3  1067 _X_T2MSEL	=	0x70c3
                           0070C4  1068 _X_U0UCR	=	0x70c4
                           0070C5  1069 _X_U0GCR	=	0x70c5
                           0070C6  1070 _X_CLKCONCMD	=	0x70c6
                           0070C7  1071 _X_MEMCTR	=	0x70c7
                           0070C9  1072 _X_WDCTL	=	0x70c9
                           0070CA  1073 _X_T3CNT	=	0x70ca
                           0070CB  1074 _X_T3CTL	=	0x70cb
                           0070CC  1075 _X_T3CCTL0	=	0x70cc
                           0070CD  1076 _X_T3CC0	=	0x70cd
                           0070CE  1077 _X_T3CCTL1	=	0x70ce
                           0070CF  1078 _X_T3CC1	=	0x70cf
                           0070D1  1079 _X_DMAIRQ	=	0x70d1
                           0070D2  1080 _X_DMA1CFGL	=	0x70d2
                           0070D3  1081 _X_DMA1CFGH	=	0x70d3
                           0070D4  1082 _X_DMA0CFGL	=	0x70d4
                           0070D5  1083 _X_DMA0CFGH	=	0x70d5
                           0070D6  1084 _X_DMAARM	=	0x70d6
                           0070D7  1085 _X_DMAREQ	=	0x70d7
                           0070D8  1086 _X_TIMIF	=	0x70d8
                           0070D9  1087 _X_RFD	=	0x70d9
                           0070DA  1088 _X_T1CC0L	=	0x70da
                           0070DB  1089 _X_T1CC0H	=	0x70db
                           0070DC  1090 _X_T1CC1L	=	0x70dc
                           0070DD  1091 _X_T1CC1H	=	0x70dd
                           0070DE  1092 _X_T1CC2L	=	0x70de
                           0070DF  1093 _X_T1CC2H	=	0x70df
                           0070E1  1094 _X_RFST	=	0x70e1
                           0070E2  1095 _X_T1CNTL	=	0x70e2
                           0070E3  1096 _X_T1CNTH	=	0x70e3
                           0070E4  1097 _X_T1CTL	=	0x70e4
                           0070E5  1098 _X_T1CCTL0	=	0x70e5
                           0070E6  1099 _X_T1CCTL1	=	0x70e6
                           0070E7  1100 _X_T1CCTL2	=	0x70e7
                           0070E9  1101 _X_RFIRQF0	=	0x70e9
                           0070EA  1102 _X_T4CNT	=	0x70ea
                           0070EB  1103 _X_T4CTL	=	0x70eb
                           0070EC  1104 _X_T4CCTL0	=	0x70ec
                           0070ED  1105 _X_T4CC0	=	0x70ed
                           0070EE  1106 _X_T4CCTL1	=	0x70ee
                           0070EF  1107 _X_T4CC1	=	0x70ef
                           0070F1  1108 _X_PERCFG	=	0x70f1
                           0070F2  1109 _X_APCFG	=	0x70f2
                           0070F3  1110 _X_P0SEL	=	0x70f3
                           0070F4  1111 _X_P1SEL	=	0x70f4
                           0070F5  1112 _X_P2SEL	=	0x70f5
                           0070F6  1113 _X_P1INP	=	0x70f6
                           0070F7  1114 _X_P2INP	=	0x70f7
                           0070F8  1115 _X_U1CSR	=	0x70f8
                           0070F9  1116 _X_U1DBUF	=	0x70f9
                           0070FA  1117 _X_U1BAUD	=	0x70fa
                           0070FB  1118 _X_U1UCR	=	0x70fb
                           0070FC  1119 _X_U1GCR	=	0x70fc
                           0070FD  1120 _X_P0DIR	=	0x70fd
                           0070FE  1121 _X_P1DIR	=	0x70fe
                           0070FF  1122 _X_P2DIR	=	0x70ff
                           007800  1123 _X_INFOPAGE	=	0x7800
                           00780C  1124 _X_IEEE_ADDR	=	0x780c
                                   1125 ;--------------------------------------------------------
                                   1126 ; absolute external ram data
                                   1127 ;--------------------------------------------------------
                                   1128 	.area XABS    (ABS,XDATA)
                                   1129 ;--------------------------------------------------------
                                   1130 ; external initialized ram data
                                   1131 ;--------------------------------------------------------
                                   1132 	.area XISEG   (XDATA)
                                   1133 	.area HOME    (CODE)
                                   1134 	.area GSINIT0 (CODE)
                                   1135 	.area GSINIT1 (CODE)
                                   1136 	.area GSINIT2 (CODE)
                                   1137 	.area GSINIT3 (CODE)
                                   1138 	.area GSINIT4 (CODE)
                                   1139 	.area GSINIT5 (CODE)
                                   1140 	.area GSINIT  (CODE)
                                   1141 	.area GSFINAL (CODE)
                                   1142 	.area CSEG    (CODE)
                                   1143 ;--------------------------------------------------------
                                   1144 ; global & static initialisations
                                   1145 ;--------------------------------------------------------
                                   1146 	.area HOME    (CODE)
                                   1147 	.area GSINIT  (CODE)
                                   1148 	.area GSFINAL (CODE)
                                   1149 	.area GSINIT  (CODE)
                                   1150 ;--------------------------------------------------------
                                   1151 ; Home
                                   1152 ;--------------------------------------------------------
                                   1153 	.area HOME    (CODE)
                                   1154 	.area HOME    (CODE)
                                   1155 ;--------------------------------------------------------
                                   1156 ; code
                                   1157 ;--------------------------------------------------------
                                   1158 	.area CSEG    (CODE)
                                   1159 ;------------------------------------------------------------
                                   1160 ;Allocation info for local variables in function 'recv_from_broadcast'
                                   1161 ;------------------------------------------------------------
                                   1162 ;sender                    Allocated to stack - sp -4
                                   1163 ;broadcast                 Allocated to registers r5 r6 r7 
                                   1164 ;c                         Allocated to registers r5 r6 r7 
                                   1165 ;------------------------------------------------------------
                                   1166 ;	../contiki-sensinode/core/net/rime/stbroadcast.c:52: recv_from_broadcast(struct broadcast_conn *broadcast, const rimeaddr_t *sender)
                                   1167 ;	-----------------------------------------
                                   1168 ;	 function recv_from_broadcast
                                   1169 ;	-----------------------------------------
      000000                       1170 _recv_from_broadcast:
                           000007  1171 	ar7 = 0x07
                           000006  1172 	ar6 = 0x06
                           000005  1173 	ar5 = 0x05
                           000004  1174 	ar4 = 0x04
                           000003  1175 	ar3 = 0x03
                           000002  1176 	ar2 = 0x02
                           000001  1177 	ar1 = 0x01
                           000000  1178 	ar0 = 0x00
      000000 AD 82            [24] 1179 	mov	r5,dpl
      000002 AE 83            [24] 1180 	mov	r6,dph
      000004 AF F0            [24] 1181 	mov	r7,b
                                   1182 ;	../contiki-sensinode/core/net/rime/stbroadcast.c:54: register struct stbroadcast_conn *c = (struct stbroadcast_conn *)broadcast;
                                   1183 ;	../contiki-sensinode/core/net/rime/stbroadcast.c:56: if(c->u->recv != NULL) {
      000006 74 27            [12] 1184 	mov	a,#0x27
      000008 2D               [12] 1185 	add	a,r5
      000009 FA               [12] 1186 	mov	r2,a
      00000A E4               [12] 1187 	clr	a
      00000B 3E               [12] 1188 	addc	a,r6
      00000C FB               [12] 1189 	mov	r3,a
      00000D 8F 04            [24] 1190 	mov	ar4,r7
      00000F 8A 82            [24] 1191 	mov	dpl,r2
      000011 8B 83            [24] 1192 	mov	dph,r3
      000013 8C F0            [24] 1193 	mov	b,r4
      000015 12r00r00         [24] 1194 	lcall	__gptrget
      000018 FA               [12] 1195 	mov	r2,a
      000019 A3               [24] 1196 	inc	dptr
      00001A 12r00r00         [24] 1197 	lcall	__gptrget
      00001D FB               [12] 1198 	mov	r3,a
      00001E A3               [24] 1199 	inc	dptr
      00001F 12r00r00         [24] 1200 	lcall	__gptrget
      000022 FC               [12] 1201 	mov	r4,a
      000023 8A 82            [24] 1202 	mov	dpl,r2
      000025 8B 83            [24] 1203 	mov	dph,r3
      000027 8C F0            [24] 1204 	mov	b,r4
      000029 12r00r00         [24] 1205 	lcall	__gptrget
      00002C FB               [12] 1206 	mov	r3,a
      00002D A3               [24] 1207 	inc	dptr
      00002E 12r00r00         [24] 1208 	lcall	__gptrget
      000031 FC               [12] 1209 	mov	r4,a
      000032 4B               [12] 1210 	orl	a,r3
      000033 60 18            [24] 1211 	jz	00103$
                                   1212 ;	../contiki-sensinode/core/net/rime/stbroadcast.c:57: c->u->recv(c);
      000035 C0 04            [24] 1213 	push	ar4
      000037 C0 03            [24] 1214 	push	ar3
      000039 12r00r3E         [24] 1215 	lcall	00109$
      00003C 80 0B            [24] 1216 	sjmp	00110$
      00003E                       1217 00109$:
      00003E C0 03            [24] 1218 	push	ar3
      000040 C0 04            [24] 1219 	push	ar4
      000042 8D 82            [24] 1220 	mov	dpl,r5
      000044 8E 83            [24] 1221 	mov	dph,r6
      000046 8F F0            [24] 1222 	mov	b,r7
      000048 22               [24] 1223 	ret
      000049                       1224 00110$:
      000049 D0 03            [24] 1225 	pop	ar3
      00004B D0 04            [24] 1226 	pop	ar4
      00004D                       1227 00103$:
      00004D 22               [24] 1228 	ret
                                   1229 ;------------------------------------------------------------
                                   1230 ;Allocation info for local variables in function 'stbroadcast_open'
                                   1231 ;------------------------------------------------------------
                                   1232 ;channel                   Allocated to stack - sp -3
                                   1233 ;u                         Allocated to stack - sp -6
                                   1234 ;c                         Allocated to registers r5 r6 r7 
                                   1235 ;------------------------------------------------------------
                                   1236 ;	../contiki-sensinode/core/net/rime/stbroadcast.c:64: stbroadcast_open(struct stbroadcast_conn *c, uint16_t channel,
                                   1237 ;	-----------------------------------------
                                   1238 ;	 function stbroadcast_open
                                   1239 ;	-----------------------------------------
      00004E                       1240 _stbroadcast_open:
      00004E AD 82            [24] 1241 	mov	r5,dpl
      000050 AE 83            [24] 1242 	mov	r6,dph
      000052 AF F0            [24] 1243 	mov	r7,b
                                   1244 ;	../contiki-sensinode/core/net/rime/stbroadcast.c:67: broadcast_open(&c->c, channel, &stbroadcast);
      000054 C0 07            [24] 1245 	push	ar7
      000056 C0 06            [24] 1246 	push	ar6
      000058 C0 05            [24] 1247 	push	ar5
      00005A 74r00            [12] 1248 	mov	a,#_stbroadcast
      00005C C0 E0            [24] 1249 	push	acc
      00005E 74s00            [12] 1250 	mov	a,#(_stbroadcast >> 8)
      000060 C0 E0            [24] 1251 	push	acc
      000062 74 80            [12] 1252 	mov	a,#0x80
      000064 C0 E0            [24] 1253 	push	acc
      000066 E5 81            [12] 1254 	mov	a,sp
      000068 24 F7            [12] 1255 	add	a,#0xf7
      00006A F8               [12] 1256 	mov	r0,a
      00006B E6               [12] 1257 	mov	a,@r0
      00006C C0 E0            [24] 1258 	push	acc
      00006E 08               [12] 1259 	inc	r0
      00006F E6               [12] 1260 	mov	a,@r0
      000070 C0 E0            [24] 1261 	push	acc
      000072 8D 82            [24] 1262 	mov	dpl,r5
      000074 8E 83            [24] 1263 	mov	dph,r6
      000076 8F F0            [24] 1264 	mov	b,r7
      000078 12r00r00         [24] 1265 	lcall	_broadcast_open
      00007B E5 81            [12] 1266 	mov	a,sp
      00007D 24 FB            [12] 1267 	add	a,#0xfb
      00007F F5 81            [12] 1268 	mov	sp,a
      000081 D0 05            [24] 1269 	pop	ar5
      000083 D0 06            [24] 1270 	pop	ar6
      000085 D0 07            [24] 1271 	pop	ar7
                                   1272 ;	../contiki-sensinode/core/net/rime/stbroadcast.c:68: c->u = u;
      000087 74 27            [12] 1273 	mov	a,#0x27
      000089 2D               [12] 1274 	add	a,r5
      00008A FD               [12] 1275 	mov	r5,a
      00008B E4               [12] 1276 	clr	a
      00008C 3E               [12] 1277 	addc	a,r6
      00008D FE               [12] 1278 	mov	r6,a
      00008E 8D 82            [24] 1279 	mov	dpl,r5
      000090 8E 83            [24] 1280 	mov	dph,r6
      000092 8F F0            [24] 1281 	mov	b,r7
      000094 E5 81            [12] 1282 	mov	a,sp
      000096 24 FA            [12] 1283 	add	a,#0xfa
      000098 F8               [12] 1284 	mov	r0,a
      000099 E6               [12] 1285 	mov	a,@r0
      00009A 12r00r00         [24] 1286 	lcall	__gptrput
      00009D A3               [24] 1287 	inc	dptr
      00009E 08               [12] 1288 	inc	r0
      00009F E6               [12] 1289 	mov	a,@r0
      0000A0 12r00r00         [24] 1290 	lcall	__gptrput
      0000A3 A3               [24] 1291 	inc	dptr
      0000A4 08               [12] 1292 	inc	r0
      0000A5 E6               [12] 1293 	mov	a,@r0
      0000A6 02r00r00         [24] 1294 	ljmp	__gptrput
                                   1295 ;------------------------------------------------------------
                                   1296 ;Allocation info for local variables in function 'stbroadcast_close'
                                   1297 ;------------------------------------------------------------
                                   1298 ;c                         Allocated to registers r5 r6 r7 
                                   1299 ;------------------------------------------------------------
                                   1300 ;	../contiki-sensinode/core/net/rime/stbroadcast.c:72: stbroadcast_close(struct stbroadcast_conn *c)
                                   1301 ;	-----------------------------------------
                                   1302 ;	 function stbroadcast_close
                                   1303 ;	-----------------------------------------
      0000A9                       1304 _stbroadcast_close:
                                   1305 ;	../contiki-sensinode/core/net/rime/stbroadcast.c:74: broadcast_close(&c->c);
      0000A9 AD 82            [24] 1306 	mov	r5,dpl
      0000AB AE 83            [24] 1307 	mov	r6,dph
      0000AD AF F0            [24] 1308 	mov	r7,b
      0000AF C0 07            [24] 1309 	push	ar7
      0000B1 C0 06            [24] 1310 	push	ar6
      0000B3 C0 05            [24] 1311 	push	ar5
      0000B5 12r00r00         [24] 1312 	lcall	_broadcast_close
      0000B8 D0 05            [24] 1313 	pop	ar5
      0000BA D0 06            [24] 1314 	pop	ar6
      0000BC D0 07            [24] 1315 	pop	ar7
                                   1316 ;	../contiki-sensinode/core/net/rime/stbroadcast.c:75: ctimer_stop(&c->t);
      0000BE 74 0F            [12] 1317 	mov	a,#0x0F
      0000C0 2D               [12] 1318 	add	a,r5
      0000C1 FD               [12] 1319 	mov	r5,a
      0000C2 E4               [12] 1320 	clr	a
      0000C3 3E               [12] 1321 	addc	a,r6
      0000C4 FE               [12] 1322 	mov	r6,a
      0000C5 8D 82            [24] 1323 	mov	dpl,r5
      0000C7 8E 83            [24] 1324 	mov	dph,r6
      0000C9 8F F0            [24] 1325 	mov	b,r7
      0000CB 02r00r00         [24] 1326 	ljmp	_ctimer_stop
                                   1327 ;------------------------------------------------------------
                                   1328 ;Allocation info for local variables in function 'send'
                                   1329 ;------------------------------------------------------------
                                   1330 ;ptr                       Allocated to registers r5 r6 r7 
                                   1331 ;c                         Allocated to registers r5 r6 r7 
                                   1332 ;------------------------------------------------------------
                                   1333 ;	../contiki-sensinode/core/net/rime/stbroadcast.c:79: send(void *ptr)
                                   1334 ;	-----------------------------------------
                                   1335 ;	 function send
                                   1336 ;	-----------------------------------------
      0000CE                       1337 _send:
      0000CE AD 82            [24] 1338 	mov	r5,dpl
      0000D0 AE 83            [24] 1339 	mov	r6,dph
      0000D2 AF F0            [24] 1340 	mov	r7,b
                                   1341 ;	../contiki-sensinode/core/net/rime/stbroadcast.c:81: struct stbroadcast_conn *c = ptr;
                                   1342 ;	../contiki-sensinode/core/net/rime/stbroadcast.c:84: queuebuf_to_packetbuf(c->buf);
      0000D4 74 24            [12] 1343 	mov	a,#0x24
      0000D6 2D               [12] 1344 	add	a,r5
      0000D7 FA               [12] 1345 	mov	r2,a
      0000D8 E4               [12] 1346 	clr	a
      0000D9 3E               [12] 1347 	addc	a,r6
      0000DA FB               [12] 1348 	mov	r3,a
      0000DB 8F 04            [24] 1349 	mov	ar4,r7
      0000DD 8A 82            [24] 1350 	mov	dpl,r2
      0000DF 8B 83            [24] 1351 	mov	dph,r3
      0000E1 8C F0            [24] 1352 	mov	b,r4
      0000E3 12r00r00         [24] 1353 	lcall	__gptrget
      0000E6 FA               [12] 1354 	mov	r2,a
      0000E7 A3               [24] 1355 	inc	dptr
      0000E8 12r00r00         [24] 1356 	lcall	__gptrget
      0000EB FB               [12] 1357 	mov	r3,a
      0000EC A3               [24] 1358 	inc	dptr
      0000ED 12r00r00         [24] 1359 	lcall	__gptrget
      0000F0 FC               [12] 1360 	mov	r4,a
      0000F1 8A 82            [24] 1361 	mov	dpl,r2
      0000F3 8B 83            [24] 1362 	mov	dph,r3
      0000F5 8C F0            [24] 1363 	mov	b,r4
      0000F7 C0 07            [24] 1364 	push	ar7
      0000F9 C0 06            [24] 1365 	push	ar6
      0000FB C0 05            [24] 1366 	push	ar5
      0000FD 12r00r00         [24] 1367 	lcall	_queuebuf_to_packetbuf
      000100 D0 05            [24] 1368 	pop	ar5
      000102 D0 06            [24] 1369 	pop	ar6
      000104 D0 07            [24] 1370 	pop	ar7
                                   1371 ;	../contiki-sensinode/core/net/rime/stbroadcast.c:85: broadcast_send(&c->c);
      000106 8D 82            [24] 1372 	mov	dpl,r5
      000108 8E 83            [24] 1373 	mov	dph,r6
      00010A 8F F0            [24] 1374 	mov	b,r7
      00010C C0 07            [24] 1375 	push	ar7
      00010E C0 06            [24] 1376 	push	ar6
      000110 C0 05            [24] 1377 	push	ar5
      000112 12r00r00         [24] 1378 	lcall	_broadcast_send
      000115 D0 05            [24] 1379 	pop	ar5
      000117 D0 06            [24] 1380 	pop	ar6
      000119 D0 07            [24] 1381 	pop	ar7
                                   1382 ;	../contiki-sensinode/core/net/rime/stbroadcast.c:86: ctimer_reset(&c->t);
      00011B 74 0F            [12] 1383 	mov	a,#0x0F
      00011D 2D               [12] 1384 	add	a,r5
      00011E FA               [12] 1385 	mov	r2,a
      00011F E4               [12] 1386 	clr	a
      000120 3E               [12] 1387 	addc	a,r6
      000121 FB               [12] 1388 	mov	r3,a
      000122 8F 04            [24] 1389 	mov	ar4,r7
      000124 8A 82            [24] 1390 	mov	dpl,r2
      000126 8B 83            [24] 1391 	mov	dph,r3
      000128 8C F0            [24] 1392 	mov	b,r4
      00012A C0 07            [24] 1393 	push	ar7
      00012C C0 06            [24] 1394 	push	ar6
      00012E C0 05            [24] 1395 	push	ar5
      000130 12r00r00         [24] 1396 	lcall	_ctimer_reset
      000133 D0 05            [24] 1397 	pop	ar5
      000135 D0 06            [24] 1398 	pop	ar6
      000137 D0 07            [24] 1399 	pop	ar7
                                   1400 ;	../contiki-sensinode/core/net/rime/stbroadcast.c:87: if(c->u->sent != NULL) {
      000139 74 27            [12] 1401 	mov	a,#0x27
      00013B 2D               [12] 1402 	add	a,r5
      00013C FA               [12] 1403 	mov	r2,a
      00013D E4               [12] 1404 	clr	a
      00013E 3E               [12] 1405 	addc	a,r6
      00013F FB               [12] 1406 	mov	r3,a
      000140 8F 04            [24] 1407 	mov	ar4,r7
      000142 8A 82            [24] 1408 	mov	dpl,r2
      000144 8B 83            [24] 1409 	mov	dph,r3
      000146 8C F0            [24] 1410 	mov	b,r4
      000148 12r00r00         [24] 1411 	lcall	__gptrget
      00014B FA               [12] 1412 	mov	r2,a
      00014C A3               [24] 1413 	inc	dptr
      00014D 12r00r00         [24] 1414 	lcall	__gptrget
      000150 FB               [12] 1415 	mov	r3,a
      000151 A3               [24] 1416 	inc	dptr
      000152 12r00r00         [24] 1417 	lcall	__gptrget
      000155 FC               [12] 1418 	mov	r4,a
      000156 74 02            [12] 1419 	mov	a,#0x02
      000158 2A               [12] 1420 	add	a,r2
      000159 FA               [12] 1421 	mov	r2,a
      00015A E4               [12] 1422 	clr	a
      00015B 3B               [12] 1423 	addc	a,r3
      00015C FB               [12] 1424 	mov	r3,a
      00015D 8A 82            [24] 1425 	mov	dpl,r2
      00015F 8B 83            [24] 1426 	mov	dph,r3
      000161 8C F0            [24] 1427 	mov	b,r4
      000163 12r00r00         [24] 1428 	lcall	__gptrget
      000166 FB               [12] 1429 	mov	r3,a
      000167 A3               [24] 1430 	inc	dptr
      000168 12r00r00         [24] 1431 	lcall	__gptrget
      00016B FC               [12] 1432 	mov	r4,a
      00016C 4B               [12] 1433 	orl	a,r3
      00016D 60 18            [24] 1434 	jz	00103$
                                   1435 ;	../contiki-sensinode/core/net/rime/stbroadcast.c:88: c->u->sent(c);
      00016F C0 04            [24] 1436 	push	ar4
      000171 C0 03            [24] 1437 	push	ar3
      000173 12r01r78         [24] 1438 	lcall	00109$
      000176 80 0B            [24] 1439 	sjmp	00110$
      000178                       1440 00109$:
      000178 C0 03            [24] 1441 	push	ar3
      00017A C0 04            [24] 1442 	push	ar4
      00017C 8D 82            [24] 1443 	mov	dpl,r5
      00017E 8E 83            [24] 1444 	mov	dph,r6
      000180 8F F0            [24] 1445 	mov	b,r7
      000182 22               [24] 1446 	ret
      000183                       1447 00110$:
      000183 D0 03            [24] 1448 	pop	ar3
      000185 D0 04            [24] 1449 	pop	ar4
      000187                       1450 00103$:
      000187 22               [24] 1451 	ret
                                   1452 ;------------------------------------------------------------
                                   1453 ;Allocation info for local variables in function 'stbroadcast_set_timer'
                                   1454 ;------------------------------------------------------------
                                   1455 ;t                         Allocated to stack - sp -3
                                   1456 ;c                         Allocated to registers r5 r6 r7 
                                   1457 ;------------------------------------------------------------
                                   1458 ;	../contiki-sensinode/core/net/rime/stbroadcast.c:93: stbroadcast_set_timer(struct stbroadcast_conn *c, clock_time_t t)
                                   1459 ;	-----------------------------------------
                                   1460 ;	 function stbroadcast_set_timer
                                   1461 ;	-----------------------------------------
      000188                       1462 _stbroadcast_set_timer:
      000188 AD 82            [24] 1463 	mov	r5,dpl
      00018A AE 83            [24] 1464 	mov	r6,dph
      00018C AF F0            [24] 1465 	mov	r7,b
                                   1466 ;	../contiki-sensinode/core/net/rime/stbroadcast.c:95: ctimer_set(&c->t, t, send, c);
      00018E 8D 02            [24] 1467 	mov	ar2,r5
      000190 8E 03            [24] 1468 	mov	ar3,r6
      000192 8F 04            [24] 1469 	mov	ar4,r7
      000194 74 0F            [12] 1470 	mov	a,#0x0F
      000196 2D               [12] 1471 	add	a,r5
      000197 FD               [12] 1472 	mov	r5,a
      000198 E4               [12] 1473 	clr	a
      000199 3E               [12] 1474 	addc	a,r6
      00019A FE               [12] 1475 	mov	r6,a
      00019B C0 02            [24] 1476 	push	ar2
      00019D C0 03            [24] 1477 	push	ar3
      00019F C0 04            [24] 1478 	push	ar4
      0001A1 74rCE            [12] 1479 	mov	a,#_send
      0001A3 C0 E0            [24] 1480 	push	acc
      0001A5 74s00            [12] 1481 	mov	a,#(_send >> 8)
      0001A7 C0 E0            [24] 1482 	push	acc
      0001A9 E5 81            [12] 1483 	mov	a,sp
      0001AB 24 F8            [12] 1484 	add	a,#0xf8
      0001AD F8               [12] 1485 	mov	r0,a
      0001AE E6               [12] 1486 	mov	a,@r0
      0001AF C0 E0            [24] 1487 	push	acc
      0001B1 08               [12] 1488 	inc	r0
      0001B2 E6               [12] 1489 	mov	a,@r0
      0001B3 C0 E0            [24] 1490 	push	acc
      0001B5 8D 82            [24] 1491 	mov	dpl,r5
      0001B7 8E 83            [24] 1492 	mov	dph,r6
      0001B9 8F F0            [24] 1493 	mov	b,r7
      0001BB 12r00r00         [24] 1494 	lcall	_ctimer_set
      0001BE E5 81            [12] 1495 	mov	a,sp
      0001C0 24 F9            [12] 1496 	add	a,#0xf9
      0001C2 F5 81            [12] 1497 	mov	sp,a
      0001C4 22               [24] 1498 	ret
                                   1499 ;------------------------------------------------------------
                                   1500 ;Allocation info for local variables in function 'stbroadcast_send_stubborn'
                                   1501 ;------------------------------------------------------------
                                   1502 ;t                         Allocated to stack - sp -6
                                   1503 ;c                         Allocated to stack - sp -2
                                   1504 ;sloc0                     Allocated to stack - sp +1
                                   1505 ;------------------------------------------------------------
                                   1506 ;	../contiki-sensinode/core/net/rime/stbroadcast.c:99: stbroadcast_send_stubborn(struct stbroadcast_conn *c, clock_time_t t)
                                   1507 ;	-----------------------------------------
                                   1508 ;	 function stbroadcast_send_stubborn
                                   1509 ;	-----------------------------------------
      0001C5                       1510 _stbroadcast_send_stubborn:
      0001C5 C0 82            [24] 1511 	push	dpl
      0001C7 C0 83            [24] 1512 	push	dph
      0001C9 C0 F0            [24] 1513 	push	b
                                   1514 ;	../contiki-sensinode/core/net/rime/stbroadcast.c:101: if(c->buf != NULL) {
      0001CB A8 81            [24] 1515 	mov	r0,sp
      0001CD 18               [12] 1516 	dec	r0
      0001CE 18               [12] 1517 	dec	r0
      0001CF 74 24            [12] 1518 	mov	a,#0x24
      0001D1 26               [12] 1519 	add	a,@r0
      0001D2 FA               [12] 1520 	mov	r2,a
      0001D3 E4               [12] 1521 	clr	a
      0001D4 08               [12] 1522 	inc	r0
      0001D5 36               [12] 1523 	addc	a,@r0
      0001D6 FB               [12] 1524 	mov	r3,a
      0001D7 08               [12] 1525 	inc	r0
      0001D8 86 04            [24] 1526 	mov	ar4,@r0
      0001DA 8A 82            [24] 1527 	mov	dpl,r2
      0001DC 8B 83            [24] 1528 	mov	dph,r3
      0001DE 8C F0            [24] 1529 	mov	b,r4
      0001E0 12r00r00         [24] 1530 	lcall	__gptrget
      0001E3 FF               [12] 1531 	mov	r7,a
      0001E4 A3               [24] 1532 	inc	dptr
      0001E5 12r00r00         [24] 1533 	lcall	__gptrget
      0001E8 FE               [12] 1534 	mov	r6,a
      0001E9 A3               [24] 1535 	inc	dptr
      0001EA 12r00r00         [24] 1536 	lcall	__gptrget
      0001ED FD               [12] 1537 	mov	r5,a
      0001EE EF               [12] 1538 	mov	a,r7
      0001EF 4E               [12] 1539 	orl	a,r6
      0001F0 60 15            [24] 1540 	jz	00102$
                                   1541 ;	../contiki-sensinode/core/net/rime/stbroadcast.c:102: queuebuf_free(c->buf);
      0001F2 8F 82            [24] 1542 	mov	dpl,r7
      0001F4 8E 83            [24] 1543 	mov	dph,r6
      0001F6 8D F0            [24] 1544 	mov	b,r5
      0001F8 C0 04            [24] 1545 	push	ar4
      0001FA C0 03            [24] 1546 	push	ar3
      0001FC C0 02            [24] 1547 	push	ar2
      0001FE 12r00r00         [24] 1548 	lcall	_queuebuf_free
      000201 D0 02            [24] 1549 	pop	ar2
      000203 D0 03            [24] 1550 	pop	ar3
      000205 D0 04            [24] 1551 	pop	ar4
      000207                       1552 00102$:
                                   1553 ;	../contiki-sensinode/core/net/rime/stbroadcast.c:104: c->buf = queuebuf_new_from_packetbuf();
      000207 C0 04            [24] 1554 	push	ar4
      000209 C0 03            [24] 1555 	push	ar3
      00020B C0 02            [24] 1556 	push	ar2
      00020D 12r00r00         [24] 1557 	lcall	_queuebuf_new_from_packetbuf
      000210 AD 82            [24] 1558 	mov	r5,dpl
      000212 AE 83            [24] 1559 	mov	r6,dph
      000214 AF F0            [24] 1560 	mov	r7,b
      000216 D0 02            [24] 1561 	pop	ar2
      000218 D0 03            [24] 1562 	pop	ar3
      00021A D0 04            [24] 1563 	pop	ar4
      00021C 8A 82            [24] 1564 	mov	dpl,r2
      00021E 8B 83            [24] 1565 	mov	dph,r3
      000220 8C F0            [24] 1566 	mov	b,r4
      000222 ED               [12] 1567 	mov	a,r5
      000223 12r00r00         [24] 1568 	lcall	__gptrput
      000226 A3               [24] 1569 	inc	dptr
      000227 EE               [12] 1570 	mov	a,r6
      000228 12r00r00         [24] 1571 	lcall	__gptrput
      00022B A3               [24] 1572 	inc	dptr
      00022C EF               [12] 1573 	mov	a,r7
      00022D 12r00r00         [24] 1574 	lcall	__gptrput
                                   1575 ;	../contiki-sensinode/core/net/rime/stbroadcast.c:105: if(c->buf == NULL) {
      000230 ED               [12] 1576 	mov	a,r5
      000231 4E               [12] 1577 	orl	a,r6
      000232 70 05            [24] 1578 	jnz	00104$
                                   1579 ;	../contiki-sensinode/core/net/rime/stbroadcast.c:106: return 0;
      000234 90 00 00         [24] 1580 	mov	dptr,#0x0000
      000237 80 38            [24] 1581 	sjmp	00105$
      000239                       1582 00104$:
                                   1583 ;	../contiki-sensinode/core/net/rime/stbroadcast.c:108: send(c);
      000239 A8 81            [24] 1584 	mov	r0,sp
      00023B 18               [12] 1585 	dec	r0
      00023C 18               [12] 1586 	dec	r0
      00023D 86 05            [24] 1587 	mov	ar5,@r0
      00023F 08               [12] 1588 	inc	r0
      000240 86 06            [24] 1589 	mov	ar6,@r0
      000242 08               [12] 1590 	inc	r0
      000243 86 07            [24] 1591 	mov	ar7,@r0
      000245 8D 82            [24] 1592 	mov	dpl,r5
      000247 8E 83            [24] 1593 	mov	dph,r6
      000249 8F F0            [24] 1594 	mov	b,r7
      00024B 12r00rCE         [24] 1595 	lcall	_send
                                   1596 ;	../contiki-sensinode/core/net/rime/stbroadcast.c:109: stbroadcast_set_timer(c, t);
      00024E E5 81            [12] 1597 	mov	a,sp
      000250 24 FA            [12] 1598 	add	a,#0xfa
      000252 F8               [12] 1599 	mov	r0,a
      000253 E6               [12] 1600 	mov	a,@r0
      000254 C0 E0            [24] 1601 	push	acc
      000256 08               [12] 1602 	inc	r0
      000257 E6               [12] 1603 	mov	a,@r0
      000258 C0 E0            [24] 1604 	push	acc
      00025A E5 81            [12] 1605 	mov	a,sp
      00025C 24 FC            [12] 1606 	add	a,#0xfc
      00025E F8               [12] 1607 	mov	r0,a
      00025F 86 82            [24] 1608 	mov	dpl,@r0
      000261 08               [12] 1609 	inc	r0
      000262 86 83            [24] 1610 	mov	dph,@r0
      000264 08               [12] 1611 	inc	r0
      000265 86 F0            [24] 1612 	mov	b,@r0
      000267 12r01r88         [24] 1613 	lcall	_stbroadcast_set_timer
      00026A 15 81            [12] 1614 	dec	sp
      00026C 15 81            [12] 1615 	dec	sp
                                   1616 ;	../contiki-sensinode/core/net/rime/stbroadcast.c:110: return 1;
      00026E 90 00 01         [24] 1617 	mov	dptr,#0x0001
      000271                       1618 00105$:
      000271 15 81            [12] 1619 	dec	sp
      000273 15 81            [12] 1620 	dec	sp
      000275 15 81            [12] 1621 	dec	sp
      000277 22               [24] 1622 	ret
                                   1623 ;------------------------------------------------------------
                                   1624 ;Allocation info for local variables in function 'stbroadcast_cancel'
                                   1625 ;------------------------------------------------------------
                                   1626 ;c                         Allocated to registers r5 r6 r7 
                                   1627 ;------------------------------------------------------------
                                   1628 ;	../contiki-sensinode/core/net/rime/stbroadcast.c:115: stbroadcast_cancel(struct stbroadcast_conn *c)
                                   1629 ;	-----------------------------------------
                                   1630 ;	 function stbroadcast_cancel
                                   1631 ;	-----------------------------------------
      000278                       1632 _stbroadcast_cancel:
      000278 AD 82            [24] 1633 	mov	r5,dpl
      00027A AE 83            [24] 1634 	mov	r6,dph
      00027C AF F0            [24] 1635 	mov	r7,b
                                   1636 ;	../contiki-sensinode/core/net/rime/stbroadcast.c:117: ctimer_stop(&c->t);
      00027E 74 0F            [12] 1637 	mov	a,#0x0F
      000280 2D               [12] 1638 	add	a,r5
      000281 FD               [12] 1639 	mov	r5,a
      000282 E4               [12] 1640 	clr	a
      000283 3E               [12] 1641 	addc	a,r6
      000284 FE               [12] 1642 	mov	r6,a
      000285 8D 82            [24] 1643 	mov	dpl,r5
      000287 8E 83            [24] 1644 	mov	dph,r6
      000289 8F F0            [24] 1645 	mov	b,r7
      00028B 02r00r00         [24] 1646 	ljmp	_ctimer_stop
                                   1647 	.area CSEG    (CODE)
                                   1648 	.area CONST   (CODE)
      000000                       1649 _stbroadcast:
      000000r00s00                 1650 	.byte _recv_from_broadcast,(_recv_from_broadcast >> 8)
      000002 00 00                 1651 	.byte #0x00,#0x00
                                   1652 	.area XINIT   (CODE)
                                   1653 	.area CABS    (ABS,CODE)
