                                      1 ;--------------------------------------------------------
                                      2 ; File Created by SDCC : free open source ANSI-C Compiler
                                      3 ; Version 3.4.0 #8981 (Oct 24 2015) (Linux)
                                      4 ; This file was generated Sun Oct 25 01:51:58 2015
                                      5 ;--------------------------------------------------------
                                      6 	.module timesynch
                                      7 	.optsdcc -mmcs51 --model-large
                                      8 	
                                      9 ;--------------------------------------------------------
                                     10 ; Public variables in this module
                                     11 ;--------------------------------------------------------
                                     12 	.globl _ACTIVE
                                     13 	.globl _TX_BYTE
                                     14 	.globl _RX_BYTE
                                     15 	.globl _ERR
                                     16 	.globl _FE
                                     17 	.globl _SLAVE
                                     18 	.globl _RE
                                     19 	.globl _MODE
                                     20 	.globl _T3OVFIF
                                     21 	.globl _T3CH0IF
                                     22 	.globl _T3CH1IF
                                     23 	.globl _T4OVFIF
                                     24 	.globl _T4CH0IF
                                     25 	.globl _T4CH1IF
                                     26 	.globl _OVFIM
                                     27 	.globl _B_0
                                     28 	.globl _B_1
                                     29 	.globl _B_2
                                     30 	.globl _B_3
                                     31 	.globl _B_4
                                     32 	.globl _B_5
                                     33 	.globl _B_6
                                     34 	.globl _B_7
                                     35 	.globl _P2IF
                                     36 	.globl _UTX0IF
                                     37 	.globl _UTX1IF
                                     38 	.globl _P1IF
                                     39 	.globl _WDTIF
                                     40 	.globl _ACC_0
                                     41 	.globl _ACC_1
                                     42 	.globl _ACC_2
                                     43 	.globl _ACC_3
                                     44 	.globl _ACC_4
                                     45 	.globl _ACC_5
                                     46 	.globl _ACC_6
                                     47 	.globl _ACC_7
                                     48 	.globl _P
                                     49 	.globl _F1
                                     50 	.globl _OV
                                     51 	.globl _RS0
                                     52 	.globl _RS1
                                     53 	.globl _F0
                                     54 	.globl _AC
                                     55 	.globl _CY
                                     56 	.globl _DMAIF
                                     57 	.globl _T1IF
                                     58 	.globl _T2IF
                                     59 	.globl _T3IF
                                     60 	.globl _T4IF
                                     61 	.globl _P0IF
                                     62 	.globl _STIF
                                     63 	.globl _DMAIE
                                     64 	.globl _T1IE
                                     65 	.globl _T2IE
                                     66 	.globl _T3IE
                                     67 	.globl _T4IE
                                     68 	.globl _P0IE
                                     69 	.globl _RFERRIE
                                     70 	.globl _ADCIE
                                     71 	.globl _URX0IE
                                     72 	.globl _URX1IE
                                     73 	.globl _ENCIE
                                     74 	.globl _STIE
                                     75 	.globl _EA
                                     76 	.globl _P2_0
                                     77 	.globl _P2_1
                                     78 	.globl _P2_2
                                     79 	.globl _P2_3
                                     80 	.globl _P2_4
                                     81 	.globl _P2_5
                                     82 	.globl _P2_6
                                     83 	.globl _P2_7
                                     84 	.globl _ENCIF_0
                                     85 	.globl _ENCIF_1
                                     86 	.globl _P1_0
                                     87 	.globl _P1_1
                                     88 	.globl _P1_2
                                     89 	.globl _P1_3
                                     90 	.globl _P1_4
                                     91 	.globl _P1_5
                                     92 	.globl _P1_6
                                     93 	.globl _P1_7
                                     94 	.globl _IT0
                                     95 	.globl _RFERRIF
                                     96 	.globl _IT1
                                     97 	.globl _URX0IF
                                     98 	.globl _ADCIF
                                     99 	.globl _URX1IF
                                    100 	.globl _P0_0
                                    101 	.globl _P0_1
                                    102 	.globl _P0_2
                                    103 	.globl _P0_3
                                    104 	.globl _P0_4
                                    105 	.globl _P0_5
                                    106 	.globl _P0_6
                                    107 	.globl _P0_7
                                    108 	.globl _WDCTL
                                    109 	.globl _U1GCR
                                    110 	.globl _U1UCR
                                    111 	.globl _U1BAUD
                                    112 	.globl _U1DBUF
                                    113 	.globl _U1CSR
                                    114 	.globl _U0GCR
                                    115 	.globl _U0UCR
                                    116 	.globl _U0BAUD
                                    117 	.globl _U0DBUF
                                    118 	.globl _U0CSR
                                    119 	.globl _TIMIF
                                    120 	.globl _T4CC1
                                    121 	.globl _T4CCTL1
                                    122 	.globl _T4CC0
                                    123 	.globl _T4CCTL0
                                    124 	.globl _T4CTL
                                    125 	.globl _T4CNT
                                    126 	.globl _T3CC1
                                    127 	.globl _T3CCTL1
                                    128 	.globl _T3CC0
                                    129 	.globl _T3CCTL0
                                    130 	.globl _T3CTL
                                    131 	.globl _T3CNT
                                    132 	.globl _T2MSEL
                                    133 	.globl _T2IRQM
                                    134 	.globl _T2MOVF2
                                    135 	.globl _T2MOVF1
                                    136 	.globl _T2MOVF0
                                    137 	.globl _T2M1
                                    138 	.globl _T2M0
                                    139 	.globl _T2IRQF
                                    140 	.globl _T2EVTCFG
                                    141 	.globl _T2CTRL
                                    142 	.globl _T1STAT
                                    143 	.globl _T1CCTL2
                                    144 	.globl _T1CCTL1
                                    145 	.globl _T1CCTL0
                                    146 	.globl _T1CTL
                                    147 	.globl _T1CNTH
                                    148 	.globl _T1CNTL
                                    149 	.globl _T1CC2H
                                    150 	.globl _T1CC2L
                                    151 	.globl _T1CC1H
                                    152 	.globl _T1CC1L
                                    153 	.globl _T1CC0H
                                    154 	.globl _T1CC0L
                                    155 	.globl _CLKCONSTA
                                    156 	.globl _CLKCONCMD
                                    157 	.globl _SLEEPSTA
                                    158 	.globl _SLEEPCMD
                                    159 	.globl _STLOAD
                                    160 	.globl _ST2
                                    161 	.globl _ST1
                                    162 	.globl _ST0
                                    163 	.globl _RFERRF
                                    164 	.globl _RFIRQF0
                                    165 	.globl _RFST
                                    166 	.globl _RFD
                                    167 	.globl _RFIRQF1
                                    168 	.globl _PSBANK
                                    169 	.globl _FMAP
                                    170 	.globl _MEMCTR
                                    171 	.globl __XPAGE
                                    172 	.globl _MPAGE
                                    173 	.globl _PMUX
                                    174 	.globl _P2DIR
                                    175 	.globl _P1DIR
                                    176 	.globl _P0DIR
                                    177 	.globl _P2INP
                                    178 	.globl _P1INP
                                    179 	.globl _P2SEL
                                    180 	.globl _P1SEL
                                    181 	.globl _P0SEL
                                    182 	.globl _APCFG
                                    183 	.globl _PERCFG
                                    184 	.globl _P0INP
                                    185 	.globl _P2IEN
                                    186 	.globl _P1IEN
                                    187 	.globl _P0IEN
                                    188 	.globl _PICTL
                                    189 	.globl _P2IFG
                                    190 	.globl _P1IFG
                                    191 	.globl _P0IFG
                                    192 	.globl _DMAREQ
                                    193 	.globl _DMAARM
                                    194 	.globl _DMA0CFGH
                                    195 	.globl _DMA0CFGL
                                    196 	.globl _DMA1CFGH
                                    197 	.globl _DMA1CFGL
                                    198 	.globl _DMAIRQ
                                    199 	.globl _ENCCS
                                    200 	.globl _ENCDO
                                    201 	.globl _ENCDI
                                    202 	.globl _RNDH
                                    203 	.globl _RNDL
                                    204 	.globl _ADCH
                                    205 	.globl _ADCL
                                    206 	.globl _ADCCON3
                                    207 	.globl _ADCCON2
                                    208 	.globl _ADCCON1
                                    209 	.globl _B
                                    210 	.globl _IRCON2
                                    211 	.globl _ACC
                                    212 	.globl _PSW
                                    213 	.globl _IRCON
                                    214 	.globl _IP1
                                    215 	.globl _IEN1
                                    216 	.globl _IP0
                                    217 	.globl _IEN0
                                    218 	.globl _P2
                                    219 	.globl _S1CON
                                    220 	.globl _IEN2
                                    221 	.globl _S0CON
                                    222 	.globl _DPS
                                    223 	.globl _P1
                                    224 	.globl _TCON
                                    225 	.globl _PCON
                                    226 	.globl _DPH1
                                    227 	.globl _DPL1
                                    228 	.globl _DPH0
                                    229 	.globl _DPL0
                                    230 	.globl _SP
                                    231 	.globl _P0
                                    232 	.globl _X_IEEE_ADDR
                                    233 	.globl _X_INFOPAGE
                                    234 	.globl _X_P2DIR
                                    235 	.globl _X_P1DIR
                                    236 	.globl _X_P0DIR
                                    237 	.globl _X_U1GCR
                                    238 	.globl _X_U1UCR
                                    239 	.globl _X_U1BAUD
                                    240 	.globl _X_U1DBUF
                                    241 	.globl _X_U1CSR
                                    242 	.globl _X_P2INP
                                    243 	.globl _X_P1INP
                                    244 	.globl _X_P2SEL
                                    245 	.globl _X_P1SEL
                                    246 	.globl _X_P0SEL
                                    247 	.globl _X_APCFG
                                    248 	.globl _X_PERCFG
                                    249 	.globl _X_T4CC1
                                    250 	.globl _X_T4CCTL1
                                    251 	.globl _X_T4CC0
                                    252 	.globl _X_T4CCTL0
                                    253 	.globl _X_T4CTL
                                    254 	.globl _X_T4CNT
                                    255 	.globl _X_RFIRQF0
                                    256 	.globl _X_T1CCTL2
                                    257 	.globl _X_T1CCTL1
                                    258 	.globl _X_T1CCTL0
                                    259 	.globl _X_T1CTL
                                    260 	.globl _X_T1CNTH
                                    261 	.globl _X_T1CNTL
                                    262 	.globl _X_RFST
                                    263 	.globl _X_T1CC2H
                                    264 	.globl _X_T1CC2L
                                    265 	.globl _X_T1CC1H
                                    266 	.globl _X_T1CC1L
                                    267 	.globl _X_T1CC0H
                                    268 	.globl _X_T1CC0L
                                    269 	.globl _X_RFD
                                    270 	.globl _X_TIMIF
                                    271 	.globl _X_DMAREQ
                                    272 	.globl _X_DMAARM
                                    273 	.globl _X_DMA0CFGH
                                    274 	.globl _X_DMA0CFGL
                                    275 	.globl _X_DMA1CFGH
                                    276 	.globl _X_DMA1CFGL
                                    277 	.globl _X_DMAIRQ
                                    278 	.globl _X_T3CC1
                                    279 	.globl _X_T3CCTL1
                                    280 	.globl _X_T3CC0
                                    281 	.globl _X_T3CCTL0
                                    282 	.globl _X_T3CTL
                                    283 	.globl _X_T3CNT
                                    284 	.globl _X_WDCTL
                                    285 	.globl _X_MEMCTR
                                    286 	.globl _X_CLKCONCMD
                                    287 	.globl _X_U0GCR
                                    288 	.globl _X_U0UCR
                                    289 	.globl _X_T2MSEL
                                    290 	.globl _X_U0BAUD
                                    291 	.globl _X_U0DBUF
                                    292 	.globl _X_RFERRF
                                    293 	.globl _X_SLEEPCMD
                                    294 	.globl _X_RNDH
                                    295 	.globl _X_RNDL
                                    296 	.globl _X_ADCH
                                    297 	.globl _X_ADCL
                                    298 	.globl _X_ADCCON3
                                    299 	.globl _X_ADCCON2
                                    300 	.globl _X_ADCCON1
                                    301 	.globl _X_ENCCS
                                    302 	.globl _X_ENCDO
                                    303 	.globl _X_ENCDI
                                    304 	.globl _X_T1STAT
                                    305 	.globl _X_PMUX
                                    306 	.globl _X_STLOAD
                                    307 	.globl _X_P2IEN
                                    308 	.globl _X_P0IEN
                                    309 	.globl _X_T2IRQM
                                    310 	.globl _X_T2MOVF2
                                    311 	.globl _X_T2MOVF1
                                    312 	.globl _X_T2MOVF0
                                    313 	.globl _X_T2M1
                                    314 	.globl _X_T2M0
                                    315 	.globl _X_T2IRQF
                                    316 	.globl _X_P2
                                    317 	.globl _X_PSBANK
                                    318 	.globl _X_FMAP
                                    319 	.globl _X_CLKCONSTA
                                    320 	.globl _X_SLEEPSTA
                                    321 	.globl _X_T2EVTCFG
                                    322 	.globl _X_ST2
                                    323 	.globl _X_ST1
                                    324 	.globl _X_ST0
                                    325 	.globl _X_T2CTRL
                                    326 	.globl _X__XPAGE
                                    327 	.globl _X_MPAGE
                                    328 	.globl _X_RFIRQF1
                                    329 	.globl _X_P1
                                    330 	.globl _X_P0INP
                                    331 	.globl _X_P1IEN
                                    332 	.globl _X_PICTL
                                    333 	.globl _X_P2IFG
                                    334 	.globl _X_P1IFG
                                    335 	.globl _X_P0IFG
                                    336 	.globl _X_U0CSR
                                    337 	.globl _X_P0
                                    338 	.globl _USBF5
                                    339 	.globl _USBF4
                                    340 	.globl _USBF3
                                    341 	.globl _USBF2
                                    342 	.globl _USBF1
                                    343 	.globl _USBF0
                                    344 	.globl _USBCNTH
                                    345 	.globl _USBCNTL
                                    346 	.globl _USBCNT0
                                    347 	.globl _USBCSOH
                                    348 	.globl _USBCSOL
                                    349 	.globl _USBMAXO
                                    350 	.globl _USBCSIH
                                    351 	.globl _USBCSIL
                                    352 	.globl _USBCS0
                                    353 	.globl _USBMAXI
                                    354 	.globl _USBCTRL
                                    355 	.globl _USBINDEX
                                    356 	.globl _USBFRMH
                                    357 	.globl _USBFRML
                                    358 	.globl _USBCIE
                                    359 	.globl _USBOIE
                                    360 	.globl _USBIIE
                                    361 	.globl _USBCIF
                                    362 	.globl _USBOIF
                                    363 	.globl _USBIIF
                                    364 	.globl _USBPOW
                                    365 	.globl _USBADDR
                                    366 	.globl _CSPT
                                    367 	.globl _CSPZ
                                    368 	.globl _CSPY
                                    369 	.globl _CSPX
                                    370 	.globl _CSPSTAT
                                    371 	.globl _CSPCTRL
                                    372 	.globl _CSPPROG23
                                    373 	.globl _CSPPROG22
                                    374 	.globl _CSPPROG21
                                    375 	.globl _CSPPROG20
                                    376 	.globl _CSPPROG19
                                    377 	.globl _CSPPROG18
                                    378 	.globl _CSPPROG17
                                    379 	.globl _CSPPROG16
                                    380 	.globl _CSPPROG15
                                    381 	.globl _CSPPROG14
                                    382 	.globl _CSPPROG13
                                    383 	.globl _CSPPROG12
                                    384 	.globl _CSPPROG11
                                    385 	.globl _CSPPROG10
                                    386 	.globl _CSPPROG9
                                    387 	.globl _CSPPROG8
                                    388 	.globl _CSPPROG7
                                    389 	.globl _CSPPROG6
                                    390 	.globl _CSPPROG5
                                    391 	.globl _CSPPROG4
                                    392 	.globl _CSPPROG3
                                    393 	.globl _CSPPROG2
                                    394 	.globl _CSPPROG1
                                    395 	.globl _CSPPROG0
                                    396 	.globl _RFC_OBS_CTRL2
                                    397 	.globl _RFC_OBS_CTRL1
                                    398 	.globl _RFC_OBS_CTRL0
                                    399 	.globl _TXFILTCFG
                                    400 	.globl _PTEST1
                                    401 	.globl _PTEST0
                                    402 	.globl _ATEST
                                    403 	.globl _DACTEST2
                                    404 	.globl _DACTEST1
                                    405 	.globl _DACTEST0
                                    406 	.globl _MDMTEST1
                                    407 	.globl _MDMTEST0
                                    408 	.globl _ADCTEST2
                                    409 	.globl _ADCTEST1
                                    410 	.globl _ADCTEST0
                                    411 	.globl _AGCCTRL3
                                    412 	.globl _AGCCTRL2
                                    413 	.globl _AGCCTRL1
                                    414 	.globl _AGCCTRL0
                                    415 	.globl _FSCAL3
                                    416 	.globl _FSCAL2
                                    417 	.globl _FSCAL1
                                    418 	.globl _FSCAL0
                                    419 	.globl _FSCTRL
                                    420 	.globl _RXCTRL
                                    421 	.globl _FREQEST
                                    422 	.globl _MDMCTRL1
                                    423 	.globl _MDMCTRL0
                                    424 	.globl _RFRND
                                    425 	.globl _RFERRM
                                    426 	.globl _RFIRQM1
                                    427 	.globl _RFIRQM0
                                    428 	.globl _TXLAST_PTR
                                    429 	.globl _TXFIRST_PTR
                                    430 	.globl _RXP1_PTR
                                    431 	.globl _RXLAST_PTR
                                    432 	.globl _RXFIRST_PTR
                                    433 	.globl _TXFIFOCNT
                                    434 	.globl _RXFIFOCNT
                                    435 	.globl _RXFIRST
                                    436 	.globl _RSSISTAT
                                    437 	.globl _RSSI
                                    438 	.globl _CCACTRL1
                                    439 	.globl _CCACTRL0
                                    440 	.globl _FSMCTRL
                                    441 	.globl _FIFOPCTRL
                                    442 	.globl _FSMSTAT1
                                    443 	.globl _FSMSTAT0
                                    444 	.globl _TXCTRL
                                    445 	.globl _TXPOWER
                                    446 	.globl _FREQCTRL
                                    447 	.globl _FREQTUNE
                                    448 	.globl _RXMASKCLR
                                    449 	.globl _RXMASKSET
                                    450 	.globl _RXENABLE
                                    451 	.globl _FRMCTRL1
                                    452 	.globl _FRMCTRL0
                                    453 	.globl _SRCEXTEN2
                                    454 	.globl _SRCEXTEN1
                                    455 	.globl _SRCEXTEN0
                                    456 	.globl _SRCSHORTEN2
                                    457 	.globl _SRCSHORTEN1
                                    458 	.globl _SRCSHORTEN0
                                    459 	.globl _SRCMATCH
                                    460 	.globl _FRMFILT1
                                    461 	.globl _FRMFILT0
                                    462 	.globl _SHORT_ADDR1
                                    463 	.globl _SHORT_ADDR0
                                    464 	.globl _PAN_ID1
                                    465 	.globl _PAN_ID0
                                    466 	.globl _EXT_ADDR7
                                    467 	.globl _EXT_ADDR6
                                    468 	.globl _EXT_ADDR5
                                    469 	.globl _EXT_ADDR4
                                    470 	.globl _EXT_ADDR3
                                    471 	.globl _EXT_ADDR2
                                    472 	.globl _EXT_ADDR1
                                    473 	.globl _EXT_ADDR0
                                    474 	.globl _SRCSHORTPENDEN2
                                    475 	.globl _SRCSHORTPENDEN1
                                    476 	.globl _SRCSHORTPENDEN0
                                    477 	.globl _SRCEXTPENDEN2
                                    478 	.globl _SRCEXTPENDEN1
                                    479 	.globl _SRCEXTPENDEN0
                                    480 	.globl _SRCRESINDEX
                                    481 	.globl _SRCRESMASK2
                                    482 	.globl _SRCRESMASK1
                                    483 	.globl _SRCRESMASK0
                                    484 	.globl _SRC_ADDR_TABLE
                                    485 	.globl _TXFIFO
                                    486 	.globl _RXFIFO
                                    487 	.globl _RFCORE_RAM
                                    488 	.globl _CMPCTL
                                    489 	.globl _OPAMPS
                                    490 	.globl _OPAMPC
                                    491 	.globl _STCV2
                                    492 	.globl _STCV1
                                    493 	.globl _STCV0
                                    494 	.globl _STCS
                                    495 	.globl _STCC
                                    496 	.globl _T1CC4H
                                    497 	.globl _T1CC4L
                                    498 	.globl _T1CC3H
                                    499 	.globl _T1CC3L
                                    500 	.globl _XX_T1CC2H
                                    501 	.globl _XX_T1CC2L
                                    502 	.globl _XX_T1CC1H
                                    503 	.globl _XX_T1CC1L
                                    504 	.globl _XX_T1CC0H
                                    505 	.globl _XX_T1CC0L
                                    506 	.globl _T1CCTL4
                                    507 	.globl _T1CCTL3
                                    508 	.globl _XX_T1CCTL2
                                    509 	.globl _XX_T1CCTL1
                                    510 	.globl _XX_T1CCTL0
                                    511 	.globl _CLD
                                    512 	.globl _IRCTL
                                    513 	.globl _CHIPINFO1
                                    514 	.globl _CHIPINFO0
                                    515 	.globl _FWDATA
                                    516 	.globl _FADDRH
                                    517 	.globl _FADDRL
                                    518 	.globl _FCTL
                                    519 	.globl _IVCTRL
                                    520 	.globl _BATTMON
                                    521 	.globl _SRCRC
                                    522 	.globl _DBGDATA
                                    523 	.globl _TESTREG0
                                    524 	.globl _CHIPID
                                    525 	.globl _CHVER
                                    526 	.globl _OBSSEL5
                                    527 	.globl _OBSSEL4
                                    528 	.globl _OBSSEL3
                                    529 	.globl _OBSSEL2
                                    530 	.globl _OBSSEL1
                                    531 	.globl _OBSSEL0
                                    532 	.globl _I2CIO
                                    533 	.globl _I2CWC
                                    534 	.globl _I2CADDR
                                    535 	.globl _I2CDATA
                                    536 	.globl _I2CSTAT
                                    537 	.globl _I2CCFG
                                    538 	.globl _OPAMPMC
                                    539 	.globl _MONMUX
                                    540 ;--------------------------------------------------------
                                    541 ; special function registers
                                    542 ;--------------------------------------------------------
                                    543 	.area RSEG    (ABS,DATA)
      000000                        544 	.org 0x0000
                           000080   545 _P0	=	0x0080
                           000081   546 _SP	=	0x0081
                           000082   547 _DPL0	=	0x0082
                           000083   548 _DPH0	=	0x0083
                           000084   549 _DPL1	=	0x0084
                           000085   550 _DPH1	=	0x0085
                           000087   551 _PCON	=	0x0087
                           000088   552 _TCON	=	0x0088
                           000090   553 _P1	=	0x0090
                           000092   554 _DPS	=	0x0092
                           000098   555 _S0CON	=	0x0098
                           00009A   556 _IEN2	=	0x009a
                           00009B   557 _S1CON	=	0x009b
                           0000A0   558 _P2	=	0x00a0
                           0000A8   559 _IEN0	=	0x00a8
                           0000A9   560 _IP0	=	0x00a9
                           0000B8   561 _IEN1	=	0x00b8
                           0000B9   562 _IP1	=	0x00b9
                           0000C0   563 _IRCON	=	0x00c0
                           0000D0   564 _PSW	=	0x00d0
                           0000E0   565 _ACC	=	0x00e0
                           0000E8   566 _IRCON2	=	0x00e8
                           0000F0   567 _B	=	0x00f0
                           0000B4   568 _ADCCON1	=	0x00b4
                           0000B5   569 _ADCCON2	=	0x00b5
                           0000B6   570 _ADCCON3	=	0x00b6
                           0000BA   571 _ADCL	=	0x00ba
                           0000BB   572 _ADCH	=	0x00bb
                           0000BC   573 _RNDL	=	0x00bc
                           0000BD   574 _RNDH	=	0x00bd
                           0000B1   575 _ENCDI	=	0x00b1
                           0000B2   576 _ENCDO	=	0x00b2
                           0000B3   577 _ENCCS	=	0x00b3
                           0000D1   578 _DMAIRQ	=	0x00d1
                           0000D2   579 _DMA1CFGL	=	0x00d2
                           0000D3   580 _DMA1CFGH	=	0x00d3
                           0000D4   581 _DMA0CFGL	=	0x00d4
                           0000D5   582 _DMA0CFGH	=	0x00d5
                           0000D6   583 _DMAARM	=	0x00d6
                           0000D7   584 _DMAREQ	=	0x00d7
                           000089   585 _P0IFG	=	0x0089
                           00008A   586 _P1IFG	=	0x008a
                           00008B   587 _P2IFG	=	0x008b
                           00008C   588 _PICTL	=	0x008c
                           0000AB   589 _P0IEN	=	0x00ab
                           00008D   590 _P1IEN	=	0x008d
                           0000AC   591 _P2IEN	=	0x00ac
                           00008F   592 _P0INP	=	0x008f
                           0000F1   593 _PERCFG	=	0x00f1
                           0000F2   594 _APCFG	=	0x00f2
                           0000F3   595 _P0SEL	=	0x00f3
                           0000F4   596 _P1SEL	=	0x00f4
                           0000F5   597 _P2SEL	=	0x00f5
                           0000F6   598 _P1INP	=	0x00f6
                           0000F7   599 _P2INP	=	0x00f7
                           0000FD   600 _P0DIR	=	0x00fd
                           0000FE   601 _P1DIR	=	0x00fe
                           0000FF   602 _P2DIR	=	0x00ff
                           0000AE   603 _PMUX	=	0x00ae
                           000093   604 _MPAGE	=	0x0093
                           000093   605 __XPAGE	=	0x0093
                           0000C7   606 _MEMCTR	=	0x00c7
                           00009F   607 _FMAP	=	0x009f
                           00009F   608 _PSBANK	=	0x009f
                           000091   609 _RFIRQF1	=	0x0091
                           0000D9   610 _RFD	=	0x00d9
                           0000E1   611 _RFST	=	0x00e1
                           0000E9   612 _RFIRQF0	=	0x00e9
                           0000BF   613 _RFERRF	=	0x00bf
                           000095   614 _ST0	=	0x0095
                           000096   615 _ST1	=	0x0096
                           000097   616 _ST2	=	0x0097
                           0000AD   617 _STLOAD	=	0x00ad
                           0000BE   618 _SLEEPCMD	=	0x00be
                           00009D   619 _SLEEPSTA	=	0x009d
                           0000C6   620 _CLKCONCMD	=	0x00c6
                           00009E   621 _CLKCONSTA	=	0x009e
                           0000DA   622 _T1CC0L	=	0x00da
                           0000DB   623 _T1CC0H	=	0x00db
                           0000DC   624 _T1CC1L	=	0x00dc
                           0000DD   625 _T1CC1H	=	0x00dd
                           0000DE   626 _T1CC2L	=	0x00de
                           0000DF   627 _T1CC2H	=	0x00df
                           0000E2   628 _T1CNTL	=	0x00e2
                           0000E3   629 _T1CNTH	=	0x00e3
                           0000E4   630 _T1CTL	=	0x00e4
                           0000E5   631 _T1CCTL0	=	0x00e5
                           0000E6   632 _T1CCTL1	=	0x00e6
                           0000E7   633 _T1CCTL2	=	0x00e7
                           0000AF   634 _T1STAT	=	0x00af
                           000094   635 _T2CTRL	=	0x0094
                           00009C   636 _T2EVTCFG	=	0x009c
                           0000A1   637 _T2IRQF	=	0x00a1
                           0000A2   638 _T2M0	=	0x00a2
                           0000A3   639 _T2M1	=	0x00a3
                           0000A4   640 _T2MOVF0	=	0x00a4
                           0000A5   641 _T2MOVF1	=	0x00a5
                           0000A6   642 _T2MOVF2	=	0x00a6
                           0000A7   643 _T2IRQM	=	0x00a7
                           0000C3   644 _T2MSEL	=	0x00c3
                           0000CA   645 _T3CNT	=	0x00ca
                           0000CB   646 _T3CTL	=	0x00cb
                           0000CC   647 _T3CCTL0	=	0x00cc
                           0000CD   648 _T3CC0	=	0x00cd
                           0000CE   649 _T3CCTL1	=	0x00ce
                           0000CF   650 _T3CC1	=	0x00cf
                           0000EA   651 _T4CNT	=	0x00ea
                           0000EB   652 _T4CTL	=	0x00eb
                           0000EC   653 _T4CCTL0	=	0x00ec
                           0000ED   654 _T4CC0	=	0x00ed
                           0000EE   655 _T4CCTL1	=	0x00ee
                           0000EF   656 _T4CC1	=	0x00ef
                           0000D8   657 _TIMIF	=	0x00d8
                           000086   658 _U0CSR	=	0x0086
                           0000C1   659 _U0DBUF	=	0x00c1
                           0000C2   660 _U0BAUD	=	0x00c2
                           0000C4   661 _U0UCR	=	0x00c4
                           0000C5   662 _U0GCR	=	0x00c5
                           0000F8   663 _U1CSR	=	0x00f8
                           0000F9   664 _U1DBUF	=	0x00f9
                           0000FA   665 _U1BAUD	=	0x00fa
                           0000FB   666 _U1UCR	=	0x00fb
                           0000FC   667 _U1GCR	=	0x00fc
                           0000C9   668 _WDCTL	=	0x00c9
                                    669 ;--------------------------------------------------------
                                    670 ; special function bits
                                    671 ;--------------------------------------------------------
                                    672 	.area RSEG    (ABS,DATA)
      000000                        673 	.org 0x0000
                           000087   674 _P0_7	=	0x0087
                           000086   675 _P0_6	=	0x0086
                           000085   676 _P0_5	=	0x0085
                           000084   677 _P0_4	=	0x0084
                           000083   678 _P0_3	=	0x0083
                           000082   679 _P0_2	=	0x0082
                           000081   680 _P0_1	=	0x0081
                           000080   681 _P0_0	=	0x0080
                           00008F   682 _URX1IF	=	0x008f
                           00008D   683 _ADCIF	=	0x008d
                           00008B   684 _URX0IF	=	0x008b
                           00008A   685 _IT1	=	0x008a
                           000089   686 _RFERRIF	=	0x0089
                           000088   687 _IT0	=	0x0088
                           000097   688 _P1_7	=	0x0097
                           000096   689 _P1_6	=	0x0096
                           000095   690 _P1_5	=	0x0095
                           000094   691 _P1_4	=	0x0094
                           000093   692 _P1_3	=	0x0093
                           000092   693 _P1_2	=	0x0092
                           000091   694 _P1_1	=	0x0091
                           000090   695 _P1_0	=	0x0090
                           000099   696 _ENCIF_1	=	0x0099
                           000098   697 _ENCIF_0	=	0x0098
                           0000A7   698 _P2_7	=	0x00a7
                           0000A6   699 _P2_6	=	0x00a6
                           0000A5   700 _P2_5	=	0x00a5
                           0000A4   701 _P2_4	=	0x00a4
                           0000A3   702 _P2_3	=	0x00a3
                           0000A2   703 _P2_2	=	0x00a2
                           0000A1   704 _P2_1	=	0x00a1
                           0000A0   705 _P2_0	=	0x00a0
                           0000AF   706 _EA	=	0x00af
                           0000AD   707 _STIE	=	0x00ad
                           0000AC   708 _ENCIE	=	0x00ac
                           0000AB   709 _URX1IE	=	0x00ab
                           0000AA   710 _URX0IE	=	0x00aa
                           0000A9   711 _ADCIE	=	0x00a9
                           0000A8   712 _RFERRIE	=	0x00a8
                           0000BD   713 _P0IE	=	0x00bd
                           0000BC   714 _T4IE	=	0x00bc
                           0000BB   715 _T3IE	=	0x00bb
                           0000BA   716 _T2IE	=	0x00ba
                           0000B9   717 _T1IE	=	0x00b9
                           0000B8   718 _DMAIE	=	0x00b8
                           0000C7   719 _STIF	=	0x00c7
                           0000C5   720 _P0IF	=	0x00c5
                           0000C4   721 _T4IF	=	0x00c4
                           0000C3   722 _T3IF	=	0x00c3
                           0000C2   723 _T2IF	=	0x00c2
                           0000C1   724 _T1IF	=	0x00c1
                           0000C0   725 _DMAIF	=	0x00c0
                           0000D7   726 _CY	=	0x00d7
                           0000D6   727 _AC	=	0x00d6
                           0000D5   728 _F0	=	0x00d5
                           0000D4   729 _RS1	=	0x00d4
                           0000D3   730 _RS0	=	0x00d3
                           0000D2   731 _OV	=	0x00d2
                           0000D1   732 _F1	=	0x00d1
                           0000D0   733 _P	=	0x00d0
                           0000E7   734 _ACC_7	=	0x00e7
                           0000E6   735 _ACC_6	=	0x00e6
                           0000E5   736 _ACC_5	=	0x00e5
                           0000E4   737 _ACC_4	=	0x00e4
                           0000E3   738 _ACC_3	=	0x00e3
                           0000E2   739 _ACC_2	=	0x00e2
                           0000E1   740 _ACC_1	=	0x00e1
                           0000E0   741 _ACC_0	=	0x00e0
                           0000EC   742 _WDTIF	=	0x00ec
                           0000EB   743 _P1IF	=	0x00eb
                           0000EA   744 _UTX1IF	=	0x00ea
                           0000E9   745 _UTX0IF	=	0x00e9
                           0000E8   746 _P2IF	=	0x00e8
                           0000F7   747 _B_7	=	0x00f7
                           0000F6   748 _B_6	=	0x00f6
                           0000F5   749 _B_5	=	0x00f5
                           0000F4   750 _B_4	=	0x00f4
                           0000F3   751 _B_3	=	0x00f3
                           0000F2   752 _B_2	=	0x00f2
                           0000F1   753 _B_1	=	0x00f1
                           0000F0   754 _B_0	=	0x00f0
                           0000DE   755 _OVFIM	=	0x00de
                           0000DD   756 _T4CH1IF	=	0x00dd
                           0000DC   757 _T4CH0IF	=	0x00dc
                           0000DB   758 _T4OVFIF	=	0x00db
                           0000DA   759 _T3CH1IF	=	0x00da
                           0000D9   760 _T3CH0IF	=	0x00d9
                           0000D8   761 _T3OVFIF	=	0x00d8
                           0000FF   762 _MODE	=	0x00ff
                           0000FE   763 _RE	=	0x00fe
                           0000FD   764 _SLAVE	=	0x00fd
                           0000FC   765 _FE	=	0x00fc
                           0000FB   766 _ERR	=	0x00fb
                           0000FA   767 _RX_BYTE	=	0x00fa
                           0000F9   768 _TX_BYTE	=	0x00f9
                           0000F8   769 _ACTIVE	=	0x00f8
                                    770 ;--------------------------------------------------------
                                    771 ; overlayable register banks
                                    772 ;--------------------------------------------------------
                                    773 	.area REG_BANK_0	(REL,OVR,DATA)
      000000                        774 	.ds 8
                                    775 ;--------------------------------------------------------
                                    776 ; internal ram data
                                    777 ;--------------------------------------------------------
                                    778 	.area DSEG    (DATA)
                                    779 ;--------------------------------------------------------
                                    780 ; overlayable items in internal ram 
                                    781 ;--------------------------------------------------------
                                    782 ;--------------------------------------------------------
                                    783 ; indirectly addressable internal ram data
                                    784 ;--------------------------------------------------------
                                    785 	.area ISEG    (DATA)
                                    786 ;--------------------------------------------------------
                                    787 ; absolute internal ram data
                                    788 ;--------------------------------------------------------
                                    789 	.area IABS    (ABS,DATA)
                                    790 	.area IABS    (ABS,DATA)
                                    791 ;--------------------------------------------------------
                                    792 ; bit data
                                    793 ;--------------------------------------------------------
                                    794 	.area BSEG    (BIT)
                                    795 ;--------------------------------------------------------
                                    796 ; paged external ram data
                                    797 ;--------------------------------------------------------
                                    798 	.area PSEG    (PAG,XDATA)
                                    799 ;--------------------------------------------------------
                                    800 ; external ram data
                                    801 ;--------------------------------------------------------
                                    802 	.area XSEG    (XDATA)
                           0061A6   803 _MONMUX	=	0x61a6
                           0061A6   804 _OPAMPMC	=	0x61a6
                           006230   805 _I2CCFG	=	0x6230
                           006231   806 _I2CSTAT	=	0x6231
                           006232   807 _I2CDATA	=	0x6232
                           006233   808 _I2CADDR	=	0x6233
                           006234   809 _I2CWC	=	0x6234
                           006235   810 _I2CIO	=	0x6235
                           006243   811 _OBSSEL0	=	0x6243
                           006244   812 _OBSSEL1	=	0x6244
                           006245   813 _OBSSEL2	=	0x6245
                           006246   814 _OBSSEL3	=	0x6246
                           006247   815 _OBSSEL4	=	0x6247
                           006248   816 _OBSSEL5	=	0x6248
                           006249   817 _CHVER	=	0x6249
                           00624A   818 _CHIPID	=	0x624a
                           00624B   819 _TESTREG0	=	0x624b
                           006260   820 _DBGDATA	=	0x6260
                           006262   821 _SRCRC	=	0x6262
                           006264   822 _BATTMON	=	0x6264
                           006265   823 _IVCTRL	=	0x6265
                           006270   824 _FCTL	=	0x6270
                           006271   825 _FADDRL	=	0x6271
                           006272   826 _FADDRH	=	0x6272
                           006273   827 _FWDATA	=	0x6273
                           006276   828 _CHIPINFO0	=	0x6276
                           006277   829 _CHIPINFO1	=	0x6277
                           006281   830 _IRCTL	=	0x6281
                           006290   831 _CLD	=	0x6290
                           0062A0   832 _XX_T1CCTL0	=	0x62a0
                           0062A1   833 _XX_T1CCTL1	=	0x62a1
                           0062A2   834 _XX_T1CCTL2	=	0x62a2
                           0062A3   835 _T1CCTL3	=	0x62a3
                           0062A4   836 _T1CCTL4	=	0x62a4
                           0062A6   837 _XX_T1CC0L	=	0x62a6
                           0062A7   838 _XX_T1CC0H	=	0x62a7
                           0062A8   839 _XX_T1CC1L	=	0x62a8
                           0062A9   840 _XX_T1CC1H	=	0x62a9
                           0062AA   841 _XX_T1CC2L	=	0x62aa
                           0062AB   842 _XX_T1CC2H	=	0x62ab
                           0062AC   843 _T1CC3L	=	0x62ac
                           0062AD   844 _T1CC3H	=	0x62ad
                           0062AE   845 _T1CC4L	=	0x62ae
                           0062AF   846 _T1CC4H	=	0x62af
                           0062B0   847 _STCC	=	0x62b0
                           0062B1   848 _STCS	=	0x62b1
                           0062B2   849 _STCV0	=	0x62b2
                           0062B3   850 _STCV1	=	0x62b3
                           0062B4   851 _STCV2	=	0x62b4
                           0062C0   852 _OPAMPC	=	0x62c0
                           0062C1   853 _OPAMPS	=	0x62c1
                           0062D0   854 _CMPCTL	=	0x62d0
                           006000   855 _RFCORE_RAM	=	0x6000
                           006000   856 _RXFIFO	=	0x6000
                           006080   857 _TXFIFO	=	0x6080
                           006100   858 _SRC_ADDR_TABLE	=	0x6100
                           006160   859 _SRCRESMASK0	=	0x6160
                           006161   860 _SRCRESMASK1	=	0x6161
                           006162   861 _SRCRESMASK2	=	0x6162
                           006163   862 _SRCRESINDEX	=	0x6163
                           006164   863 _SRCEXTPENDEN0	=	0x6164
                           006165   864 _SRCEXTPENDEN1	=	0x6165
                           006166   865 _SRCEXTPENDEN2	=	0x6166
                           006167   866 _SRCSHORTPENDEN0	=	0x6167
                           006168   867 _SRCSHORTPENDEN1	=	0x6168
                           006169   868 _SRCSHORTPENDEN2	=	0x6169
                           00616A   869 _EXT_ADDR0	=	0x616a
                           00616B   870 _EXT_ADDR1	=	0x616b
                           00616C   871 _EXT_ADDR2	=	0x616c
                           00616D   872 _EXT_ADDR3	=	0x616d
                           00616E   873 _EXT_ADDR4	=	0x616e
                           00616F   874 _EXT_ADDR5	=	0x616f
                           006170   875 _EXT_ADDR6	=	0x6170
                           006171   876 _EXT_ADDR7	=	0x6171
                           006172   877 _PAN_ID0	=	0x6172
                           006173   878 _PAN_ID1	=	0x6173
                           006174   879 _SHORT_ADDR0	=	0x6174
                           006175   880 _SHORT_ADDR1	=	0x6175
                           006180   881 _FRMFILT0	=	0x6180
                           006181   882 _FRMFILT1	=	0x6181
                           006182   883 _SRCMATCH	=	0x6182
                           006183   884 _SRCSHORTEN0	=	0x6183
                           006184   885 _SRCSHORTEN1	=	0x6184
                           006185   886 _SRCSHORTEN2	=	0x6185
                           006186   887 _SRCEXTEN0	=	0x6186
                           006187   888 _SRCEXTEN1	=	0x6187
                           006188   889 _SRCEXTEN2	=	0x6188
                           006189   890 _FRMCTRL0	=	0x6189
                           00618A   891 _FRMCTRL1	=	0x618a
                           00618B   892 _RXENABLE	=	0x618b
                           00618C   893 _RXMASKSET	=	0x618c
                           00618D   894 _RXMASKCLR	=	0x618d
                           00618E   895 _FREQTUNE	=	0x618e
                           00618F   896 _FREQCTRL	=	0x618f
                           006190   897 _TXPOWER	=	0x6190
                           006191   898 _TXCTRL	=	0x6191
                           006192   899 _FSMSTAT0	=	0x6192
                           006193   900 _FSMSTAT1	=	0x6193
                           006194   901 _FIFOPCTRL	=	0x6194
                           006195   902 _FSMCTRL	=	0x6195
                           006196   903 _CCACTRL0	=	0x6196
                           006197   904 _CCACTRL1	=	0x6197
                           006198   905 _RSSI	=	0x6198
                           006199   906 _RSSISTAT	=	0x6199
                           00619A   907 _RXFIRST	=	0x619a
                           00619B   908 _RXFIFOCNT	=	0x619b
                           00619C   909 _TXFIFOCNT	=	0x619c
                           00619D   910 _RXFIRST_PTR	=	0x619d
                           00619E   911 _RXLAST_PTR	=	0x619e
                           00619F   912 _RXP1_PTR	=	0x619f
                           0061A1   913 _TXFIRST_PTR	=	0x61a1
                           0061A2   914 _TXLAST_PTR	=	0x61a2
                           0061A3   915 _RFIRQM0	=	0x61a3
                           0061A4   916 _RFIRQM1	=	0x61a4
                           0061A5   917 _RFERRM	=	0x61a5
                           0061A7   918 _RFRND	=	0x61a7
                           0061A8   919 _MDMCTRL0	=	0x61a8
                           0061A9   920 _MDMCTRL1	=	0x61a9
                           0061AA   921 _FREQEST	=	0x61aa
                           0061AB   922 _RXCTRL	=	0x61ab
                           0061AC   923 _FSCTRL	=	0x61ac
                           0061AD   924 _FSCAL0	=	0x61ad
                           0061AE   925 _FSCAL1	=	0x61ae
                           0061AF   926 _FSCAL2	=	0x61af
                           0061B0   927 _FSCAL3	=	0x61b0
                           0061B1   928 _AGCCTRL0	=	0x61b1
                           0061B2   929 _AGCCTRL1	=	0x61b2
                           0061B3   930 _AGCCTRL2	=	0x61b3
                           0061B4   931 _AGCCTRL3	=	0x61b4
                           0061B5   932 _ADCTEST0	=	0x61b5
                           0061B6   933 _ADCTEST1	=	0x61b6
                           0061B7   934 _ADCTEST2	=	0x61b7
                           0061B8   935 _MDMTEST0	=	0x61b8
                           0061B9   936 _MDMTEST1	=	0x61b9
                           0061BA   937 _DACTEST0	=	0x61ba
                           0061BB   938 _DACTEST1	=	0x61bb
                           0061BC   939 _DACTEST2	=	0x61bc
                           0061BD   940 _ATEST	=	0x61bd
                           0061BE   941 _PTEST0	=	0x61be
                           0061BF   942 _PTEST1	=	0x61bf
                           0061FA   943 _TXFILTCFG	=	0x61fa
                           0061EB   944 _RFC_OBS_CTRL0	=	0x61eb
                           0061EC   945 _RFC_OBS_CTRL1	=	0x61ec
                           0061ED   946 _RFC_OBS_CTRL2	=	0x61ed
                           0061C0   947 _CSPPROG0	=	0x61c0
                           0061C1   948 _CSPPROG1	=	0x61c1
                           0061C2   949 _CSPPROG2	=	0x61c2
                           0061C3   950 _CSPPROG3	=	0x61c3
                           0061C4   951 _CSPPROG4	=	0x61c4
                           0061C5   952 _CSPPROG5	=	0x61c5
                           0061C6   953 _CSPPROG6	=	0x61c6
                           0061C7   954 _CSPPROG7	=	0x61c7
                           0061C8   955 _CSPPROG8	=	0x61c8
                           0061C9   956 _CSPPROG9	=	0x61c9
                           0061CA   957 _CSPPROG10	=	0x61ca
                           0061CB   958 _CSPPROG11	=	0x61cb
                           0061CC   959 _CSPPROG12	=	0x61cc
                           0061CD   960 _CSPPROG13	=	0x61cd
                           0061CE   961 _CSPPROG14	=	0x61ce
                           0061CF   962 _CSPPROG15	=	0x61cf
                           0061D0   963 _CSPPROG16	=	0x61d0
                           0061D1   964 _CSPPROG17	=	0x61d1
                           0061D2   965 _CSPPROG18	=	0x61d2
                           0061D3   966 _CSPPROG19	=	0x61d3
                           0061D4   967 _CSPPROG20	=	0x61d4
                           0061D5   968 _CSPPROG21	=	0x61d5
                           0061D6   969 _CSPPROG22	=	0x61d6
                           0061D7   970 _CSPPROG23	=	0x61d7
                           0061E0   971 _CSPCTRL	=	0x61e0
                           0061E1   972 _CSPSTAT	=	0x61e1
                           0061E2   973 _CSPX	=	0x61e2
                           0061E3   974 _CSPY	=	0x61e3
                           0061E4   975 _CSPZ	=	0x61e4
                           0061E5   976 _CSPT	=	0x61e5
                           006200   977 _USBADDR	=	0x6200
                           006201   978 _USBPOW	=	0x6201
                           006202   979 _USBIIF	=	0x6202
                           006204   980 _USBOIF	=	0x6204
                           006206   981 _USBCIF	=	0x6206
                           006207   982 _USBIIE	=	0x6207
                           006209   983 _USBOIE	=	0x6209
                           00620B   984 _USBCIE	=	0x620b
                           00620C   985 _USBFRML	=	0x620c
                           00620D   986 _USBFRMH	=	0x620d
                           00620E   987 _USBINDEX	=	0x620e
                           00620F   988 _USBCTRL	=	0x620f
                           006210   989 _USBMAXI	=	0x6210
                           006211   990 _USBCS0	=	0x6211
                           006211   991 _USBCSIL	=	0x6211
                           006212   992 _USBCSIH	=	0x6212
                           006213   993 _USBMAXO	=	0x6213
                           006214   994 _USBCSOL	=	0x6214
                           006215   995 _USBCSOH	=	0x6215
                           006216   996 _USBCNT0	=	0x6216
                           006216   997 _USBCNTL	=	0x6216
                           006217   998 _USBCNTH	=	0x6217
                           006220   999 _USBF0	=	0x6220
                           006222  1000 _USBF1	=	0x6222
                           006224  1001 _USBF2	=	0x6224
                           006226  1002 _USBF3	=	0x6226
                           006228  1003 _USBF4	=	0x6228
                           00622A  1004 _USBF5	=	0x622a
                           007080  1005 _X_P0	=	0x7080
                           007086  1006 _X_U0CSR	=	0x7086
                           007089  1007 _X_P0IFG	=	0x7089
                           00708A  1008 _X_P1IFG	=	0x708a
                           00708B  1009 _X_P2IFG	=	0x708b
                           00708C  1010 _X_PICTL	=	0x708c
                           00708D  1011 _X_P1IEN	=	0x708d
                           00708F  1012 _X_P0INP	=	0x708f
                           007090  1013 _X_P1	=	0x7090
                           007091  1014 _X_RFIRQF1	=	0x7091
                           007093  1015 _X_MPAGE	=	0x7093
                           007093  1016 _X__XPAGE	=	0x7093
                           007094  1017 _X_T2CTRL	=	0x7094
                           007095  1018 _X_ST0	=	0x7095
                           007096  1019 _X_ST1	=	0x7096
                           007097  1020 _X_ST2	=	0x7097
                           00709C  1021 _X_T2EVTCFG	=	0x709c
                           00709D  1022 _X_SLEEPSTA	=	0x709d
                           00709E  1023 _X_CLKCONSTA	=	0x709e
                           00709F  1024 _X_FMAP	=	0x709f
                           00709F  1025 _X_PSBANK	=	0x709f
                           0070A0  1026 _X_P2	=	0x70a0
                           0070A1  1027 _X_T2IRQF	=	0x70a1
                           0070A2  1028 _X_T2M0	=	0x70a2
                           0070A3  1029 _X_T2M1	=	0x70a3
                           0070A4  1030 _X_T2MOVF0	=	0x70a4
                           0070A5  1031 _X_T2MOVF1	=	0x70a5
                           0070A6  1032 _X_T2MOVF2	=	0x70a6
                           0070A7  1033 _X_T2IRQM	=	0x70a7
                           0070AB  1034 _X_P0IEN	=	0x70ab
                           0070AC  1035 _X_P2IEN	=	0x70ac
                           0070AD  1036 _X_STLOAD	=	0x70ad
                           0070AE  1037 _X_PMUX	=	0x70ae
                           0070AF  1038 _X_T1STAT	=	0x70af
                           0070B1  1039 _X_ENCDI	=	0x70b1
                           0070B2  1040 _X_ENCDO	=	0x70b2
                           0070B3  1041 _X_ENCCS	=	0x70b3
                           0070B4  1042 _X_ADCCON1	=	0x70b4
                           0070B5  1043 _X_ADCCON2	=	0x70b5
                           0070B6  1044 _X_ADCCON3	=	0x70b6
                           0070BA  1045 _X_ADCL	=	0x70ba
                           0070BB  1046 _X_ADCH	=	0x70bb
                           0070BC  1047 _X_RNDL	=	0x70bc
                           0070BD  1048 _X_RNDH	=	0x70bd
                           0070BE  1049 _X_SLEEPCMD	=	0x70be
                           0070BF  1050 _X_RFERRF	=	0x70bf
                           0070C1  1051 _X_U0DBUF	=	0x70c1
                           0070C2  1052 _X_U0BAUD	=	0x70c2
                           0070C3  1053 _X_T2MSEL	=	0x70c3
                           0070C4  1054 _X_U0UCR	=	0x70c4
                           0070C5  1055 _X_U0GCR	=	0x70c5
                           0070C6  1056 _X_CLKCONCMD	=	0x70c6
                           0070C7  1057 _X_MEMCTR	=	0x70c7
                           0070C9  1058 _X_WDCTL	=	0x70c9
                           0070CA  1059 _X_T3CNT	=	0x70ca
                           0070CB  1060 _X_T3CTL	=	0x70cb
                           0070CC  1061 _X_T3CCTL0	=	0x70cc
                           0070CD  1062 _X_T3CC0	=	0x70cd
                           0070CE  1063 _X_T3CCTL1	=	0x70ce
                           0070CF  1064 _X_T3CC1	=	0x70cf
                           0070D1  1065 _X_DMAIRQ	=	0x70d1
                           0070D2  1066 _X_DMA1CFGL	=	0x70d2
                           0070D3  1067 _X_DMA1CFGH	=	0x70d3
                           0070D4  1068 _X_DMA0CFGL	=	0x70d4
                           0070D5  1069 _X_DMA0CFGH	=	0x70d5
                           0070D6  1070 _X_DMAARM	=	0x70d6
                           0070D7  1071 _X_DMAREQ	=	0x70d7
                           0070D8  1072 _X_TIMIF	=	0x70d8
                           0070D9  1073 _X_RFD	=	0x70d9
                           0070DA  1074 _X_T1CC0L	=	0x70da
                           0070DB  1075 _X_T1CC0H	=	0x70db
                           0070DC  1076 _X_T1CC1L	=	0x70dc
                           0070DD  1077 _X_T1CC1H	=	0x70dd
                           0070DE  1078 _X_T1CC2L	=	0x70de
                           0070DF  1079 _X_T1CC2H	=	0x70df
                           0070E1  1080 _X_RFST	=	0x70e1
                           0070E2  1081 _X_T1CNTL	=	0x70e2
                           0070E3  1082 _X_T1CNTH	=	0x70e3
                           0070E4  1083 _X_T1CTL	=	0x70e4
                           0070E5  1084 _X_T1CCTL0	=	0x70e5
                           0070E6  1085 _X_T1CCTL1	=	0x70e6
                           0070E7  1086 _X_T1CCTL2	=	0x70e7
                           0070E9  1087 _X_RFIRQF0	=	0x70e9
                           0070EA  1088 _X_T4CNT	=	0x70ea
                           0070EB  1089 _X_T4CTL	=	0x70eb
                           0070EC  1090 _X_T4CCTL0	=	0x70ec
                           0070ED  1091 _X_T4CC0	=	0x70ed
                           0070EE  1092 _X_T4CCTL1	=	0x70ee
                           0070EF  1093 _X_T4CC1	=	0x70ef
                           0070F1  1094 _X_PERCFG	=	0x70f1
                           0070F2  1095 _X_APCFG	=	0x70f2
                           0070F3  1096 _X_P0SEL	=	0x70f3
                           0070F4  1097 _X_P1SEL	=	0x70f4
                           0070F5  1098 _X_P2SEL	=	0x70f5
                           0070F6  1099 _X_P1INP	=	0x70f6
                           0070F7  1100 _X_P2INP	=	0x70f7
                           0070F8  1101 _X_U1CSR	=	0x70f8
                           0070F9  1102 _X_U1DBUF	=	0x70f9
                           0070FA  1103 _X_U1BAUD	=	0x70fa
                           0070FB  1104 _X_U1UCR	=	0x70fb
                           0070FC  1105 _X_U1GCR	=	0x70fc
                           0070FD  1106 _X_P0DIR	=	0x70fd
                           0070FE  1107 _X_P1DIR	=	0x70fe
                           0070FF  1108 _X_P2DIR	=	0x70ff
                           007800  1109 _X_INFOPAGE	=	0x7800
                           00780C  1110 _X_IEEE_ADDR	=	0x780c
                                   1111 ;--------------------------------------------------------
                                   1112 ; absolute external ram data
                                   1113 ;--------------------------------------------------------
                                   1114 	.area XABS    (ABS,XDATA)
                                   1115 ;--------------------------------------------------------
                                   1116 ; external initialized ram data
                                   1117 ;--------------------------------------------------------
                                   1118 	.area XISEG   (XDATA)
                                   1119 	.area HOME    (CODE)
                                   1120 	.area GSINIT0 (CODE)
                                   1121 	.area GSINIT1 (CODE)
                                   1122 	.area GSINIT2 (CODE)
                                   1123 	.area GSINIT3 (CODE)
                                   1124 	.area GSINIT4 (CODE)
                                   1125 	.area GSINIT5 (CODE)
                                   1126 	.area GSINIT  (CODE)
                                   1127 	.area GSFINAL (CODE)
                                   1128 	.area CSEG    (CODE)
                                   1129 ;--------------------------------------------------------
                                   1130 ; global & static initialisations
                                   1131 ;--------------------------------------------------------
                                   1132 	.area HOME    (CODE)
                                   1133 	.area GSINIT  (CODE)
                                   1134 	.area GSFINAL (CODE)
                                   1135 	.area GSINIT  (CODE)
                                   1136 ;--------------------------------------------------------
                                   1137 ; Home
                                   1138 ;--------------------------------------------------------
                                   1139 	.area HOME    (CODE)
                                   1140 	.area HOME    (CODE)
                                   1141 ;--------------------------------------------------------
                                   1142 ; code
                                   1143 ;--------------------------------------------------------
                                   1144 	.area CSEG    (CODE)
                                   1145 	.area CSEG    (CODE)
                                   1146 	.area CONST   (CODE)
                                   1147 	.area XINIT   (CODE)
                                   1148 	.area CABS    (ABS,CODE)
