                                      1 ;--------------------------------------------------------
                                      2 ; File Created by SDCC : free open source ANSI-C Compiler
                                      3 ; Version 3.4.0 #8981 (Oct 24 2015) (Linux)
                                      4 ; This file was generated Sun Oct 25 01:52:09 2015
                                      5 ;--------------------------------------------------------
                                      6 	.module timer
                                      7 	.optsdcc -mmcs51 --model-large
                                      8 	
                                      9 ;--------------------------------------------------------
                                     10 ; Public variables in this module
                                     11 ;--------------------------------------------------------
                                     12 	.globl _clock_time
                                     13 	.globl _timer_set
                                     14 	.globl _timer_reset
                                     15 	.globl _timer_restart
                                     16 	.globl _timer_expired
                                     17 	.globl _timer_remaining
                                     18 ;--------------------------------------------------------
                                     19 ; special function registers
                                     20 ;--------------------------------------------------------
                                     21 	.area RSEG    (ABS,DATA)
      000000                         22 	.org 0x0000
                                     23 ;--------------------------------------------------------
                                     24 ; special function bits
                                     25 ;--------------------------------------------------------
                                     26 	.area RSEG    (ABS,DATA)
      000000                         27 	.org 0x0000
                                     28 ;--------------------------------------------------------
                                     29 ; overlayable register banks
                                     30 ;--------------------------------------------------------
                                     31 	.area REG_BANK_0	(REL,OVR,DATA)
      000000                         32 	.ds 8
                                     33 ;--------------------------------------------------------
                                     34 ; internal ram data
                                     35 ;--------------------------------------------------------
                                     36 	.area DSEG    (DATA)
                                     37 ;--------------------------------------------------------
                                     38 ; overlayable items in internal ram 
                                     39 ;--------------------------------------------------------
                                     40 ;--------------------------------------------------------
                                     41 ; indirectly addressable internal ram data
                                     42 ;--------------------------------------------------------
                                     43 	.area ISEG    (DATA)
                                     44 ;--------------------------------------------------------
                                     45 ; absolute internal ram data
                                     46 ;--------------------------------------------------------
                                     47 	.area IABS    (ABS,DATA)
                                     48 	.area IABS    (ABS,DATA)
                                     49 ;--------------------------------------------------------
                                     50 ; bit data
                                     51 ;--------------------------------------------------------
                                     52 	.area BSEG    (BIT)
                                     53 ;--------------------------------------------------------
                                     54 ; paged external ram data
                                     55 ;--------------------------------------------------------
                                     56 	.area PSEG    (PAG,XDATA)
                                     57 ;--------------------------------------------------------
                                     58 ; external ram data
                                     59 ;--------------------------------------------------------
                                     60 	.area XSEG    (XDATA)
                                     61 ;--------------------------------------------------------
                                     62 ; absolute external ram data
                                     63 ;--------------------------------------------------------
                                     64 	.area XABS    (ABS,XDATA)
                                     65 ;--------------------------------------------------------
                                     66 ; external initialized ram data
                                     67 ;--------------------------------------------------------
                                     68 	.area XISEG   (XDATA)
                                     69 	.area HOME    (CODE)
                                     70 	.area GSINIT0 (CODE)
                                     71 	.area GSINIT1 (CODE)
                                     72 	.area GSINIT2 (CODE)
                                     73 	.area GSINIT3 (CODE)
                                     74 	.area GSINIT4 (CODE)
                                     75 	.area GSINIT5 (CODE)
                                     76 	.area GSINIT  (CODE)
                                     77 	.area GSFINAL (CODE)
                                     78 	.area CSEG    (CODE)
                                     79 ;--------------------------------------------------------
                                     80 ; global & static initialisations
                                     81 ;--------------------------------------------------------
                                     82 	.area HOME    (CODE)
                                     83 	.area GSINIT  (CODE)
                                     84 	.area GSFINAL (CODE)
                                     85 	.area GSINIT  (CODE)
                                     86 ;--------------------------------------------------------
                                     87 ; Home
                                     88 ;--------------------------------------------------------
                                     89 	.area HOME    (CODE)
                                     90 	.area HOME    (CODE)
                                     91 ;--------------------------------------------------------
                                     92 ; code
                                     93 ;--------------------------------------------------------
                                     94 	.area CSEG    (CODE)
                                     95 ;------------------------------------------------------------
                                     96 ;Allocation info for local variables in function 'timer_set'
                                     97 ;------------------------------------------------------------
                                     98 ;interval                  Allocated to stack - sp -3
                                     99 ;t                         Allocated to registers r5 r6 r7 
                                    100 ;------------------------------------------------------------
                                    101 ;	../contiki-sensinode/core/sys/timer.c:64: timer_set(struct timer *t, clock_time_t interval)
                                    102 ;	-----------------------------------------
                                    103 ;	 function timer_set
                                    104 ;	-----------------------------------------
      000000                        105 _timer_set:
                           000007   106 	ar7 = 0x07
                           000006   107 	ar6 = 0x06
                           000005   108 	ar5 = 0x05
                           000004   109 	ar4 = 0x04
                           000003   110 	ar3 = 0x03
                           000002   111 	ar2 = 0x02
                           000001   112 	ar1 = 0x01
                           000000   113 	ar0 = 0x00
      000000 AD 82            [24]  114 	mov	r5,dpl
      000002 AE 83            [24]  115 	mov	r6,dph
      000004 AF F0            [24]  116 	mov	r7,b
                                    117 ;	../contiki-sensinode/core/sys/timer.c:66: t->interval = interval;
      000006 74 02            [12]  118 	mov	a,#0x02
      000008 2D               [12]  119 	add	a,r5
      000009 FA               [12]  120 	mov	r2,a
      00000A E4               [12]  121 	clr	a
      00000B 3E               [12]  122 	addc	a,r6
      00000C FB               [12]  123 	mov	r3,a
      00000D 8F 04            [24]  124 	mov	ar4,r7
      00000F 8A 82            [24]  125 	mov	dpl,r2
      000011 8B 83            [24]  126 	mov	dph,r3
      000013 8C F0            [24]  127 	mov	b,r4
      000015 E5 81            [12]  128 	mov	a,sp
      000017 24 FD            [12]  129 	add	a,#0xfd
      000019 F8               [12]  130 	mov	r0,a
      00001A E6               [12]  131 	mov	a,@r0
      00001B 12r00r00         [24]  132 	lcall	__gptrput
      00001E A3               [24]  133 	inc	dptr
      00001F 08               [12]  134 	inc	r0
      000020 E6               [12]  135 	mov	a,@r0
      000021 12r00r00         [24]  136 	lcall	__gptrput
                                    137 ;	../contiki-sensinode/core/sys/timer.c:67: t->start = clock_time();
      000024 C0 07            [24]  138 	push	ar7
      000026 C0 06            [24]  139 	push	ar6
      000028 C0 05            [24]  140 	push	ar5
      00002A 12r00r00         [24]  141 	lcall	_clock_time
      00002D AB 82            [24]  142 	mov	r3,dpl
      00002F AC 83            [24]  143 	mov	r4,dph
      000031 D0 05            [24]  144 	pop	ar5
      000033 D0 06            [24]  145 	pop	ar6
      000035 D0 07            [24]  146 	pop	ar7
      000037 8D 82            [24]  147 	mov	dpl,r5
      000039 8E 83            [24]  148 	mov	dph,r6
      00003B 8F F0            [24]  149 	mov	b,r7
      00003D EB               [12]  150 	mov	a,r3
      00003E 12r00r00         [24]  151 	lcall	__gptrput
      000041 A3               [24]  152 	inc	dptr
      000042 EC               [12]  153 	mov	a,r4
      000043 02r00r00         [24]  154 	ljmp	__gptrput
                                    155 ;------------------------------------------------------------
                                    156 ;Allocation info for local variables in function 'timer_reset'
                                    157 ;------------------------------------------------------------
                                    158 ;t                         Allocated to registers r5 r6 r7 
                                    159 ;------------------------------------------------------------
                                    160 ;	../contiki-sensinode/core/sys/timer.c:84: timer_reset(struct timer *t)
                                    161 ;	-----------------------------------------
                                    162 ;	 function timer_reset
                                    163 ;	-----------------------------------------
      000046                        164 _timer_reset:
                                    165 ;	../contiki-sensinode/core/sys/timer.c:86: t->start += t->interval;
      000046 AD 82            [24]  166 	mov	r5,dpl
      000048 AE 83            [24]  167 	mov	r6,dph
      00004A AF F0            [24]  168 	mov	r7,b
      00004C 12r00r00         [24]  169 	lcall	__gptrget
      00004F FB               [12]  170 	mov	r3,a
      000050 A3               [24]  171 	inc	dptr
      000051 12r00r00         [24]  172 	lcall	__gptrget
      000054 FC               [12]  173 	mov	r4,a
      000055 74 02            [12]  174 	mov	a,#0x02
      000057 2D               [12]  175 	add	a,r5
      000058 F8               [12]  176 	mov	r0,a
      000059 E4               [12]  177 	clr	a
      00005A 3E               [12]  178 	addc	a,r6
      00005B F9               [12]  179 	mov	r1,a
      00005C 8F 02            [24]  180 	mov	ar2,r7
      00005E 88 82            [24]  181 	mov	dpl,r0
      000060 89 83            [24]  182 	mov	dph,r1
      000062 8A F0            [24]  183 	mov	b,r2
      000064 12r00r00         [24]  184 	lcall	__gptrget
      000067 F8               [12]  185 	mov	r0,a
      000068 A3               [24]  186 	inc	dptr
      000069 12r00r00         [24]  187 	lcall	__gptrget
      00006C F9               [12]  188 	mov	r1,a
      00006D E8               [12]  189 	mov	a,r0
      00006E 2B               [12]  190 	add	a,r3
      00006F FB               [12]  191 	mov	r3,a
      000070 E9               [12]  192 	mov	a,r1
      000071 3C               [12]  193 	addc	a,r4
      000072 FC               [12]  194 	mov	r4,a
      000073 8D 82            [24]  195 	mov	dpl,r5
      000075 8E 83            [24]  196 	mov	dph,r6
      000077 8F F0            [24]  197 	mov	b,r7
      000079 EB               [12]  198 	mov	a,r3
      00007A 12r00r00         [24]  199 	lcall	__gptrput
      00007D A3               [24]  200 	inc	dptr
      00007E EC               [12]  201 	mov	a,r4
      00007F 02r00r00         [24]  202 	ljmp	__gptrput
                                    203 ;------------------------------------------------------------
                                    204 ;Allocation info for local variables in function 'timer_restart'
                                    205 ;------------------------------------------------------------
                                    206 ;t                         Allocated to registers r5 r6 r7 
                                    207 ;------------------------------------------------------------
                                    208 ;	../contiki-sensinode/core/sys/timer.c:104: timer_restart(struct timer *t)
                                    209 ;	-----------------------------------------
                                    210 ;	 function timer_restart
                                    211 ;	-----------------------------------------
      000082                        212 _timer_restart:
      000082 AD 82            [24]  213 	mov	r5,dpl
      000084 AE 83            [24]  214 	mov	r6,dph
      000086 AF F0            [24]  215 	mov	r7,b
                                    216 ;	../contiki-sensinode/core/sys/timer.c:106: t->start = clock_time();
      000088 C0 07            [24]  217 	push	ar7
      00008A C0 06            [24]  218 	push	ar6
      00008C C0 05            [24]  219 	push	ar5
      00008E 12r00r00         [24]  220 	lcall	_clock_time
      000091 AB 82            [24]  221 	mov	r3,dpl
      000093 AC 83            [24]  222 	mov	r4,dph
      000095 D0 05            [24]  223 	pop	ar5
      000097 D0 06            [24]  224 	pop	ar6
      000099 D0 07            [24]  225 	pop	ar7
      00009B 8D 82            [24]  226 	mov	dpl,r5
      00009D 8E 83            [24]  227 	mov	dph,r6
      00009F 8F F0            [24]  228 	mov	b,r7
      0000A1 EB               [12]  229 	mov	a,r3
      0000A2 12r00r00         [24]  230 	lcall	__gptrput
      0000A5 A3               [24]  231 	inc	dptr
      0000A6 EC               [12]  232 	mov	a,r4
      0000A7 02r00r00         [24]  233 	ljmp	__gptrput
                                    234 ;------------------------------------------------------------
                                    235 ;Allocation info for local variables in function 'timer_expired'
                                    236 ;------------------------------------------------------------
                                    237 ;t                         Allocated to stack - sp -2
                                    238 ;diff                      Allocated to registers r3 r4 
                                    239 ;------------------------------------------------------------
                                    240 ;	../contiki-sensinode/core/sys/timer.c:121: timer_expired(struct timer *t)
                                    241 ;	-----------------------------------------
                                    242 ;	 function timer_expired
                                    243 ;	-----------------------------------------
      0000AA                        244 _timer_expired:
      0000AA C0 82            [24]  245 	push	dpl
      0000AC C0 83            [24]  246 	push	dph
      0000AE C0 F0            [24]  247 	push	b
                                    248 ;	../contiki-sensinode/core/sys/timer.c:125: clock_time_t diff = (clock_time() - t->start) + 1;
      0000B0 12r00r00         [24]  249 	lcall	_clock_time
      0000B3 AB 82            [24]  250 	mov	r3,dpl
      0000B5 AC 83            [24]  251 	mov	r4,dph
      0000B7 A8 81            [24]  252 	mov	r0,sp
      0000B9 18               [12]  253 	dec	r0
      0000BA 18               [12]  254 	dec	r0
      0000BB 86 82            [24]  255 	mov	dpl,@r0
      0000BD 08               [12]  256 	inc	r0
      0000BE 86 83            [24]  257 	mov	dph,@r0
      0000C0 08               [12]  258 	inc	r0
      0000C1 86 F0            [24]  259 	mov	b,@r0
      0000C3 12r00r00         [24]  260 	lcall	__gptrget
      0000C6 FA               [12]  261 	mov	r2,a
      0000C7 A3               [24]  262 	inc	dptr
      0000C8 12r00r00         [24]  263 	lcall	__gptrget
      0000CB FF               [12]  264 	mov	r7,a
      0000CC EB               [12]  265 	mov	a,r3
      0000CD C3               [12]  266 	clr	c
      0000CE 9A               [12]  267 	subb	a,r2
      0000CF FB               [12]  268 	mov	r3,a
      0000D0 EC               [12]  269 	mov	a,r4
      0000D1 9F               [12]  270 	subb	a,r7
      0000D2 FC               [12]  271 	mov	r4,a
      0000D3 0B               [12]  272 	inc	r3
      0000D4 BB 00 01         [24]  273 	cjne	r3,#0x00,00103$
      0000D7 0C               [12]  274 	inc	r4
      0000D8                        275 00103$:
                                    276 ;	../contiki-sensinode/core/sys/timer.c:126: return t->interval < diff;
      0000D8 A8 81            [24]  277 	mov	r0,sp
      0000DA 18               [12]  278 	dec	r0
      0000DB 18               [12]  279 	dec	r0
      0000DC 74 02            [12]  280 	mov	a,#0x02
      0000DE 26               [12]  281 	add	a,@r0
      0000DF FD               [12]  282 	mov	r5,a
      0000E0 E4               [12]  283 	clr	a
      0000E1 08               [12]  284 	inc	r0
      0000E2 36               [12]  285 	addc	a,@r0
      0000E3 FE               [12]  286 	mov	r6,a
      0000E4 08               [12]  287 	inc	r0
      0000E5 86 07            [24]  288 	mov	ar7,@r0
      0000E7 8D 82            [24]  289 	mov	dpl,r5
      0000E9 8E 83            [24]  290 	mov	dph,r6
      0000EB 8F F0            [24]  291 	mov	b,r7
      0000ED 12r00r00         [24]  292 	lcall	__gptrget
      0000F0 FD               [12]  293 	mov	r5,a
      0000F1 A3               [24]  294 	inc	dptr
      0000F2 12r00r00         [24]  295 	lcall	__gptrget
      0000F5 FE               [12]  296 	mov	r6,a
      0000F6 C3               [12]  297 	clr	c
      0000F7 ED               [12]  298 	mov	a,r5
      0000F8 9B               [12]  299 	subb	a,r3
      0000F9 EE               [12]  300 	mov	a,r6
      0000FA 9C               [12]  301 	subb	a,r4
      0000FB E4               [12]  302 	clr	a
      0000FC 33               [12]  303 	rlc	a
      0000FD FB               [12]  304 	mov	r3,a
      0000FE 33               [12]  305 	rlc	a
      0000FF 95 E0            [12]  306 	subb	a,acc
      000101 FF               [12]  307 	mov	r7,a
      000102 8B 82            [24]  308 	mov	dpl,r3
      000104 8F 83            [24]  309 	mov	dph,r7
      000106 15 81            [12]  310 	dec	sp
      000108 15 81            [12]  311 	dec	sp
      00010A 15 81            [12]  312 	dec	sp
      00010C 22               [24]  313 	ret
                                    314 ;------------------------------------------------------------
                                    315 ;Allocation info for local variables in function 'timer_remaining'
                                    316 ;------------------------------------------------------------
                                    317 ;t                         Allocated to registers r5 r6 r7 
                                    318 ;------------------------------------------------------------
                                    319 ;	../contiki-sensinode/core/sys/timer.c:141: timer_remaining(struct timer *t)
                                    320 ;	-----------------------------------------
                                    321 ;	 function timer_remaining
                                    322 ;	-----------------------------------------
      00010D                        323 _timer_remaining:
                                    324 ;	../contiki-sensinode/core/sys/timer.c:143: return t->start + t->interval - clock_time();
      00010D AD 82            [24]  325 	mov	r5,dpl
      00010F AE 83            [24]  326 	mov	r6,dph
      000111 AF F0            [24]  327 	mov	r7,b
      000113 12r00r00         [24]  328 	lcall	__gptrget
      000116 FB               [12]  329 	mov	r3,a
      000117 A3               [24]  330 	inc	dptr
      000118 12r00r00         [24]  331 	lcall	__gptrget
      00011B FC               [12]  332 	mov	r4,a
      00011C 74 02            [12]  333 	mov	a,#0x02
      00011E 2D               [12]  334 	add	a,r5
      00011F FD               [12]  335 	mov	r5,a
      000120 E4               [12]  336 	clr	a
      000121 3E               [12]  337 	addc	a,r6
      000122 FE               [12]  338 	mov	r6,a
      000123 8D 82            [24]  339 	mov	dpl,r5
      000125 8E 83            [24]  340 	mov	dph,r6
      000127 8F F0            [24]  341 	mov	b,r7
      000129 12r00r00         [24]  342 	lcall	__gptrget
      00012C FD               [12]  343 	mov	r5,a
      00012D A3               [24]  344 	inc	dptr
      00012E 12r00r00         [24]  345 	lcall	__gptrget
      000131 FE               [12]  346 	mov	r6,a
      000132 ED               [12]  347 	mov	a,r5
      000133 2B               [12]  348 	add	a,r3
      000134 FB               [12]  349 	mov	r3,a
      000135 EE               [12]  350 	mov	a,r6
      000136 3C               [12]  351 	addc	a,r4
      000137 FC               [12]  352 	mov	r4,a
      000138 C0 04            [24]  353 	push	ar4
      00013A C0 03            [24]  354 	push	ar3
      00013C 12r00r00         [24]  355 	lcall	_clock_time
      00013F AE 82            [24]  356 	mov	r6,dpl
      000141 AF 83            [24]  357 	mov	r7,dph
      000143 D0 03            [24]  358 	pop	ar3
      000145 D0 04            [24]  359 	pop	ar4
      000147 EB               [12]  360 	mov	a,r3
      000148 C3               [12]  361 	clr	c
      000149 9E               [12]  362 	subb	a,r6
      00014A FB               [12]  363 	mov	r3,a
      00014B EC               [12]  364 	mov	a,r4
      00014C 9F               [12]  365 	subb	a,r7
      00014D 8B 82            [24]  366 	mov	dpl,r3
      00014F F5 83            [12]  367 	mov	dph,a
      000151 22               [24]  368 	ret
                                    369 	.area CSEG    (CODE)
                                    370 	.area CONST   (CODE)
                                    371 	.area XINIT   (CODE)
                                    372 	.area CABS    (ABS,CODE)
