                                      1 ;--------------------------------------------------------
                                      2 ; File Created by SDCC : free open source ANSI-C Compiler
                                      3 ; Version 3.4.0 #8981 (Oct 24 2015) (Linux)
                                      4 ; This file was generated Sun Oct 25 01:52:01 2015
                                      5 ;--------------------------------------------------------
                                      6 	.module trickle
                                      7 	.optsdcc -mmcs51 --model-large
                                      8 	
                                      9 ;--------------------------------------------------------
                                     10 ; Public variables in this module
                                     11 ;--------------------------------------------------------
                                     12 	.globl _random_rand
                                     13 	.globl _queuebuf_free
                                     14 	.globl _queuebuf_to_packetbuf
                                     15 	.globl _queuebuf_new_from_packetbuf
                                     16 	.globl _broadcast_send
                                     17 	.globl _broadcast_close
                                     18 	.globl _broadcast_open
                                     19 	.globl _channel_set_attributes
                                     20 	.globl _packetbuf_attr
                                     21 	.globl _packetbuf_set_attr
                                     22 	.globl _ctimer_stop
                                     23 	.globl _ctimer_set
                                     24 	.globl _trickle_open
                                     25 	.globl _trickle_close
                                     26 	.globl _trickle_send
                                     27 ;--------------------------------------------------------
                                     28 ; special function registers
                                     29 ;--------------------------------------------------------
                                     30 	.area RSEG    (ABS,DATA)
      000000                         31 	.org 0x0000
                                     32 ;--------------------------------------------------------
                                     33 ; special function bits
                                     34 ;--------------------------------------------------------
                                     35 	.area RSEG    (ABS,DATA)
      000000                         36 	.org 0x0000
                                     37 ;--------------------------------------------------------
                                     38 ; overlayable register banks
                                     39 ;--------------------------------------------------------
                                     40 	.area REG_BANK_0	(REL,OVR,DATA)
      000000                         41 	.ds 8
                                     42 ;--------------------------------------------------------
                                     43 ; internal ram data
                                     44 ;--------------------------------------------------------
                                     45 	.area DSEG    (DATA)
                                     46 ;--------------------------------------------------------
                                     47 ; overlayable items in internal ram 
                                     48 ;--------------------------------------------------------
                                     49 ;--------------------------------------------------------
                                     50 ; indirectly addressable internal ram data
                                     51 ;--------------------------------------------------------
                                     52 	.area ISEG    (DATA)
                                     53 ;--------------------------------------------------------
                                     54 ; absolute internal ram data
                                     55 ;--------------------------------------------------------
                                     56 	.area IABS    (ABS,DATA)
                                     57 	.area IABS    (ABS,DATA)
                                     58 ;--------------------------------------------------------
                                     59 ; bit data
                                     60 ;--------------------------------------------------------
                                     61 	.area BSEG    (BIT)
                                     62 ;--------------------------------------------------------
                                     63 ; paged external ram data
                                     64 ;--------------------------------------------------------
                                     65 	.area PSEG    (PAG,XDATA)
                                     66 ;--------------------------------------------------------
                                     67 ; external ram data
                                     68 ;--------------------------------------------------------
                                     69 	.area XSEG    (XDATA)
                                     70 ;--------------------------------------------------------
                                     71 ; absolute external ram data
                                     72 ;--------------------------------------------------------
                                     73 	.area XABS    (ABS,XDATA)
                                     74 ;--------------------------------------------------------
                                     75 ; external initialized ram data
                                     76 ;--------------------------------------------------------
                                     77 	.area XISEG   (XDATA)
                                     78 	.area HOME    (CODE)
                                     79 	.area GSINIT0 (CODE)
                                     80 	.area GSINIT1 (CODE)
                                     81 	.area GSINIT2 (CODE)
                                     82 	.area GSINIT3 (CODE)
                                     83 	.area GSINIT4 (CODE)
                                     84 	.area GSINIT5 (CODE)
                                     85 	.area GSINIT  (CODE)
                                     86 	.area GSFINAL (CODE)
                                     87 	.area CSEG    (CODE)
                                     88 ;--------------------------------------------------------
                                     89 ; global & static initialisations
                                     90 ;--------------------------------------------------------
                                     91 	.area HOME    (CODE)
                                     92 	.area GSINIT  (CODE)
                                     93 	.area GSFINAL (CODE)
                                     94 	.area GSINIT  (CODE)
                                     95 ;--------------------------------------------------------
                                     96 ; Home
                                     97 ;--------------------------------------------------------
                                     98 	.area HOME    (CODE)
                                     99 	.area HOME    (CODE)
                                    100 ;--------------------------------------------------------
                                    101 ; code
                                    102 ;--------------------------------------------------------
                                    103 	.area CSEG    (CODE)
                                    104 ;------------------------------------------------------------
                                    105 ;Allocation info for local variables in function 'send'
                                    106 ;------------------------------------------------------------
                                    107 ;ptr                       Allocated to registers r5 r6 r7 
                                    108 ;c                         Allocated to registers r5 r6 r7 
                                    109 ;------------------------------------------------------------
                                    110 ;	../contiki-sensinode/core/net/rime/trickle.c:76: send(void *ptr)
                                    111 ;	-----------------------------------------
                                    112 ;	 function send
                                    113 ;	-----------------------------------------
      000000                        114 _send:
                           000007   115 	ar7 = 0x07
                           000006   116 	ar6 = 0x06
                           000005   117 	ar5 = 0x05
                           000004   118 	ar4 = 0x04
                           000003   119 	ar3 = 0x03
                           000002   120 	ar2 = 0x02
                           000001   121 	ar1 = 0x01
                           000000   122 	ar0 = 0x00
      000000 AD 82            [24]  123 	mov	r5,dpl
      000002 AE 83            [24]  124 	mov	r6,dph
      000004 AF F0            [24]  125 	mov	r7,b
                                    126 ;	../contiki-sensinode/core/net/rime/trickle.c:78: struct trickle_conn *c = ptr;
                                    127 ;	../contiki-sensinode/core/net/rime/trickle.c:80: if(c->q != NULL) {
      000006 74 53            [12]  128 	mov	a,#0x53
      000008 2D               [12]  129 	add	a,r5
      000009 FA               [12]  130 	mov	r2,a
      00000A E4               [12]  131 	clr	a
      00000B 3E               [12]  132 	addc	a,r6
      00000C FB               [12]  133 	mov	r3,a
      00000D 8F 04            [24]  134 	mov	ar4,r7
      00000F 8A 82            [24]  135 	mov	dpl,r2
      000011 8B 83            [24]  136 	mov	dph,r3
      000013 8C F0            [24]  137 	mov	b,r4
      000015 12r00r00         [24]  138 	lcall	__gptrget
      000018 FA               [12]  139 	mov	r2,a
      000019 A3               [24]  140 	inc	dptr
      00001A 12r00r00         [24]  141 	lcall	__gptrget
      00001D FB               [12]  142 	mov	r3,a
      00001E A3               [24]  143 	inc	dptr
      00001F 12r00r00         [24]  144 	lcall	__gptrget
      000022 FC               [12]  145 	mov	r4,a
      000023 EA               [12]  146 	mov	a,r2
      000024 4B               [12]  147 	orl	a,r3
      000025 60 1E            [24]  148 	jz	00103$
                                    149 ;	../contiki-sensinode/core/net/rime/trickle.c:81: queuebuf_to_packetbuf(c->q);
      000027 8A 82            [24]  150 	mov	dpl,r2
      000029 8B 83            [24]  151 	mov	dph,r3
      00002B 8C F0            [24]  152 	mov	b,r4
      00002D C0 07            [24]  153 	push	ar7
      00002F C0 06            [24]  154 	push	ar6
      000031 C0 05            [24]  155 	push	ar5
      000033 12r00r00         [24]  156 	lcall	_queuebuf_to_packetbuf
      000036 D0 05            [24]  157 	pop	ar5
      000038 D0 06            [24]  158 	pop	ar6
      00003A D0 07            [24]  159 	pop	ar7
                                    160 ;	../contiki-sensinode/core/net/rime/trickle.c:82: broadcast_send(&c->c);
      00003C 8D 82            [24]  161 	mov	dpl,r5
      00003E 8E 83            [24]  162 	mov	dph,r6
      000040 8F F0            [24]  163 	mov	b,r7
      000042 02r00r00         [24]  164 	ljmp	_broadcast_send
      000045                        165 00103$:
      000045 22               [24]  166 	ret
                                    167 ;------------------------------------------------------------
                                    168 ;Allocation info for local variables in function 'timer_callback'
                                    169 ;------------------------------------------------------------
                                    170 ;ptr                       Allocated to registers r5 r6 r7 
                                    171 ;c                         Allocated to registers r5 r6 r7 
                                    172 ;------------------------------------------------------------
                                    173 ;	../contiki-sensinode/core/net/rime/trickle.c:90: timer_callback(void *ptr)
                                    174 ;	-----------------------------------------
                                    175 ;	 function timer_callback
                                    176 ;	-----------------------------------------
      000046                        177 _timer_callback:
                                    178 ;	../contiki-sensinode/core/net/rime/trickle.c:92: struct trickle_conn *c = ptr;
                                    179 ;	../contiki-sensinode/core/net/rime/trickle.c:93: run_trickle(c);
      000046 02r00rA6         [24]  180 	ljmp	_run_trickle
                                    181 ;------------------------------------------------------------
                                    182 ;Allocation info for local variables in function 'reset_interval'
                                    183 ;------------------------------------------------------------
                                    184 ;c                         Allocated to registers r5 r6 r7 
                                    185 ;------------------------------------------------------------
                                    186 ;	../contiki-sensinode/core/net/rime/trickle.c:97: reset_interval(struct trickle_conn *c)
                                    187 ;	-----------------------------------------
                                    188 ;	 function reset_interval
                                    189 ;	-----------------------------------------
      000049                        190 _reset_interval:
      000049 AD 82            [24]  191 	mov	r5,dpl
      00004B AE 83            [24]  192 	mov	r6,dph
      00004D AF F0            [24]  193 	mov	r7,b
                                    194 ;	../contiki-sensinode/core/net/rime/trickle.c:99: PT_INIT(&c->pt);
      00004F 74 51            [12]  195 	mov	a,#0x51
      000051 2D               [12]  196 	add	a,r5
      000052 FA               [12]  197 	mov	r2,a
      000053 E4               [12]  198 	clr	a
      000054 3E               [12]  199 	addc	a,r6
      000055 FB               [12]  200 	mov	r3,a
      000056 8F 04            [24]  201 	mov	ar4,r7
      000058 8A 82            [24]  202 	mov	dpl,r2
      00005A 8B 83            [24]  203 	mov	dph,r3
      00005C 8C F0            [24]  204 	mov	b,r4
      00005E E4               [12]  205 	clr	a
      00005F 12r00r00         [24]  206 	lcall	__gptrput
      000062 A3               [24]  207 	inc	dptr
      000063 12r00r00         [24]  208 	lcall	__gptrput
                                    209 ;	../contiki-sensinode/core/net/rime/trickle.c:100: run_trickle(c);
      000066 8D 82            [24]  210 	mov	dpl,r5
      000068 8E 83            [24]  211 	mov	dph,r6
      00006A 8F F0            [24]  212 	mov	b,r7
      00006C 02r00rA6         [24]  213 	ljmp	_run_trickle
                                    214 ;------------------------------------------------------------
                                    215 ;Allocation info for local variables in function 'set_timer'
                                    216 ;------------------------------------------------------------
                                    217 ;t                         Allocated to stack - sp -4
                                    218 ;i                         Allocated to stack - sp -6
                                    219 ;c                         Allocated to registers r5 r6 r7 
                                    220 ;------------------------------------------------------------
                                    221 ;	../contiki-sensinode/core/net/rime/trickle.c:104: set_timer(struct trickle_conn *c, struct ctimer *t, clock_time_t i)
                                    222 ;	-----------------------------------------
                                    223 ;	 function set_timer
                                    224 ;	-----------------------------------------
      00006F                        225 _set_timer:
      00006F AD 82            [24]  226 	mov	r5,dpl
      000071 AE 83            [24]  227 	mov	r6,dph
      000073 AF F0            [24]  228 	mov	r7,b
                                    229 ;	../contiki-sensinode/core/net/rime/trickle.c:106: ctimer_set(t, i, timer_callback, c);
      000075 C0 05            [24]  230 	push	ar5
      000077 C0 06            [24]  231 	push	ar6
      000079 C0 07            [24]  232 	push	ar7
      00007B 74r46            [12]  233 	mov	a,#_timer_callback
      00007D C0 E0            [24]  234 	push	acc
      00007F 74s00            [12]  235 	mov	a,#(_timer_callback >> 8)
      000081 C0 E0            [24]  236 	push	acc
      000083 E5 81            [12]  237 	mov	a,sp
      000085 24 F5            [12]  238 	add	a,#0xf5
      000087 F8               [12]  239 	mov	r0,a
      000088 E6               [12]  240 	mov	a,@r0
      000089 C0 E0            [24]  241 	push	acc
      00008B 08               [12]  242 	inc	r0
      00008C E6               [12]  243 	mov	a,@r0
      00008D C0 E0            [24]  244 	push	acc
      00008F E5 81            [12]  245 	mov	a,sp
      000091 24 F5            [12]  246 	add	a,#0xf5
      000093 F8               [12]  247 	mov	r0,a
      000094 86 82            [24]  248 	mov	dpl,@r0
      000096 08               [12]  249 	inc	r0
      000097 86 83            [24]  250 	mov	dph,@r0
      000099 08               [12]  251 	inc	r0
      00009A 86 F0            [24]  252 	mov	b,@r0
      00009C 12r00r00         [24]  253 	lcall	_ctimer_set
      00009F E5 81            [12]  254 	mov	a,sp
      0000A1 24 F9            [12]  255 	add	a,#0xf9
      0000A3 F5 81            [12]  256 	mov	sp,a
      0000A5 22               [24]  257 	ret
                                    258 ;------------------------------------------------------------
                                    259 ;Allocation info for local variables in function 'run_trickle'
                                    260 ;------------------------------------------------------------
                                    261 ;c                         Allocated to stack - sp -3
                                    262 ;interval                  Allocated to registers r4 r3 
                                    263 ;PT_YIELD_FLAG             Allocated to stack - sp +0
                                    264 ;sloc0                     Allocated to stack - sp +3
                                    265 ;sloc1                     Allocated to stack - sp +5
                                    266 ;------------------------------------------------------------
                                    267 ;	../contiki-sensinode/core/net/rime/trickle.c:110: run_trickle(struct trickle_conn *c)
                                    268 ;	-----------------------------------------
                                    269 ;	 function run_trickle
                                    270 ;	-----------------------------------------
      0000A6                        271 _run_trickle:
      0000A6 C0 82            [24]  272 	push	dpl
      0000A8 C0 83            [24]  273 	push	dph
      0000AA C0 F0            [24]  274 	push	b
      0000AC 05 81            [12]  275 	inc	sp
                                    276 ;	../contiki-sensinode/core/net/rime/trickle.c:113: PT_BEGIN(&c->pt);
      0000AE A8 81            [24]  277 	mov	r0,sp
      0000B0 76 01            [12]  278 	mov	@r0,#0x01
      0000B2 E5 81            [12]  279 	mov	a,sp
      0000B4 24 FD            [12]  280 	add	a,#0xfd
      0000B6 F8               [12]  281 	mov	r0,a
      0000B7 74 51            [12]  282 	mov	a,#0x51
      0000B9 26               [12]  283 	add	a,@r0
      0000BA FA               [12]  284 	mov	r2,a
      0000BB E4               [12]  285 	clr	a
      0000BC 08               [12]  286 	inc	r0
      0000BD 36               [12]  287 	addc	a,@r0
      0000BE FB               [12]  288 	mov	r3,a
      0000BF 08               [12]  289 	inc	r0
      0000C0 86 04            [24]  290 	mov	ar4,@r0
      0000C2 8A 82            [24]  291 	mov	dpl,r2
      0000C4 8B 83            [24]  292 	mov	dph,r3
      0000C6 8C F0            [24]  293 	mov	b,r4
      0000C8 12r00r00         [24]  294 	lcall	__gptrget
      0000CB FF               [12]  295 	mov	r7,a
      0000CC A3               [24]  296 	inc	dptr
      0000CD 12r00r00         [24]  297 	lcall	__gptrget
      0000D0 FE               [12]  298 	mov	r6,a
      0000D1 BF 00 05         [24]  299 	cjne	r7,#0x00,00148$
      0000D4 BE 00 02         [24]  300 	cjne	r6,#0x00,00148$
      0000D7 80 15            [24]  301 	sjmp	00119$
      0000D9                        302 00148$:
      0000D9 BF 79 06         [24]  303 	cjne	r7,#0x79,00149$
      0000DC BE 00 03         [24]  304 	cjne	r6,#0x00,00149$
      0000DF 02r02r19         [24]  305 	ljmp	00102$
      0000E2                        306 00149$:
      0000E2 BF 7D 06         [24]  307 	cjne	r7,#0x7D,00150$
      0000E5 BE 00 03         [24]  308 	cjne	r6,#0x00,00150$
      0000E8 02r02r7D         [24]  309 	ljmp	00110$
      0000EB                        310 00150$:
      0000EB 02r02rB7         [24]  311 	ljmp	00121$
                                    312 ;	../contiki-sensinode/core/net/rime/trickle.c:115: while(1) {
      0000EE                        313 00119$:
                                    314 ;	../contiki-sensinode/core/net/rime/trickle.c:116: interval = c->interval << c->interval_scaling;
      0000EE E5 81            [12]  315 	mov	a,sp
      0000F0 24 FD            [12]  316 	add	a,#0xfd
      0000F2 F8               [12]  317 	mov	r0,a
      0000F3 74 56            [12]  318 	mov	a,#0x56
      0000F5 26               [12]  319 	add	a,@r0
      0000F6 FD               [12]  320 	mov	r5,a
      0000F7 E4               [12]  321 	clr	a
      0000F8 08               [12]  322 	inc	r0
      0000F9 36               [12]  323 	addc	a,@r0
      0000FA FE               [12]  324 	mov	r6,a
      0000FB 08               [12]  325 	inc	r0
      0000FC 86 07            [24]  326 	mov	ar7,@r0
      0000FE 8D 82            [24]  327 	mov	dpl,r5
      000100 8E 83            [24]  328 	mov	dph,r6
      000102 8F F0            [24]  329 	mov	b,r7
      000104 12r00r00         [24]  330 	lcall	__gptrget
      000107 FC               [12]  331 	mov	r4,a
      000108 A3               [24]  332 	inc	dptr
      000109 12r00r00         [24]  333 	lcall	__gptrget
      00010C FB               [12]  334 	mov	r3,a
      00010D E5 81            [12]  335 	mov	a,sp
      00010F 24 FD            [12]  336 	add	a,#0xfd
      000111 F8               [12]  337 	mov	r0,a
      000112 74 59            [12]  338 	mov	a,#0x59
      000114 26               [12]  339 	add	a,@r0
      000115 FD               [12]  340 	mov	r5,a
      000116 E4               [12]  341 	clr	a
      000117 08               [12]  342 	inc	r0
      000118 36               [12]  343 	addc	a,@r0
      000119 FE               [12]  344 	mov	r6,a
      00011A 08               [12]  345 	inc	r0
      00011B 86 07            [24]  346 	mov	ar7,@r0
      00011D 8D 82            [24]  347 	mov	dpl,r5
      00011F 8E 83            [24]  348 	mov	dph,r6
      000121 8F F0            [24]  349 	mov	b,r7
      000123 12r00r00         [24]  350 	lcall	__gptrget
      000126 FD               [12]  351 	mov	r5,a
      000127 8D F0            [24]  352 	mov	b,r5
      000129 05 F0            [12]  353 	inc	b
      00012B AD 04            [24]  354 	mov	r5,ar4
      00012D AF 03            [24]  355 	mov	r7,ar3
      00012F 80 06            [24]  356 	sjmp	00152$
      000131                        357 00151$:
      000131 ED               [12]  358 	mov	a,r5
      000132 2D               [12]  359 	add	a,r5
      000133 FD               [12]  360 	mov	r5,a
      000134 EF               [12]  361 	mov	a,r7
      000135 33               [12]  362 	rlc	a
      000136 FF               [12]  363 	mov	r7,a
      000137                        364 00152$:
      000137 D5 F0 F7         [24]  365 	djnz	b,00151$
      00013A 8D 04            [24]  366 	mov	ar4,r5
      00013C 8F 03            [24]  367 	mov	ar3,r7
                                    368 ;	../contiki-sensinode/core/net/rime/trickle.c:117: set_timer(c, &c->interval_timer, interval);
      00013E E5 81            [12]  369 	mov	a,sp
      000140 24 FD            [12]  370 	add	a,#0xfd
      000142 F8               [12]  371 	mov	r0,a
      000143 74 27            [12]  372 	mov	a,#0x27
      000145 26               [12]  373 	add	a,@r0
      000146 FD               [12]  374 	mov	r5,a
      000147 E4               [12]  375 	clr	a
      000148 08               [12]  376 	inc	r0
      000149 36               [12]  377 	addc	a,@r0
      00014A FE               [12]  378 	mov	r6,a
      00014B 08               [12]  379 	inc	r0
      00014C 86 07            [24]  380 	mov	ar7,@r0
      00014E C0 04            [24]  381 	push	ar4
      000150 C0 03            [24]  382 	push	ar3
      000152 C0 04            [24]  383 	push	ar4
      000154 C0 03            [24]  384 	push	ar3
      000156 C0 05            [24]  385 	push	ar5
      000158 C0 06            [24]  386 	push	ar6
      00015A C0 07            [24]  387 	push	ar7
      00015C E5 81            [12]  388 	mov	a,sp
      00015E 24 F6            [12]  389 	add	a,#0xf6
      000160 F8               [12]  390 	mov	r0,a
      000161 86 82            [24]  391 	mov	dpl,@r0
      000163 08               [12]  392 	inc	r0
      000164 86 83            [24]  393 	mov	dph,@r0
      000166 08               [12]  394 	inc	r0
      000167 86 F0            [24]  395 	mov	b,@r0
      000169 12r00r6F         [24]  396 	lcall	_set_timer
      00016C E5 81            [12]  397 	mov	a,sp
      00016E 24 FB            [12]  398 	add	a,#0xfb
      000170 F5 81            [12]  399 	mov	sp,a
      000172 D0 03            [24]  400 	pop	ar3
      000174 D0 04            [24]  401 	pop	ar4
                                    402 ;	../contiki-sensinode/core/net/rime/trickle.c:118: set_timer(c, &c->t, interval / 2 + (random_rand() % (interval / 2)));
      000176 EB               [12]  403 	mov	a,r3
      000177 C3               [12]  404 	clr	c
      000178 13               [12]  405 	rrc	a
      000179 CC               [12]  406 	xch	a,r4
      00017A 13               [12]  407 	rrc	a
      00017B CC               [12]  408 	xch	a,r4
      00017C FB               [12]  409 	mov	r3,a
      00017D C0 04            [24]  410 	push	ar4
      00017F C0 03            [24]  411 	push	ar3
      000181 12r00r00         [24]  412 	lcall	_random_rand
      000184 AD 82            [24]  413 	mov	r5,dpl
      000186 AF 83            [24]  414 	mov	r7,dph
      000188 D0 03            [24]  415 	pop	ar3
      00018A D0 04            [24]  416 	pop	ar4
      00018C C0 04            [24]  417 	push	ar4
      00018E C0 03            [24]  418 	push	ar3
      000190 C0 04            [24]  419 	push	ar4
      000192 C0 03            [24]  420 	push	ar3
      000194 8D 82            [24]  421 	mov	dpl,r5
      000196 8F 83            [24]  422 	mov	dph,r7
      000198 12r00r00         [24]  423 	lcall	__moduint
      00019B AE 82            [24]  424 	mov	r6,dpl
      00019D AF 83            [24]  425 	mov	r7,dph
      00019F 15 81            [12]  426 	dec	sp
      0001A1 15 81            [12]  427 	dec	sp
      0001A3 D0 03            [24]  428 	pop	ar3
      0001A5 D0 04            [24]  429 	pop	ar4
      0001A7 EE               [12]  430 	mov	a,r6
      0001A8 2C               [12]  431 	add	a,r4
      0001A9 FC               [12]  432 	mov	r4,a
      0001AA EF               [12]  433 	mov	a,r7
      0001AB 3B               [12]  434 	addc	a,r3
      0001AC FB               [12]  435 	mov	r3,a
      0001AD E5 81            [12]  436 	mov	a,sp
      0001AF 24 FD            [12]  437 	add	a,#0xfd
      0001B1 F8               [12]  438 	mov	r0,a
      0001B2 74 12            [12]  439 	mov	a,#0x12
      0001B4 26               [12]  440 	add	a,@r0
      0001B5 FD               [12]  441 	mov	r5,a
      0001B6 E4               [12]  442 	clr	a
      0001B7 08               [12]  443 	inc	r0
      0001B8 36               [12]  444 	addc	a,@r0
      0001B9 FE               [12]  445 	mov	r6,a
      0001BA 08               [12]  446 	inc	r0
      0001BB 86 07            [24]  447 	mov	ar7,@r0
      0001BD C0 04            [24]  448 	push	ar4
      0001BF C0 03            [24]  449 	push	ar3
      0001C1 C0 05            [24]  450 	push	ar5
      0001C3 C0 06            [24]  451 	push	ar6
      0001C5 C0 07            [24]  452 	push	ar7
      0001C7 E5 81            [12]  453 	mov	a,sp
      0001C9 24 F8            [12]  454 	add	a,#0xf8
      0001CB F8               [12]  455 	mov	r0,a
      0001CC 86 82            [24]  456 	mov	dpl,@r0
      0001CE 08               [12]  457 	inc	r0
      0001CF 86 83            [24]  458 	mov	dph,@r0
      0001D1 08               [12]  459 	inc	r0
      0001D2 86 F0            [24]  460 	mov	b,@r0
      0001D4 12r00r6F         [24]  461 	lcall	_set_timer
      0001D7 E5 81            [12]  462 	mov	a,sp
      0001D9 24 FB            [12]  463 	add	a,#0xfb
                                    464 ;	../contiki-sensinode/core/net/rime/trickle.c:120: c->duplicates = 0;
      0001DB F5 81            [12]  465 	mov	sp,a
      0001DD 24 FD            [12]  466 	add	a,#0xfd
      0001DF F8               [12]  467 	mov	r0,a
      0001E0 74 5A            [12]  468 	mov	a,#0x5A
      0001E2 26               [12]  469 	add	a,@r0
      0001E3 FD               [12]  470 	mov	r5,a
      0001E4 E4               [12]  471 	clr	a
      0001E5 08               [12]  472 	inc	r0
      0001E6 36               [12]  473 	addc	a,@r0
      0001E7 FE               [12]  474 	mov	r6,a
      0001E8 08               [12]  475 	inc	r0
      0001E9 86 07            [24]  476 	mov	ar7,@r0
      0001EB 8D 82            [24]  477 	mov	dpl,r5
      0001ED 8E 83            [24]  478 	mov	dph,r6
      0001EF 8F F0            [24]  479 	mov	b,r7
      0001F1 E4               [12]  480 	clr	a
      0001F2 12r00r00         [24]  481 	lcall	__gptrput
                                    482 ;	../contiki-sensinode/core/net/rime/trickle.c:121: PT_YIELD(&c->pt); /* Wait until listen timeout */
      0001F5 A8 81            [24]  483 	mov	r0,sp
      0001F7 76 00            [12]  484 	mov	@r0,#0x00
      0001F9 E5 81            [12]  485 	mov	a,sp
      0001FB 24 FD            [12]  486 	add	a,#0xfd
      0001FD F8               [12]  487 	mov	r0,a
      0001FE 74 51            [12]  488 	mov	a,#0x51
      000200 26               [12]  489 	add	a,@r0
      000201 FD               [12]  490 	mov	r5,a
      000202 E4               [12]  491 	clr	a
      000203 08               [12]  492 	inc	r0
      000204 36               [12]  493 	addc	a,@r0
      000205 FE               [12]  494 	mov	r6,a
      000206 08               [12]  495 	inc	r0
      000207 86 07            [24]  496 	mov	ar7,@r0
      000209 8D 82            [24]  497 	mov	dpl,r5
      00020B 8E 83            [24]  498 	mov	dph,r6
      00020D 8F F0            [24]  499 	mov	b,r7
      00020F 74 79            [12]  500 	mov	a,#0x79
      000211 12r00r00         [24]  501 	lcall	__gptrput
      000214 A3               [24]  502 	inc	dptr
      000215 E4               [12]  503 	clr	a
      000216 12r00r00         [24]  504 	lcall	__gptrput
      000219                        505 00102$:
      000219 A8 81            [24]  506 	mov	r0,sp
      00021B E6               [12]  507 	mov	a,@r0
      00021C 70 06            [24]  508 	jnz	00106$
      00021E 90 00 01         [24]  509 	mov	dptr,#0x0001
      000221 02r02rC8         [24]  510 	ljmp	00122$
      000224                        511 00106$:
                                    512 ;	../contiki-sensinode/core/net/rime/trickle.c:122: if(c->duplicates < DUPLICATE_THRESHOLD) {
      000224 E5 81            [12]  513 	mov	a,sp
      000226 24 FD            [12]  514 	add	a,#0xfd
      000228 F8               [12]  515 	mov	r0,a
      000229 74 5A            [12]  516 	mov	a,#0x5A
      00022B 26               [12]  517 	add	a,@r0
      00022C FD               [12]  518 	mov	r5,a
      00022D E4               [12]  519 	clr	a
      00022E 08               [12]  520 	inc	r0
      00022F 36               [12]  521 	addc	a,@r0
      000230 FE               [12]  522 	mov	r6,a
      000231 08               [12]  523 	inc	r0
      000232 86 07            [24]  524 	mov	ar7,@r0
      000234 8D 82            [24]  525 	mov	dpl,r5
      000236 8E 83            [24]  526 	mov	dph,r6
      000238 8F F0            [24]  527 	mov	b,r7
      00023A 12r00r00         [24]  528 	lcall	__gptrget
      00023D FD               [12]  529 	mov	r5,a
      00023E BD 01 00         [24]  530 	cjne	r5,#0x01,00154$
      000241                        531 00154$:
      000241 50 16            [24]  532 	jnc	00113$
                                    533 ;	../contiki-sensinode/core/net/rime/trickle.c:123: send(c);
      000243 E5 81            [12]  534 	mov	a,sp
      000245 24 FD            [12]  535 	add	a,#0xfd
      000247 F8               [12]  536 	mov	r0,a
      000248 86 05            [24]  537 	mov	ar5,@r0
      00024A 08               [12]  538 	inc	r0
      00024B 86 06            [24]  539 	mov	ar6,@r0
      00024D 08               [12]  540 	inc	r0
      00024E 86 07            [24]  541 	mov	ar7,@r0
      000250 8D 82            [24]  542 	mov	dpl,r5
      000252 8E 83            [24]  543 	mov	dph,r6
      000254 8F F0            [24]  544 	mov	b,r7
      000256 12r00r00         [24]  545 	lcall	_send
                                    546 ;	../contiki-sensinode/core/net/rime/trickle.c:125: PT_YIELD(&c->pt); /* Wait until interval timer expired. */
      000259                        547 00113$:
      000259 A8 81            [24]  548 	mov	r0,sp
      00025B 76 00            [12]  549 	mov	@r0,#0x00
      00025D E5 81            [12]  550 	mov	a,sp
      00025F 24 FD            [12]  551 	add	a,#0xfd
      000261 F8               [12]  552 	mov	r0,a
      000262 74 51            [12]  553 	mov	a,#0x51
      000264 26               [12]  554 	add	a,@r0
      000265 FD               [12]  555 	mov	r5,a
      000266 E4               [12]  556 	clr	a
      000267 08               [12]  557 	inc	r0
      000268 36               [12]  558 	addc	a,@r0
      000269 FE               [12]  559 	mov	r6,a
      00026A 08               [12]  560 	inc	r0
      00026B 86 07            [24]  561 	mov	ar7,@r0
      00026D 8D 82            [24]  562 	mov	dpl,r5
      00026F 8E 83            [24]  563 	mov	dph,r6
      000271 8F F0            [24]  564 	mov	b,r7
      000273 74 7D            [12]  565 	mov	a,#0x7D
      000275 12r00r00         [24]  566 	lcall	__gptrput
      000278 A3               [24]  567 	inc	dptr
      000279 E4               [12]  568 	clr	a
      00027A 12r00r00         [24]  569 	lcall	__gptrput
      00027D                        570 00110$:
      00027D A8 81            [24]  571 	mov	r0,sp
      00027F E6               [12]  572 	mov	a,@r0
      000280 70 05            [24]  573 	jnz	00114$
      000282 90 00 01         [24]  574 	mov	dptr,#0x0001
      000285 80 41            [24]  575 	sjmp	00122$
      000287                        576 00114$:
                                    577 ;	../contiki-sensinode/core/net/rime/trickle.c:126: if(c->interval_scaling < INTERVAL_MAX) {
      000287 E5 81            [12]  578 	mov	a,sp
      000289 24 FD            [12]  579 	add	a,#0xfd
      00028B F8               [12]  580 	mov	r0,a
      00028C 74 59            [12]  581 	mov	a,#0x59
      00028E 26               [12]  582 	add	a,@r0
      00028F FE               [12]  583 	mov	r6,a
      000290 E4               [12]  584 	clr	a
      000291 08               [12]  585 	inc	r0
      000292 36               [12]  586 	addc	a,@r0
      000293 FD               [12]  587 	mov	r5,a
      000294 08               [12]  588 	inc	r0
      000295 86 04            [24]  589 	mov	ar4,@r0
      000297 8E 82            [24]  590 	mov	dpl,r6
      000299 8D 83            [24]  591 	mov	dph,r5
      00029B 8C F0            [24]  592 	mov	b,r4
      00029D 12r00r00         [24]  593 	lcall	__gptrget
      0002A0 FF               [12]  594 	mov	r7,a
      0002A1 BF 04 00         [24]  595 	cjne	r7,#0x04,00157$
      0002A4                        596 00157$:
      0002A4 40 03            [24]  597 	jc	00158$
      0002A6 02r00rEE         [24]  598 	ljmp	00119$
      0002A9                        599 00158$:
                                    600 ;	../contiki-sensinode/core/net/rime/trickle.c:127: c->interval_scaling++;
      0002A9 0F               [12]  601 	inc	r7
      0002AA 8E 82            [24]  602 	mov	dpl,r6
      0002AC 8D 83            [24]  603 	mov	dph,r5
      0002AE 8C F0            [24]  604 	mov	b,r4
      0002B0 EF               [12]  605 	mov	a,r7
      0002B1 12r00r00         [24]  606 	lcall	__gptrput
      0002B4 02r00rEE         [24]  607 	ljmp	00119$
                                    608 ;	../contiki-sensinode/core/net/rime/trickle.c:131: PT_END(&c->pt);
      0002B7                        609 00121$:
      0002B7 8A 82            [24]  610 	mov	dpl,r2
      0002B9 8B 83            [24]  611 	mov	dph,r3
      0002BB 8C F0            [24]  612 	mov	b,r4
      0002BD E4               [12]  613 	clr	a
      0002BE 12r00r00         [24]  614 	lcall	__gptrput
      0002C1 A3               [24]  615 	inc	dptr
      0002C2 12r00r00         [24]  616 	lcall	__gptrput
      0002C5 90 00 03         [24]  617 	mov	dptr,#0x0003
      0002C8                        618 00122$:
      0002C8 E5 81            [12]  619 	mov	a,sp
      0002CA 24 FC            [12]  620 	add	a,#0xFC
      0002CC F5 81            [12]  621 	mov	sp,a
      0002CE 22               [24]  622 	ret
                                    623 ;------------------------------------------------------------
                                    624 ;Allocation info for local variables in function 'recv'
                                    625 ;------------------------------------------------------------
                                    626 ;from                      Allocated to stack - sp -12
                                    627 ;bc                        Allocated to registers r5 r6 r7 
                                    628 ;c                         Allocated to stack - sp -4
                                    629 ;seqno                     Allocated to stack - sp -1
                                    630 ;sloc0                     Allocated to stack - sp +1
                                    631 ;sloc1                     Allocated to stack - sp -7
                                    632 ;------------------------------------------------------------
                                    633 ;	../contiki-sensinode/core/net/rime/trickle.c:135: recv(struct broadcast_conn *bc, const rimeaddr_t *from)
                                    634 ;	-----------------------------------------
                                    635 ;	 function recv
                                    636 ;	-----------------------------------------
      0002CF                        637 _recv:
      0002CF E5 81            [12]  638 	mov	a,sp
      0002D1 24 08            [12]  639 	add	a,#0x08
      0002D3 F5 81            [12]  640 	mov	sp,a
      0002D5 AD 82            [24]  641 	mov	r5,dpl
      0002D7 AE 83            [24]  642 	mov	r6,dph
      0002D9 AF F0            [24]  643 	mov	r7,b
                                    644 ;	../contiki-sensinode/core/net/rime/trickle.c:137: struct trickle_conn *c = (struct trickle_conn *)bc;
      0002DB E5 81            [12]  645 	mov	a,sp
      0002DD 24 FC            [12]  646 	add	a,#0xfc
      0002DF F8               [12]  647 	mov	r0,a
      0002E0 A6 05            [24]  648 	mov	@r0,ar5
      0002E2 08               [12]  649 	inc	r0
      0002E3 A6 06            [24]  650 	mov	@r0,ar6
      0002E5 08               [12]  651 	inc	r0
      0002E6 A6 07            [24]  652 	mov	@r0,ar7
                                    653 ;	../contiki-sensinode/core/net/rime/trickle.c:138: uint16_t seqno = packetbuf_attr(PACKETBUF_ATTR_EPACKET_ID);
      0002E8 75 82 15         [24]  654 	mov	dpl,#0x15
      0002EB 12r00r00         [24]  655 	lcall	_packetbuf_attr
      0002EE AB 82            [24]  656 	mov	r3,dpl
      0002F0 AC 83            [24]  657 	mov	r4,dph
      0002F2 A8 81            [24]  658 	mov	r0,sp
      0002F4 18               [12]  659 	dec	r0
      0002F5 A6 03            [24]  660 	mov	@r0,ar3
      0002F7 08               [12]  661 	inc	r0
      0002F8 A6 04            [24]  662 	mov	@r0,ar4
                                    663 ;	../contiki-sensinode/core/net/rime/trickle.c:148: if(seqno == c->seqno) {
      0002FA E5 81            [12]  664 	mov	a,sp
      0002FC 24 FC            [12]  665 	add	a,#0xfc
      0002FE F8               [12]  666 	mov	r0,a
      0002FF 74 58            [12]  667 	mov	a,#0x58
      000301 26               [12]  668 	add	a,@r0
      000302 FA               [12]  669 	mov	r2,a
      000303 E4               [12]  670 	clr	a
      000304 08               [12]  671 	inc	r0
      000305 36               [12]  672 	addc	a,@r0
      000306 FB               [12]  673 	mov	r3,a
      000307 08               [12]  674 	inc	r0
      000308 86 04            [24]  675 	mov	ar4,@r0
      00030A 8A 82            [24]  676 	mov	dpl,r2
      00030C 8B 83            [24]  677 	mov	dph,r3
      00030E 8C F0            [24]  678 	mov	b,r4
      000310 12r00r00         [24]  679 	lcall	__gptrget
      000313 FD               [12]  680 	mov	r5,a
      000314 FE               [12]  681 	mov	r6,a
      000315 7F 00            [12]  682 	mov	r7,#0x00
      000317 A8 81            [24]  683 	mov	r0,sp
      000319 18               [12]  684 	dec	r0
      00031A E6               [12]  685 	mov	a,@r0
      00031B B5 06 07         [24]  686 	cjne	a,ar6,00120$
      00031E 08               [12]  687 	inc	r0
      00031F E6               [12]  688 	mov	a,@r0
      000320 B5 07 02         [24]  689 	cjne	a,ar7,00120$
      000323 80 02            [24]  690 	sjmp	00121$
      000325                        691 00120$:
      000325 80 28            [24]  692 	sjmp	00107$
      000327                        693 00121$:
                                    694 ;	../contiki-sensinode/core/net/rime/trickle.c:150: ++c->duplicates;
      000327 E5 81            [12]  695 	mov	a,sp
      000329 24 FC            [12]  696 	add	a,#0xfc
      00032B F8               [12]  697 	mov	r0,a
      00032C 74 5A            [12]  698 	mov	a,#0x5A
      00032E 26               [12]  699 	add	a,@r0
      00032F FE               [12]  700 	mov	r6,a
      000330 E4               [12]  701 	clr	a
      000331 08               [12]  702 	inc	r0
      000332 36               [12]  703 	addc	a,@r0
      000333 FD               [12]  704 	mov	r5,a
      000334 08               [12]  705 	inc	r0
      000335 86 04            [24]  706 	mov	ar4,@r0
      000337 8E 82            [24]  707 	mov	dpl,r6
      000339 8D 83            [24]  708 	mov	dph,r5
      00033B 8C F0            [24]  709 	mov	b,r4
      00033D 12r00r00         [24]  710 	lcall	__gptrget
      000340 FF               [12]  711 	mov	r7,a
      000341 0F               [12]  712 	inc	r7
      000342 8E 82            [24]  713 	mov	dpl,r6
      000344 8D 83            [24]  714 	mov	dph,r5
      000346 8C F0            [24]  715 	mov	b,r4
      000348 EF               [12]  716 	mov	a,r7
      000349 12r00r00         [24]  717 	lcall	__gptrput
      00034C 02r05r22         [24]  718 	ljmp	00109$
      00034F                        719 00107$:
                                    720 ;	../contiki-sensinode/core/net/rime/trickle.c:151: } else if(SEQNO_LT(seqno, c->seqno)) {
      00034F A8 81            [24]  721 	mov	r0,sp
      000351 18               [12]  722 	dec	r0
      000352 E6               [12]  723 	mov	a,@r0
      000353 FF               [12]  724 	mov	r7,a
      000354 C3               [12]  725 	clr	c
      000355 9D               [12]  726 	subb	a,r5
      000356 FE               [12]  727 	mov	r6,a
      000357 30 E7 33         [24]  728 	jnb	acc.7,00104$
                                    729 ;	../contiki-sensinode/core/net/rime/trickle.c:152: c->interval_scaling = 0;
      00035A E5 81            [12]  730 	mov	a,sp
      00035C 24 FC            [12]  731 	add	a,#0xfc
      00035E F8               [12]  732 	mov	r0,a
      00035F 74 59            [12]  733 	mov	a,#0x59
      000361 26               [12]  734 	add	a,@r0
      000362 FF               [12]  735 	mov	r7,a
      000363 E4               [12]  736 	clr	a
      000364 08               [12]  737 	inc	r0
      000365 36               [12]  738 	addc	a,@r0
      000366 FE               [12]  739 	mov	r6,a
      000367 08               [12]  740 	inc	r0
      000368 86 05            [24]  741 	mov	ar5,@r0
      00036A 8F 82            [24]  742 	mov	dpl,r7
      00036C 8E 83            [24]  743 	mov	dph,r6
      00036E 8D F0            [24]  744 	mov	b,r5
      000370 E4               [12]  745 	clr	a
      000371 12r00r00         [24]  746 	lcall	__gptrput
                                    747 ;	../contiki-sensinode/core/net/rime/trickle.c:153: send(c);
      000374 E5 81            [12]  748 	mov	a,sp
      000376 24 FC            [12]  749 	add	a,#0xfc
      000378 F8               [12]  750 	mov	r0,a
      000379 86 05            [24]  751 	mov	ar5,@r0
      00037B 08               [12]  752 	inc	r0
      00037C 86 06            [24]  753 	mov	ar6,@r0
      00037E 08               [12]  754 	inc	r0
      00037F 86 07            [24]  755 	mov	ar7,@r0
      000381 8D 82            [24]  756 	mov	dpl,r5
      000383 8E 83            [24]  757 	mov	dph,r6
      000385 8F F0            [24]  758 	mov	b,r7
      000387 12r00r00         [24]  759 	lcall	_send
      00038A 02r05r22         [24]  760 	ljmp	00109$
      00038D                        761 00104$:
                                    762 ;	../contiki-sensinode/core/net/rime/trickle.c:158: c->seqno = seqno;
      00038D 8A 82            [24]  763 	mov	dpl,r2
      00038F 8B 83            [24]  764 	mov	dph,r3
      000391 8C F0            [24]  765 	mov	b,r4
      000393 EF               [12]  766 	mov	a,r7
      000394 12r00r00         [24]  767 	lcall	__gptrput
                                    768 ;	../contiki-sensinode/core/net/rime/trickle.c:160: if(c->q != NULL) {
      000397 E5 81            [12]  769 	mov	a,sp
      000399 24 FC            [12]  770 	add	a,#0xfc
      00039B F8               [12]  771 	mov	r0,a
      00039C 74 53            [12]  772 	mov	a,#0x53
      00039E 26               [12]  773 	add	a,@r0
      00039F FD               [12]  774 	mov	r5,a
      0003A0 E4               [12]  775 	clr	a
      0003A1 08               [12]  776 	inc	r0
      0003A2 36               [12]  777 	addc	a,@r0
      0003A3 FE               [12]  778 	mov	r6,a
      0003A4 08               [12]  779 	inc	r0
      0003A5 86 07            [24]  780 	mov	ar7,@r0
      0003A7 8D 82            [24]  781 	mov	dpl,r5
      0003A9 8E 83            [24]  782 	mov	dph,r6
      0003AB 8F F0            [24]  783 	mov	b,r7
      0003AD 12r00r00         [24]  784 	lcall	__gptrget
      0003B0 FA               [12]  785 	mov	r2,a
      0003B1 A3               [24]  786 	inc	dptr
      0003B2 12r00r00         [24]  787 	lcall	__gptrget
      0003B5 FB               [12]  788 	mov	r3,a
      0003B6 A3               [24]  789 	inc	dptr
      0003B7 12r00r00         [24]  790 	lcall	__gptrget
      0003BA FC               [12]  791 	mov	r4,a
      0003BB EA               [12]  792 	mov	a,r2
      0003BC 4B               [12]  793 	orl	a,r3
      0003BD 60 15            [24]  794 	jz	00102$
                                    795 ;	../contiki-sensinode/core/net/rime/trickle.c:161: queuebuf_free(c->q);
      0003BF 8A 82            [24]  796 	mov	dpl,r2
      0003C1 8B 83            [24]  797 	mov	dph,r3
      0003C3 8C F0            [24]  798 	mov	b,r4
      0003C5 C0 07            [24]  799 	push	ar7
      0003C7 C0 06            [24]  800 	push	ar6
      0003C9 C0 05            [24]  801 	push	ar5
      0003CB 12r00r00         [24]  802 	lcall	_queuebuf_free
      0003CE D0 05            [24]  803 	pop	ar5
      0003D0 D0 06            [24]  804 	pop	ar6
      0003D2 D0 07            [24]  805 	pop	ar7
      0003D4                        806 00102$:
                                    807 ;	../contiki-sensinode/core/net/rime/trickle.c:163: c->q = queuebuf_new_from_packetbuf();
      0003D4 C0 07            [24]  808 	push	ar7
      0003D6 C0 06            [24]  809 	push	ar6
      0003D8 C0 05            [24]  810 	push	ar5
      0003DA 12r00r00         [24]  811 	lcall	_queuebuf_new_from_packetbuf
      0003DD AA 82            [24]  812 	mov	r2,dpl
      0003DF AB 83            [24]  813 	mov	r3,dph
      0003E1 AC F0            [24]  814 	mov	r4,b
      0003E3 D0 05            [24]  815 	pop	ar5
      0003E5 D0 06            [24]  816 	pop	ar6
      0003E7 D0 07            [24]  817 	pop	ar7
      0003E9 8D 82            [24]  818 	mov	dpl,r5
      0003EB 8E 83            [24]  819 	mov	dph,r6
      0003ED 8F F0            [24]  820 	mov	b,r7
      0003EF EA               [12]  821 	mov	a,r2
      0003F0 12r00r00         [24]  822 	lcall	__gptrput
      0003F3 A3               [24]  823 	inc	dptr
      0003F4 EB               [12]  824 	mov	a,r3
      0003F5 12r00r00         [24]  825 	lcall	__gptrput
      0003F8 A3               [24]  826 	inc	dptr
      0003F9 EC               [12]  827 	mov	a,r4
      0003FA 12r00r00         [24]  828 	lcall	__gptrput
                                    829 ;	../contiki-sensinode/core/net/rime/trickle.c:164: c->interval_scaling = 0;
      0003FD E5 81            [12]  830 	mov	a,sp
      0003FF 24 FC            [12]  831 	add	a,#0xfc
      000401 F8               [12]  832 	mov	r0,a
      000402 74 59            [12]  833 	mov	a,#0x59
      000404 26               [12]  834 	add	a,@r0
      000405 FD               [12]  835 	mov	r5,a
      000406 E4               [12]  836 	clr	a
      000407 08               [12]  837 	inc	r0
      000408 36               [12]  838 	addc	a,@r0
      000409 FE               [12]  839 	mov	r6,a
      00040A 08               [12]  840 	inc	r0
      00040B 86 07            [24]  841 	mov	ar7,@r0
      00040D 8D 82            [24]  842 	mov	dpl,r5
      00040F 8E 83            [24]  843 	mov	dph,r6
      000411 8F F0            [24]  844 	mov	b,r7
      000413 E4               [12]  845 	clr	a
      000414 12r00r00         [24]  846 	lcall	__gptrput
                                    847 ;	../contiki-sensinode/core/net/rime/trickle.c:165: reset_interval(c);
      000417 E5 81            [12]  848 	mov	a,sp
      000419 24 FC            [12]  849 	add	a,#0xfc
      00041B F8               [12]  850 	mov	r0,a
      00041C 86 82            [24]  851 	mov	dpl,@r0
      00041E 08               [12]  852 	inc	r0
      00041F 86 83            [24]  853 	mov	dph,@r0
      000421 08               [12]  854 	inc	r0
      000422 86 F0            [24]  855 	mov	b,@r0
      000424 12r00r49         [24]  856 	lcall	_reset_interval
                                    857 ;	../contiki-sensinode/core/net/rime/trickle.c:167: send, c);
      000427 E5 81            [12]  858 	mov	a,sp
      000429 24 FC            [12]  859 	add	a,#0xfc
      00042B F8               [12]  860 	mov	r0,a
      00042C 86 05            [24]  861 	mov	ar5,@r0
      00042E 08               [12]  862 	inc	r0
      00042F 86 06            [24]  863 	mov	ar6,@r0
      000431 08               [12]  864 	inc	r0
      000432 86 07            [24]  865 	mov	ar7,@r0
                                    866 ;	../contiki-sensinode/core/net/rime/trickle.c:166: ctimer_set(&c->first_transmission_timer, random_rand() % c->interval,
      000434 C0 07            [24]  867 	push	ar7
      000436 C0 06            [24]  868 	push	ar6
      000438 C0 05            [24]  869 	push	ar5
      00043A 12r00r00         [24]  870 	lcall	_random_rand
      00043D C8               [12]  871 	xch	a,r0
      00043E E5 81            [12]  872 	mov	a,sp
      000440 24 F6            [12]  873 	add	a,#0xf6
      000442 C8               [12]  874 	xch	a,r0
      000443 A6 82            [24]  875 	mov	@r0,dpl
      000445 08               [12]  876 	inc	r0
      000446 A6 83            [24]  877 	mov	@r0,dph
      000448 D0 05            [24]  878 	pop	ar5
      00044A D0 06            [24]  879 	pop	ar6
      00044C D0 07            [24]  880 	pop	ar7
      00044E E5 81            [12]  881 	mov	a,sp
      000450 24 FC            [12]  882 	add	a,#0xfc
      000452 F8               [12]  883 	mov	r0,a
      000453 74 56            [12]  884 	mov	a,#0x56
      000455 26               [12]  885 	add	a,@r0
      000456 FA               [12]  886 	mov	r2,a
      000457 E4               [12]  887 	clr	a
      000458 08               [12]  888 	inc	r0
      000459 36               [12]  889 	addc	a,@r0
      00045A FB               [12]  890 	mov	r3,a
      00045B 08               [12]  891 	inc	r0
      00045C 86 04            [24]  892 	mov	ar4,@r0
      00045E 8A 82            [24]  893 	mov	dpl,r2
      000460 8B 83            [24]  894 	mov	dph,r3
      000462 8C F0            [24]  895 	mov	b,r4
      000464 12r00r00         [24]  896 	lcall	__gptrget
      000467 FA               [12]  897 	mov	r2,a
      000468 A3               [24]  898 	inc	dptr
      000469 12r00r00         [24]  899 	lcall	__gptrget
      00046C FB               [12]  900 	mov	r3,a
      00046D C0 07            [24]  901 	push	ar7
      00046F C0 06            [24]  902 	push	ar6
      000471 C0 05            [24]  903 	push	ar5
      000473 C0 02            [24]  904 	push	ar2
      000475 C0 03            [24]  905 	push	ar3
      000477 E5 81            [12]  906 	mov	a,sp
      000479 24 F4            [12]  907 	add	a,#0xf4
      00047B F8               [12]  908 	mov	r0,a
      00047C 86 82            [24]  909 	mov	dpl,@r0
      00047E 08               [12]  910 	inc	r0
      00047F 86 83            [24]  911 	mov	dph,@r0
      000481 12r00r00         [24]  912 	lcall	__moduint
      000484 C8               [12]  913 	xch	a,r0
      000485 E5 81            [12]  914 	mov	a,sp
      000487 24 F4            [12]  915 	add	a,#0xf4
      000489 C8               [12]  916 	xch	a,r0
      00048A A6 82            [24]  917 	mov	@r0,dpl
      00048C 08               [12]  918 	inc	r0
      00048D A6 83            [24]  919 	mov	@r0,dph
      00048F 15 81            [12]  920 	dec	sp
      000491 15 81            [12]  921 	dec	sp
      000493 D0 05            [24]  922 	pop	ar5
      000495 D0 06            [24]  923 	pop	ar6
      000497 D0 07            [24]  924 	pop	ar7
      000499 E5 81            [12]  925 	mov	a,sp
      00049B 24 FC            [12]  926 	add	a,#0xfc
      00049D F8               [12]  927 	mov	r0,a
      00049E 74 3C            [12]  928 	mov	a,#0x3C
      0004A0 26               [12]  929 	add	a,@r0
      0004A1 FA               [12]  930 	mov	r2,a
      0004A2 E4               [12]  931 	clr	a
      0004A3 08               [12]  932 	inc	r0
      0004A4 36               [12]  933 	addc	a,@r0
      0004A5 FB               [12]  934 	mov	r3,a
      0004A6 08               [12]  935 	inc	r0
      0004A7 86 04            [24]  936 	mov	ar4,@r0
      0004A9 C0 05            [24]  937 	push	ar5
      0004AB C0 06            [24]  938 	push	ar6
      0004AD C0 07            [24]  939 	push	ar7
      0004AF 74r00            [12]  940 	mov	a,#_send
      0004B1 C0 E0            [24]  941 	push	acc
      0004B3 74s00            [12]  942 	mov	a,#(_send >> 8)
      0004B5 C0 E0            [24]  943 	push	acc
      0004B7 E5 81            [12]  944 	mov	a,sp
      0004B9 24 F4            [12]  945 	add	a,#0xf4
      0004BB F8               [12]  946 	mov	r0,a
      0004BC E6               [12]  947 	mov	a,@r0
      0004BD C0 E0            [24]  948 	push	acc
      0004BF 08               [12]  949 	inc	r0
      0004C0 E6               [12]  950 	mov	a,@r0
      0004C1 C0 E0            [24]  951 	push	acc
      0004C3 8A 82            [24]  952 	mov	dpl,r2
      0004C5 8B 83            [24]  953 	mov	dph,r3
      0004C7 8C F0            [24]  954 	mov	b,r4
      0004C9 12r00r00         [24]  955 	lcall	_ctimer_set
      0004CC E5 81            [12]  956 	mov	a,sp
      0004CE 24 F9            [12]  957 	add	a,#0xf9
                                    958 ;	../contiki-sensinode/core/net/rime/trickle.c:168: c->cb->recv(c);
      0004D0 F5 81            [12]  959 	mov	sp,a
      0004D2 24 FC            [12]  960 	add	a,#0xfc
      0004D4 F8               [12]  961 	mov	r0,a
      0004D5 74 0F            [12]  962 	mov	a,#0x0F
      0004D7 26               [12]  963 	add	a,@r0
      0004D8 FD               [12]  964 	mov	r5,a
      0004D9 E4               [12]  965 	clr	a
      0004DA 08               [12]  966 	inc	r0
      0004DB 36               [12]  967 	addc	a,@r0
      0004DC FE               [12]  968 	mov	r6,a
      0004DD 08               [12]  969 	inc	r0
      0004DE 86 07            [24]  970 	mov	ar7,@r0
      0004E0 8D 82            [24]  971 	mov	dpl,r5
      0004E2 8E 83            [24]  972 	mov	dph,r6
      0004E4 8F F0            [24]  973 	mov	b,r7
      0004E6 12r00r00         [24]  974 	lcall	__gptrget
      0004E9 FD               [12]  975 	mov	r5,a
      0004EA A3               [24]  976 	inc	dptr
      0004EB 12r00r00         [24]  977 	lcall	__gptrget
      0004EE FE               [12]  978 	mov	r6,a
      0004EF A3               [24]  979 	inc	dptr
      0004F0 12r00r00         [24]  980 	lcall	__gptrget
      0004F3 FF               [12]  981 	mov	r7,a
      0004F4 8D 82            [24]  982 	mov	dpl,r5
      0004F6 8E 83            [24]  983 	mov	dph,r6
      0004F8 8F F0            [24]  984 	mov	b,r7
      0004FA 12r00r00         [24]  985 	lcall	__gptrget
      0004FD FD               [12]  986 	mov	r5,a
      0004FE A3               [24]  987 	inc	dptr
      0004FF 12r00r00         [24]  988 	lcall	__gptrget
      000502 FE               [12]  989 	mov	r6,a
      000503 C0 06            [24]  990 	push	ar6
      000505 C0 05            [24]  991 	push	ar5
      000507 12r05r0C         [24]  992 	lcall	00124$
      00050A 80 12            [24]  993 	sjmp	00125$
      00050C                        994 00124$:
      00050C C0 05            [24]  995 	push	ar5
      00050E C0 06            [24]  996 	push	ar6
      000510 E5 81            [12]  997 	mov	a,sp
      000512 24 F6            [12]  998 	add	a,#0xf6
      000514 F8               [12]  999 	mov	r0,a
      000515 86 82            [24] 1000 	mov	dpl,@r0
      000517 08               [12] 1001 	inc	r0
      000518 86 83            [24] 1002 	mov	dph,@r0
      00051A 08               [12] 1003 	inc	r0
      00051B 86 F0            [24] 1004 	mov	b,@r0
      00051D 22               [24] 1005 	ret
      00051E                       1006 00125$:
      00051E D0 05            [24] 1007 	pop	ar5
      000520 D0 06            [24] 1008 	pop	ar6
      000522                       1009 00109$:
      000522 E5 81            [12] 1010 	mov	a,sp
      000524 24 F8            [12] 1011 	add	a,#0xF8
      000526 F5 81            [12] 1012 	mov	sp,a
      000528 22               [24] 1013 	ret
                                   1014 ;------------------------------------------------------------
                                   1015 ;Allocation info for local variables in function 'trickle_open'
                                   1016 ;------------------------------------------------------------
                                   1017 ;interval                  Allocated to stack - sp -3
                                   1018 ;channel                   Allocated to stack - sp -5
                                   1019 ;cb                        Allocated to stack - sp -8
                                   1020 ;c                         Allocated to registers r5 r6 r7 
                                   1021 ;------------------------------------------------------------
                                   1022 ;	../contiki-sensinode/core/net/rime/trickle.c:175: trickle_open(struct trickle_conn *c, clock_time_t interval,
                                   1023 ;	-----------------------------------------
                                   1024 ;	 function trickle_open
                                   1025 ;	-----------------------------------------
      000529                       1026 _trickle_open:
      000529 AD 82            [24] 1027 	mov	r5,dpl
      00052B AE 83            [24] 1028 	mov	r6,dph
      00052D AF F0            [24] 1029 	mov	r7,b
                                   1030 ;	../contiki-sensinode/core/net/rime/trickle.c:178: broadcast_open(&c->c, channel, &bc);
      00052F C0 07            [24] 1031 	push	ar7
      000531 C0 06            [24] 1032 	push	ar6
      000533 C0 05            [24] 1033 	push	ar5
      000535 74r06            [12] 1034 	mov	a,#_bc
      000537 C0 E0            [24] 1035 	push	acc
      000539 74s00            [12] 1036 	mov	a,#(_bc >> 8)
      00053B C0 E0            [24] 1037 	push	acc
      00053D 74 80            [12] 1038 	mov	a,#0x80
      00053F C0 E0            [24] 1039 	push	acc
      000541 E5 81            [12] 1040 	mov	a,sp
      000543 24 F5            [12] 1041 	add	a,#0xf5
      000545 F8               [12] 1042 	mov	r0,a
      000546 E6               [12] 1043 	mov	a,@r0
      000547 C0 E0            [24] 1044 	push	acc
      000549 08               [12] 1045 	inc	r0
      00054A E6               [12] 1046 	mov	a,@r0
      00054B C0 E0            [24] 1047 	push	acc
      00054D 8D 82            [24] 1048 	mov	dpl,r5
      00054F 8E 83            [24] 1049 	mov	dph,r6
      000551 8F F0            [24] 1050 	mov	b,r7
      000553 12r00r00         [24] 1051 	lcall	_broadcast_open
      000556 E5 81            [12] 1052 	mov	a,sp
      000558 24 FB            [12] 1053 	add	a,#0xfb
      00055A F5 81            [12] 1054 	mov	sp,a
      00055C D0 05            [24] 1055 	pop	ar5
      00055E D0 06            [24] 1056 	pop	ar6
      000560 D0 07            [24] 1057 	pop	ar7
                                   1058 ;	../contiki-sensinode/core/net/rime/trickle.c:179: c->cb = cb;
      000562 74 0F            [12] 1059 	mov	a,#0x0F
      000564 2D               [12] 1060 	add	a,r5
      000565 FA               [12] 1061 	mov	r2,a
      000566 E4               [12] 1062 	clr	a
      000567 3E               [12] 1063 	addc	a,r6
      000568 FB               [12] 1064 	mov	r3,a
      000569 8F 04            [24] 1065 	mov	ar4,r7
      00056B 8A 82            [24] 1066 	mov	dpl,r2
      00056D 8B 83            [24] 1067 	mov	dph,r3
      00056F 8C F0            [24] 1068 	mov	b,r4
      000571 E5 81            [12] 1069 	mov	a,sp
      000573 24 F8            [12] 1070 	add	a,#0xf8
      000575 F8               [12] 1071 	mov	r0,a
      000576 E6               [12] 1072 	mov	a,@r0
      000577 12r00r00         [24] 1073 	lcall	__gptrput
      00057A A3               [24] 1074 	inc	dptr
      00057B 08               [12] 1075 	inc	r0
      00057C E6               [12] 1076 	mov	a,@r0
      00057D 12r00r00         [24] 1077 	lcall	__gptrput
      000580 A3               [24] 1078 	inc	dptr
      000581 08               [12] 1079 	inc	r0
      000582 E6               [12] 1080 	mov	a,@r0
      000583 12r00r00         [24] 1081 	lcall	__gptrput
                                   1082 ;	../contiki-sensinode/core/net/rime/trickle.c:180: c->q = NULL;
      000586 74 53            [12] 1083 	mov	a,#0x53
      000588 2D               [12] 1084 	add	a,r5
      000589 FA               [12] 1085 	mov	r2,a
      00058A E4               [12] 1086 	clr	a
      00058B 3E               [12] 1087 	addc	a,r6
      00058C FB               [12] 1088 	mov	r3,a
      00058D 8F 04            [24] 1089 	mov	ar4,r7
      00058F 8A 82            [24] 1090 	mov	dpl,r2
      000591 8B 83            [24] 1091 	mov	dph,r3
      000593 8C F0            [24] 1092 	mov	b,r4
      000595 E4               [12] 1093 	clr	a
      000596 12r00r00         [24] 1094 	lcall	__gptrput
      000599 A3               [24] 1095 	inc	dptr
      00059A 12r00r00         [24] 1096 	lcall	__gptrput
      00059D A3               [24] 1097 	inc	dptr
      00059E 12r00r00         [24] 1098 	lcall	__gptrput
                                   1099 ;	../contiki-sensinode/core/net/rime/trickle.c:181: c->interval = interval;
      0005A1 74 56            [12] 1100 	mov	a,#0x56
      0005A3 2D               [12] 1101 	add	a,r5
      0005A4 FA               [12] 1102 	mov	r2,a
      0005A5 E4               [12] 1103 	clr	a
      0005A6 3E               [12] 1104 	addc	a,r6
      0005A7 FB               [12] 1105 	mov	r3,a
      0005A8 8F 04            [24] 1106 	mov	ar4,r7
      0005AA 8A 82            [24] 1107 	mov	dpl,r2
      0005AC 8B 83            [24] 1108 	mov	dph,r3
      0005AE 8C F0            [24] 1109 	mov	b,r4
      0005B0 E5 81            [12] 1110 	mov	a,sp
      0005B2 24 FD            [12] 1111 	add	a,#0xfd
      0005B4 F8               [12] 1112 	mov	r0,a
      0005B5 E6               [12] 1113 	mov	a,@r0
      0005B6 12r00r00         [24] 1114 	lcall	__gptrput
      0005B9 A3               [24] 1115 	inc	dptr
      0005BA 08               [12] 1116 	inc	r0
      0005BB E6               [12] 1117 	mov	a,@r0
      0005BC 12r00r00         [24] 1118 	lcall	__gptrput
                                   1119 ;	../contiki-sensinode/core/net/rime/trickle.c:182: c->interval_scaling = 0;
      0005BF 74 59            [12] 1120 	mov	a,#0x59
      0005C1 2D               [12] 1121 	add	a,r5
      0005C2 FD               [12] 1122 	mov	r5,a
      0005C3 E4               [12] 1123 	clr	a
      0005C4 3E               [12] 1124 	addc	a,r6
      0005C5 FE               [12] 1125 	mov	r6,a
      0005C6 8D 82            [24] 1126 	mov	dpl,r5
      0005C8 8E 83            [24] 1127 	mov	dph,r6
      0005CA 8F F0            [24] 1128 	mov	b,r7
      0005CC E4               [12] 1129 	clr	a
      0005CD 12r00r00         [24] 1130 	lcall	__gptrput
                                   1131 ;	../contiki-sensinode/core/net/rime/trickle.c:183: channel_set_attributes(channel, attributes);
      0005D0 74r00            [12] 1132 	mov	a,#_attributes
      0005D2 C0 E0            [24] 1133 	push	acc
      0005D4 74s00            [12] 1134 	mov	a,#(_attributes >> 8)
      0005D6 C0 E0            [24] 1135 	push	acc
      0005D8 74 80            [12] 1136 	mov	a,#0x80
      0005DA C0 E0            [24] 1137 	push	acc
      0005DC E5 81            [12] 1138 	mov	a,sp
      0005DE 24 F8            [12] 1139 	add	a,#0xf8
      0005E0 F8               [12] 1140 	mov	r0,a
      0005E1 86 82            [24] 1141 	mov	dpl,@r0
      0005E3 08               [12] 1142 	inc	r0
      0005E4 86 83            [24] 1143 	mov	dph,@r0
      0005E6 12r00r00         [24] 1144 	lcall	_channel_set_attributes
      0005E9 15 81            [12] 1145 	dec	sp
      0005EB 15 81            [12] 1146 	dec	sp
      0005ED 15 81            [12] 1147 	dec	sp
      0005EF 22               [24] 1148 	ret
                                   1149 ;------------------------------------------------------------
                                   1150 ;Allocation info for local variables in function 'trickle_close'
                                   1151 ;------------------------------------------------------------
                                   1152 ;c                         Allocated to registers r5 r6 r7 
                                   1153 ;------------------------------------------------------------
                                   1154 ;	../contiki-sensinode/core/net/rime/trickle.c:187: trickle_close(struct trickle_conn *c)
                                   1155 ;	-----------------------------------------
                                   1156 ;	 function trickle_close
                                   1157 ;	-----------------------------------------
      0005F0                       1158 _trickle_close:
                                   1159 ;	../contiki-sensinode/core/net/rime/trickle.c:189: broadcast_close(&c->c);
      0005F0 AD 82            [24] 1160 	mov	r5,dpl
      0005F2 AE 83            [24] 1161 	mov	r6,dph
      0005F4 AF F0            [24] 1162 	mov	r7,b
      0005F6 C0 07            [24] 1163 	push	ar7
      0005F8 C0 06            [24] 1164 	push	ar6
      0005FA C0 05            [24] 1165 	push	ar5
      0005FC 12r00r00         [24] 1166 	lcall	_broadcast_close
      0005FF D0 05            [24] 1167 	pop	ar5
      000601 D0 06            [24] 1168 	pop	ar6
      000603 D0 07            [24] 1169 	pop	ar7
                                   1170 ;	../contiki-sensinode/core/net/rime/trickle.c:190: ctimer_stop(&c->t);
      000605 74 12            [12] 1171 	mov	a,#0x12
      000607 2D               [12] 1172 	add	a,r5
      000608 FA               [12] 1173 	mov	r2,a
      000609 E4               [12] 1174 	clr	a
      00060A 3E               [12] 1175 	addc	a,r6
      00060B FB               [12] 1176 	mov	r3,a
      00060C 8F 04            [24] 1177 	mov	ar4,r7
      00060E 8A 82            [24] 1178 	mov	dpl,r2
      000610 8B 83            [24] 1179 	mov	dph,r3
      000612 8C F0            [24] 1180 	mov	b,r4
      000614 C0 07            [24] 1181 	push	ar7
      000616 C0 06            [24] 1182 	push	ar6
      000618 C0 05            [24] 1183 	push	ar5
      00061A 12r00r00         [24] 1184 	lcall	_ctimer_stop
      00061D D0 05            [24] 1185 	pop	ar5
      00061F D0 06            [24] 1186 	pop	ar6
      000621 D0 07            [24] 1187 	pop	ar7
                                   1188 ;	../contiki-sensinode/core/net/rime/trickle.c:191: ctimer_stop(&c->interval_timer);
      000623 74 27            [12] 1189 	mov	a,#0x27
      000625 2D               [12] 1190 	add	a,r5
      000626 FD               [12] 1191 	mov	r5,a
      000627 E4               [12] 1192 	clr	a
      000628 3E               [12] 1193 	addc	a,r6
      000629 FE               [12] 1194 	mov	r6,a
      00062A 8D 82            [24] 1195 	mov	dpl,r5
      00062C 8E 83            [24] 1196 	mov	dph,r6
      00062E 8F F0            [24] 1197 	mov	b,r7
      000630 02r00r00         [24] 1198 	ljmp	_ctimer_stop
                                   1199 ;------------------------------------------------------------
                                   1200 ;Allocation info for local variables in function 'trickle_send'
                                   1201 ;------------------------------------------------------------
                                   1202 ;c                         Allocated to stack - sp -5
                                   1203 ;sloc0                     Allocated to stack - sp -2
                                   1204 ;------------------------------------------------------------
                                   1205 ;	../contiki-sensinode/core/net/rime/trickle.c:195: trickle_send(struct trickle_conn *c)
                                   1206 ;	-----------------------------------------
                                   1207 ;	 function trickle_send
                                   1208 ;	-----------------------------------------
      000633                       1209 _trickle_send:
      000633 C0 82            [24] 1210 	push	dpl
      000635 C0 83            [24] 1211 	push	dph
      000637 C0 F0            [24] 1212 	push	b
      000639 05 81            [12] 1213 	inc	sp
      00063B 05 81            [12] 1214 	inc	sp
      00063D 05 81            [12] 1215 	inc	sp
                                   1216 ;	../contiki-sensinode/core/net/rime/trickle.c:197: if(c->q != NULL) {
      00063F E5 81            [12] 1217 	mov	a,sp
      000641 24 FB            [12] 1218 	add	a,#0xfb
      000643 F8               [12] 1219 	mov	r0,a
      000644 74 53            [12] 1220 	mov	a,#0x53
      000646 26               [12] 1221 	add	a,@r0
      000647 FA               [12] 1222 	mov	r2,a
      000648 E4               [12] 1223 	clr	a
      000649 08               [12] 1224 	inc	r0
      00064A 36               [12] 1225 	addc	a,@r0
      00064B FB               [12] 1226 	mov	r3,a
      00064C 08               [12] 1227 	inc	r0
      00064D 86 04            [24] 1228 	mov	ar4,@r0
      00064F 8A 82            [24] 1229 	mov	dpl,r2
      000651 8B 83            [24] 1230 	mov	dph,r3
      000653 8C F0            [24] 1231 	mov	b,r4
      000655 12r00r00         [24] 1232 	lcall	__gptrget
      000658 FF               [12] 1233 	mov	r7,a
      000659 A3               [24] 1234 	inc	dptr
      00065A 12r00r00         [24] 1235 	lcall	__gptrget
      00065D FE               [12] 1236 	mov	r6,a
      00065E A3               [24] 1237 	inc	dptr
      00065F 12r00r00         [24] 1238 	lcall	__gptrget
      000662 FD               [12] 1239 	mov	r5,a
      000663 EF               [12] 1240 	mov	a,r7
      000664 4E               [12] 1241 	orl	a,r6
      000665 60 15            [24] 1242 	jz	00102$
                                   1243 ;	../contiki-sensinode/core/net/rime/trickle.c:198: queuebuf_free(c->q);
      000667 8F 82            [24] 1244 	mov	dpl,r7
      000669 8E 83            [24] 1245 	mov	dph,r6
      00066B 8D F0            [24] 1246 	mov	b,r5
      00066D C0 04            [24] 1247 	push	ar4
      00066F C0 03            [24] 1248 	push	ar3
      000671 C0 02            [24] 1249 	push	ar2
      000673 12r00r00         [24] 1250 	lcall	_queuebuf_free
      000676 D0 02            [24] 1251 	pop	ar2
      000678 D0 03            [24] 1252 	pop	ar3
      00067A D0 04            [24] 1253 	pop	ar4
      00067C                       1254 00102$:
                                   1255 ;	../contiki-sensinode/core/net/rime/trickle.c:200: c->seqno++;
      00067C E5 81            [12] 1256 	mov	a,sp
      00067E 24 FB            [12] 1257 	add	a,#0xfb
      000680 F8               [12] 1258 	mov	r0,a
      000681 A9 81            [24] 1259 	mov	r1,sp
      000683 19               [12] 1260 	dec	r1
      000684 19               [12] 1261 	dec	r1
      000685 74 58            [12] 1262 	mov	a,#0x58
      000687 26               [12] 1263 	add	a,@r0
      000688 F7               [12] 1264 	mov	@r1,a
      000689 E4               [12] 1265 	clr	a
      00068A 08               [12] 1266 	inc	r0
      00068B 36               [12] 1267 	addc	a,@r0
      00068C 09               [12] 1268 	inc	r1
      00068D F7               [12] 1269 	mov	@r1,a
      00068E 08               [12] 1270 	inc	r0
      00068F 09               [12] 1271 	inc	r1
      000690 E6               [12] 1272 	mov	a,@r0
      000691 F7               [12] 1273 	mov	@r1,a
      000692 A8 81            [24] 1274 	mov	r0,sp
      000694 18               [12] 1275 	dec	r0
      000695 18               [12] 1276 	dec	r0
      000696 86 82            [24] 1277 	mov	dpl,@r0
      000698 08               [12] 1278 	inc	r0
      000699 86 83            [24] 1279 	mov	dph,@r0
      00069B 08               [12] 1280 	inc	r0
      00069C 86 F0            [24] 1281 	mov	b,@r0
      00069E 12r00r00         [24] 1282 	lcall	__gptrget
      0006A1 FF               [12] 1283 	mov	r7,a
      0006A2 0F               [12] 1284 	inc	r7
      0006A3 A8 81            [24] 1285 	mov	r0,sp
      0006A5 18               [12] 1286 	dec	r0
      0006A6 18               [12] 1287 	dec	r0
      0006A7 86 82            [24] 1288 	mov	dpl,@r0
      0006A9 08               [12] 1289 	inc	r0
      0006AA 86 83            [24] 1290 	mov	dph,@r0
      0006AC 08               [12] 1291 	inc	r0
      0006AD 86 F0            [24] 1292 	mov	b,@r0
      0006AF EF               [12] 1293 	mov	a,r7
      0006B0 12r00r00         [24] 1294 	lcall	__gptrput
                                   1295 ;	../contiki-sensinode/core/net/rime/trickle.c:201: packetbuf_set_attr(PACKETBUF_ATTR_EPACKET_ID, c->seqno);
      0006B3 7E 00            [12] 1296 	mov	r6,#0x00
      0006B5 C0 04            [24] 1297 	push	ar4
      0006B7 C0 03            [24] 1298 	push	ar3
      0006B9 C0 02            [24] 1299 	push	ar2
      0006BB C0 07            [24] 1300 	push	ar7
      0006BD C0 06            [24] 1301 	push	ar6
      0006BF 75 82 15         [24] 1302 	mov	dpl,#0x15
      0006C2 12r00r00         [24] 1303 	lcall	_packetbuf_set_attr
      0006C5 15 81            [12] 1304 	dec	sp
      0006C7 15 81            [12] 1305 	dec	sp
                                   1306 ;	../contiki-sensinode/core/net/rime/trickle.c:202: c->q = queuebuf_new_from_packetbuf();
      0006C9 12r00r00         [24] 1307 	lcall	_queuebuf_new_from_packetbuf
      0006CC AD 82            [24] 1308 	mov	r5,dpl
      0006CE AE 83            [24] 1309 	mov	r6,dph
      0006D0 AF F0            [24] 1310 	mov	r7,b
      0006D2 D0 02            [24] 1311 	pop	ar2
      0006D4 D0 03            [24] 1312 	pop	ar3
      0006D6 D0 04            [24] 1313 	pop	ar4
      0006D8 8A 82            [24] 1314 	mov	dpl,r2
      0006DA 8B 83            [24] 1315 	mov	dph,r3
      0006DC 8C F0            [24] 1316 	mov	b,r4
      0006DE ED               [12] 1317 	mov	a,r5
      0006DF 12r00r00         [24] 1318 	lcall	__gptrput
      0006E2 A3               [24] 1319 	inc	dptr
      0006E3 EE               [12] 1320 	mov	a,r6
      0006E4 12r00r00         [24] 1321 	lcall	__gptrput
      0006E7 A3               [24] 1322 	inc	dptr
      0006E8 EF               [12] 1323 	mov	a,r7
      0006E9 12r00r00         [24] 1324 	lcall	__gptrput
                                   1325 ;	../contiki-sensinode/core/net/rime/trickle.c:206: reset_interval(c);
      0006EC E5 81            [12] 1326 	mov	a,sp
      0006EE 24 FB            [12] 1327 	add	a,#0xfb
      0006F0 F8               [12] 1328 	mov	r0,a
      0006F1 86 82            [24] 1329 	mov	dpl,@r0
      0006F3 08               [12] 1330 	inc	r0
      0006F4 86 83            [24] 1331 	mov	dph,@r0
      0006F6 08               [12] 1332 	inc	r0
      0006F7 86 F0            [24] 1333 	mov	b,@r0
      0006F9 12r00r49         [24] 1334 	lcall	_reset_interval
                                   1335 ;	../contiki-sensinode/core/net/rime/trickle.c:207: send(c);
      0006FC E5 81            [12] 1336 	mov	a,sp
      0006FE 24 FB            [12] 1337 	add	a,#0xfb
      000700 F8               [12] 1338 	mov	r0,a
      000701 86 05            [24] 1339 	mov	ar5,@r0
      000703 08               [12] 1340 	inc	r0
      000704 86 06            [24] 1341 	mov	ar6,@r0
      000706 08               [12] 1342 	inc	r0
      000707 86 07            [24] 1343 	mov	ar7,@r0
      000709 8D 82            [24] 1344 	mov	dpl,r5
      00070B 8E 83            [24] 1345 	mov	dph,r6
      00070D 8F F0            [24] 1346 	mov	b,r7
      00070F 12r00r00         [24] 1347 	lcall	_send
      000712 E5 81            [12] 1348 	mov	a,sp
      000714 24 FA            [12] 1349 	add	a,#0xFA
      000716 F5 81            [12] 1350 	mov	sp,a
      000718 22               [24] 1351 	ret
                                   1352 	.area CSEG    (CODE)
                                   1353 	.area CONST   (CODE)
      000000                       1354 _attributes:
      000000 15                    1355 	.db #0x15	; 21
      000001 08                    1356 	.db #0x08	; 8
      000002 18                    1357 	.db #0x18	; 24
      000003 10                    1358 	.db #0x10	; 16
      000004 00                    1359 	.db #0x00	; 0
      000005 00                    1360 	.db #0x00	; 0
      000006                       1361 _bc:
      000006rCFs02                 1362 	.byte _recv,(_recv >> 8)
      000008 00 00                 1363 	.byte #0x00,#0x00
                                   1364 	.area XINIT   (CODE)
                                   1365 	.area CABS    (ABS,CODE)
