                                      1 ;--------------------------------------------------------
                                      2 ; File Created by SDCC : free open source ANSI-C Compiler
                                      3 ; Version 3.4.0 #8981 (Oct 24 2015) (Linux)
                                      4 ; This file was generated Sun Oct 25 01:52:18 2015
                                      5 ;--------------------------------------------------------
                                      6 	.module uip_fw_drv
                                      7 	.optsdcc -mmcs51 --model-large
                                      8 	
                                      9 ;--------------------------------------------------------
                                     10 ; Public variables in this module
                                     11 ;--------------------------------------------------------
                                     12 	.globl _uip_fw_output
                                     13 	.globl _tcpip_set_outputfunc
                                     14 	.globl _ACTIVE
                                     15 	.globl _TX_BYTE
                                     16 	.globl _RX_BYTE
                                     17 	.globl _ERR
                                     18 	.globl _FE
                                     19 	.globl _SLAVE
                                     20 	.globl _RE
                                     21 	.globl _MODE
                                     22 	.globl _T3OVFIF
                                     23 	.globl _T3CH0IF
                                     24 	.globl _T3CH1IF
                                     25 	.globl _T4OVFIF
                                     26 	.globl _T4CH0IF
                                     27 	.globl _T4CH1IF
                                     28 	.globl _OVFIM
                                     29 	.globl _B_0
                                     30 	.globl _B_1
                                     31 	.globl _B_2
                                     32 	.globl _B_3
                                     33 	.globl _B_4
                                     34 	.globl _B_5
                                     35 	.globl _B_6
                                     36 	.globl _B_7
                                     37 	.globl _P2IF
                                     38 	.globl _UTX0IF
                                     39 	.globl _UTX1IF
                                     40 	.globl _P1IF
                                     41 	.globl _WDTIF
                                     42 	.globl _ACC_0
                                     43 	.globl _ACC_1
                                     44 	.globl _ACC_2
                                     45 	.globl _ACC_3
                                     46 	.globl _ACC_4
                                     47 	.globl _ACC_5
                                     48 	.globl _ACC_6
                                     49 	.globl _ACC_7
                                     50 	.globl _P
                                     51 	.globl _F1
                                     52 	.globl _OV
                                     53 	.globl _RS0
                                     54 	.globl _RS1
                                     55 	.globl _F0
                                     56 	.globl _AC
                                     57 	.globl _CY
                                     58 	.globl _DMAIF
                                     59 	.globl _T1IF
                                     60 	.globl _T2IF
                                     61 	.globl _T3IF
                                     62 	.globl _T4IF
                                     63 	.globl _P0IF
                                     64 	.globl _STIF
                                     65 	.globl _DMAIE
                                     66 	.globl _T1IE
                                     67 	.globl _T2IE
                                     68 	.globl _T3IE
                                     69 	.globl _T4IE
                                     70 	.globl _P0IE
                                     71 	.globl _RFERRIE
                                     72 	.globl _ADCIE
                                     73 	.globl _URX0IE
                                     74 	.globl _URX1IE
                                     75 	.globl _ENCIE
                                     76 	.globl _STIE
                                     77 	.globl _EA
                                     78 	.globl _P2_0
                                     79 	.globl _P2_1
                                     80 	.globl _P2_2
                                     81 	.globl _P2_3
                                     82 	.globl _P2_4
                                     83 	.globl _P2_5
                                     84 	.globl _P2_6
                                     85 	.globl _P2_7
                                     86 	.globl _ENCIF_0
                                     87 	.globl _ENCIF_1
                                     88 	.globl _P1_0
                                     89 	.globl _P1_1
                                     90 	.globl _P1_2
                                     91 	.globl _P1_3
                                     92 	.globl _P1_4
                                     93 	.globl _P1_5
                                     94 	.globl _P1_6
                                     95 	.globl _P1_7
                                     96 	.globl _IT0
                                     97 	.globl _RFERRIF
                                     98 	.globl _IT1
                                     99 	.globl _URX0IF
                                    100 	.globl _ADCIF
                                    101 	.globl _URX1IF
                                    102 	.globl _P0_0
                                    103 	.globl _P0_1
                                    104 	.globl _P0_2
                                    105 	.globl _P0_3
                                    106 	.globl _P0_4
                                    107 	.globl _P0_5
                                    108 	.globl _P0_6
                                    109 	.globl _P0_7
                                    110 	.globl _WDCTL
                                    111 	.globl _U1GCR
                                    112 	.globl _U1UCR
                                    113 	.globl _U1BAUD
                                    114 	.globl _U1DBUF
                                    115 	.globl _U1CSR
                                    116 	.globl _U0GCR
                                    117 	.globl _U0UCR
                                    118 	.globl _U0BAUD
                                    119 	.globl _U0DBUF
                                    120 	.globl _U0CSR
                                    121 	.globl _TIMIF
                                    122 	.globl _T4CC1
                                    123 	.globl _T4CCTL1
                                    124 	.globl _T4CC0
                                    125 	.globl _T4CCTL0
                                    126 	.globl _T4CTL
                                    127 	.globl _T4CNT
                                    128 	.globl _T3CC1
                                    129 	.globl _T3CCTL1
                                    130 	.globl _T3CC0
                                    131 	.globl _T3CCTL0
                                    132 	.globl _T3CTL
                                    133 	.globl _T3CNT
                                    134 	.globl _T2MSEL
                                    135 	.globl _T2IRQM
                                    136 	.globl _T2MOVF2
                                    137 	.globl _T2MOVF1
                                    138 	.globl _T2MOVF0
                                    139 	.globl _T2M1
                                    140 	.globl _T2M0
                                    141 	.globl _T2IRQF
                                    142 	.globl _T2EVTCFG
                                    143 	.globl _T2CTRL
                                    144 	.globl _T1STAT
                                    145 	.globl _T1CCTL2
                                    146 	.globl _T1CCTL1
                                    147 	.globl _T1CCTL0
                                    148 	.globl _T1CTL
                                    149 	.globl _T1CNTH
                                    150 	.globl _T1CNTL
                                    151 	.globl _T1CC2H
                                    152 	.globl _T1CC2L
                                    153 	.globl _T1CC1H
                                    154 	.globl _T1CC1L
                                    155 	.globl _T1CC0H
                                    156 	.globl _T1CC0L
                                    157 	.globl _CLKCONSTA
                                    158 	.globl _CLKCONCMD
                                    159 	.globl _SLEEPSTA
                                    160 	.globl _SLEEPCMD
                                    161 	.globl _STLOAD
                                    162 	.globl _ST2
                                    163 	.globl _ST1
                                    164 	.globl _ST0
                                    165 	.globl _RFERRF
                                    166 	.globl _RFIRQF0
                                    167 	.globl _RFST
                                    168 	.globl _RFD
                                    169 	.globl _RFIRQF1
                                    170 	.globl _PSBANK
                                    171 	.globl _FMAP
                                    172 	.globl _MEMCTR
                                    173 	.globl __XPAGE
                                    174 	.globl _MPAGE
                                    175 	.globl _PMUX
                                    176 	.globl _P2DIR
                                    177 	.globl _P1DIR
                                    178 	.globl _P0DIR
                                    179 	.globl _P2INP
                                    180 	.globl _P1INP
                                    181 	.globl _P2SEL
                                    182 	.globl _P1SEL
                                    183 	.globl _P0SEL
                                    184 	.globl _APCFG
                                    185 	.globl _PERCFG
                                    186 	.globl _P0INP
                                    187 	.globl _P2IEN
                                    188 	.globl _P1IEN
                                    189 	.globl _P0IEN
                                    190 	.globl _PICTL
                                    191 	.globl _P2IFG
                                    192 	.globl _P1IFG
                                    193 	.globl _P0IFG
                                    194 	.globl _DMAREQ
                                    195 	.globl _DMAARM
                                    196 	.globl _DMA0CFGH
                                    197 	.globl _DMA0CFGL
                                    198 	.globl _DMA1CFGH
                                    199 	.globl _DMA1CFGL
                                    200 	.globl _DMAIRQ
                                    201 	.globl _ENCCS
                                    202 	.globl _ENCDO
                                    203 	.globl _ENCDI
                                    204 	.globl _RNDH
                                    205 	.globl _RNDL
                                    206 	.globl _ADCH
                                    207 	.globl _ADCL
                                    208 	.globl _ADCCON3
                                    209 	.globl _ADCCON2
                                    210 	.globl _ADCCON1
                                    211 	.globl _B
                                    212 	.globl _IRCON2
                                    213 	.globl _ACC
                                    214 	.globl _PSW
                                    215 	.globl _IRCON
                                    216 	.globl _IP1
                                    217 	.globl _IEN1
                                    218 	.globl _IP0
                                    219 	.globl _IEN0
                                    220 	.globl _P2
                                    221 	.globl _S1CON
                                    222 	.globl _IEN2
                                    223 	.globl _S0CON
                                    224 	.globl _DPS
                                    225 	.globl _P1
                                    226 	.globl _TCON
                                    227 	.globl _PCON
                                    228 	.globl _DPH1
                                    229 	.globl _DPL1
                                    230 	.globl _DPH0
                                    231 	.globl _DPL0
                                    232 	.globl _SP
                                    233 	.globl _P0
                                    234 	.globl _uip_fw_process
                                    235 	.globl _X_IEEE_ADDR
                                    236 	.globl _X_INFOPAGE
                                    237 	.globl _X_P2DIR
                                    238 	.globl _X_P1DIR
                                    239 	.globl _X_P0DIR
                                    240 	.globl _X_U1GCR
                                    241 	.globl _X_U1UCR
                                    242 	.globl _X_U1BAUD
                                    243 	.globl _X_U1DBUF
                                    244 	.globl _X_U1CSR
                                    245 	.globl _X_P2INP
                                    246 	.globl _X_P1INP
                                    247 	.globl _X_P2SEL
                                    248 	.globl _X_P1SEL
                                    249 	.globl _X_P0SEL
                                    250 	.globl _X_APCFG
                                    251 	.globl _X_PERCFG
                                    252 	.globl _X_T4CC1
                                    253 	.globl _X_T4CCTL1
                                    254 	.globl _X_T4CC0
                                    255 	.globl _X_T4CCTL0
                                    256 	.globl _X_T4CTL
                                    257 	.globl _X_T4CNT
                                    258 	.globl _X_RFIRQF0
                                    259 	.globl _X_T1CCTL2
                                    260 	.globl _X_T1CCTL1
                                    261 	.globl _X_T1CCTL0
                                    262 	.globl _X_T1CTL
                                    263 	.globl _X_T1CNTH
                                    264 	.globl _X_T1CNTL
                                    265 	.globl _X_RFST
                                    266 	.globl _X_T1CC2H
                                    267 	.globl _X_T1CC2L
                                    268 	.globl _X_T1CC1H
                                    269 	.globl _X_T1CC1L
                                    270 	.globl _X_T1CC0H
                                    271 	.globl _X_T1CC0L
                                    272 	.globl _X_RFD
                                    273 	.globl _X_TIMIF
                                    274 	.globl _X_DMAREQ
                                    275 	.globl _X_DMAARM
                                    276 	.globl _X_DMA0CFGH
                                    277 	.globl _X_DMA0CFGL
                                    278 	.globl _X_DMA1CFGH
                                    279 	.globl _X_DMA1CFGL
                                    280 	.globl _X_DMAIRQ
                                    281 	.globl _X_T3CC1
                                    282 	.globl _X_T3CCTL1
                                    283 	.globl _X_T3CC0
                                    284 	.globl _X_T3CCTL0
                                    285 	.globl _X_T3CTL
                                    286 	.globl _X_T3CNT
                                    287 	.globl _X_WDCTL
                                    288 	.globl _X_MEMCTR
                                    289 	.globl _X_CLKCONCMD
                                    290 	.globl _X_U0GCR
                                    291 	.globl _X_U0UCR
                                    292 	.globl _X_T2MSEL
                                    293 	.globl _X_U0BAUD
                                    294 	.globl _X_U0DBUF
                                    295 	.globl _X_RFERRF
                                    296 	.globl _X_SLEEPCMD
                                    297 	.globl _X_RNDH
                                    298 	.globl _X_RNDL
                                    299 	.globl _X_ADCH
                                    300 	.globl _X_ADCL
                                    301 	.globl _X_ADCCON3
                                    302 	.globl _X_ADCCON2
                                    303 	.globl _X_ADCCON1
                                    304 	.globl _X_ENCCS
                                    305 	.globl _X_ENCDO
                                    306 	.globl _X_ENCDI
                                    307 	.globl _X_T1STAT
                                    308 	.globl _X_PMUX
                                    309 	.globl _X_STLOAD
                                    310 	.globl _X_P2IEN
                                    311 	.globl _X_P0IEN
                                    312 	.globl _X_T2IRQM
                                    313 	.globl _X_T2MOVF2
                                    314 	.globl _X_T2MOVF1
                                    315 	.globl _X_T2MOVF0
                                    316 	.globl _X_T2M1
                                    317 	.globl _X_T2M0
                                    318 	.globl _X_T2IRQF
                                    319 	.globl _X_P2
                                    320 	.globl _X_PSBANK
                                    321 	.globl _X_FMAP
                                    322 	.globl _X_CLKCONSTA
                                    323 	.globl _X_SLEEPSTA
                                    324 	.globl _X_T2EVTCFG
                                    325 	.globl _X_ST2
                                    326 	.globl _X_ST1
                                    327 	.globl _X_ST0
                                    328 	.globl _X_T2CTRL
                                    329 	.globl _X__XPAGE
                                    330 	.globl _X_MPAGE
                                    331 	.globl _X_RFIRQF1
                                    332 	.globl _X_P1
                                    333 	.globl _X_P0INP
                                    334 	.globl _X_P1IEN
                                    335 	.globl _X_PICTL
                                    336 	.globl _X_P2IFG
                                    337 	.globl _X_P1IFG
                                    338 	.globl _X_P0IFG
                                    339 	.globl _X_U0CSR
                                    340 	.globl _X_P0
                                    341 	.globl _USBF5
                                    342 	.globl _USBF4
                                    343 	.globl _USBF3
                                    344 	.globl _USBF2
                                    345 	.globl _USBF1
                                    346 	.globl _USBF0
                                    347 	.globl _USBCNTH
                                    348 	.globl _USBCNTL
                                    349 	.globl _USBCNT0
                                    350 	.globl _USBCSOH
                                    351 	.globl _USBCSOL
                                    352 	.globl _USBMAXO
                                    353 	.globl _USBCSIH
                                    354 	.globl _USBCSIL
                                    355 	.globl _USBCS0
                                    356 	.globl _USBMAXI
                                    357 	.globl _USBCTRL
                                    358 	.globl _USBINDEX
                                    359 	.globl _USBFRMH
                                    360 	.globl _USBFRML
                                    361 	.globl _USBCIE
                                    362 	.globl _USBOIE
                                    363 	.globl _USBIIE
                                    364 	.globl _USBCIF
                                    365 	.globl _USBOIF
                                    366 	.globl _USBIIF
                                    367 	.globl _USBPOW
                                    368 	.globl _USBADDR
                                    369 	.globl _CSPT
                                    370 	.globl _CSPZ
                                    371 	.globl _CSPY
                                    372 	.globl _CSPX
                                    373 	.globl _CSPSTAT
                                    374 	.globl _CSPCTRL
                                    375 	.globl _CSPPROG23
                                    376 	.globl _CSPPROG22
                                    377 	.globl _CSPPROG21
                                    378 	.globl _CSPPROG20
                                    379 	.globl _CSPPROG19
                                    380 	.globl _CSPPROG18
                                    381 	.globl _CSPPROG17
                                    382 	.globl _CSPPROG16
                                    383 	.globl _CSPPROG15
                                    384 	.globl _CSPPROG14
                                    385 	.globl _CSPPROG13
                                    386 	.globl _CSPPROG12
                                    387 	.globl _CSPPROG11
                                    388 	.globl _CSPPROG10
                                    389 	.globl _CSPPROG9
                                    390 	.globl _CSPPROG8
                                    391 	.globl _CSPPROG7
                                    392 	.globl _CSPPROG6
                                    393 	.globl _CSPPROG5
                                    394 	.globl _CSPPROG4
                                    395 	.globl _CSPPROG3
                                    396 	.globl _CSPPROG2
                                    397 	.globl _CSPPROG1
                                    398 	.globl _CSPPROG0
                                    399 	.globl _RFC_OBS_CTRL2
                                    400 	.globl _RFC_OBS_CTRL1
                                    401 	.globl _RFC_OBS_CTRL0
                                    402 	.globl _TXFILTCFG
                                    403 	.globl _PTEST1
                                    404 	.globl _PTEST0
                                    405 	.globl _ATEST
                                    406 	.globl _DACTEST2
                                    407 	.globl _DACTEST1
                                    408 	.globl _DACTEST0
                                    409 	.globl _MDMTEST1
                                    410 	.globl _MDMTEST0
                                    411 	.globl _ADCTEST2
                                    412 	.globl _ADCTEST1
                                    413 	.globl _ADCTEST0
                                    414 	.globl _AGCCTRL3
                                    415 	.globl _AGCCTRL2
                                    416 	.globl _AGCCTRL1
                                    417 	.globl _AGCCTRL0
                                    418 	.globl _FSCAL3
                                    419 	.globl _FSCAL2
                                    420 	.globl _FSCAL1
                                    421 	.globl _FSCAL0
                                    422 	.globl _FSCTRL
                                    423 	.globl _RXCTRL
                                    424 	.globl _FREQEST
                                    425 	.globl _MDMCTRL1
                                    426 	.globl _MDMCTRL0
                                    427 	.globl _RFRND
                                    428 	.globl _RFERRM
                                    429 	.globl _RFIRQM1
                                    430 	.globl _RFIRQM0
                                    431 	.globl _TXLAST_PTR
                                    432 	.globl _TXFIRST_PTR
                                    433 	.globl _RXP1_PTR
                                    434 	.globl _RXLAST_PTR
                                    435 	.globl _RXFIRST_PTR
                                    436 	.globl _TXFIFOCNT
                                    437 	.globl _RXFIFOCNT
                                    438 	.globl _RXFIRST
                                    439 	.globl _RSSISTAT
                                    440 	.globl _RSSI
                                    441 	.globl _CCACTRL1
                                    442 	.globl _CCACTRL0
                                    443 	.globl _FSMCTRL
                                    444 	.globl _FIFOPCTRL
                                    445 	.globl _FSMSTAT1
                                    446 	.globl _FSMSTAT0
                                    447 	.globl _TXCTRL
                                    448 	.globl _TXPOWER
                                    449 	.globl _FREQCTRL
                                    450 	.globl _FREQTUNE
                                    451 	.globl _RXMASKCLR
                                    452 	.globl _RXMASKSET
                                    453 	.globl _RXENABLE
                                    454 	.globl _FRMCTRL1
                                    455 	.globl _FRMCTRL0
                                    456 	.globl _SRCEXTEN2
                                    457 	.globl _SRCEXTEN1
                                    458 	.globl _SRCEXTEN0
                                    459 	.globl _SRCSHORTEN2
                                    460 	.globl _SRCSHORTEN1
                                    461 	.globl _SRCSHORTEN0
                                    462 	.globl _SRCMATCH
                                    463 	.globl _FRMFILT1
                                    464 	.globl _FRMFILT0
                                    465 	.globl _SHORT_ADDR1
                                    466 	.globl _SHORT_ADDR0
                                    467 	.globl _PAN_ID1
                                    468 	.globl _PAN_ID0
                                    469 	.globl _EXT_ADDR7
                                    470 	.globl _EXT_ADDR6
                                    471 	.globl _EXT_ADDR5
                                    472 	.globl _EXT_ADDR4
                                    473 	.globl _EXT_ADDR3
                                    474 	.globl _EXT_ADDR2
                                    475 	.globl _EXT_ADDR1
                                    476 	.globl _EXT_ADDR0
                                    477 	.globl _SRCSHORTPENDEN2
                                    478 	.globl _SRCSHORTPENDEN1
                                    479 	.globl _SRCSHORTPENDEN0
                                    480 	.globl _SRCEXTPENDEN2
                                    481 	.globl _SRCEXTPENDEN1
                                    482 	.globl _SRCEXTPENDEN0
                                    483 	.globl _SRCRESINDEX
                                    484 	.globl _SRCRESMASK2
                                    485 	.globl _SRCRESMASK1
                                    486 	.globl _SRCRESMASK0
                                    487 	.globl _SRC_ADDR_TABLE
                                    488 	.globl _TXFIFO
                                    489 	.globl _RXFIFO
                                    490 	.globl _RFCORE_RAM
                                    491 	.globl _CMPCTL
                                    492 	.globl _OPAMPS
                                    493 	.globl _OPAMPC
                                    494 	.globl _STCV2
                                    495 	.globl _STCV1
                                    496 	.globl _STCV0
                                    497 	.globl _STCS
                                    498 	.globl _STCC
                                    499 	.globl _T1CC4H
                                    500 	.globl _T1CC4L
                                    501 	.globl _T1CC3H
                                    502 	.globl _T1CC3L
                                    503 	.globl _XX_T1CC2H
                                    504 	.globl _XX_T1CC2L
                                    505 	.globl _XX_T1CC1H
                                    506 	.globl _XX_T1CC1L
                                    507 	.globl _XX_T1CC0H
                                    508 	.globl _XX_T1CC0L
                                    509 	.globl _T1CCTL4
                                    510 	.globl _T1CCTL3
                                    511 	.globl _XX_T1CCTL2
                                    512 	.globl _XX_T1CCTL1
                                    513 	.globl _XX_T1CCTL0
                                    514 	.globl _CLD
                                    515 	.globl _IRCTL
                                    516 	.globl _CHIPINFO1
                                    517 	.globl _CHIPINFO0
                                    518 	.globl _FWDATA
                                    519 	.globl _FADDRH
                                    520 	.globl _FADDRL
                                    521 	.globl _FCTL
                                    522 	.globl _IVCTRL
                                    523 	.globl _BATTMON
                                    524 	.globl _SRCRC
                                    525 	.globl _DBGDATA
                                    526 	.globl _TESTREG0
                                    527 	.globl _CHIPID
                                    528 	.globl _CHVER
                                    529 	.globl _OBSSEL5
                                    530 	.globl _OBSSEL4
                                    531 	.globl _OBSSEL3
                                    532 	.globl _OBSSEL2
                                    533 	.globl _OBSSEL1
                                    534 	.globl _OBSSEL0
                                    535 	.globl _I2CIO
                                    536 	.globl _I2CWC
                                    537 	.globl _I2CADDR
                                    538 	.globl _I2CDATA
                                    539 	.globl _I2CSTAT
                                    540 	.globl _I2CCFG
                                    541 	.globl _OPAMPMC
                                    542 	.globl _MONMUX
                                    543 ;--------------------------------------------------------
                                    544 ; special function registers
                                    545 ;--------------------------------------------------------
                                    546 	.area RSEG    (ABS,DATA)
      000000                        547 	.org 0x0000
                           000080   548 _P0	=	0x0080
                           000081   549 _SP	=	0x0081
                           000082   550 _DPL0	=	0x0082
                           000083   551 _DPH0	=	0x0083
                           000084   552 _DPL1	=	0x0084
                           000085   553 _DPH1	=	0x0085
                           000087   554 _PCON	=	0x0087
                           000088   555 _TCON	=	0x0088
                           000090   556 _P1	=	0x0090
                           000092   557 _DPS	=	0x0092
                           000098   558 _S0CON	=	0x0098
                           00009A   559 _IEN2	=	0x009a
                           00009B   560 _S1CON	=	0x009b
                           0000A0   561 _P2	=	0x00a0
                           0000A8   562 _IEN0	=	0x00a8
                           0000A9   563 _IP0	=	0x00a9
                           0000B8   564 _IEN1	=	0x00b8
                           0000B9   565 _IP1	=	0x00b9
                           0000C0   566 _IRCON	=	0x00c0
                           0000D0   567 _PSW	=	0x00d0
                           0000E0   568 _ACC	=	0x00e0
                           0000E8   569 _IRCON2	=	0x00e8
                           0000F0   570 _B	=	0x00f0
                           0000B4   571 _ADCCON1	=	0x00b4
                           0000B5   572 _ADCCON2	=	0x00b5
                           0000B6   573 _ADCCON3	=	0x00b6
                           0000BA   574 _ADCL	=	0x00ba
                           0000BB   575 _ADCH	=	0x00bb
                           0000BC   576 _RNDL	=	0x00bc
                           0000BD   577 _RNDH	=	0x00bd
                           0000B1   578 _ENCDI	=	0x00b1
                           0000B2   579 _ENCDO	=	0x00b2
                           0000B3   580 _ENCCS	=	0x00b3
                           0000D1   581 _DMAIRQ	=	0x00d1
                           0000D2   582 _DMA1CFGL	=	0x00d2
                           0000D3   583 _DMA1CFGH	=	0x00d3
                           0000D4   584 _DMA0CFGL	=	0x00d4
                           0000D5   585 _DMA0CFGH	=	0x00d5
                           0000D6   586 _DMAARM	=	0x00d6
                           0000D7   587 _DMAREQ	=	0x00d7
                           000089   588 _P0IFG	=	0x0089
                           00008A   589 _P1IFG	=	0x008a
                           00008B   590 _P2IFG	=	0x008b
                           00008C   591 _PICTL	=	0x008c
                           0000AB   592 _P0IEN	=	0x00ab
                           00008D   593 _P1IEN	=	0x008d
                           0000AC   594 _P2IEN	=	0x00ac
                           00008F   595 _P0INP	=	0x008f
                           0000F1   596 _PERCFG	=	0x00f1
                           0000F2   597 _APCFG	=	0x00f2
                           0000F3   598 _P0SEL	=	0x00f3
                           0000F4   599 _P1SEL	=	0x00f4
                           0000F5   600 _P2SEL	=	0x00f5
                           0000F6   601 _P1INP	=	0x00f6
                           0000F7   602 _P2INP	=	0x00f7
                           0000FD   603 _P0DIR	=	0x00fd
                           0000FE   604 _P1DIR	=	0x00fe
                           0000FF   605 _P2DIR	=	0x00ff
                           0000AE   606 _PMUX	=	0x00ae
                           000093   607 _MPAGE	=	0x0093
                           000093   608 __XPAGE	=	0x0093
                           0000C7   609 _MEMCTR	=	0x00c7
                           00009F   610 _FMAP	=	0x009f
                           00009F   611 _PSBANK	=	0x009f
                           000091   612 _RFIRQF1	=	0x0091
                           0000D9   613 _RFD	=	0x00d9
                           0000E1   614 _RFST	=	0x00e1
                           0000E9   615 _RFIRQF0	=	0x00e9
                           0000BF   616 _RFERRF	=	0x00bf
                           000095   617 _ST0	=	0x0095
                           000096   618 _ST1	=	0x0096
                           000097   619 _ST2	=	0x0097
                           0000AD   620 _STLOAD	=	0x00ad
                           0000BE   621 _SLEEPCMD	=	0x00be
                           00009D   622 _SLEEPSTA	=	0x009d
                           0000C6   623 _CLKCONCMD	=	0x00c6
                           00009E   624 _CLKCONSTA	=	0x009e
                           0000DA   625 _T1CC0L	=	0x00da
                           0000DB   626 _T1CC0H	=	0x00db
                           0000DC   627 _T1CC1L	=	0x00dc
                           0000DD   628 _T1CC1H	=	0x00dd
                           0000DE   629 _T1CC2L	=	0x00de
                           0000DF   630 _T1CC2H	=	0x00df
                           0000E2   631 _T1CNTL	=	0x00e2
                           0000E3   632 _T1CNTH	=	0x00e3
                           0000E4   633 _T1CTL	=	0x00e4
                           0000E5   634 _T1CCTL0	=	0x00e5
                           0000E6   635 _T1CCTL1	=	0x00e6
                           0000E7   636 _T1CCTL2	=	0x00e7
                           0000AF   637 _T1STAT	=	0x00af
                           000094   638 _T2CTRL	=	0x0094
                           00009C   639 _T2EVTCFG	=	0x009c
                           0000A1   640 _T2IRQF	=	0x00a1
                           0000A2   641 _T2M0	=	0x00a2
                           0000A3   642 _T2M1	=	0x00a3
                           0000A4   643 _T2MOVF0	=	0x00a4
                           0000A5   644 _T2MOVF1	=	0x00a5
                           0000A6   645 _T2MOVF2	=	0x00a6
                           0000A7   646 _T2IRQM	=	0x00a7
                           0000C3   647 _T2MSEL	=	0x00c3
                           0000CA   648 _T3CNT	=	0x00ca
                           0000CB   649 _T3CTL	=	0x00cb
                           0000CC   650 _T3CCTL0	=	0x00cc
                           0000CD   651 _T3CC0	=	0x00cd
                           0000CE   652 _T3CCTL1	=	0x00ce
                           0000CF   653 _T3CC1	=	0x00cf
                           0000EA   654 _T4CNT	=	0x00ea
                           0000EB   655 _T4CTL	=	0x00eb
                           0000EC   656 _T4CCTL0	=	0x00ec
                           0000ED   657 _T4CC0	=	0x00ed
                           0000EE   658 _T4CCTL1	=	0x00ee
                           0000EF   659 _T4CC1	=	0x00ef
                           0000D8   660 _TIMIF	=	0x00d8
                           000086   661 _U0CSR	=	0x0086
                           0000C1   662 _U0DBUF	=	0x00c1
                           0000C2   663 _U0BAUD	=	0x00c2
                           0000C4   664 _U0UCR	=	0x00c4
                           0000C5   665 _U0GCR	=	0x00c5
                           0000F8   666 _U1CSR	=	0x00f8
                           0000F9   667 _U1DBUF	=	0x00f9
                           0000FA   668 _U1BAUD	=	0x00fa
                           0000FB   669 _U1UCR	=	0x00fb
                           0000FC   670 _U1GCR	=	0x00fc
                           0000C9   671 _WDCTL	=	0x00c9
                                    672 ;--------------------------------------------------------
                                    673 ; special function bits
                                    674 ;--------------------------------------------------------
                                    675 	.area RSEG    (ABS,DATA)
      000000                        676 	.org 0x0000
                           000087   677 _P0_7	=	0x0087
                           000086   678 _P0_6	=	0x0086
                           000085   679 _P0_5	=	0x0085
                           000084   680 _P0_4	=	0x0084
                           000083   681 _P0_3	=	0x0083
                           000082   682 _P0_2	=	0x0082
                           000081   683 _P0_1	=	0x0081
                           000080   684 _P0_0	=	0x0080
                           00008F   685 _URX1IF	=	0x008f
                           00008D   686 _ADCIF	=	0x008d
                           00008B   687 _URX0IF	=	0x008b
                           00008A   688 _IT1	=	0x008a
                           000089   689 _RFERRIF	=	0x0089
                           000088   690 _IT0	=	0x0088
                           000097   691 _P1_7	=	0x0097
                           000096   692 _P1_6	=	0x0096
                           000095   693 _P1_5	=	0x0095
                           000094   694 _P1_4	=	0x0094
                           000093   695 _P1_3	=	0x0093
                           000092   696 _P1_2	=	0x0092
                           000091   697 _P1_1	=	0x0091
                           000090   698 _P1_0	=	0x0090
                           000099   699 _ENCIF_1	=	0x0099
                           000098   700 _ENCIF_0	=	0x0098
                           0000A7   701 _P2_7	=	0x00a7
                           0000A6   702 _P2_6	=	0x00a6
                           0000A5   703 _P2_5	=	0x00a5
                           0000A4   704 _P2_4	=	0x00a4
                           0000A3   705 _P2_3	=	0x00a3
                           0000A2   706 _P2_2	=	0x00a2
                           0000A1   707 _P2_1	=	0x00a1
                           0000A0   708 _P2_0	=	0x00a0
                           0000AF   709 _EA	=	0x00af
                           0000AD   710 _STIE	=	0x00ad
                           0000AC   711 _ENCIE	=	0x00ac
                           0000AB   712 _URX1IE	=	0x00ab
                           0000AA   713 _URX0IE	=	0x00aa
                           0000A9   714 _ADCIE	=	0x00a9
                           0000A8   715 _RFERRIE	=	0x00a8
                           0000BD   716 _P0IE	=	0x00bd
                           0000BC   717 _T4IE	=	0x00bc
                           0000BB   718 _T3IE	=	0x00bb
                           0000BA   719 _T2IE	=	0x00ba
                           0000B9   720 _T1IE	=	0x00b9
                           0000B8   721 _DMAIE	=	0x00b8
                           0000C7   722 _STIF	=	0x00c7
                           0000C5   723 _P0IF	=	0x00c5
                           0000C4   724 _T4IF	=	0x00c4
                           0000C3   725 _T3IF	=	0x00c3
                           0000C2   726 _T2IF	=	0x00c2
                           0000C1   727 _T1IF	=	0x00c1
                           0000C0   728 _DMAIF	=	0x00c0
                           0000D7   729 _CY	=	0x00d7
                           0000D6   730 _AC	=	0x00d6
                           0000D5   731 _F0	=	0x00d5
                           0000D4   732 _RS1	=	0x00d4
                           0000D3   733 _RS0	=	0x00d3
                           0000D2   734 _OV	=	0x00d2
                           0000D1   735 _F1	=	0x00d1
                           0000D0   736 _P	=	0x00d0
                           0000E7   737 _ACC_7	=	0x00e7
                           0000E6   738 _ACC_6	=	0x00e6
                           0000E5   739 _ACC_5	=	0x00e5
                           0000E4   740 _ACC_4	=	0x00e4
                           0000E3   741 _ACC_3	=	0x00e3
                           0000E2   742 _ACC_2	=	0x00e2
                           0000E1   743 _ACC_1	=	0x00e1
                           0000E0   744 _ACC_0	=	0x00e0
                           0000EC   745 _WDTIF	=	0x00ec
                           0000EB   746 _P1IF	=	0x00eb
                           0000EA   747 _UTX1IF	=	0x00ea
                           0000E9   748 _UTX0IF	=	0x00e9
                           0000E8   749 _P2IF	=	0x00e8
                           0000F7   750 _B_7	=	0x00f7
                           0000F6   751 _B_6	=	0x00f6
                           0000F5   752 _B_5	=	0x00f5
                           0000F4   753 _B_4	=	0x00f4
                           0000F3   754 _B_3	=	0x00f3
                           0000F2   755 _B_2	=	0x00f2
                           0000F1   756 _B_1	=	0x00f1
                           0000F0   757 _B_0	=	0x00f0
                           0000DE   758 _OVFIM	=	0x00de
                           0000DD   759 _T4CH1IF	=	0x00dd
                           0000DC   760 _T4CH0IF	=	0x00dc
                           0000DB   761 _T4OVFIF	=	0x00db
                           0000DA   762 _T3CH1IF	=	0x00da
                           0000D9   763 _T3CH0IF	=	0x00d9
                           0000D8   764 _T3OVFIF	=	0x00d8
                           0000FF   765 _MODE	=	0x00ff
                           0000FE   766 _RE	=	0x00fe
                           0000FD   767 _SLAVE	=	0x00fd
                           0000FC   768 _FE	=	0x00fc
                           0000FB   769 _ERR	=	0x00fb
                           0000FA   770 _RX_BYTE	=	0x00fa
                           0000F9   771 _TX_BYTE	=	0x00f9
                           0000F8   772 _ACTIVE	=	0x00f8
                                    773 ;--------------------------------------------------------
                                    774 ; overlayable register banks
                                    775 ;--------------------------------------------------------
                                    776 	.area REG_BANK_0	(REL,OVR,DATA)
      000000                        777 	.ds 8
                                    778 ;--------------------------------------------------------
                                    779 ; internal ram data
                                    780 ;--------------------------------------------------------
                                    781 	.area DSEG    (DATA)
                                    782 ;--------------------------------------------------------
                                    783 ; overlayable items in internal ram 
                                    784 ;--------------------------------------------------------
                                    785 ;--------------------------------------------------------
                                    786 ; indirectly addressable internal ram data
                                    787 ;--------------------------------------------------------
                                    788 	.area ISEG    (DATA)
                                    789 ;--------------------------------------------------------
                                    790 ; absolute internal ram data
                                    791 ;--------------------------------------------------------
                                    792 	.area IABS    (ABS,DATA)
                                    793 	.area IABS    (ABS,DATA)
                                    794 ;--------------------------------------------------------
                                    795 ; bit data
                                    796 ;--------------------------------------------------------
                                    797 	.area BSEG    (BIT)
                                    798 ;--------------------------------------------------------
                                    799 ; paged external ram data
                                    800 ;--------------------------------------------------------
                                    801 	.area PSEG    (PAG,XDATA)
                                    802 ;--------------------------------------------------------
                                    803 ; external ram data
                                    804 ;--------------------------------------------------------
                                    805 	.area XSEG    (XDATA)
                           0061A6   806 _MONMUX	=	0x61a6
                           0061A6   807 _OPAMPMC	=	0x61a6
                           006230   808 _I2CCFG	=	0x6230
                           006231   809 _I2CSTAT	=	0x6231
                           006232   810 _I2CDATA	=	0x6232
                           006233   811 _I2CADDR	=	0x6233
                           006234   812 _I2CWC	=	0x6234
                           006235   813 _I2CIO	=	0x6235
                           006243   814 _OBSSEL0	=	0x6243
                           006244   815 _OBSSEL1	=	0x6244
                           006245   816 _OBSSEL2	=	0x6245
                           006246   817 _OBSSEL3	=	0x6246
                           006247   818 _OBSSEL4	=	0x6247
                           006248   819 _OBSSEL5	=	0x6248
                           006249   820 _CHVER	=	0x6249
                           00624A   821 _CHIPID	=	0x624a
                           00624B   822 _TESTREG0	=	0x624b
                           006260   823 _DBGDATA	=	0x6260
                           006262   824 _SRCRC	=	0x6262
                           006264   825 _BATTMON	=	0x6264
                           006265   826 _IVCTRL	=	0x6265
                           006270   827 _FCTL	=	0x6270
                           006271   828 _FADDRL	=	0x6271
                           006272   829 _FADDRH	=	0x6272
                           006273   830 _FWDATA	=	0x6273
                           006276   831 _CHIPINFO0	=	0x6276
                           006277   832 _CHIPINFO1	=	0x6277
                           006281   833 _IRCTL	=	0x6281
                           006290   834 _CLD	=	0x6290
                           0062A0   835 _XX_T1CCTL0	=	0x62a0
                           0062A1   836 _XX_T1CCTL1	=	0x62a1
                           0062A2   837 _XX_T1CCTL2	=	0x62a2
                           0062A3   838 _T1CCTL3	=	0x62a3
                           0062A4   839 _T1CCTL4	=	0x62a4
                           0062A6   840 _XX_T1CC0L	=	0x62a6
                           0062A7   841 _XX_T1CC0H	=	0x62a7
                           0062A8   842 _XX_T1CC1L	=	0x62a8
                           0062A9   843 _XX_T1CC1H	=	0x62a9
                           0062AA   844 _XX_T1CC2L	=	0x62aa
                           0062AB   845 _XX_T1CC2H	=	0x62ab
                           0062AC   846 _T1CC3L	=	0x62ac
                           0062AD   847 _T1CC3H	=	0x62ad
                           0062AE   848 _T1CC4L	=	0x62ae
                           0062AF   849 _T1CC4H	=	0x62af
                           0062B0   850 _STCC	=	0x62b0
                           0062B1   851 _STCS	=	0x62b1
                           0062B2   852 _STCV0	=	0x62b2
                           0062B3   853 _STCV1	=	0x62b3
                           0062B4   854 _STCV2	=	0x62b4
                           0062C0   855 _OPAMPC	=	0x62c0
                           0062C1   856 _OPAMPS	=	0x62c1
                           0062D0   857 _CMPCTL	=	0x62d0
                           006000   858 _RFCORE_RAM	=	0x6000
                           006000   859 _RXFIFO	=	0x6000
                           006080   860 _TXFIFO	=	0x6080
                           006100   861 _SRC_ADDR_TABLE	=	0x6100
                           006160   862 _SRCRESMASK0	=	0x6160
                           006161   863 _SRCRESMASK1	=	0x6161
                           006162   864 _SRCRESMASK2	=	0x6162
                           006163   865 _SRCRESINDEX	=	0x6163
                           006164   866 _SRCEXTPENDEN0	=	0x6164
                           006165   867 _SRCEXTPENDEN1	=	0x6165
                           006166   868 _SRCEXTPENDEN2	=	0x6166
                           006167   869 _SRCSHORTPENDEN0	=	0x6167
                           006168   870 _SRCSHORTPENDEN1	=	0x6168
                           006169   871 _SRCSHORTPENDEN2	=	0x6169
                           00616A   872 _EXT_ADDR0	=	0x616a
                           00616B   873 _EXT_ADDR1	=	0x616b
                           00616C   874 _EXT_ADDR2	=	0x616c
                           00616D   875 _EXT_ADDR3	=	0x616d
                           00616E   876 _EXT_ADDR4	=	0x616e
                           00616F   877 _EXT_ADDR5	=	0x616f
                           006170   878 _EXT_ADDR6	=	0x6170
                           006171   879 _EXT_ADDR7	=	0x6171
                           006172   880 _PAN_ID0	=	0x6172
                           006173   881 _PAN_ID1	=	0x6173
                           006174   882 _SHORT_ADDR0	=	0x6174
                           006175   883 _SHORT_ADDR1	=	0x6175
                           006180   884 _FRMFILT0	=	0x6180
                           006181   885 _FRMFILT1	=	0x6181
                           006182   886 _SRCMATCH	=	0x6182
                           006183   887 _SRCSHORTEN0	=	0x6183
                           006184   888 _SRCSHORTEN1	=	0x6184
                           006185   889 _SRCSHORTEN2	=	0x6185
                           006186   890 _SRCEXTEN0	=	0x6186
                           006187   891 _SRCEXTEN1	=	0x6187
                           006188   892 _SRCEXTEN2	=	0x6188
                           006189   893 _FRMCTRL0	=	0x6189
                           00618A   894 _FRMCTRL1	=	0x618a
                           00618B   895 _RXENABLE	=	0x618b
                           00618C   896 _RXMASKSET	=	0x618c
                           00618D   897 _RXMASKCLR	=	0x618d
                           00618E   898 _FREQTUNE	=	0x618e
                           00618F   899 _FREQCTRL	=	0x618f
                           006190   900 _TXPOWER	=	0x6190
                           006191   901 _TXCTRL	=	0x6191
                           006192   902 _FSMSTAT0	=	0x6192
                           006193   903 _FSMSTAT1	=	0x6193
                           006194   904 _FIFOPCTRL	=	0x6194
                           006195   905 _FSMCTRL	=	0x6195
                           006196   906 _CCACTRL0	=	0x6196
                           006197   907 _CCACTRL1	=	0x6197
                           006198   908 _RSSI	=	0x6198
                           006199   909 _RSSISTAT	=	0x6199
                           00619A   910 _RXFIRST	=	0x619a
                           00619B   911 _RXFIFOCNT	=	0x619b
                           00619C   912 _TXFIFOCNT	=	0x619c
                           00619D   913 _RXFIRST_PTR	=	0x619d
                           00619E   914 _RXLAST_PTR	=	0x619e
                           00619F   915 _RXP1_PTR	=	0x619f
                           0061A1   916 _TXFIRST_PTR	=	0x61a1
                           0061A2   917 _TXLAST_PTR	=	0x61a2
                           0061A3   918 _RFIRQM0	=	0x61a3
                           0061A4   919 _RFIRQM1	=	0x61a4
                           0061A5   920 _RFERRM	=	0x61a5
                           0061A7   921 _RFRND	=	0x61a7
                           0061A8   922 _MDMCTRL0	=	0x61a8
                           0061A9   923 _MDMCTRL1	=	0x61a9
                           0061AA   924 _FREQEST	=	0x61aa
                           0061AB   925 _RXCTRL	=	0x61ab
                           0061AC   926 _FSCTRL	=	0x61ac
                           0061AD   927 _FSCAL0	=	0x61ad
                           0061AE   928 _FSCAL1	=	0x61ae
                           0061AF   929 _FSCAL2	=	0x61af
                           0061B0   930 _FSCAL3	=	0x61b0
                           0061B1   931 _AGCCTRL0	=	0x61b1
                           0061B2   932 _AGCCTRL1	=	0x61b2
                           0061B3   933 _AGCCTRL2	=	0x61b3
                           0061B4   934 _AGCCTRL3	=	0x61b4
                           0061B5   935 _ADCTEST0	=	0x61b5
                           0061B6   936 _ADCTEST1	=	0x61b6
                           0061B7   937 _ADCTEST2	=	0x61b7
                           0061B8   938 _MDMTEST0	=	0x61b8
                           0061B9   939 _MDMTEST1	=	0x61b9
                           0061BA   940 _DACTEST0	=	0x61ba
                           0061BB   941 _DACTEST1	=	0x61bb
                           0061BC   942 _DACTEST2	=	0x61bc
                           0061BD   943 _ATEST	=	0x61bd
                           0061BE   944 _PTEST0	=	0x61be
                           0061BF   945 _PTEST1	=	0x61bf
                           0061FA   946 _TXFILTCFG	=	0x61fa
                           0061EB   947 _RFC_OBS_CTRL0	=	0x61eb
                           0061EC   948 _RFC_OBS_CTRL1	=	0x61ec
                           0061ED   949 _RFC_OBS_CTRL2	=	0x61ed
                           0061C0   950 _CSPPROG0	=	0x61c0
                           0061C1   951 _CSPPROG1	=	0x61c1
                           0061C2   952 _CSPPROG2	=	0x61c2
                           0061C3   953 _CSPPROG3	=	0x61c3
                           0061C4   954 _CSPPROG4	=	0x61c4
                           0061C5   955 _CSPPROG5	=	0x61c5
                           0061C6   956 _CSPPROG6	=	0x61c6
                           0061C7   957 _CSPPROG7	=	0x61c7
                           0061C8   958 _CSPPROG8	=	0x61c8
                           0061C9   959 _CSPPROG9	=	0x61c9
                           0061CA   960 _CSPPROG10	=	0x61ca
                           0061CB   961 _CSPPROG11	=	0x61cb
                           0061CC   962 _CSPPROG12	=	0x61cc
                           0061CD   963 _CSPPROG13	=	0x61cd
                           0061CE   964 _CSPPROG14	=	0x61ce
                           0061CF   965 _CSPPROG15	=	0x61cf
                           0061D0   966 _CSPPROG16	=	0x61d0
                           0061D1   967 _CSPPROG17	=	0x61d1
                           0061D2   968 _CSPPROG18	=	0x61d2
                           0061D3   969 _CSPPROG19	=	0x61d3
                           0061D4   970 _CSPPROG20	=	0x61d4
                           0061D5   971 _CSPPROG21	=	0x61d5
                           0061D6   972 _CSPPROG22	=	0x61d6
                           0061D7   973 _CSPPROG23	=	0x61d7
                           0061E0   974 _CSPCTRL	=	0x61e0
                           0061E1   975 _CSPSTAT	=	0x61e1
                           0061E2   976 _CSPX	=	0x61e2
                           0061E3   977 _CSPY	=	0x61e3
                           0061E4   978 _CSPZ	=	0x61e4
                           0061E5   979 _CSPT	=	0x61e5
                           006200   980 _USBADDR	=	0x6200
                           006201   981 _USBPOW	=	0x6201
                           006202   982 _USBIIF	=	0x6202
                           006204   983 _USBOIF	=	0x6204
                           006206   984 _USBCIF	=	0x6206
                           006207   985 _USBIIE	=	0x6207
                           006209   986 _USBOIE	=	0x6209
                           00620B   987 _USBCIE	=	0x620b
                           00620C   988 _USBFRML	=	0x620c
                           00620D   989 _USBFRMH	=	0x620d
                           00620E   990 _USBINDEX	=	0x620e
                           00620F   991 _USBCTRL	=	0x620f
                           006210   992 _USBMAXI	=	0x6210
                           006211   993 _USBCS0	=	0x6211
                           006211   994 _USBCSIL	=	0x6211
                           006212   995 _USBCSIH	=	0x6212
                           006213   996 _USBMAXO	=	0x6213
                           006214   997 _USBCSOL	=	0x6214
                           006215   998 _USBCSOH	=	0x6215
                           006216   999 _USBCNT0	=	0x6216
                           006216  1000 _USBCNTL	=	0x6216
                           006217  1001 _USBCNTH	=	0x6217
                           006220  1002 _USBF0	=	0x6220
                           006222  1003 _USBF1	=	0x6222
                           006224  1004 _USBF2	=	0x6224
                           006226  1005 _USBF3	=	0x6226
                           006228  1006 _USBF4	=	0x6228
                           00622A  1007 _USBF5	=	0x622a
                           007080  1008 _X_P0	=	0x7080
                           007086  1009 _X_U0CSR	=	0x7086
                           007089  1010 _X_P0IFG	=	0x7089
                           00708A  1011 _X_P1IFG	=	0x708a
                           00708B  1012 _X_P2IFG	=	0x708b
                           00708C  1013 _X_PICTL	=	0x708c
                           00708D  1014 _X_P1IEN	=	0x708d
                           00708F  1015 _X_P0INP	=	0x708f
                           007090  1016 _X_P1	=	0x7090
                           007091  1017 _X_RFIRQF1	=	0x7091
                           007093  1018 _X_MPAGE	=	0x7093
                           007093  1019 _X__XPAGE	=	0x7093
                           007094  1020 _X_T2CTRL	=	0x7094
                           007095  1021 _X_ST0	=	0x7095
                           007096  1022 _X_ST1	=	0x7096
                           007097  1023 _X_ST2	=	0x7097
                           00709C  1024 _X_T2EVTCFG	=	0x709c
                           00709D  1025 _X_SLEEPSTA	=	0x709d
                           00709E  1026 _X_CLKCONSTA	=	0x709e
                           00709F  1027 _X_FMAP	=	0x709f
                           00709F  1028 _X_PSBANK	=	0x709f
                           0070A0  1029 _X_P2	=	0x70a0
                           0070A1  1030 _X_T2IRQF	=	0x70a1
                           0070A2  1031 _X_T2M0	=	0x70a2
                           0070A3  1032 _X_T2M1	=	0x70a3
                           0070A4  1033 _X_T2MOVF0	=	0x70a4
                           0070A5  1034 _X_T2MOVF1	=	0x70a5
                           0070A6  1035 _X_T2MOVF2	=	0x70a6
                           0070A7  1036 _X_T2IRQM	=	0x70a7
                           0070AB  1037 _X_P0IEN	=	0x70ab
                           0070AC  1038 _X_P2IEN	=	0x70ac
                           0070AD  1039 _X_STLOAD	=	0x70ad
                           0070AE  1040 _X_PMUX	=	0x70ae
                           0070AF  1041 _X_T1STAT	=	0x70af
                           0070B1  1042 _X_ENCDI	=	0x70b1
                           0070B2  1043 _X_ENCDO	=	0x70b2
                           0070B3  1044 _X_ENCCS	=	0x70b3
                           0070B4  1045 _X_ADCCON1	=	0x70b4
                           0070B5  1046 _X_ADCCON2	=	0x70b5
                           0070B6  1047 _X_ADCCON3	=	0x70b6
                           0070BA  1048 _X_ADCL	=	0x70ba
                           0070BB  1049 _X_ADCH	=	0x70bb
                           0070BC  1050 _X_RNDL	=	0x70bc
                           0070BD  1051 _X_RNDH	=	0x70bd
                           0070BE  1052 _X_SLEEPCMD	=	0x70be
                           0070BF  1053 _X_RFERRF	=	0x70bf
                           0070C1  1054 _X_U0DBUF	=	0x70c1
                           0070C2  1055 _X_U0BAUD	=	0x70c2
                           0070C3  1056 _X_T2MSEL	=	0x70c3
                           0070C4  1057 _X_U0UCR	=	0x70c4
                           0070C5  1058 _X_U0GCR	=	0x70c5
                           0070C6  1059 _X_CLKCONCMD	=	0x70c6
                           0070C7  1060 _X_MEMCTR	=	0x70c7
                           0070C9  1061 _X_WDCTL	=	0x70c9
                           0070CA  1062 _X_T3CNT	=	0x70ca
                           0070CB  1063 _X_T3CTL	=	0x70cb
                           0070CC  1064 _X_T3CCTL0	=	0x70cc
                           0070CD  1065 _X_T3CC0	=	0x70cd
                           0070CE  1066 _X_T3CCTL1	=	0x70ce
                           0070CF  1067 _X_T3CC1	=	0x70cf
                           0070D1  1068 _X_DMAIRQ	=	0x70d1
                           0070D2  1069 _X_DMA1CFGL	=	0x70d2
                           0070D3  1070 _X_DMA1CFGH	=	0x70d3
                           0070D4  1071 _X_DMA0CFGL	=	0x70d4
                           0070D5  1072 _X_DMA0CFGH	=	0x70d5
                           0070D6  1073 _X_DMAARM	=	0x70d6
                           0070D7  1074 _X_DMAREQ	=	0x70d7
                           0070D8  1075 _X_TIMIF	=	0x70d8
                           0070D9  1076 _X_RFD	=	0x70d9
                           0070DA  1077 _X_T1CC0L	=	0x70da
                           0070DB  1078 _X_T1CC0H	=	0x70db
                           0070DC  1079 _X_T1CC1L	=	0x70dc
                           0070DD  1080 _X_T1CC1H	=	0x70dd
                           0070DE  1081 _X_T1CC2L	=	0x70de
                           0070DF  1082 _X_T1CC2H	=	0x70df
                           0070E1  1083 _X_RFST	=	0x70e1
                           0070E2  1084 _X_T1CNTL	=	0x70e2
                           0070E3  1085 _X_T1CNTH	=	0x70e3
                           0070E4  1086 _X_T1CTL	=	0x70e4
                           0070E5  1087 _X_T1CCTL0	=	0x70e5
                           0070E6  1088 _X_T1CCTL1	=	0x70e6
                           0070E7  1089 _X_T1CCTL2	=	0x70e7
                           0070E9  1090 _X_RFIRQF0	=	0x70e9
                           0070EA  1091 _X_T4CNT	=	0x70ea
                           0070EB  1092 _X_T4CTL	=	0x70eb
                           0070EC  1093 _X_T4CCTL0	=	0x70ec
                           0070ED  1094 _X_T4CC0	=	0x70ed
                           0070EE  1095 _X_T4CCTL1	=	0x70ee
                           0070EF  1096 _X_T4CC1	=	0x70ef
                           0070F1  1097 _X_PERCFG	=	0x70f1
                           0070F2  1098 _X_APCFG	=	0x70f2
                           0070F3  1099 _X_P0SEL	=	0x70f3
                           0070F4  1100 _X_P1SEL	=	0x70f4
                           0070F5  1101 _X_P2SEL	=	0x70f5
                           0070F6  1102 _X_P1INP	=	0x70f6
                           0070F7  1103 _X_P2INP	=	0x70f7
                           0070F8  1104 _X_U1CSR	=	0x70f8
                           0070F9  1105 _X_U1DBUF	=	0x70f9
                           0070FA  1106 _X_U1BAUD	=	0x70fa
                           0070FB  1107 _X_U1UCR	=	0x70fb
                           0070FC  1108 _X_U1GCR	=	0x70fc
                           0070FD  1109 _X_P0DIR	=	0x70fd
                           0070FE  1110 _X_P1DIR	=	0x70fe
                           0070FF  1111 _X_P2DIR	=	0x70ff
                           007800  1112 _X_INFOPAGE	=	0x7800
                           00780C  1113 _X_IEEE_ADDR	=	0x780c
                                   1114 ;--------------------------------------------------------
                                   1115 ; absolute external ram data
                                   1116 ;--------------------------------------------------------
                                   1117 	.area XABS    (ABS,XDATA)
                                   1118 ;--------------------------------------------------------
                                   1119 ; external initialized ram data
                                   1120 ;--------------------------------------------------------
                                   1121 	.area XISEG   (XDATA)
      000000                       1122 _uip_fw_process::
      000000                       1123 	.ds 9
                                   1124 	.area HOME    (CODE)
                                   1125 	.area GSINIT0 (CODE)
                                   1126 	.area GSINIT1 (CODE)
                                   1127 	.area GSINIT2 (CODE)
                                   1128 	.area GSINIT3 (CODE)
                                   1129 	.area GSINIT4 (CODE)
                                   1130 	.area GSINIT5 (CODE)
                                   1131 	.area GSINIT  (CODE)
                                   1132 	.area GSFINAL (CODE)
                                   1133 	.area CSEG    (CODE)
                                   1134 ;--------------------------------------------------------
                                   1135 ; global & static initialisations
                                   1136 ;--------------------------------------------------------
                                   1137 	.area HOME    (CODE)
                                   1138 	.area GSINIT  (CODE)
                                   1139 	.area GSFINAL (CODE)
                                   1140 	.area GSINIT  (CODE)
                                   1141 ;--------------------------------------------------------
                                   1142 ; Home
                                   1143 ;--------------------------------------------------------
                                   1144 	.area HOME    (CODE)
                                   1145 	.area HOME    (CODE)
                                   1146 ;--------------------------------------------------------
                                   1147 ; code
                                   1148 ;--------------------------------------------------------
                                   1149 	.area CSEG    (CODE)
                                   1150 ;------------------------------------------------------------
                                   1151 ;Allocation info for local variables in function 'process_thread_uip_fw_process'
                                   1152 ;------------------------------------------------------------
                                   1153 ;ev                        Allocated to stack - sp -2
                                   1154 ;data                      Allocated to stack - sp -5
                                   1155 ;process_pt                Allocated to registers r5 r6 r7 
                                   1156 ;PT_YIELD_FLAG             Allocated to registers 
                                   1157 ;------------------------------------------------------------
                                   1158 ;	../contiki-sensinode/core/net/uip-fw-drv.c:40: PROCESS_THREAD(uip_fw_process, ev, data)
                                   1159 ;	-----------------------------------------
                                   1160 ;	 function process_thread_uip_fw_process
                                   1161 ;	-----------------------------------------
      000000                       1162 _process_thread_uip_fw_process:
                           000007  1163 	ar7 = 0x07
                           000006  1164 	ar6 = 0x06
                           000005  1165 	ar5 = 0x05
                           000004  1166 	ar4 = 0x04
                           000003  1167 	ar3 = 0x03
                           000002  1168 	ar2 = 0x02
                           000001  1169 	ar1 = 0x01
                           000000  1170 	ar0 = 0x00
                                   1171 ;	../contiki-sensinode/core/net/uip-fw-drv.c:42: PROCESS_BEGIN();
      000000 AD 82            [24] 1172 	mov	r5,dpl
      000002 AE 83            [24] 1173 	mov	r6,dph
      000004 AF F0            [24] 1174 	mov	r7,b
      000006 12r00r00         [24] 1175 	lcall	__gptrget
      000009 FB               [12] 1176 	mov	r3,a
      00000A A3               [24] 1177 	inc	dptr
      00000B 12r00r00         [24] 1178 	lcall	__gptrget
      00000E FC               [12] 1179 	mov	r4,a
      00000F BB 00 05         [24] 1180 	cjne	r3,#0x00,00120$
      000012 BC 00 02         [24] 1181 	cjne	r4,#0x00,00120$
      000015 80 08            [24] 1182 	sjmp	00101$
      000017                       1183 00120$:
      000017 BB 2E 34         [24] 1184 	cjne	r3,#0x2E,00108$
      00001A BC 00 31         [24] 1185 	cjne	r4,#0x00,00108$
      00001D 80 22            [24] 1186 	sjmp	00102$
      00001F                       1187 00101$:
                                   1188 ;	../contiki-sensinode/core/net/uip-fw-drv.c:44: tcpip_set_outputfunc(uip_fw_output);
      00001F 90r00r00         [24] 1189 	mov	dptr,#_uip_fw_output
      000022 C0 07            [24] 1190 	push	ar7
      000024 C0 06            [24] 1191 	push	ar6
      000026 C0 05            [24] 1192 	push	ar5
      000028 12r00r00         [24] 1193 	lcall	_tcpip_set_outputfunc
      00002B D0 05            [24] 1194 	pop	ar5
      00002D D0 06            [24] 1195 	pop	ar6
      00002F D0 07            [24] 1196 	pop	ar7
                                   1197 ;	../contiki-sensinode/core/net/uip-fw-drv.c:46: PROCESS_WAIT_UNTIL(ev == PROCESS_EVENT_EXIT);
      000031 8D 82            [24] 1198 	mov	dpl,r5
      000033 8E 83            [24] 1199 	mov	dph,r6
      000035 8F F0            [24] 1200 	mov	b,r7
      000037 74 2E            [12] 1201 	mov	a,#0x2E
      000039 12r00r00         [24] 1202 	lcall	__gptrput
      00003C A3               [24] 1203 	inc	dptr
      00003D E4               [12] 1204 	clr	a
      00003E 12r00r00         [24] 1205 	lcall	__gptrput
      000041                       1206 00102$:
      000041 A8 81            [24] 1207 	mov	r0,sp
      000043 18               [12] 1208 	dec	r0
      000044 18               [12] 1209 	dec	r0
      000045 B6 83 02         [24] 1210 	cjne	@r0,#0x83,00122$
      000048 80 04            [24] 1211 	sjmp	00108$
      00004A                       1212 00122$:
      00004A 75 82 00         [24] 1213 	mov	dpl,#0x00
                                   1214 ;	../contiki-sensinode/core/net/uip-fw-drv.c:48: PROCESS_END();
      00004D 22               [24] 1215 	ret
      00004E                       1216 00108$:
      00004E 8D 82            [24] 1217 	mov	dpl,r5
      000050 8E 83            [24] 1218 	mov	dph,r6
      000052 8F F0            [24] 1219 	mov	b,r7
      000054 E4               [12] 1220 	clr	a
      000055 12r00r00         [24] 1221 	lcall	__gptrput
      000058 A3               [24] 1222 	inc	dptr
      000059 12r00r00         [24] 1223 	lcall	__gptrput
      00005C 75 82 03         [24] 1224 	mov	dpl,#0x03
      00005F 22               [24] 1225 	ret
                                   1226 	.area CSEG    (CODE)
                                   1227 	.area CONST   (CODE)
                                   1228 	.area XINIT   (CODE)
      000000                       1229 __xinit__uip_fw_process:
                                   1230 ; generic printIvalPtr
      000000 00 00 00              1231 	.byte #0x00,#0x00,#0x00
      000003r00s00                 1232 	.byte _process_thread_uip_fw_process,(_process_thread_uip_fw_process >> 8)
      000005 00 00                 1233 	.byte #0x00,#0x00	; 0
      000007 00                    1234 	.db #0x00	; 0
      000008 00                    1235 	.db #0x00	; 0
                                   1236 	.area CABS    (ABS,CODE)
