                                      1 ;--------------------------------------------------------
                                      2 ; File Created by SDCC : free open source ANSI-C Compiler
                                      3 ; Version 3.4.0 #8981 (Oct 24 2015) (Linux)
                                      4 ; This file was generated Sun Oct 25 01:52:19 2015
                                      5 ;--------------------------------------------------------
                                      6 	.module uip_udp_packet
                                      7 	.optsdcc -mmcs51 --model-large
                                      8 	
                                      9 ;--------------------------------------------------------
                                     10 ; Public variables in this module
                                     11 ;--------------------------------------------------------
                                     12 	.globl _uip_process
                                     13 	.globl _tcpip_output
                                     14 	.globl _memcpy
                                     15 	.globl _ACTIVE
                                     16 	.globl _TX_BYTE
                                     17 	.globl _RX_BYTE
                                     18 	.globl _ERR
                                     19 	.globl _FE
                                     20 	.globl _SLAVE
                                     21 	.globl _RE
                                     22 	.globl _MODE
                                     23 	.globl _T3OVFIF
                                     24 	.globl _T3CH0IF
                                     25 	.globl _T3CH1IF
                                     26 	.globl _T4OVFIF
                                     27 	.globl _T4CH0IF
                                     28 	.globl _T4CH1IF
                                     29 	.globl _OVFIM
                                     30 	.globl _B_0
                                     31 	.globl _B_1
                                     32 	.globl _B_2
                                     33 	.globl _B_3
                                     34 	.globl _B_4
                                     35 	.globl _B_5
                                     36 	.globl _B_6
                                     37 	.globl _B_7
                                     38 	.globl _P2IF
                                     39 	.globl _UTX0IF
                                     40 	.globl _UTX1IF
                                     41 	.globl _P1IF
                                     42 	.globl _WDTIF
                                     43 	.globl _ACC_0
                                     44 	.globl _ACC_1
                                     45 	.globl _ACC_2
                                     46 	.globl _ACC_3
                                     47 	.globl _ACC_4
                                     48 	.globl _ACC_5
                                     49 	.globl _ACC_6
                                     50 	.globl _ACC_7
                                     51 	.globl _P
                                     52 	.globl _F1
                                     53 	.globl _OV
                                     54 	.globl _RS0
                                     55 	.globl _RS1
                                     56 	.globl _F0
                                     57 	.globl _AC
                                     58 	.globl _CY
                                     59 	.globl _DMAIF
                                     60 	.globl _T1IF
                                     61 	.globl _T2IF
                                     62 	.globl _T3IF
                                     63 	.globl _T4IF
                                     64 	.globl _P0IF
                                     65 	.globl _STIF
                                     66 	.globl _DMAIE
                                     67 	.globl _T1IE
                                     68 	.globl _T2IE
                                     69 	.globl _T3IE
                                     70 	.globl _T4IE
                                     71 	.globl _P0IE
                                     72 	.globl _RFERRIE
                                     73 	.globl _ADCIE
                                     74 	.globl _URX0IE
                                     75 	.globl _URX1IE
                                     76 	.globl _ENCIE
                                     77 	.globl _STIE
                                     78 	.globl _EA
                                     79 	.globl _P2_0
                                     80 	.globl _P2_1
                                     81 	.globl _P2_2
                                     82 	.globl _P2_3
                                     83 	.globl _P2_4
                                     84 	.globl _P2_5
                                     85 	.globl _P2_6
                                     86 	.globl _P2_7
                                     87 	.globl _ENCIF_0
                                     88 	.globl _ENCIF_1
                                     89 	.globl _P1_0
                                     90 	.globl _P1_1
                                     91 	.globl _P1_2
                                     92 	.globl _P1_3
                                     93 	.globl _P1_4
                                     94 	.globl _P1_5
                                     95 	.globl _P1_6
                                     96 	.globl _P1_7
                                     97 	.globl _IT0
                                     98 	.globl _RFERRIF
                                     99 	.globl _IT1
                                    100 	.globl _URX0IF
                                    101 	.globl _ADCIF
                                    102 	.globl _URX1IF
                                    103 	.globl _P0_0
                                    104 	.globl _P0_1
                                    105 	.globl _P0_2
                                    106 	.globl _P0_3
                                    107 	.globl _P0_4
                                    108 	.globl _P0_5
                                    109 	.globl _P0_6
                                    110 	.globl _P0_7
                                    111 	.globl _WDCTL
                                    112 	.globl _U1GCR
                                    113 	.globl _U1UCR
                                    114 	.globl _U1BAUD
                                    115 	.globl _U1DBUF
                                    116 	.globl _U1CSR
                                    117 	.globl _U0GCR
                                    118 	.globl _U0UCR
                                    119 	.globl _U0BAUD
                                    120 	.globl _U0DBUF
                                    121 	.globl _U0CSR
                                    122 	.globl _TIMIF
                                    123 	.globl _T4CC1
                                    124 	.globl _T4CCTL1
                                    125 	.globl _T4CC0
                                    126 	.globl _T4CCTL0
                                    127 	.globl _T4CTL
                                    128 	.globl _T4CNT
                                    129 	.globl _T3CC1
                                    130 	.globl _T3CCTL1
                                    131 	.globl _T3CC0
                                    132 	.globl _T3CCTL0
                                    133 	.globl _T3CTL
                                    134 	.globl _T3CNT
                                    135 	.globl _T2MSEL
                                    136 	.globl _T2IRQM
                                    137 	.globl _T2MOVF2
                                    138 	.globl _T2MOVF1
                                    139 	.globl _T2MOVF0
                                    140 	.globl _T2M1
                                    141 	.globl _T2M0
                                    142 	.globl _T2IRQF
                                    143 	.globl _T2EVTCFG
                                    144 	.globl _T2CTRL
                                    145 	.globl _T1STAT
                                    146 	.globl _T1CCTL2
                                    147 	.globl _T1CCTL1
                                    148 	.globl _T1CCTL0
                                    149 	.globl _T1CTL
                                    150 	.globl _T1CNTH
                                    151 	.globl _T1CNTL
                                    152 	.globl _T1CC2H
                                    153 	.globl _T1CC2L
                                    154 	.globl _T1CC1H
                                    155 	.globl _T1CC1L
                                    156 	.globl _T1CC0H
                                    157 	.globl _T1CC0L
                                    158 	.globl _CLKCONSTA
                                    159 	.globl _CLKCONCMD
                                    160 	.globl _SLEEPSTA
                                    161 	.globl _SLEEPCMD
                                    162 	.globl _STLOAD
                                    163 	.globl _ST2
                                    164 	.globl _ST1
                                    165 	.globl _ST0
                                    166 	.globl _RFERRF
                                    167 	.globl _RFIRQF0
                                    168 	.globl _RFST
                                    169 	.globl _RFD
                                    170 	.globl _RFIRQF1
                                    171 	.globl _PSBANK
                                    172 	.globl _FMAP
                                    173 	.globl _MEMCTR
                                    174 	.globl __XPAGE
                                    175 	.globl _MPAGE
                                    176 	.globl _PMUX
                                    177 	.globl _P2DIR
                                    178 	.globl _P1DIR
                                    179 	.globl _P0DIR
                                    180 	.globl _P2INP
                                    181 	.globl _P1INP
                                    182 	.globl _P2SEL
                                    183 	.globl _P1SEL
                                    184 	.globl _P0SEL
                                    185 	.globl _APCFG
                                    186 	.globl _PERCFG
                                    187 	.globl _P0INP
                                    188 	.globl _P2IEN
                                    189 	.globl _P1IEN
                                    190 	.globl _P0IEN
                                    191 	.globl _PICTL
                                    192 	.globl _P2IFG
                                    193 	.globl _P1IFG
                                    194 	.globl _P0IFG
                                    195 	.globl _DMAREQ
                                    196 	.globl _DMAARM
                                    197 	.globl _DMA0CFGH
                                    198 	.globl _DMA0CFGL
                                    199 	.globl _DMA1CFGH
                                    200 	.globl _DMA1CFGL
                                    201 	.globl _DMAIRQ
                                    202 	.globl _ENCCS
                                    203 	.globl _ENCDO
                                    204 	.globl _ENCDI
                                    205 	.globl _RNDH
                                    206 	.globl _RNDL
                                    207 	.globl _ADCH
                                    208 	.globl _ADCL
                                    209 	.globl _ADCCON3
                                    210 	.globl _ADCCON2
                                    211 	.globl _ADCCON1
                                    212 	.globl _B
                                    213 	.globl _IRCON2
                                    214 	.globl _ACC
                                    215 	.globl _PSW
                                    216 	.globl _IRCON
                                    217 	.globl _IP1
                                    218 	.globl _IEN1
                                    219 	.globl _IP0
                                    220 	.globl _IEN0
                                    221 	.globl _P2
                                    222 	.globl _S1CON
                                    223 	.globl _IEN2
                                    224 	.globl _S0CON
                                    225 	.globl _DPS
                                    226 	.globl _P1
                                    227 	.globl _TCON
                                    228 	.globl _PCON
                                    229 	.globl _DPH1
                                    230 	.globl _DPL1
                                    231 	.globl _DPH0
                                    232 	.globl _DPL0
                                    233 	.globl _SP
                                    234 	.globl _P0
                                    235 	.globl _X_IEEE_ADDR
                                    236 	.globl _X_INFOPAGE
                                    237 	.globl _X_P2DIR
                                    238 	.globl _X_P1DIR
                                    239 	.globl _X_P0DIR
                                    240 	.globl _X_U1GCR
                                    241 	.globl _X_U1UCR
                                    242 	.globl _X_U1BAUD
                                    243 	.globl _X_U1DBUF
                                    244 	.globl _X_U1CSR
                                    245 	.globl _X_P2INP
                                    246 	.globl _X_P1INP
                                    247 	.globl _X_P2SEL
                                    248 	.globl _X_P1SEL
                                    249 	.globl _X_P0SEL
                                    250 	.globl _X_APCFG
                                    251 	.globl _X_PERCFG
                                    252 	.globl _X_T4CC1
                                    253 	.globl _X_T4CCTL1
                                    254 	.globl _X_T4CC0
                                    255 	.globl _X_T4CCTL0
                                    256 	.globl _X_T4CTL
                                    257 	.globl _X_T4CNT
                                    258 	.globl _X_RFIRQF0
                                    259 	.globl _X_T1CCTL2
                                    260 	.globl _X_T1CCTL1
                                    261 	.globl _X_T1CCTL0
                                    262 	.globl _X_T1CTL
                                    263 	.globl _X_T1CNTH
                                    264 	.globl _X_T1CNTL
                                    265 	.globl _X_RFST
                                    266 	.globl _X_T1CC2H
                                    267 	.globl _X_T1CC2L
                                    268 	.globl _X_T1CC1H
                                    269 	.globl _X_T1CC1L
                                    270 	.globl _X_T1CC0H
                                    271 	.globl _X_T1CC0L
                                    272 	.globl _X_RFD
                                    273 	.globl _X_TIMIF
                                    274 	.globl _X_DMAREQ
                                    275 	.globl _X_DMAARM
                                    276 	.globl _X_DMA0CFGH
                                    277 	.globl _X_DMA0CFGL
                                    278 	.globl _X_DMA1CFGH
                                    279 	.globl _X_DMA1CFGL
                                    280 	.globl _X_DMAIRQ
                                    281 	.globl _X_T3CC1
                                    282 	.globl _X_T3CCTL1
                                    283 	.globl _X_T3CC0
                                    284 	.globl _X_T3CCTL0
                                    285 	.globl _X_T3CTL
                                    286 	.globl _X_T3CNT
                                    287 	.globl _X_WDCTL
                                    288 	.globl _X_MEMCTR
                                    289 	.globl _X_CLKCONCMD
                                    290 	.globl _X_U0GCR
                                    291 	.globl _X_U0UCR
                                    292 	.globl _X_T2MSEL
                                    293 	.globl _X_U0BAUD
                                    294 	.globl _X_U0DBUF
                                    295 	.globl _X_RFERRF
                                    296 	.globl _X_SLEEPCMD
                                    297 	.globl _X_RNDH
                                    298 	.globl _X_RNDL
                                    299 	.globl _X_ADCH
                                    300 	.globl _X_ADCL
                                    301 	.globl _X_ADCCON3
                                    302 	.globl _X_ADCCON2
                                    303 	.globl _X_ADCCON1
                                    304 	.globl _X_ENCCS
                                    305 	.globl _X_ENCDO
                                    306 	.globl _X_ENCDI
                                    307 	.globl _X_T1STAT
                                    308 	.globl _X_PMUX
                                    309 	.globl _X_STLOAD
                                    310 	.globl _X_P2IEN
                                    311 	.globl _X_P0IEN
                                    312 	.globl _X_T2IRQM
                                    313 	.globl _X_T2MOVF2
                                    314 	.globl _X_T2MOVF1
                                    315 	.globl _X_T2MOVF0
                                    316 	.globl _X_T2M1
                                    317 	.globl _X_T2M0
                                    318 	.globl _X_T2IRQF
                                    319 	.globl _X_P2
                                    320 	.globl _X_PSBANK
                                    321 	.globl _X_FMAP
                                    322 	.globl _X_CLKCONSTA
                                    323 	.globl _X_SLEEPSTA
                                    324 	.globl _X_T2EVTCFG
                                    325 	.globl _X_ST2
                                    326 	.globl _X_ST1
                                    327 	.globl _X_ST0
                                    328 	.globl _X_T2CTRL
                                    329 	.globl _X__XPAGE
                                    330 	.globl _X_MPAGE
                                    331 	.globl _X_RFIRQF1
                                    332 	.globl _X_P1
                                    333 	.globl _X_P0INP
                                    334 	.globl _X_P1IEN
                                    335 	.globl _X_PICTL
                                    336 	.globl _X_P2IFG
                                    337 	.globl _X_P1IFG
                                    338 	.globl _X_P0IFG
                                    339 	.globl _X_U0CSR
                                    340 	.globl _X_P0
                                    341 	.globl _USBF5
                                    342 	.globl _USBF4
                                    343 	.globl _USBF3
                                    344 	.globl _USBF2
                                    345 	.globl _USBF1
                                    346 	.globl _USBF0
                                    347 	.globl _USBCNTH
                                    348 	.globl _USBCNTL
                                    349 	.globl _USBCNT0
                                    350 	.globl _USBCSOH
                                    351 	.globl _USBCSOL
                                    352 	.globl _USBMAXO
                                    353 	.globl _USBCSIH
                                    354 	.globl _USBCSIL
                                    355 	.globl _USBCS0
                                    356 	.globl _USBMAXI
                                    357 	.globl _USBCTRL
                                    358 	.globl _USBINDEX
                                    359 	.globl _USBFRMH
                                    360 	.globl _USBFRML
                                    361 	.globl _USBCIE
                                    362 	.globl _USBOIE
                                    363 	.globl _USBIIE
                                    364 	.globl _USBCIF
                                    365 	.globl _USBOIF
                                    366 	.globl _USBIIF
                                    367 	.globl _USBPOW
                                    368 	.globl _USBADDR
                                    369 	.globl _CSPT
                                    370 	.globl _CSPZ
                                    371 	.globl _CSPY
                                    372 	.globl _CSPX
                                    373 	.globl _CSPSTAT
                                    374 	.globl _CSPCTRL
                                    375 	.globl _CSPPROG23
                                    376 	.globl _CSPPROG22
                                    377 	.globl _CSPPROG21
                                    378 	.globl _CSPPROG20
                                    379 	.globl _CSPPROG19
                                    380 	.globl _CSPPROG18
                                    381 	.globl _CSPPROG17
                                    382 	.globl _CSPPROG16
                                    383 	.globl _CSPPROG15
                                    384 	.globl _CSPPROG14
                                    385 	.globl _CSPPROG13
                                    386 	.globl _CSPPROG12
                                    387 	.globl _CSPPROG11
                                    388 	.globl _CSPPROG10
                                    389 	.globl _CSPPROG9
                                    390 	.globl _CSPPROG8
                                    391 	.globl _CSPPROG7
                                    392 	.globl _CSPPROG6
                                    393 	.globl _CSPPROG5
                                    394 	.globl _CSPPROG4
                                    395 	.globl _CSPPROG3
                                    396 	.globl _CSPPROG2
                                    397 	.globl _CSPPROG1
                                    398 	.globl _CSPPROG0
                                    399 	.globl _RFC_OBS_CTRL2
                                    400 	.globl _RFC_OBS_CTRL1
                                    401 	.globl _RFC_OBS_CTRL0
                                    402 	.globl _TXFILTCFG
                                    403 	.globl _PTEST1
                                    404 	.globl _PTEST0
                                    405 	.globl _ATEST
                                    406 	.globl _DACTEST2
                                    407 	.globl _DACTEST1
                                    408 	.globl _DACTEST0
                                    409 	.globl _MDMTEST1
                                    410 	.globl _MDMTEST0
                                    411 	.globl _ADCTEST2
                                    412 	.globl _ADCTEST1
                                    413 	.globl _ADCTEST0
                                    414 	.globl _AGCCTRL3
                                    415 	.globl _AGCCTRL2
                                    416 	.globl _AGCCTRL1
                                    417 	.globl _AGCCTRL0
                                    418 	.globl _FSCAL3
                                    419 	.globl _FSCAL2
                                    420 	.globl _FSCAL1
                                    421 	.globl _FSCAL0
                                    422 	.globl _FSCTRL
                                    423 	.globl _RXCTRL
                                    424 	.globl _FREQEST
                                    425 	.globl _MDMCTRL1
                                    426 	.globl _MDMCTRL0
                                    427 	.globl _RFRND
                                    428 	.globl _RFERRM
                                    429 	.globl _RFIRQM1
                                    430 	.globl _RFIRQM0
                                    431 	.globl _TXLAST_PTR
                                    432 	.globl _TXFIRST_PTR
                                    433 	.globl _RXP1_PTR
                                    434 	.globl _RXLAST_PTR
                                    435 	.globl _RXFIRST_PTR
                                    436 	.globl _TXFIFOCNT
                                    437 	.globl _RXFIFOCNT
                                    438 	.globl _RXFIRST
                                    439 	.globl _RSSISTAT
                                    440 	.globl _RSSI
                                    441 	.globl _CCACTRL1
                                    442 	.globl _CCACTRL0
                                    443 	.globl _FSMCTRL
                                    444 	.globl _FIFOPCTRL
                                    445 	.globl _FSMSTAT1
                                    446 	.globl _FSMSTAT0
                                    447 	.globl _TXCTRL
                                    448 	.globl _TXPOWER
                                    449 	.globl _FREQCTRL
                                    450 	.globl _FREQTUNE
                                    451 	.globl _RXMASKCLR
                                    452 	.globl _RXMASKSET
                                    453 	.globl _RXENABLE
                                    454 	.globl _FRMCTRL1
                                    455 	.globl _FRMCTRL0
                                    456 	.globl _SRCEXTEN2
                                    457 	.globl _SRCEXTEN1
                                    458 	.globl _SRCEXTEN0
                                    459 	.globl _SRCSHORTEN2
                                    460 	.globl _SRCSHORTEN1
                                    461 	.globl _SRCSHORTEN0
                                    462 	.globl _SRCMATCH
                                    463 	.globl _FRMFILT1
                                    464 	.globl _FRMFILT0
                                    465 	.globl _SHORT_ADDR1
                                    466 	.globl _SHORT_ADDR0
                                    467 	.globl _PAN_ID1
                                    468 	.globl _PAN_ID0
                                    469 	.globl _EXT_ADDR7
                                    470 	.globl _EXT_ADDR6
                                    471 	.globl _EXT_ADDR5
                                    472 	.globl _EXT_ADDR4
                                    473 	.globl _EXT_ADDR3
                                    474 	.globl _EXT_ADDR2
                                    475 	.globl _EXT_ADDR1
                                    476 	.globl _EXT_ADDR0
                                    477 	.globl _SRCSHORTPENDEN2
                                    478 	.globl _SRCSHORTPENDEN1
                                    479 	.globl _SRCSHORTPENDEN0
                                    480 	.globl _SRCEXTPENDEN2
                                    481 	.globl _SRCEXTPENDEN1
                                    482 	.globl _SRCEXTPENDEN0
                                    483 	.globl _SRCRESINDEX
                                    484 	.globl _SRCRESMASK2
                                    485 	.globl _SRCRESMASK1
                                    486 	.globl _SRCRESMASK0
                                    487 	.globl _SRC_ADDR_TABLE
                                    488 	.globl _TXFIFO
                                    489 	.globl _RXFIFO
                                    490 	.globl _RFCORE_RAM
                                    491 	.globl _CMPCTL
                                    492 	.globl _OPAMPS
                                    493 	.globl _OPAMPC
                                    494 	.globl _STCV2
                                    495 	.globl _STCV1
                                    496 	.globl _STCV0
                                    497 	.globl _STCS
                                    498 	.globl _STCC
                                    499 	.globl _T1CC4H
                                    500 	.globl _T1CC4L
                                    501 	.globl _T1CC3H
                                    502 	.globl _T1CC3L
                                    503 	.globl _XX_T1CC2H
                                    504 	.globl _XX_T1CC2L
                                    505 	.globl _XX_T1CC1H
                                    506 	.globl _XX_T1CC1L
                                    507 	.globl _XX_T1CC0H
                                    508 	.globl _XX_T1CC0L
                                    509 	.globl _T1CCTL4
                                    510 	.globl _T1CCTL3
                                    511 	.globl _XX_T1CCTL2
                                    512 	.globl _XX_T1CCTL1
                                    513 	.globl _XX_T1CCTL0
                                    514 	.globl _CLD
                                    515 	.globl _IRCTL
                                    516 	.globl _CHIPINFO1
                                    517 	.globl _CHIPINFO0
                                    518 	.globl _FWDATA
                                    519 	.globl _FADDRH
                                    520 	.globl _FADDRL
                                    521 	.globl _FCTL
                                    522 	.globl _IVCTRL
                                    523 	.globl _BATTMON
                                    524 	.globl _SRCRC
                                    525 	.globl _DBGDATA
                                    526 	.globl _TESTREG0
                                    527 	.globl _CHIPID
                                    528 	.globl _CHVER
                                    529 	.globl _OBSSEL5
                                    530 	.globl _OBSSEL4
                                    531 	.globl _OBSSEL3
                                    532 	.globl _OBSSEL2
                                    533 	.globl _OBSSEL1
                                    534 	.globl _OBSSEL0
                                    535 	.globl _I2CIO
                                    536 	.globl _I2CWC
                                    537 	.globl _I2CADDR
                                    538 	.globl _I2CDATA
                                    539 	.globl _I2CSTAT
                                    540 	.globl _I2CCFG
                                    541 	.globl _OPAMPMC
                                    542 	.globl _MONMUX
                                    543 	.globl _uip_udp_packet_send
                                    544 	.globl _uip_udp_packet_sendto
                                    545 ;--------------------------------------------------------
                                    546 ; special function registers
                                    547 ;--------------------------------------------------------
                                    548 	.area RSEG    (ABS,DATA)
      000000                        549 	.org 0x0000
                           000080   550 _P0	=	0x0080
                           000081   551 _SP	=	0x0081
                           000082   552 _DPL0	=	0x0082
                           000083   553 _DPH0	=	0x0083
                           000084   554 _DPL1	=	0x0084
                           000085   555 _DPH1	=	0x0085
                           000087   556 _PCON	=	0x0087
                           000088   557 _TCON	=	0x0088
                           000090   558 _P1	=	0x0090
                           000092   559 _DPS	=	0x0092
                           000098   560 _S0CON	=	0x0098
                           00009A   561 _IEN2	=	0x009a
                           00009B   562 _S1CON	=	0x009b
                           0000A0   563 _P2	=	0x00a0
                           0000A8   564 _IEN0	=	0x00a8
                           0000A9   565 _IP0	=	0x00a9
                           0000B8   566 _IEN1	=	0x00b8
                           0000B9   567 _IP1	=	0x00b9
                           0000C0   568 _IRCON	=	0x00c0
                           0000D0   569 _PSW	=	0x00d0
                           0000E0   570 _ACC	=	0x00e0
                           0000E8   571 _IRCON2	=	0x00e8
                           0000F0   572 _B	=	0x00f0
                           0000B4   573 _ADCCON1	=	0x00b4
                           0000B5   574 _ADCCON2	=	0x00b5
                           0000B6   575 _ADCCON3	=	0x00b6
                           0000BA   576 _ADCL	=	0x00ba
                           0000BB   577 _ADCH	=	0x00bb
                           0000BC   578 _RNDL	=	0x00bc
                           0000BD   579 _RNDH	=	0x00bd
                           0000B1   580 _ENCDI	=	0x00b1
                           0000B2   581 _ENCDO	=	0x00b2
                           0000B3   582 _ENCCS	=	0x00b3
                           0000D1   583 _DMAIRQ	=	0x00d1
                           0000D2   584 _DMA1CFGL	=	0x00d2
                           0000D3   585 _DMA1CFGH	=	0x00d3
                           0000D4   586 _DMA0CFGL	=	0x00d4
                           0000D5   587 _DMA0CFGH	=	0x00d5
                           0000D6   588 _DMAARM	=	0x00d6
                           0000D7   589 _DMAREQ	=	0x00d7
                           000089   590 _P0IFG	=	0x0089
                           00008A   591 _P1IFG	=	0x008a
                           00008B   592 _P2IFG	=	0x008b
                           00008C   593 _PICTL	=	0x008c
                           0000AB   594 _P0IEN	=	0x00ab
                           00008D   595 _P1IEN	=	0x008d
                           0000AC   596 _P2IEN	=	0x00ac
                           00008F   597 _P0INP	=	0x008f
                           0000F1   598 _PERCFG	=	0x00f1
                           0000F2   599 _APCFG	=	0x00f2
                           0000F3   600 _P0SEL	=	0x00f3
                           0000F4   601 _P1SEL	=	0x00f4
                           0000F5   602 _P2SEL	=	0x00f5
                           0000F6   603 _P1INP	=	0x00f6
                           0000F7   604 _P2INP	=	0x00f7
                           0000FD   605 _P0DIR	=	0x00fd
                           0000FE   606 _P1DIR	=	0x00fe
                           0000FF   607 _P2DIR	=	0x00ff
                           0000AE   608 _PMUX	=	0x00ae
                           000093   609 _MPAGE	=	0x0093
                           000093   610 __XPAGE	=	0x0093
                           0000C7   611 _MEMCTR	=	0x00c7
                           00009F   612 _FMAP	=	0x009f
                           00009F   613 _PSBANK	=	0x009f
                           000091   614 _RFIRQF1	=	0x0091
                           0000D9   615 _RFD	=	0x00d9
                           0000E1   616 _RFST	=	0x00e1
                           0000E9   617 _RFIRQF0	=	0x00e9
                           0000BF   618 _RFERRF	=	0x00bf
                           000095   619 _ST0	=	0x0095
                           000096   620 _ST1	=	0x0096
                           000097   621 _ST2	=	0x0097
                           0000AD   622 _STLOAD	=	0x00ad
                           0000BE   623 _SLEEPCMD	=	0x00be
                           00009D   624 _SLEEPSTA	=	0x009d
                           0000C6   625 _CLKCONCMD	=	0x00c6
                           00009E   626 _CLKCONSTA	=	0x009e
                           0000DA   627 _T1CC0L	=	0x00da
                           0000DB   628 _T1CC0H	=	0x00db
                           0000DC   629 _T1CC1L	=	0x00dc
                           0000DD   630 _T1CC1H	=	0x00dd
                           0000DE   631 _T1CC2L	=	0x00de
                           0000DF   632 _T1CC2H	=	0x00df
                           0000E2   633 _T1CNTL	=	0x00e2
                           0000E3   634 _T1CNTH	=	0x00e3
                           0000E4   635 _T1CTL	=	0x00e4
                           0000E5   636 _T1CCTL0	=	0x00e5
                           0000E6   637 _T1CCTL1	=	0x00e6
                           0000E7   638 _T1CCTL2	=	0x00e7
                           0000AF   639 _T1STAT	=	0x00af
                           000094   640 _T2CTRL	=	0x0094
                           00009C   641 _T2EVTCFG	=	0x009c
                           0000A1   642 _T2IRQF	=	0x00a1
                           0000A2   643 _T2M0	=	0x00a2
                           0000A3   644 _T2M1	=	0x00a3
                           0000A4   645 _T2MOVF0	=	0x00a4
                           0000A5   646 _T2MOVF1	=	0x00a5
                           0000A6   647 _T2MOVF2	=	0x00a6
                           0000A7   648 _T2IRQM	=	0x00a7
                           0000C3   649 _T2MSEL	=	0x00c3
                           0000CA   650 _T3CNT	=	0x00ca
                           0000CB   651 _T3CTL	=	0x00cb
                           0000CC   652 _T3CCTL0	=	0x00cc
                           0000CD   653 _T3CC0	=	0x00cd
                           0000CE   654 _T3CCTL1	=	0x00ce
                           0000CF   655 _T3CC1	=	0x00cf
                           0000EA   656 _T4CNT	=	0x00ea
                           0000EB   657 _T4CTL	=	0x00eb
                           0000EC   658 _T4CCTL0	=	0x00ec
                           0000ED   659 _T4CC0	=	0x00ed
                           0000EE   660 _T4CCTL1	=	0x00ee
                           0000EF   661 _T4CC1	=	0x00ef
                           0000D8   662 _TIMIF	=	0x00d8
                           000086   663 _U0CSR	=	0x0086
                           0000C1   664 _U0DBUF	=	0x00c1
                           0000C2   665 _U0BAUD	=	0x00c2
                           0000C4   666 _U0UCR	=	0x00c4
                           0000C5   667 _U0GCR	=	0x00c5
                           0000F8   668 _U1CSR	=	0x00f8
                           0000F9   669 _U1DBUF	=	0x00f9
                           0000FA   670 _U1BAUD	=	0x00fa
                           0000FB   671 _U1UCR	=	0x00fb
                           0000FC   672 _U1GCR	=	0x00fc
                           0000C9   673 _WDCTL	=	0x00c9
                                    674 ;--------------------------------------------------------
                                    675 ; special function bits
                                    676 ;--------------------------------------------------------
                                    677 	.area RSEG    (ABS,DATA)
      000000                        678 	.org 0x0000
                           000087   679 _P0_7	=	0x0087
                           000086   680 _P0_6	=	0x0086
                           000085   681 _P0_5	=	0x0085
                           000084   682 _P0_4	=	0x0084
                           000083   683 _P0_3	=	0x0083
                           000082   684 _P0_2	=	0x0082
                           000081   685 _P0_1	=	0x0081
                           000080   686 _P0_0	=	0x0080
                           00008F   687 _URX1IF	=	0x008f
                           00008D   688 _ADCIF	=	0x008d
                           00008B   689 _URX0IF	=	0x008b
                           00008A   690 _IT1	=	0x008a
                           000089   691 _RFERRIF	=	0x0089
                           000088   692 _IT0	=	0x0088
                           000097   693 _P1_7	=	0x0097
                           000096   694 _P1_6	=	0x0096
                           000095   695 _P1_5	=	0x0095
                           000094   696 _P1_4	=	0x0094
                           000093   697 _P1_3	=	0x0093
                           000092   698 _P1_2	=	0x0092
                           000091   699 _P1_1	=	0x0091
                           000090   700 _P1_0	=	0x0090
                           000099   701 _ENCIF_1	=	0x0099
                           000098   702 _ENCIF_0	=	0x0098
                           0000A7   703 _P2_7	=	0x00a7
                           0000A6   704 _P2_6	=	0x00a6
                           0000A5   705 _P2_5	=	0x00a5
                           0000A4   706 _P2_4	=	0x00a4
                           0000A3   707 _P2_3	=	0x00a3
                           0000A2   708 _P2_2	=	0x00a2
                           0000A1   709 _P2_1	=	0x00a1
                           0000A0   710 _P2_0	=	0x00a0
                           0000AF   711 _EA	=	0x00af
                           0000AD   712 _STIE	=	0x00ad
                           0000AC   713 _ENCIE	=	0x00ac
                           0000AB   714 _URX1IE	=	0x00ab
                           0000AA   715 _URX0IE	=	0x00aa
                           0000A9   716 _ADCIE	=	0x00a9
                           0000A8   717 _RFERRIE	=	0x00a8
                           0000BD   718 _P0IE	=	0x00bd
                           0000BC   719 _T4IE	=	0x00bc
                           0000BB   720 _T3IE	=	0x00bb
                           0000BA   721 _T2IE	=	0x00ba
                           0000B9   722 _T1IE	=	0x00b9
                           0000B8   723 _DMAIE	=	0x00b8
                           0000C7   724 _STIF	=	0x00c7
                           0000C5   725 _P0IF	=	0x00c5
                           0000C4   726 _T4IF	=	0x00c4
                           0000C3   727 _T3IF	=	0x00c3
                           0000C2   728 _T2IF	=	0x00c2
                           0000C1   729 _T1IF	=	0x00c1
                           0000C0   730 _DMAIF	=	0x00c0
                           0000D7   731 _CY	=	0x00d7
                           0000D6   732 _AC	=	0x00d6
                           0000D5   733 _F0	=	0x00d5
                           0000D4   734 _RS1	=	0x00d4
                           0000D3   735 _RS0	=	0x00d3
                           0000D2   736 _OV	=	0x00d2
                           0000D1   737 _F1	=	0x00d1
                           0000D0   738 _P	=	0x00d0
                           0000E7   739 _ACC_7	=	0x00e7
                           0000E6   740 _ACC_6	=	0x00e6
                           0000E5   741 _ACC_5	=	0x00e5
                           0000E4   742 _ACC_4	=	0x00e4
                           0000E3   743 _ACC_3	=	0x00e3
                           0000E2   744 _ACC_2	=	0x00e2
                           0000E1   745 _ACC_1	=	0x00e1
                           0000E0   746 _ACC_0	=	0x00e0
                           0000EC   747 _WDTIF	=	0x00ec
                           0000EB   748 _P1IF	=	0x00eb
                           0000EA   749 _UTX1IF	=	0x00ea
                           0000E9   750 _UTX0IF	=	0x00e9
                           0000E8   751 _P2IF	=	0x00e8
                           0000F7   752 _B_7	=	0x00f7
                           0000F6   753 _B_6	=	0x00f6
                           0000F5   754 _B_5	=	0x00f5
                           0000F4   755 _B_4	=	0x00f4
                           0000F3   756 _B_3	=	0x00f3
                           0000F2   757 _B_2	=	0x00f2
                           0000F1   758 _B_1	=	0x00f1
                           0000F0   759 _B_0	=	0x00f0
                           0000DE   760 _OVFIM	=	0x00de
                           0000DD   761 _T4CH1IF	=	0x00dd
                           0000DC   762 _T4CH0IF	=	0x00dc
                           0000DB   763 _T4OVFIF	=	0x00db
                           0000DA   764 _T3CH1IF	=	0x00da
                           0000D9   765 _T3CH0IF	=	0x00d9
                           0000D8   766 _T3OVFIF	=	0x00d8
                           0000FF   767 _MODE	=	0x00ff
                           0000FE   768 _RE	=	0x00fe
                           0000FD   769 _SLAVE	=	0x00fd
                           0000FC   770 _FE	=	0x00fc
                           0000FB   771 _ERR	=	0x00fb
                           0000FA   772 _RX_BYTE	=	0x00fa
                           0000F9   773 _TX_BYTE	=	0x00f9
                           0000F8   774 _ACTIVE	=	0x00f8
                                    775 ;--------------------------------------------------------
                                    776 ; overlayable register banks
                                    777 ;--------------------------------------------------------
                                    778 	.area REG_BANK_0	(REL,OVR,DATA)
      000000                        779 	.ds 8
                                    780 ;--------------------------------------------------------
                                    781 ; internal ram data
                                    782 ;--------------------------------------------------------
                                    783 	.area DSEG    (DATA)
                                    784 ;--------------------------------------------------------
                                    785 ; overlayable items in internal ram 
                                    786 ;--------------------------------------------------------
                                    787 ;--------------------------------------------------------
                                    788 ; indirectly addressable internal ram data
                                    789 ;--------------------------------------------------------
                                    790 	.area ISEG    (DATA)
                                    791 ;--------------------------------------------------------
                                    792 ; absolute internal ram data
                                    793 ;--------------------------------------------------------
                                    794 	.area IABS    (ABS,DATA)
                                    795 	.area IABS    (ABS,DATA)
                                    796 ;--------------------------------------------------------
                                    797 ; bit data
                                    798 ;--------------------------------------------------------
                                    799 	.area BSEG    (BIT)
                                    800 ;--------------------------------------------------------
                                    801 ; paged external ram data
                                    802 ;--------------------------------------------------------
                                    803 	.area PSEG    (PAG,XDATA)
                                    804 ;--------------------------------------------------------
                                    805 ; external ram data
                                    806 ;--------------------------------------------------------
                                    807 	.area XSEG    (XDATA)
                           0061A6   808 _MONMUX	=	0x61a6
                           0061A6   809 _OPAMPMC	=	0x61a6
                           006230   810 _I2CCFG	=	0x6230
                           006231   811 _I2CSTAT	=	0x6231
                           006232   812 _I2CDATA	=	0x6232
                           006233   813 _I2CADDR	=	0x6233
                           006234   814 _I2CWC	=	0x6234
                           006235   815 _I2CIO	=	0x6235
                           006243   816 _OBSSEL0	=	0x6243
                           006244   817 _OBSSEL1	=	0x6244
                           006245   818 _OBSSEL2	=	0x6245
                           006246   819 _OBSSEL3	=	0x6246
                           006247   820 _OBSSEL4	=	0x6247
                           006248   821 _OBSSEL5	=	0x6248
                           006249   822 _CHVER	=	0x6249
                           00624A   823 _CHIPID	=	0x624a
                           00624B   824 _TESTREG0	=	0x624b
                           006260   825 _DBGDATA	=	0x6260
                           006262   826 _SRCRC	=	0x6262
                           006264   827 _BATTMON	=	0x6264
                           006265   828 _IVCTRL	=	0x6265
                           006270   829 _FCTL	=	0x6270
                           006271   830 _FADDRL	=	0x6271
                           006272   831 _FADDRH	=	0x6272
                           006273   832 _FWDATA	=	0x6273
                           006276   833 _CHIPINFO0	=	0x6276
                           006277   834 _CHIPINFO1	=	0x6277
                           006281   835 _IRCTL	=	0x6281
                           006290   836 _CLD	=	0x6290
                           0062A0   837 _XX_T1CCTL0	=	0x62a0
                           0062A1   838 _XX_T1CCTL1	=	0x62a1
                           0062A2   839 _XX_T1CCTL2	=	0x62a2
                           0062A3   840 _T1CCTL3	=	0x62a3
                           0062A4   841 _T1CCTL4	=	0x62a4
                           0062A6   842 _XX_T1CC0L	=	0x62a6
                           0062A7   843 _XX_T1CC0H	=	0x62a7
                           0062A8   844 _XX_T1CC1L	=	0x62a8
                           0062A9   845 _XX_T1CC1H	=	0x62a9
                           0062AA   846 _XX_T1CC2L	=	0x62aa
                           0062AB   847 _XX_T1CC2H	=	0x62ab
                           0062AC   848 _T1CC3L	=	0x62ac
                           0062AD   849 _T1CC3H	=	0x62ad
                           0062AE   850 _T1CC4L	=	0x62ae
                           0062AF   851 _T1CC4H	=	0x62af
                           0062B0   852 _STCC	=	0x62b0
                           0062B1   853 _STCS	=	0x62b1
                           0062B2   854 _STCV0	=	0x62b2
                           0062B3   855 _STCV1	=	0x62b3
                           0062B4   856 _STCV2	=	0x62b4
                           0062C0   857 _OPAMPC	=	0x62c0
                           0062C1   858 _OPAMPS	=	0x62c1
                           0062D0   859 _CMPCTL	=	0x62d0
                           006000   860 _RFCORE_RAM	=	0x6000
                           006000   861 _RXFIFO	=	0x6000
                           006080   862 _TXFIFO	=	0x6080
                           006100   863 _SRC_ADDR_TABLE	=	0x6100
                           006160   864 _SRCRESMASK0	=	0x6160
                           006161   865 _SRCRESMASK1	=	0x6161
                           006162   866 _SRCRESMASK2	=	0x6162
                           006163   867 _SRCRESINDEX	=	0x6163
                           006164   868 _SRCEXTPENDEN0	=	0x6164
                           006165   869 _SRCEXTPENDEN1	=	0x6165
                           006166   870 _SRCEXTPENDEN2	=	0x6166
                           006167   871 _SRCSHORTPENDEN0	=	0x6167
                           006168   872 _SRCSHORTPENDEN1	=	0x6168
                           006169   873 _SRCSHORTPENDEN2	=	0x6169
                           00616A   874 _EXT_ADDR0	=	0x616a
                           00616B   875 _EXT_ADDR1	=	0x616b
                           00616C   876 _EXT_ADDR2	=	0x616c
                           00616D   877 _EXT_ADDR3	=	0x616d
                           00616E   878 _EXT_ADDR4	=	0x616e
                           00616F   879 _EXT_ADDR5	=	0x616f
                           006170   880 _EXT_ADDR6	=	0x6170
                           006171   881 _EXT_ADDR7	=	0x6171
                           006172   882 _PAN_ID0	=	0x6172
                           006173   883 _PAN_ID1	=	0x6173
                           006174   884 _SHORT_ADDR0	=	0x6174
                           006175   885 _SHORT_ADDR1	=	0x6175
                           006180   886 _FRMFILT0	=	0x6180
                           006181   887 _FRMFILT1	=	0x6181
                           006182   888 _SRCMATCH	=	0x6182
                           006183   889 _SRCSHORTEN0	=	0x6183
                           006184   890 _SRCSHORTEN1	=	0x6184
                           006185   891 _SRCSHORTEN2	=	0x6185
                           006186   892 _SRCEXTEN0	=	0x6186
                           006187   893 _SRCEXTEN1	=	0x6187
                           006188   894 _SRCEXTEN2	=	0x6188
                           006189   895 _FRMCTRL0	=	0x6189
                           00618A   896 _FRMCTRL1	=	0x618a
                           00618B   897 _RXENABLE	=	0x618b
                           00618C   898 _RXMASKSET	=	0x618c
                           00618D   899 _RXMASKCLR	=	0x618d
                           00618E   900 _FREQTUNE	=	0x618e
                           00618F   901 _FREQCTRL	=	0x618f
                           006190   902 _TXPOWER	=	0x6190
                           006191   903 _TXCTRL	=	0x6191
                           006192   904 _FSMSTAT0	=	0x6192
                           006193   905 _FSMSTAT1	=	0x6193
                           006194   906 _FIFOPCTRL	=	0x6194
                           006195   907 _FSMCTRL	=	0x6195
                           006196   908 _CCACTRL0	=	0x6196
                           006197   909 _CCACTRL1	=	0x6197
                           006198   910 _RSSI	=	0x6198
                           006199   911 _RSSISTAT	=	0x6199
                           00619A   912 _RXFIRST	=	0x619a
                           00619B   913 _RXFIFOCNT	=	0x619b
                           00619C   914 _TXFIFOCNT	=	0x619c
                           00619D   915 _RXFIRST_PTR	=	0x619d
                           00619E   916 _RXLAST_PTR	=	0x619e
                           00619F   917 _RXP1_PTR	=	0x619f
                           0061A1   918 _TXFIRST_PTR	=	0x61a1
                           0061A2   919 _TXLAST_PTR	=	0x61a2
                           0061A3   920 _RFIRQM0	=	0x61a3
                           0061A4   921 _RFIRQM1	=	0x61a4
                           0061A5   922 _RFERRM	=	0x61a5
                           0061A7   923 _RFRND	=	0x61a7
                           0061A8   924 _MDMCTRL0	=	0x61a8
                           0061A9   925 _MDMCTRL1	=	0x61a9
                           0061AA   926 _FREQEST	=	0x61aa
                           0061AB   927 _RXCTRL	=	0x61ab
                           0061AC   928 _FSCTRL	=	0x61ac
                           0061AD   929 _FSCAL0	=	0x61ad
                           0061AE   930 _FSCAL1	=	0x61ae
                           0061AF   931 _FSCAL2	=	0x61af
                           0061B0   932 _FSCAL3	=	0x61b0
                           0061B1   933 _AGCCTRL0	=	0x61b1
                           0061B2   934 _AGCCTRL1	=	0x61b2
                           0061B3   935 _AGCCTRL2	=	0x61b3
                           0061B4   936 _AGCCTRL3	=	0x61b4
                           0061B5   937 _ADCTEST0	=	0x61b5
                           0061B6   938 _ADCTEST1	=	0x61b6
                           0061B7   939 _ADCTEST2	=	0x61b7
                           0061B8   940 _MDMTEST0	=	0x61b8
                           0061B9   941 _MDMTEST1	=	0x61b9
                           0061BA   942 _DACTEST0	=	0x61ba
                           0061BB   943 _DACTEST1	=	0x61bb
                           0061BC   944 _DACTEST2	=	0x61bc
                           0061BD   945 _ATEST	=	0x61bd
                           0061BE   946 _PTEST0	=	0x61be
                           0061BF   947 _PTEST1	=	0x61bf
                           0061FA   948 _TXFILTCFG	=	0x61fa
                           0061EB   949 _RFC_OBS_CTRL0	=	0x61eb
                           0061EC   950 _RFC_OBS_CTRL1	=	0x61ec
                           0061ED   951 _RFC_OBS_CTRL2	=	0x61ed
                           0061C0   952 _CSPPROG0	=	0x61c0
                           0061C1   953 _CSPPROG1	=	0x61c1
                           0061C2   954 _CSPPROG2	=	0x61c2
                           0061C3   955 _CSPPROG3	=	0x61c3
                           0061C4   956 _CSPPROG4	=	0x61c4
                           0061C5   957 _CSPPROG5	=	0x61c5
                           0061C6   958 _CSPPROG6	=	0x61c6
                           0061C7   959 _CSPPROG7	=	0x61c7
                           0061C8   960 _CSPPROG8	=	0x61c8
                           0061C9   961 _CSPPROG9	=	0x61c9
                           0061CA   962 _CSPPROG10	=	0x61ca
                           0061CB   963 _CSPPROG11	=	0x61cb
                           0061CC   964 _CSPPROG12	=	0x61cc
                           0061CD   965 _CSPPROG13	=	0x61cd
                           0061CE   966 _CSPPROG14	=	0x61ce
                           0061CF   967 _CSPPROG15	=	0x61cf
                           0061D0   968 _CSPPROG16	=	0x61d0
                           0061D1   969 _CSPPROG17	=	0x61d1
                           0061D2   970 _CSPPROG18	=	0x61d2
                           0061D3   971 _CSPPROG19	=	0x61d3
                           0061D4   972 _CSPPROG20	=	0x61d4
                           0061D5   973 _CSPPROG21	=	0x61d5
                           0061D6   974 _CSPPROG22	=	0x61d6
                           0061D7   975 _CSPPROG23	=	0x61d7
                           0061E0   976 _CSPCTRL	=	0x61e0
                           0061E1   977 _CSPSTAT	=	0x61e1
                           0061E2   978 _CSPX	=	0x61e2
                           0061E3   979 _CSPY	=	0x61e3
                           0061E4   980 _CSPZ	=	0x61e4
                           0061E5   981 _CSPT	=	0x61e5
                           006200   982 _USBADDR	=	0x6200
                           006201   983 _USBPOW	=	0x6201
                           006202   984 _USBIIF	=	0x6202
                           006204   985 _USBOIF	=	0x6204
                           006206   986 _USBCIF	=	0x6206
                           006207   987 _USBIIE	=	0x6207
                           006209   988 _USBOIE	=	0x6209
                           00620B   989 _USBCIE	=	0x620b
                           00620C   990 _USBFRML	=	0x620c
                           00620D   991 _USBFRMH	=	0x620d
                           00620E   992 _USBINDEX	=	0x620e
                           00620F   993 _USBCTRL	=	0x620f
                           006210   994 _USBMAXI	=	0x6210
                           006211   995 _USBCS0	=	0x6211
                           006211   996 _USBCSIL	=	0x6211
                           006212   997 _USBCSIH	=	0x6212
                           006213   998 _USBMAXO	=	0x6213
                           006214   999 _USBCSOL	=	0x6214
                           006215  1000 _USBCSOH	=	0x6215
                           006216  1001 _USBCNT0	=	0x6216
                           006216  1002 _USBCNTL	=	0x6216
                           006217  1003 _USBCNTH	=	0x6217
                           006220  1004 _USBF0	=	0x6220
                           006222  1005 _USBF1	=	0x6222
                           006224  1006 _USBF2	=	0x6224
                           006226  1007 _USBF3	=	0x6226
                           006228  1008 _USBF4	=	0x6228
                           00622A  1009 _USBF5	=	0x622a
                           007080  1010 _X_P0	=	0x7080
                           007086  1011 _X_U0CSR	=	0x7086
                           007089  1012 _X_P0IFG	=	0x7089
                           00708A  1013 _X_P1IFG	=	0x708a
                           00708B  1014 _X_P2IFG	=	0x708b
                           00708C  1015 _X_PICTL	=	0x708c
                           00708D  1016 _X_P1IEN	=	0x708d
                           00708F  1017 _X_P0INP	=	0x708f
                           007090  1018 _X_P1	=	0x7090
                           007091  1019 _X_RFIRQF1	=	0x7091
                           007093  1020 _X_MPAGE	=	0x7093
                           007093  1021 _X__XPAGE	=	0x7093
                           007094  1022 _X_T2CTRL	=	0x7094
                           007095  1023 _X_ST0	=	0x7095
                           007096  1024 _X_ST1	=	0x7096
                           007097  1025 _X_ST2	=	0x7097
                           00709C  1026 _X_T2EVTCFG	=	0x709c
                           00709D  1027 _X_SLEEPSTA	=	0x709d
                           00709E  1028 _X_CLKCONSTA	=	0x709e
                           00709F  1029 _X_FMAP	=	0x709f
                           00709F  1030 _X_PSBANK	=	0x709f
                           0070A0  1031 _X_P2	=	0x70a0
                           0070A1  1032 _X_T2IRQF	=	0x70a1
                           0070A2  1033 _X_T2M0	=	0x70a2
                           0070A3  1034 _X_T2M1	=	0x70a3
                           0070A4  1035 _X_T2MOVF0	=	0x70a4
                           0070A5  1036 _X_T2MOVF1	=	0x70a5
                           0070A6  1037 _X_T2MOVF2	=	0x70a6
                           0070A7  1038 _X_T2IRQM	=	0x70a7
                           0070AB  1039 _X_P0IEN	=	0x70ab
                           0070AC  1040 _X_P2IEN	=	0x70ac
                           0070AD  1041 _X_STLOAD	=	0x70ad
                           0070AE  1042 _X_PMUX	=	0x70ae
                           0070AF  1043 _X_T1STAT	=	0x70af
                           0070B1  1044 _X_ENCDI	=	0x70b1
                           0070B2  1045 _X_ENCDO	=	0x70b2
                           0070B3  1046 _X_ENCCS	=	0x70b3
                           0070B4  1047 _X_ADCCON1	=	0x70b4
                           0070B5  1048 _X_ADCCON2	=	0x70b5
                           0070B6  1049 _X_ADCCON3	=	0x70b6
                           0070BA  1050 _X_ADCL	=	0x70ba
                           0070BB  1051 _X_ADCH	=	0x70bb
                           0070BC  1052 _X_RNDL	=	0x70bc
                           0070BD  1053 _X_RNDH	=	0x70bd
                           0070BE  1054 _X_SLEEPCMD	=	0x70be
                           0070BF  1055 _X_RFERRF	=	0x70bf
                           0070C1  1056 _X_U0DBUF	=	0x70c1
                           0070C2  1057 _X_U0BAUD	=	0x70c2
                           0070C3  1058 _X_T2MSEL	=	0x70c3
                           0070C4  1059 _X_U0UCR	=	0x70c4
                           0070C5  1060 _X_U0GCR	=	0x70c5
                           0070C6  1061 _X_CLKCONCMD	=	0x70c6
                           0070C7  1062 _X_MEMCTR	=	0x70c7
                           0070C9  1063 _X_WDCTL	=	0x70c9
                           0070CA  1064 _X_T3CNT	=	0x70ca
                           0070CB  1065 _X_T3CTL	=	0x70cb
                           0070CC  1066 _X_T3CCTL0	=	0x70cc
                           0070CD  1067 _X_T3CC0	=	0x70cd
                           0070CE  1068 _X_T3CCTL1	=	0x70ce
                           0070CF  1069 _X_T3CC1	=	0x70cf
                           0070D1  1070 _X_DMAIRQ	=	0x70d1
                           0070D2  1071 _X_DMA1CFGL	=	0x70d2
                           0070D3  1072 _X_DMA1CFGH	=	0x70d3
                           0070D4  1073 _X_DMA0CFGL	=	0x70d4
                           0070D5  1074 _X_DMA0CFGH	=	0x70d5
                           0070D6  1075 _X_DMAARM	=	0x70d6
                           0070D7  1076 _X_DMAREQ	=	0x70d7
                           0070D8  1077 _X_TIMIF	=	0x70d8
                           0070D9  1078 _X_RFD	=	0x70d9
                           0070DA  1079 _X_T1CC0L	=	0x70da
                           0070DB  1080 _X_T1CC0H	=	0x70db
                           0070DC  1081 _X_T1CC1L	=	0x70dc
                           0070DD  1082 _X_T1CC1H	=	0x70dd
                           0070DE  1083 _X_T1CC2L	=	0x70de
                           0070DF  1084 _X_T1CC2H	=	0x70df
                           0070E1  1085 _X_RFST	=	0x70e1
                           0070E2  1086 _X_T1CNTL	=	0x70e2
                           0070E3  1087 _X_T1CNTH	=	0x70e3
                           0070E4  1088 _X_T1CTL	=	0x70e4
                           0070E5  1089 _X_T1CCTL0	=	0x70e5
                           0070E6  1090 _X_T1CCTL1	=	0x70e6
                           0070E7  1091 _X_T1CCTL2	=	0x70e7
                           0070E9  1092 _X_RFIRQF0	=	0x70e9
                           0070EA  1093 _X_T4CNT	=	0x70ea
                           0070EB  1094 _X_T4CTL	=	0x70eb
                           0070EC  1095 _X_T4CCTL0	=	0x70ec
                           0070ED  1096 _X_T4CC0	=	0x70ed
                           0070EE  1097 _X_T4CCTL1	=	0x70ee
                           0070EF  1098 _X_T4CC1	=	0x70ef
                           0070F1  1099 _X_PERCFG	=	0x70f1
                           0070F2  1100 _X_APCFG	=	0x70f2
                           0070F3  1101 _X_P0SEL	=	0x70f3
                           0070F4  1102 _X_P1SEL	=	0x70f4
                           0070F5  1103 _X_P2SEL	=	0x70f5
                           0070F6  1104 _X_P1INP	=	0x70f6
                           0070F7  1105 _X_P2INP	=	0x70f7
                           0070F8  1106 _X_U1CSR	=	0x70f8
                           0070F9  1107 _X_U1DBUF	=	0x70f9
                           0070FA  1108 _X_U1BAUD	=	0x70fa
                           0070FB  1109 _X_U1UCR	=	0x70fb
                           0070FC  1110 _X_U1GCR	=	0x70fc
                           0070FD  1111 _X_P0DIR	=	0x70fd
                           0070FE  1112 _X_P1DIR	=	0x70fe
                           0070FF  1113 _X_P2DIR	=	0x70ff
                           007800  1114 _X_INFOPAGE	=	0x7800
                           00780C  1115 _X_IEEE_ADDR	=	0x780c
                                   1116 ;--------------------------------------------------------
                                   1117 ; absolute external ram data
                                   1118 ;--------------------------------------------------------
                                   1119 	.area XABS    (ABS,XDATA)
                                   1120 ;--------------------------------------------------------
                                   1121 ; external initialized ram data
                                   1122 ;--------------------------------------------------------
                                   1123 	.area XISEG   (XDATA)
                                   1124 	.area HOME    (CODE)
                                   1125 	.area GSINIT0 (CODE)
                                   1126 	.area GSINIT1 (CODE)
                                   1127 	.area GSINIT2 (CODE)
                                   1128 	.area GSINIT3 (CODE)
                                   1129 	.area GSINIT4 (CODE)
                                   1130 	.area GSINIT5 (CODE)
                                   1131 	.area GSINIT  (CODE)
                                   1132 	.area GSFINAL (CODE)
                                   1133 	.area CSEG    (CODE)
                                   1134 ;--------------------------------------------------------
                                   1135 ; global & static initialisations
                                   1136 ;--------------------------------------------------------
                                   1137 	.area HOME    (CODE)
                                   1138 	.area GSINIT  (CODE)
                                   1139 	.area GSFINAL (CODE)
                                   1140 	.area GSINIT  (CODE)
                                   1141 ;--------------------------------------------------------
                                   1142 ; Home
                                   1143 ;--------------------------------------------------------
                                   1144 	.area HOME    (CODE)
                                   1145 	.area HOME    (CODE)
                                   1146 ;--------------------------------------------------------
                                   1147 ; code
                                   1148 ;--------------------------------------------------------
                                   1149 	.area CSEG    (CODE)
                                   1150 ;------------------------------------------------------------
                                   1151 ;Allocation info for local variables in function 'uip_udp_packet_send'
                                   1152 ;------------------------------------------------------------
                                   1153 ;data                      Allocated to stack - sp -4
                                   1154 ;len                       Allocated to stack - sp -6
                                   1155 ;c                         Allocated to registers r5 r6 r7 
                                   1156 ;------------------------------------------------------------
                                   1157 ;	../contiki-sensinode/core/net/uip-udp-packet.c:50: uip_udp_packet_send(struct uip_udp_conn *c, const void *data, int len)
                                   1158 ;	-----------------------------------------
                                   1159 ;	 function uip_udp_packet_send
                                   1160 ;	-----------------------------------------
      000000                       1161 _uip_udp_packet_send:
                           000007  1162 	ar7 = 0x07
                           000006  1163 	ar6 = 0x06
                           000005  1164 	ar5 = 0x05
                           000004  1165 	ar4 = 0x04
                           000003  1166 	ar3 = 0x03
                           000002  1167 	ar2 = 0x02
                           000001  1168 	ar1 = 0x01
                           000000  1169 	ar0 = 0x00
      000000 AD 82            [24] 1170 	mov	r5,dpl
      000002 AE 83            [24] 1171 	mov	r6,dph
      000004 AF F0            [24] 1172 	mov	r7,b
                                   1173 ;	../contiki-sensinode/core/net/uip-udp-packet.c:53: if(data != NULL) {
      000006 E5 81            [12] 1174 	mov	a,sp
      000008 24 FC            [12] 1175 	add	a,#0xfc
      00000A F8               [12] 1176 	mov	r0,a
      00000B E6               [12] 1177 	mov	a,@r0
      00000C 08               [12] 1178 	inc	r0
      00000D 46               [12] 1179 	orl	a,@r0
      00000E 60 73            [24] 1180 	jz	00104$
                                   1181 ;	../contiki-sensinode/core/net/uip-udp-packet.c:54: uip_udp_conn = c;
      000010 90r00r00         [24] 1182 	mov	dptr,#_uip_udp_conn
      000013 ED               [12] 1183 	mov	a,r5
      000014 F0               [24] 1184 	movx	@dptr,a
      000015 EE               [12] 1185 	mov	a,r6
      000016 A3               [24] 1186 	inc	dptr
      000017 F0               [24] 1187 	movx	@dptr,a
      000018 EF               [12] 1188 	mov	a,r7
      000019 A3               [24] 1189 	inc	dptr
      00001A F0               [24] 1190 	movx	@dptr,a
                                   1191 ;	../contiki-sensinode/core/net/uip-udp-packet.c:55: uip_slen = len;
      00001B E5 81            [12] 1192 	mov	a,sp
      00001D 24 FA            [12] 1193 	add	a,#0xfa
      00001F F8               [12] 1194 	mov	r0,a
      000020 86 06            [24] 1195 	mov	ar6,@r0
      000022 08               [12] 1196 	inc	r0
      000023 86 07            [24] 1197 	mov	ar7,@r0
      000025 90r00r00         [24] 1198 	mov	dptr,#_uip_slen
      000028 EE               [12] 1199 	mov	a,r6
      000029 F0               [24] 1200 	movx	@dptr,a
      00002A EF               [12] 1201 	mov	a,r7
      00002B A3               [24] 1202 	inc	dptr
      00002C F0               [24] 1203 	movx	@dptr,a
                                   1204 ;	../contiki-sensinode/core/net/uip-udp-packet.c:57: len > UIP_BUFSIZE? UIP_BUFSIZE: len);
      00002D E5 81            [12] 1205 	mov	a,sp
      00002F 24 FA            [12] 1206 	add	a,#0xfa
      000031 F8               [12] 1207 	mov	r0,a
      000032 C3               [12] 1208 	clr	c
      000033 74 6C            [12] 1209 	mov	a,#0x6C
      000035 96               [12] 1210 	subb	a,@r0
      000036 74 80            [12] 1211 	mov	a,#(0x00 ^ 0x80)
      000038 08               [12] 1212 	inc	r0
      000039 86 F0            [24] 1213 	mov	b,@r0
      00003B 63 F0 80         [24] 1214 	xrl	b,#0x80
      00003E 95 F0            [12] 1215 	subb	a,b
      000040 50 06            [24] 1216 	jnc	00107$
      000042 7C 6C            [12] 1217 	mov	r4,#0x6C
      000044 7D 00            [12] 1218 	mov	r5,#0x00
      000046 80 04            [24] 1219 	sjmp	00108$
      000048                       1220 00107$:
      000048 8E 04            [24] 1221 	mov	ar4,r6
      00004A 8F 05            [24] 1222 	mov	ar5,r7
      00004C                       1223 00108$:
                                   1224 ;	../contiki-sensinode/core/net/uip-udp-packet.c:56: memcpy(&uip_buf[UIP_LLH_LEN + UIP_IPUDPH_LEN], data,
      00004C C0 04            [24] 1225 	push	ar4
      00004E C0 05            [24] 1226 	push	ar5
      000050 E5 81            [12] 1227 	mov	a,sp
      000052 24 FA            [12] 1228 	add	a,#0xfa
      000054 F8               [12] 1229 	mov	r0,a
      000055 E6               [12] 1230 	mov	a,@r0
      000056 C0 E0            [24] 1231 	push	acc
      000058 08               [12] 1232 	inc	r0
      000059 E6               [12] 1233 	mov	a,@r0
      00005A C0 E0            [24] 1234 	push	acc
      00005C 08               [12] 1235 	inc	r0
      00005D E6               [12] 1236 	mov	a,@r0
      00005E C0 E0            [24] 1237 	push	acc
      000060 90r00r2A         [24] 1238 	mov	dptr,#(_uip_aligned_buf + 0x002a)
      000063 75 F0 00         [24] 1239 	mov	b,#0x00
      000066 12r00r00         [24] 1240 	lcall	_memcpy
      000069 E5 81            [12] 1241 	mov	a,sp
      00006B 24 FB            [12] 1242 	add	a,#0xfb
      00006D F5 81            [12] 1243 	mov	sp,a
                                   1244 ;	../contiki-sensinode/core/net/uip-udp-packet.c:58: uip_process(UIP_UDP_SEND_CONN);
      00006F 75 82 04         [24] 1245 	mov	dpl,#0x04
      000072 12r00r00         [24] 1246 	lcall	_uip_process
                                   1247 ;	../contiki-sensinode/core/net/uip-udp-packet.c:62: if(uip_len > 0) {
      000075 90r00r00         [24] 1248 	mov	dptr,#_uip_len
      000078 E0               [24] 1249 	movx	a,@dptr
      000079 FE               [12] 1250 	mov	r6,a
      00007A A3               [24] 1251 	inc	dptr
      00007B E0               [24] 1252 	movx	a,@dptr
      00007C FF               [12] 1253 	mov	r7,a
      00007D 4E               [12] 1254 	orl	a,r6
      00007E 60 03            [24] 1255 	jz	00104$
                                   1256 ;	../contiki-sensinode/core/net/uip-udp-packet.c:63: tcpip_output();
      000080 12r00r00         [24] 1257 	lcall	_tcpip_output
      000083                       1258 00104$:
                                   1259 ;	../contiki-sensinode/core/net/uip-udp-packet.c:67: uip_slen = 0;
      000083 90r00r00         [24] 1260 	mov	dptr,#_uip_slen
      000086 E4               [12] 1261 	clr	a
      000087 F0               [24] 1262 	movx	@dptr,a
      000088 A3               [24] 1263 	inc	dptr
      000089 F0               [24] 1264 	movx	@dptr,a
      00008A 22               [24] 1265 	ret
                                   1266 ;------------------------------------------------------------
                                   1267 ;Allocation info for local variables in function 'uip_udp_packet_sendto'
                                   1268 ;------------------------------------------------------------
                                   1269 ;data                      Allocated to stack - sp -17
                                   1270 ;len                       Allocated to stack - sp -19
                                   1271 ;toaddr                    Allocated to stack - sp -22
                                   1272 ;toport                    Allocated to stack - sp -24
                                   1273 ;c                         Allocated to stack - sp -12
                                   1274 ;curaddr                   Allocated to stack - sp -3
                                   1275 ;curport                   Allocated to stack - sp -5
                                   1276 ;sloc0                     Allocated to stack - sp -9
                                   1277 ;sloc1                     Allocated to stack - sp -6
                                   1278 ;------------------------------------------------------------
                                   1279 ;	../contiki-sensinode/core/net/uip-udp-packet.c:72: uip_udp_packet_sendto(struct uip_udp_conn *c, const void *data, int len,
                                   1280 ;	-----------------------------------------
                                   1281 ;	 function uip_udp_packet_sendto
                                   1282 ;	-----------------------------------------
      00008B                       1283 _uip_udp_packet_sendto:
      00008B C0 82            [24] 1284 	push	dpl
      00008D C0 83            [24] 1285 	push	dph
      00008F C0 F0            [24] 1286 	push	b
      000091 E5 81            [12] 1287 	mov	a,sp
      000093 24 0A            [12] 1288 	add	a,#0x0A
                                   1289 ;	../contiki-sensinode/core/net/uip-udp-packet.c:78: if(toaddr != NULL) {
      000095 F5 81            [12] 1290 	mov	sp,a
      000097 24 EA            [12] 1291 	add	a,#0xea
      000099 F8               [12] 1292 	mov	r0,a
      00009A E6               [12] 1293 	mov	a,@r0
      00009B 08               [12] 1294 	inc	r0
      00009C 46               [12] 1295 	orl	a,@r0
      00009D 70 03            [24] 1296 	jnz	00108$
      00009F 02r01rF4         [24] 1297 	ljmp	00103$
      0000A2                       1298 00108$:
                                   1299 ;	../contiki-sensinode/core/net/uip-udp-packet.c:80: uip_ipaddr_copy(&curaddr, &c->ripaddr);
      0000A2 E5 81            [12] 1300 	mov	a,sp
      0000A4 24 F4            [12] 1301 	add	a,#0xf4
      0000A6 F8               [12] 1302 	mov	r0,a
      0000A7 86 02            [24] 1303 	mov	ar2,@r0
      0000A9 08               [12] 1304 	inc	r0
      0000AA 86 03            [24] 1305 	mov	ar3,@r0
      0000AC 08               [12] 1306 	inc	r0
      0000AD 86 04            [24] 1307 	mov	ar4,@r0
      0000AF 8C 07            [24] 1308 	mov	ar7,r4
      0000B1 E5 81            [12] 1309 	mov	a,sp
      0000B3 24 FA            [12] 1310 	add	a,#0xfa
      0000B5 F8               [12] 1311 	mov	r0,a
      0000B6 E5 81            [12] 1312 	mov	a,sp
      0000B8 24 FD            [12] 1313 	add	a,#0xFD
      0000BA F6               [12] 1314 	mov	@r0,a
      0000BB E5 81            [12] 1315 	mov	a,sp
      0000BD 24 FA            [12] 1316 	add	a,#0xfa
      0000BF F8               [12] 1317 	mov	r0,a
      0000C0 86 04            [24] 1318 	mov	ar4,@r0
      0000C2 7D 00            [12] 1319 	mov	r5,#0x00
      0000C4 7E 40            [12] 1320 	mov	r6,#0x40
      0000C6 74 04            [12] 1321 	mov	a,#0x04
      0000C8 C0 E0            [24] 1322 	push	acc
      0000CA E4               [12] 1323 	clr	a
      0000CB C0 E0            [24] 1324 	push	acc
      0000CD C0 02            [24] 1325 	push	ar2
      0000CF C0 03            [24] 1326 	push	ar3
      0000D1 C0 07            [24] 1327 	push	ar7
      0000D3 8C 82            [24] 1328 	mov	dpl,r4
      0000D5 8D 83            [24] 1329 	mov	dph,r5
      0000D7 8E F0            [24] 1330 	mov	b,r6
      0000D9 12r00r00         [24] 1331 	lcall	_memcpy
      0000DC E5 81            [12] 1332 	mov	a,sp
      0000DE 24 FB            [12] 1333 	add	a,#0xfb
                                   1334 ;	../contiki-sensinode/core/net/uip-udp-packet.c:81: curport = c->rport;
      0000E0 F5 81            [12] 1335 	mov	sp,a
      0000E2 24 F4            [12] 1336 	add	a,#0xf4
      0000E4 F8               [12] 1337 	mov	r0,a
      0000E5 74 06            [12] 1338 	mov	a,#0x06
      0000E7 26               [12] 1339 	add	a,@r0
      0000E8 FC               [12] 1340 	mov	r4,a
      0000E9 E4               [12] 1341 	clr	a
      0000EA 08               [12] 1342 	inc	r0
      0000EB 36               [12] 1343 	addc	a,@r0
      0000EC FD               [12] 1344 	mov	r5,a
      0000ED 08               [12] 1345 	inc	r0
      0000EE 86 06            [24] 1346 	mov	ar6,@r0
      0000F0 8C 82            [24] 1347 	mov	dpl,r4
      0000F2 8D 83            [24] 1348 	mov	dph,r5
      0000F4 8E F0            [24] 1349 	mov	b,r6
      0000F6 E5 81            [12] 1350 	mov	a,sp
      0000F8 24 FB            [12] 1351 	add	a,#0xfb
      0000FA F8               [12] 1352 	mov	r0,a
      0000FB 12r00r00         [24] 1353 	lcall	__gptrget
      0000FE F6               [12] 1354 	mov	@r0,a
      0000FF A3               [24] 1355 	inc	dptr
      000100 12r00r00         [24] 1356 	lcall	__gptrget
      000103 08               [12] 1357 	inc	r0
      000104 F6               [12] 1358 	mov	@r0,a
                                   1359 ;	../contiki-sensinode/core/net/uip-udp-packet.c:84: uip_ipaddr_copy(&c->ripaddr, toaddr);
      000105 E5 81            [12] 1360 	mov	a,sp
      000107 24 EA            [12] 1361 	add	a,#0xea
      000109 F8               [12] 1362 	mov	r0,a
      00010A E5 81            [12] 1363 	mov	a,sp
      00010C 24 F7            [12] 1364 	add	a,#0xf7
      00010E F9               [12] 1365 	mov	r1,a
      00010F E6               [12] 1366 	mov	a,@r0
      000110 F7               [12] 1367 	mov	@r1,a
      000111 08               [12] 1368 	inc	r0
      000112 09               [12] 1369 	inc	r1
      000113 E6               [12] 1370 	mov	a,@r0
      000114 F7               [12] 1371 	mov	@r1,a
      000115 08               [12] 1372 	inc	r0
      000116 09               [12] 1373 	inc	r1
      000117 E6               [12] 1374 	mov	a,@r0
      000118 F7               [12] 1375 	mov	@r1,a
      000119 E5 81            [12] 1376 	mov	a,sp
      00011B 24 F4            [12] 1377 	add	a,#0xf4
      00011D F8               [12] 1378 	mov	r0,a
      00011E 86 02            [24] 1379 	mov	ar2,@r0
      000120 08               [12] 1380 	inc	r0
      000121 86 03            [24] 1381 	mov	ar3,@r0
      000123 08               [12] 1382 	inc	r0
      000124 86 07            [24] 1383 	mov	ar7,@r0
      000126 C0 06            [24] 1384 	push	ar6
      000128 C0 05            [24] 1385 	push	ar5
      00012A C0 04            [24] 1386 	push	ar4
      00012C 74 04            [12] 1387 	mov	a,#0x04
      00012E C0 E0            [24] 1388 	push	acc
      000130 E4               [12] 1389 	clr	a
      000131 C0 E0            [24] 1390 	push	acc
      000133 E5 81            [12] 1391 	mov	a,sp
      000135 24 F2            [12] 1392 	add	a,#0xf2
      000137 F8               [12] 1393 	mov	r0,a
      000138 E6               [12] 1394 	mov	a,@r0
      000139 C0 E0            [24] 1395 	push	acc
      00013B 08               [12] 1396 	inc	r0
      00013C E6               [12] 1397 	mov	a,@r0
      00013D C0 E0            [24] 1398 	push	acc
      00013F 08               [12] 1399 	inc	r0
      000140 E6               [12] 1400 	mov	a,@r0
      000141 C0 E0            [24] 1401 	push	acc
      000143 8A 82            [24] 1402 	mov	dpl,r2
      000145 8B 83            [24] 1403 	mov	dph,r3
      000147 8F F0            [24] 1404 	mov	b,r7
      000149 12r00r00         [24] 1405 	lcall	_memcpy
      00014C E5 81            [12] 1406 	mov	a,sp
      00014E 24 FB            [12] 1407 	add	a,#0xfb
      000150 F5 81            [12] 1408 	mov	sp,a
      000152 D0 04            [24] 1409 	pop	ar4
      000154 D0 05            [24] 1410 	pop	ar5
      000156 D0 06            [24] 1411 	pop	ar6
                                   1412 ;	../contiki-sensinode/core/net/uip-udp-packet.c:85: c->rport = toport;
      000158 8C 82            [24] 1413 	mov	dpl,r4
      00015A 8D 83            [24] 1414 	mov	dph,r5
      00015C 8E F0            [24] 1415 	mov	b,r6
      00015E E5 81            [12] 1416 	mov	a,sp
      000160 24 E8            [12] 1417 	add	a,#0xe8
      000162 F8               [12] 1418 	mov	r0,a
      000163 E6               [12] 1419 	mov	a,@r0
      000164 12r00r00         [24] 1420 	lcall	__gptrput
      000167 A3               [24] 1421 	inc	dptr
      000168 08               [12] 1422 	inc	r0
      000169 E6               [12] 1423 	mov	a,@r0
      00016A 12r00r00         [24] 1424 	lcall	__gptrput
                                   1425 ;	../contiki-sensinode/core/net/uip-udp-packet.c:87: uip_udp_packet_send(c, data, len);
      00016D E5 81            [12] 1426 	mov	a,sp
      00016F 24 ED            [12] 1427 	add	a,#0xed
      000171 F8               [12] 1428 	mov	r0,a
      000172 E6               [12] 1429 	mov	a,@r0
      000173 C0 E0            [24] 1430 	push	acc
      000175 08               [12] 1431 	inc	r0
      000176 E6               [12] 1432 	mov	a,@r0
      000177 C0 E0            [24] 1433 	push	acc
      000179 E5 81            [12] 1434 	mov	a,sp
      00017B 24 ED            [12] 1435 	add	a,#0xed
      00017D F8               [12] 1436 	mov	r0,a
      00017E E6               [12] 1437 	mov	a,@r0
      00017F C0 E0            [24] 1438 	push	acc
      000181 08               [12] 1439 	inc	r0
      000182 E6               [12] 1440 	mov	a,@r0
      000183 C0 E0            [24] 1441 	push	acc
      000185 08               [12] 1442 	inc	r0
      000186 E6               [12] 1443 	mov	a,@r0
      000187 C0 E0            [24] 1444 	push	acc
      000189 E5 81            [12] 1445 	mov	a,sp
      00018B 24 EF            [12] 1446 	add	a,#0xef
      00018D F8               [12] 1447 	mov	r0,a
      00018E 86 82            [24] 1448 	mov	dpl,@r0
      000190 08               [12] 1449 	inc	r0
      000191 86 83            [24] 1450 	mov	dph,@r0
      000193 08               [12] 1451 	inc	r0
      000194 86 F0            [24] 1452 	mov	b,@r0
      000196 12r00r00         [24] 1453 	lcall	_uip_udp_packet_send
      000199 E5 81            [12] 1454 	mov	a,sp
      00019B 24 FB            [12] 1455 	add	a,#0xfb
                                   1456 ;	../contiki-sensinode/core/net/uip-udp-packet.c:90: uip_ipaddr_copy(&c->ripaddr, &curaddr);
      00019D F5 81            [12] 1457 	mov	sp,a
      00019F 24 FA            [12] 1458 	add	a,#0xfa
      0001A1 F8               [12] 1459 	mov	r0,a
      0001A2 86 07            [24] 1460 	mov	ar7,@r0
      0001A4 7E 00            [12] 1461 	mov	r6,#0x00
      0001A6 7D 40            [12] 1462 	mov	r5,#0x40
      0001A8 E5 81            [12] 1463 	mov	a,sp
      0001AA 24 F4            [12] 1464 	add	a,#0xf4
      0001AC F8               [12] 1465 	mov	r0,a
      0001AD 86 02            [24] 1466 	mov	ar2,@r0
      0001AF 08               [12] 1467 	inc	r0
      0001B0 86 03            [24] 1468 	mov	ar3,@r0
      0001B2 08               [12] 1469 	inc	r0
      0001B3 86 04            [24] 1470 	mov	ar4,@r0
      0001B5 74 04            [12] 1471 	mov	a,#0x04
      0001B7 C0 E0            [24] 1472 	push	acc
      0001B9 E4               [12] 1473 	clr	a
      0001BA C0 E0            [24] 1474 	push	acc
      0001BC C0 07            [24] 1475 	push	ar7
      0001BE C0 06            [24] 1476 	push	ar6
      0001C0 C0 05            [24] 1477 	push	ar5
      0001C2 8A 82            [24] 1478 	mov	dpl,r2
      0001C4 8B 83            [24] 1479 	mov	dph,r3
      0001C6 8C F0            [24] 1480 	mov	b,r4
      0001C8 12r00r00         [24] 1481 	lcall	_memcpy
      0001CB E5 81            [12] 1482 	mov	a,sp
      0001CD 24 FB            [12] 1483 	add	a,#0xfb
                                   1484 ;	../contiki-sensinode/core/net/uip-udp-packet.c:91: c->rport = curport;
      0001CF F5 81            [12] 1485 	mov	sp,a
      0001D1 24 F4            [12] 1486 	add	a,#0xf4
      0001D3 F8               [12] 1487 	mov	r0,a
      0001D4 74 06            [12] 1488 	mov	a,#0x06
      0001D6 26               [12] 1489 	add	a,@r0
      0001D7 FD               [12] 1490 	mov	r5,a
      0001D8 E4               [12] 1491 	clr	a
      0001D9 08               [12] 1492 	inc	r0
      0001DA 36               [12] 1493 	addc	a,@r0
      0001DB FE               [12] 1494 	mov	r6,a
      0001DC 08               [12] 1495 	inc	r0
      0001DD 86 07            [24] 1496 	mov	ar7,@r0
      0001DF 8D 82            [24] 1497 	mov	dpl,r5
      0001E1 8E 83            [24] 1498 	mov	dph,r6
      0001E3 8F F0            [24] 1499 	mov	b,r7
      0001E5 E5 81            [12] 1500 	mov	a,sp
      0001E7 24 FB            [12] 1501 	add	a,#0xfb
      0001E9 F8               [12] 1502 	mov	r0,a
      0001EA E6               [12] 1503 	mov	a,@r0
      0001EB 12r00r00         [24] 1504 	lcall	__gptrput
      0001EE A3               [24] 1505 	inc	dptr
      0001EF 08               [12] 1506 	inc	r0
      0001F0 E6               [12] 1507 	mov	a,@r0
      0001F1 12r00r00         [24] 1508 	lcall	__gptrput
      0001F4                       1509 00103$:
      0001F4 E5 81            [12] 1510 	mov	a,sp
      0001F6 24 F3            [12] 1511 	add	a,#0xF3
      0001F8 F5 81            [12] 1512 	mov	sp,a
      0001FA 22               [24] 1513 	ret
                                   1514 	.area CSEG    (CODE)
                                   1515 	.area CONST   (CODE)
                                   1516 	.area XINIT   (CODE)
                                   1517 	.area CABS    (ABS,CODE)
